<?xml version="1.0" encoding="UTF-8"?>
<testsuites>
  <testsuite name="/home/runner/work/develop/develop/phpunit.xml.dist" tests="2717" assertions="5486" errors="0" failures="0" skipped="0" time="54.926583">
    <testsuite name="FeatureHyde" tests="6" assertions="17" errors="0" failures="0" skipped="0" time="1.588074">
      <testsuite name="Hyde\Testing\Hyde\DefaultContentTest" file="Default Content (Hyde\Testing\Hyde\DefaultContent)" tests="3" assertions="12" errors="0" failures="0" skipped="0" time="0.542712">
        <testcase name="Default pages are present" file="Default Content (Hyde\Testing\Hyde\DefaultContent)::Default pages are present" class="Hyde\Testing\Hyde\DefaultContentTest" classname="Hyde.Testing.Hyde.DefaultContentTest" assertions="4" time="0.538032"/>
        <testcase name="Default compiled stylesheet is present" file="Default Content (Hyde\Testing\Hyde\DefaultContent)::Default compiled stylesheet is present" class="Hyde\Testing\Hyde\DefaultContentTest" classname="Hyde.Testing.Hyde.DefaultContentTest" assertions="2" time="0.002243"/>
        <testcase name="Laravel mix resources are present" file="Default Content (Hyde\Testing\Hyde\DefaultContent)::Laravel mix resources are present" class="Hyde\Testing\Hyde\DefaultContentTest" classname="Hyde.Testing.Hyde.DefaultContentTest" assertions="6" time="0.002436"/>
      </testsuite>
      <testsuite name="Hyde\Testing\Hyde\ExampleTest" file="Example (Hyde\Testing\Hyde\Example)" tests="1" assertions="1" errors="0" failures="0" skipped="0" time="0.021879">
        <testcase name="Example" file="Example (Hyde\Testing\Hyde\Example)::Example" class="Hyde\Testing\Hyde\ExampleTest" classname="Hyde.Testing.Hyde.ExampleTest" assertions="1" time="0.021879"/>
      </testsuite>
      <testsuite name="Hyde\Testing\Hyde\HydeCLITest" file="Hyde CLI (Hyde\Testing\Hyde\HydeCLI)" tests="1" assertions="2" errors="0" failures="0" skipped="0" time="0.746887">
        <testcase name="Can show hyde console" file="Hyde CLI (Hyde\Testing\Hyde\HydeCLI)::Can show hyde console" class="Hyde\Testing\Hyde\HydeCLITest" classname="Hyde.Testing.Hyde.HydeCLITest" assertions="2" time="0.746887"/>
      </testsuite>
      <testsuite name="Hyde\Testing\Hyde\StaticSiteBuilderTest" file="Static Site Builder (Hyde\Testing\Hyde\StaticSiteBuilder)" tests="1" assertions="2" errors="0" failures="0" skipped="0" time="0.276595">
        <testcase name="Can build static site" file="Static Site Builder (Hyde\Testing\Hyde\StaticSiteBuilder)::Can build static site" class="Hyde\Testing\Hyde\StaticSiteBuilderTest" classname="Hyde.Testing.Hyde.StaticSiteBuilderTest" assertions="2" time="0.276595"/>
      </testsuite>
    </testsuite>
    <testsuite name="UnitFramework" tests="1029" assertions="1748" errors="0" failures="0" skipped="0" time="10.243717">
      <testsuite name="Hyde\Framework\Testing\Unit\AssetServiceUnitTest" file="Asset Service Unit (Hyde\Framework\Testing\Unit\AssetServiceUnit)" tests="15" assertions="21" errors="0" failures="0" skipped="0" time="0.037398">
        <testcase name="Version string constant" file="Asset Service Unit (Hyde\Framework\Testing\Unit\AssetServiceUnit)::Version string constant" class="Hyde\Framework\Testing\Unit\AssetServiceUnitTest" classname="Hyde.Framework.Testing.Unit.AssetServiceUnitTest" assertions="1" time="0.005132"/>
        <testcase name="Service has version string" file="Asset Service Unit (Hyde\Framework\Testing\Unit\AssetServiceUnit)::Service has version string" class="Hyde\Framework\Testing\Unit\AssetServiceUnitTest" classname="Hyde.Framework.Testing.Unit.AssetServiceUnitTest" assertions="1" time="0.002305"/>
        <testcase name="Version string defaults to constant" file="Asset Service Unit (Hyde\Framework\Testing\Unit\AssetServiceUnit)::Version string defaults to constant" class="Hyde\Framework\Testing\Unit\AssetServiceUnitTest" classname="Hyde.Framework.Testing.Unit.AssetServiceUnitTest" assertions="1" time="0.002126"/>
        <testcase name="Version can be set in config" file="Asset Service Unit (Hyde\Framework\Testing\Unit\AssetServiceUnit)::Version can be set in config" class="Hyde\Framework\Testing\Unit\AssetServiceUnitTest" classname="Hyde.Framework.Testing.Unit.AssetServiceUnitTest" assertions="1" time="0.002142"/>
        <testcase name="Cdn pattern constant" file="Asset Service Unit (Hyde\Framework\Testing\Unit\AssetServiceUnit)::Cdn pattern constant" class="Hyde\Framework\Testing\Unit\AssetServiceUnitTest" classname="Hyde.Framework.Testing.Unit.AssetServiceUnitTest" assertions="1" time="0.001919"/>
        <testcase name="Can set custom cdn url in config" file="Asset Service Unit (Hyde\Framework\Testing\Unit\AssetServiceUnit)::Can set custom cdn url in config" class="Hyde\Framework\Testing\Unit\AssetServiceUnitTest" classname="Hyde.Framework.Testing.Unit.AssetServiceUnitTest" assertions="1" time="0.002171"/>
        <testcase name="Can use custom cdn url with version" file="Asset Service Unit (Hyde\Framework\Testing\Unit\AssetServiceUnit)::Can use custom cdn url with version" class="Hyde\Framework\Testing\Unit\AssetServiceUnitTest" classname="Hyde.Framework.Testing.Unit.AssetServiceUnitTest" assertions="1" time="0.002133"/>
        <testcase name="Can use custom cdn url with file" file="Asset Service Unit (Hyde\Framework\Testing\Unit\AssetServiceUnit)::Can use custom cdn url with file" class="Hyde\Framework\Testing\Unit\AssetServiceUnitTest" classname="Hyde.Framework.Testing.Unit.AssetServiceUnitTest" assertions="1" time="0.002141"/>
        <testcase name="Can use custom cdn url with version and file" file="Asset Service Unit (Hyde\Framework\Testing\Unit\AssetServiceUnit)::Can use custom cdn url with version and file" class="Hyde\Framework\Testing\Unit\AssetServiceUnitTest" classname="Hyde.Framework.Testing.Unit.AssetServiceUnitTest" assertions="1" time="0.002168"/>
        <testcase name="Can use custom cdn url with custom version" file="Asset Service Unit (Hyde\Framework\Testing\Unit\AssetServiceUnit)::Can use custom cdn url with custom version" class="Hyde\Framework\Testing\Unit\AssetServiceUnitTest" classname="Hyde.Framework.Testing.Unit.AssetServiceUnitTest" assertions="1" time="0.002140"/>
        <testcase name="Cdn link helper" file="Asset Service Unit (Hyde\Framework\Testing\Unit\AssetServiceUnit)::Cdn link helper" class="Hyde\Framework\Testing\Unit\AssetServiceUnitTest" classname="Hyde.Framework.Testing.Unit.AssetServiceUnitTest" assertions="1" time="0.002040"/>
        <testcase name="Has media file helper" file="Asset Service Unit (Hyde\Framework\Testing\Unit\AssetServiceUnit)::Has media file helper" class="Hyde\Framework\Testing\Unit\AssetServiceUnitTest" classname="Hyde.Framework.Testing.Unit.AssetServiceUnitTest" assertions="1" time="0.002448"/>
        <testcase name="Has media file helper returns true for existing file" file="Asset Service Unit (Hyde\Framework\Testing\Unit\AssetServiceUnit)::Has media file helper returns true for existing file" class="Hyde\Framework\Testing\Unit\AssetServiceUnitTest" classname="Hyde.Framework.Testing.Unit.AssetServiceUnitTest" assertions="1" time="0.002280"/>
        <testcase name="Inject tailwind config returns extracted tailwind config" file="Asset Service Unit (Hyde\Framework\Testing\Unit\AssetServiceUnit)::Inject tailwind config returns extracted tailwind config" class="Hyde\Framework\Testing\Unit\AssetServiceUnitTest" classname="Hyde.Framework.Testing.Unit.AssetServiceUnitTest" assertions="6" time="0.003613"/>
        <testcase name="Inject tailwind config handles missing config file gracefully" file="Asset Service Unit (Hyde\Framework\Testing\Unit\AssetServiceUnit)::Inject tailwind config handles missing config file gracefully" class="Hyde\Framework\Testing\Unit\AssetServiceUnitTest" classname="Hyde.Framework.Testing.Unit.AssetServiceUnitTest" assertions="2" time="0.002641"/>
      </testsuite>
      <testsuite name="Hyde\Framework\Testing\Unit\BaseFoundationCollectionTest" file="Base Foundation Collection (Hyde\Framework\Testing\Unit\BaseFoundationCollection)" tests="4" assertions="8" errors="0" failures="0" skipped="0" time="0.022661">
        <testcase name="Init" file="Base Foundation Collection (Hyde\Framework\Testing\Unit\BaseFoundationCollection)::Init" class="Hyde\Framework\Testing\Unit\BaseFoundationCollectionTest" classname="Hyde.Framework.Testing.Unit.BaseFoundationCollectionTest" assertions="4" time="0.016694"/>
        <testcase name="Exceptions are caught and rethrown as runtime exceptions" file="Base Foundation Collection (Hyde\Framework\Testing\Unit\BaseFoundationCollection)::Exceptions are caught and rethrown as runtime exceptions" class="Hyde\Framework\Testing\Unit\BaseFoundationCollectionTest" classname="Hyde.Framework.Testing.Unit.BaseFoundationCollectionTest" assertions="1" time="0.002175"/>
        <testcase name="Exceptions are caught and rethrown with helpful information" file="Base Foundation Collection (Hyde\Framework\Testing\Unit\BaseFoundationCollection)::Exceptions are caught and rethrown with helpful information" class="Hyde\Framework\Testing\Unit\BaseFoundationCollectionTest" classname="Hyde.Framework.Testing.Unit.BaseFoundationCollectionTest" assertions="1" time="0.001847"/>
        <testcase name="Can get previous exception" file="Base Foundation Collection (Hyde\Framework\Testing\Unit\BaseFoundationCollection)::Can get previous exception" class="Hyde\Framework\Testing\Unit\BaseFoundationCollectionTest" classname="Hyde.Framework.Testing.Unit.BaseFoundationCollectionTest" assertions="2" time="0.001945"/>
      </testsuite>
      <testsuite name="Hyde\Framework\Testing\Unit\BlogPostFrontMatterIsOptionalTest" file="Blog Post Front Matter Is Optional (Hyde\Framework\Testing\Unit\BlogPostFrontMatterIsOptional)" tests="2" assertions="2" errors="0" failures="0" skipped="0" time="0.280213">
        <testcase name="Blog post can be created without front matter" file="Blog Post Front Matter Is Optional (Hyde\Framework\Testing\Unit\BlogPostFrontMatterIsOptional)::Blog post can be created without front matter" class="Hyde\Framework\Testing\Unit\BlogPostFrontMatterIsOptionalTest" classname="Hyde.Framework.Testing.Unit.BlogPostFrontMatterIsOptionalTest" assertions="1" time="0.248737"/>
        <testcase name="Blog post feed can be rendered when post has no front matter" file="Blog Post Front Matter Is Optional (Hyde\Framework\Testing\Unit\BlogPostFrontMatterIsOptional)::Blog post feed can be rendered when post has no front matter" class="Hyde\Framework\Testing\Unit\BlogPostFrontMatterIsOptionalTest" classname="Hyde.Framework.Testing.Unit.BlogPostFrontMatterIsOptionalTest" assertions="1" time="0.031476"/>
      </testsuite>
      <testsuite name="Hyde\Framework\Testing\Unit\BreadcrumbsComponentTest" file="Breadcrumbs Component (Hyde\Framework\Testing\Unit\BreadcrumbsComponent)" tests="13" assertions="13" errors="0" failures="0" skipped="0" time="0.078703">
        <testcase name="Can construct" file="Breadcrumbs Component (Hyde\Framework\Testing\Unit\BreadcrumbsComponent)::Can construct" class="Hyde\Framework\Testing\Unit\BreadcrumbsComponentTest" classname="Hyde.Framework.Testing.Unit.BreadcrumbsComponentTest" assertions="1" time="0.016964"/>
        <testcase name="Can render" file="Breadcrumbs Component (Hyde\Framework\Testing\Unit\BreadcrumbsComponent)::Can render" class="Hyde\Framework\Testing\Unit\BreadcrumbsComponentTest" classname="Hyde.Framework.Testing.Unit.BreadcrumbsComponentTest" assertions="1" time="0.013652"/>
        <testcase name="Can generate breadcrumbs" file="Breadcrumbs Component (Hyde\Framework\Testing\Unit\BreadcrumbsComponent)::Can generate breadcrumbs" class="Hyde\Framework\Testing\Unit\BreadcrumbsComponentTest" classname="Hyde.Framework.Testing.Unit.BreadcrumbsComponentTest" assertions="1" time="0.004054"/>
        <testcase name="Can generate breadcrumbs for index page" file="Breadcrumbs Component (Hyde\Framework\Testing\Unit\BreadcrumbsComponent)::Can generate breadcrumbs for index page" class="Hyde\Framework\Testing\Unit\BreadcrumbsComponentTest" classname="Hyde.Framework.Testing.Unit.BreadcrumbsComponentTest" assertions="1" time="0.004238"/>
        <testcase name="Can generate breadcrumbs for root page" file="Breadcrumbs Component (Hyde\Framework\Testing\Unit\BreadcrumbsComponent)::Can generate breadcrumbs for root page" class="Hyde\Framework\Testing\Unit\BreadcrumbsComponentTest" classname="Hyde.Framework.Testing.Unit.BreadcrumbsComponentTest" assertions="1" time="0.004285"/>
        <testcase name="Can generate breadcrumbs for nested page" file="Breadcrumbs Component (Hyde\Framework\Testing\Unit\BreadcrumbsComponent)::Can generate breadcrumbs for nested page" class="Hyde\Framework\Testing\Unit\BreadcrumbsComponentTest" classname="Hyde.Framework.Testing.Unit.BreadcrumbsComponentTest" assertions="1" time="0.004444"/>
        <testcase name="Can generate breadcrumbs for very nested page" file="Breadcrumbs Component (Hyde\Framework\Testing\Unit\BreadcrumbsComponent)::Can generate breadcrumbs for very nested page" class="Hyde\Framework\Testing\Unit\BreadcrumbsComponentTest" classname="Hyde.Framework.Testing.Unit.BreadcrumbsComponentTest" assertions="1" time="0.004697"/>
        <testcase name="Can generate breadcrumbs for nested page with index" file="Breadcrumbs Component (Hyde\Framework\Testing\Unit\BreadcrumbsComponent)::Can generate breadcrumbs for nested page with index" class="Hyde\Framework\Testing\Unit\BreadcrumbsComponentTest" classname="Hyde.Framework.Testing.Unit.BreadcrumbsComponentTest" assertions="1" time="0.004418"/>
        <testcase name="Can generate breadcrumbs for index page with pretty urls" file="Breadcrumbs Component (Hyde\Framework\Testing\Unit\BreadcrumbsComponent)::Can generate breadcrumbs for index page with pretty urls" class="Hyde\Framework\Testing\Unit\BreadcrumbsComponentTest" classname="Hyde.Framework.Testing.Unit.BreadcrumbsComponentTest" assertions="1" time="0.004214"/>
        <testcase name="Can generate breadcrumbs for nested page with pretty urls" file="Breadcrumbs Component (Hyde\Framework\Testing\Unit\BreadcrumbsComponent)::Can generate breadcrumbs for nested page with pretty urls" class="Hyde\Framework\Testing\Unit\BreadcrumbsComponentTest" classname="Hyde.Framework.Testing.Unit.BreadcrumbsComponentTest" assertions="1" time="0.004494"/>
        <testcase name="Can generate breadcrumbs for nested page with index with pretty urls" file="Breadcrumbs Component (Hyde\Framework\Testing\Unit\BreadcrumbsComponent)::Can generate breadcrumbs for nested page with index with pretty urls" class="Hyde\Framework\Testing\Unit\BreadcrumbsComponentTest" classname="Hyde.Framework.Testing.Unit.BreadcrumbsComponentTest" assertions="1" time="0.004567"/>
        <testcase name="Title generation with kebab case url" file="Breadcrumbs Component (Hyde\Framework\Testing\Unit\BreadcrumbsComponent)::Title generation with kebab case url" class="Hyde\Framework\Testing\Unit\BreadcrumbsComponentTest" classname="Hyde.Framework.Testing.Unit.BreadcrumbsComponentTest" assertions="1" time="0.004354"/>
        <testcase name="Title generation with snake case url" file="Breadcrumbs Component (Hyde\Framework\Testing\Unit\BreadcrumbsComponent)::Title generation with snake case url" class="Hyde\Framework\Testing\Unit\BreadcrumbsComponentTest" classname="Hyde.Framework.Testing.Unit.BreadcrumbsComponentTest" assertions="1" time="0.004322"/>
      </testsuite>
      <testsuite name="Hyde\Framework\Testing\Unit\BuildOutputDirectoryCanBeChangedTest" file="Build Output Directory Can Be Changed (Hyde\Framework\Testing\Unit\BuildOutputDirectoryCanBeChanged)" tests="5" assertions="20" errors="0" failures="0" skipped="0" time="0.202587">
        <testcase name="Site output directory can be changed for site builds" file="Build Output Directory Can Be Changed (Hyde\Framework\Testing\Unit\BuildOutputDirectoryCanBeChanged)::Site output directory can be changed for site builds" class="Hyde\Framework\Testing\Unit\BuildOutputDirectoryCanBeChangedTest" classname="Hyde.Framework.Testing.Unit.BuildOutputDirectoryCanBeChangedTest" assertions="14" time="0.061251"/>
        <testcase name="Site output directory can be changed in static page builder" file="Build Output Directory Can Be Changed (Hyde\Framework\Testing\Unit\BuildOutputDirectoryCanBeChanged)::Site output directory can be changed in static page builder" class="Hyde\Framework\Testing\Unit\BuildOutputDirectoryCanBeChangedTest" classname="Hyde.Framework.Testing.Unit.BuildOutputDirectoryCanBeChangedTest" assertions="1" time="0.046262"/>
        <testcase name="Output directory is created if it does not exist in static page builder" file="Build Output Directory Can Be Changed (Hyde\Framework\Testing\Unit\BuildOutputDirectoryCanBeChanged)::Output directory is created if it does not exist in static page builder" class="Hyde\Framework\Testing\Unit\BuildOutputDirectoryCanBeChangedTest" classname="Hyde.Framework.Testing.Unit.BuildOutputDirectoryCanBeChangedTest" assertions="1" time="0.036890"/>
        <testcase name="Site output directory can be changed in configuration" file="Build Output Directory Can Be Changed (Hyde\Framework\Testing\Unit\BuildOutputDirectoryCanBeChanged)::Site output directory can be changed in configuration" class="Hyde\Framework\Testing\Unit\BuildOutputDirectoryCanBeChangedTest" classname="Hyde.Framework.Testing.Unit.BuildOutputDirectoryCanBeChangedTest" assertions="3" time="0.036675"/>
        <testcase name="Site output directory path is normalized to trim trailing slashes" file="Build Output Directory Can Be Changed (Hyde\Framework\Testing\Unit\BuildOutputDirectoryCanBeChanged)::Site output directory path is normalized to trim trailing slashes" class="Hyde\Framework\Testing\Unit\BuildOutputDirectoryCanBeChangedTest" classname="Hyde.Framework.Testing.Unit.BuildOutputDirectoryCanBeChangedTest" assertions="1" time="0.021510"/>
      </testsuite>
      <testsuite name="Hyde\Framework\Testing\Unit\BuildTaskServiceUnitTest" file="Build Task Service Unit (Hyde\Framework\Testing\Unit\BuildTaskServiceUnit)" tests="36" assertions="40" errors="0" failures="0" skipped="0" time="0.170773">
        <testcase name="Construct" file="Build Task Service Unit (Hyde\Framework\Testing\Unit\BuildTaskServiceUnit)::Construct" class="Hyde\Framework\Testing\Unit\BuildTaskServiceUnitTest" classname="Hyde.Framework.Testing.Unit.BuildTaskServiceUnitTest" assertions="1" time="0.015308"/>
        <testcase name="Get tasks" file="Build Task Service Unit (Hyde\Framework\Testing\Unit\BuildTaskServiceUnit)::Get tasks" class="Hyde\Framework\Testing\Unit\BuildTaskServiceUnitTest" classname="Hyde.Framework.Testing.Unit.BuildTaskServiceUnitTest" assertions="1" time="0.004838"/>
        <testcase name="Get tasks with task registered in config" file="Build Task Service Unit (Hyde\Framework\Testing\Unit\BuildTaskServiceUnit)::Get tasks with task registered in config" class="Hyde\Framework\Testing\Unit\BuildTaskServiceUnitTest" classname="Hyde.Framework.Testing.Unit.BuildTaskServiceUnitTest" assertions="1" time="0.004356"/>
        <testcase name="Register task" file="Build Task Service Unit (Hyde\Framework\Testing\Unit\BuildTaskServiceUnit)::Register task" class="Hyde\Framework\Testing\Unit\BuildTaskServiceUnitTest" classname="Hyde.Framework.Testing.Unit.BuildTaskServiceUnitTest" assertions="1" time="0.003650"/>
        <testcase name="Register pre build task" file="Build Task Service Unit (Hyde\Framework\Testing\Unit\BuildTaskServiceUnit)::Register pre build task" class="Hyde\Framework\Testing\Unit\BuildTaskServiceUnitTest" classname="Hyde.Framework.Testing.Unit.BuildTaskServiceUnitTest" assertions="1" time="0.003902"/>
        <testcase name="Register post build task" file="Build Task Service Unit (Hyde\Framework\Testing\Unit\BuildTaskServiceUnit)::Register post build task" class="Hyde\Framework\Testing\Unit\BuildTaskServiceUnitTest" classname="Hyde.Framework.Testing.Unit.BuildTaskServiceUnitTest" assertions="1" time="0.003598"/>
        <testcase name="Register instantiated task" file="Build Task Service Unit (Hyde\Framework\Testing\Unit\BuildTaskServiceUnit)::Register instantiated task" class="Hyde\Framework\Testing\Unit\BuildTaskServiceUnitTest" classname="Hyde.Framework.Testing.Unit.BuildTaskServiceUnitTest" assertions="1" time="0.003554"/>
        <testcase name="Register instantiated pre build task" file="Build Task Service Unit (Hyde\Framework\Testing\Unit\BuildTaskServiceUnit)::Register instantiated pre build task" class="Hyde\Framework\Testing\Unit\BuildTaskServiceUnitTest" classname="Hyde.Framework.Testing.Unit.BuildTaskServiceUnitTest" assertions="1" time="0.003514"/>
        <testcase name="Register instantiated post build task" file="Build Task Service Unit (Hyde\Framework\Testing\Unit\BuildTaskServiceUnit)::Register instantiated post build task" class="Hyde\Framework\Testing\Unit\BuildTaskServiceUnitTest" classname="Hyde.Framework.Testing.Unit.BuildTaskServiceUnitTest" assertions="1" time="0.003671"/>
        <testcase name="Register task with invalid class type throws exception" file="Build Task Service Unit (Hyde\Framework\Testing\Unit\BuildTaskServiceUnit)::Register task with invalid class type throws exception" class="Hyde\Framework\Testing\Unit\BuildTaskServiceUnitTest" classname="Hyde.Framework.Testing.Unit.BuildTaskServiceUnitTest" assertions="1" time="0.004374"/>
        <testcase name="Register task without child extension throws exception" file="Build Task Service Unit (Hyde\Framework\Testing\Unit\BuildTaskServiceUnit)::Register task without child extension throws exception" class="Hyde\Framework\Testing\Unit\BuildTaskServiceUnitTest" classname="Hyde.Framework.Testing.Unit.BuildTaskServiceUnitTest" assertions="1" time="0.003449"/>
        <testcase name="Register task with base class throws exception" file="Build Task Service Unit (Hyde\Framework\Testing\Unit\BuildTaskServiceUnit)::Register task with base class throws exception" class="Hyde\Framework\Testing\Unit\BuildTaskServiceUnitTest" classname="Hyde.Framework.Testing.Unit.BuildTaskServiceUnitTest" assertions="1" time="0.003407"/>
        <testcase name="Register task with already registered task" file="Build Task Service Unit (Hyde\Framework\Testing\Unit\BuildTaskServiceUnit)::Register task with already registered task" class="Hyde\Framework\Testing\Unit\BuildTaskServiceUnitTest" classname="Hyde.Framework.Testing.Unit.BuildTaskServiceUnitTest" assertions="1" time="0.003560"/>
        <testcase name="Register task with task already registered in config" file="Build Task Service Unit (Hyde\Framework\Testing\Unit\BuildTaskServiceUnit)::Register task with task already registered in config" class="Hyde\Framework\Testing\Unit\BuildTaskServiceUnitTest" classname="Hyde.Framework.Testing.Unit.BuildTaskServiceUnitTest" assertions="1" time="0.004105"/>
        <testcase name="Can register framework tasks" file="Build Task Service Unit (Hyde\Framework\Testing\Unit\BuildTaskServiceUnit)::Can register framework tasks" class="Hyde\Framework\Testing\Unit\BuildTaskServiceUnitTest" classname="Hyde.Framework.Testing.Unit.BuildTaskServiceUnitTest" assertions="1" time="0.003526"/>
        <testcase name="Can overload framework tasks" file="Build Task Service Unit (Hyde\Framework\Testing\Unit\BuildTaskServiceUnit)::Can overload framework tasks" class="Hyde\Framework\Testing\Unit\BuildTaskServiceUnitTest" classname="Hyde.Framework.Testing.Unit.BuildTaskServiceUnitTest" assertions="1" time="0.003519"/>
        <testcase name="Can set output with null" file="Build Task Service Unit (Hyde\Framework\Testing\Unit\BuildTaskServiceUnit)::Can set output with null" class="Hyde\Framework\Testing\Unit\BuildTaskServiceUnitTest" classname="Hyde.Framework.Testing.Unit.BuildTaskServiceUnitTest" assertions="1" time="0.003479"/>
        <testcase name="Can set output with output style" file="Build Task Service Unit (Hyde\Framework\Testing\Unit\BuildTaskServiceUnit)::Can set output with output style" class="Hyde\Framework\Testing\Unit\BuildTaskServiceUnitTest" classname="Hyde.Framework.Testing.Unit.BuildTaskServiceUnitTest" assertions="1" time="0.007417"/>
        <testcase name="Generate build manifest extends post build task" file="Build Task Service Unit (Hyde\Framework\Testing\Unit\BuildTaskServiceUnit)::Generate build manifest extends post build task" class="Hyde\Framework\Testing\Unit\BuildTaskServiceUnitTest" classname="Hyde.Framework.Testing.Unit.BuildTaskServiceUnitTest" assertions="1" time="0.003401"/>
        <testcase name="Generate rss feed extends post build task" file="Build Task Service Unit (Hyde\Framework\Testing\Unit\BuildTaskServiceUnit)::Generate rss feed extends post build task" class="Hyde\Framework\Testing\Unit\BuildTaskServiceUnitTest" classname="Hyde.Framework.Testing.Unit.BuildTaskServiceUnitTest" assertions="1" time="0.008053"/>
        <testcase name="Generate search extends post build task" file="Build Task Service Unit (Hyde\Framework\Testing\Unit\BuildTaskServiceUnit)::Generate search extends post build task" class="Hyde\Framework\Testing\Unit\BuildTaskServiceUnitTest" classname="Hyde.Framework.Testing.Unit.BuildTaskServiceUnitTest" assertions="1" time="0.007450"/>
        <testcase name="Generate sitemap extends post build task" file="Build Task Service Unit (Hyde\Framework\Testing\Unit\BuildTaskServiceUnit)::Generate sitemap extends post build task" class="Hyde\Framework\Testing\Unit\BuildTaskServiceUnitTest" classname="Hyde.Framework.Testing.Unit.BuildTaskServiceUnitTest" assertions="1" time="0.003412"/>
        <testcase name="Can run pre build tasks" file="Build Task Service Unit (Hyde\Framework\Testing\Unit\BuildTaskServiceUnit)::Can run pre build tasks" class="Hyde\Framework\Testing\Unit\BuildTaskServiceUnitTest" classname="Hyde.Framework.Testing.Unit.BuildTaskServiceUnitTest" assertions="1" time="0.003423"/>
        <testcase name="Can run post build tasks" file="Build Task Service Unit (Hyde\Framework\Testing\Unit\BuildTaskServiceUnit)::Can run post build tasks" class="Hyde\Framework\Testing\Unit\BuildTaskServiceUnitTest" classname="Hyde.Framework.Testing.Unit.BuildTaskServiceUnitTest" assertions="1" time="0.003433"/>
        <testcase name="Can run pre build tasks with tasks" file="Build Task Service Unit (Hyde\Framework\Testing\Unit\BuildTaskServiceUnit)::Can run pre build tasks with tasks" class="Hyde\Framework\Testing\Unit\BuildTaskServiceUnitTest" classname="Hyde.Framework.Testing.Unit.BuildTaskServiceUnitTest" assertions="1" time="0.003775"/>
        <testcase name="Can run post build tasks with tasks" file="Build Task Service Unit (Hyde\Framework\Testing\Unit\BuildTaskServiceUnit)::Can run post build tasks with tasks" class="Hyde\Framework\Testing\Unit\BuildTaskServiceUnitTest" classname="Hyde.Framework.Testing.Unit.BuildTaskServiceUnitTest" assertions="1" time="0.003717"/>
        <testcase name="Run pre build tasks calls handle methods" file="Build Task Service Unit (Hyde\Framework\Testing\Unit\BuildTaskServiceUnit)::Run pre build tasks calls handle methods" class="Hyde\Framework\Testing\Unit\BuildTaskServiceUnitTest" classname="Hyde.Framework.Testing.Unit.BuildTaskServiceUnitTest" assertions="1" time="0.007528"/>
        <testcase name="Run post build tasks calls handle methods" file="Build Task Service Unit (Hyde\Framework\Testing\Unit\BuildTaskServiceUnit)::Run post build tasks calls handle methods" class="Hyde\Framework\Testing\Unit\BuildTaskServiceUnitTest" classname="Hyde.Framework.Testing.Unit.BuildTaskServiceUnitTest" assertions="1" time="0.007794"/>
        <testcase name="Run pre build tasks calls run methods" file="Build Task Service Unit (Hyde\Framework\Testing\Unit\BuildTaskServiceUnit)::Run pre build tasks calls run methods" class="Hyde\Framework\Testing\Unit\BuildTaskServiceUnitTest" classname="Hyde.Framework.Testing.Unit.BuildTaskServiceUnitTest" assertions="1" time="0.003666"/>
        <testcase name="Run post build tasks calls run methods" file="Build Task Service Unit (Hyde\Framework\Testing\Unit\BuildTaskServiceUnit)::Run post build tasks calls run methods" class="Hyde\Framework\Testing\Unit\BuildTaskServiceUnitTest" classname="Hyde.Framework.Testing.Unit.BuildTaskServiceUnitTest" assertions="1" time="0.003646"/>
        <testcase name="Run pre build tasks calls run methods with null when service has no output" file="Build Task Service Unit (Hyde\Framework\Testing\Unit\BuildTaskServiceUnit)::Run pre build tasks calls run methods with null when service has no output" class="Hyde\Framework\Testing\Unit\BuildTaskServiceUnitTest" classname="Hyde.Framework.Testing.Unit.BuildTaskServiceUnitTest" assertions="1" time="0.003608"/>
        <testcase name="Run post build tasks calls run methods with null when service has no output" file="Build Task Service Unit (Hyde\Framework\Testing\Unit\BuildTaskServiceUnit)::Run post build tasks calls run methods with null when service has no output" class="Hyde\Framework\Testing\Unit\BuildTaskServiceUnitTest" classname="Hyde.Framework.Testing.Unit.BuildTaskServiceUnitTest" assertions="1" time="0.003584"/>
        <testcase name="Run pre build tasks calls run methods with output when service has output" file="Build Task Service Unit (Hyde\Framework\Testing\Unit\BuildTaskServiceUnit)::Run pre build tasks calls run methods with output when service has output" class="Hyde\Framework\Testing\Unit\BuildTaskServiceUnitTest" classname="Hyde.Framework.Testing.Unit.BuildTaskServiceUnitTest" assertions="1" time="0.003593"/>
        <testcase name="Run post build tasks calls run methods with output when service has output" file="Build Task Service Unit (Hyde\Framework\Testing\Unit\BuildTaskServiceUnit)::Run post build tasks calls run methods with output when service has output" class="Hyde\Framework\Testing\Unit\BuildTaskServiceUnitTest" classname="Hyde.Framework.Testing.Unit.BuildTaskServiceUnitTest" assertions="1" time="0.003598"/>
        <testcase name="Service searches for tasks in app directory" file="Build Task Service Unit (Hyde\Framework\Testing\Unit\BuildTaskServiceUnit)::Service searches for tasks in app directory" class="Hyde\Framework\Testing\Unit\BuildTaskServiceUnitTest" classname="Hyde.Framework.Testing.Unit.BuildTaskServiceUnitTest" assertions="3" time="0.006187"/>
        <testcase name="Service finds tasks in app directory" file="Build Task Service Unit (Hyde\Framework\Testing\Unit\BuildTaskServiceUnit)::Service finds tasks in app directory" class="Hyde\Framework\Testing\Unit\BuildTaskServiceUnitTest" classname="Hyde.Framework.Testing.Unit.BuildTaskServiceUnitTest" assertions="3" time="0.007678"/>
      </testsuite>
      <testsuite name="Hyde\Framework\Testing\Unit\BuildTaskSkippedExceptionTest" file="Build Task Skipped Exception (Hyde\Framework\Testing\Unit\BuildTaskSkippedException)" tests="5" assertions="7" errors="0" failures="0" skipped="0" time="0.045431">
        <testcase name="It can be instantiated" file="Build Task Skipped Exception (Hyde\Framework\Testing\Unit\BuildTaskSkippedException)::It can be instantiated" class="Hyde\Framework\Testing\Unit\BuildTaskSkippedExceptionTest" classname="Hyde.Framework.Testing.Unit.BuildTaskSkippedExceptionTest" assertions="1" time="0.037883"/>
        <testcase name="It throws an exception with default message" file="Build Task Skipped Exception (Hyde\Framework\Testing\Unit\BuildTaskSkippedException)::It throws an exception with default message" class="Hyde\Framework\Testing\Unit\BuildTaskSkippedExceptionTest" classname="Hyde.Framework.Testing.Unit.BuildTaskSkippedExceptionTest" assertions="2" time="0.002142"/>
        <testcase name="It throws an exception with custom message" file="Build Task Skipped Exception (Hyde\Framework\Testing\Unit\BuildTaskSkippedException)::It throws an exception with custom message" class="Hyde\Framework\Testing\Unit\BuildTaskSkippedExceptionTest" classname="Hyde.Framework.Testing.Unit.BuildTaskSkippedExceptionTest" assertions="2" time="0.001898"/>
        <testcase name="Default exception code" file="Build Task Skipped Exception (Hyde\Framework\Testing\Unit\BuildTaskSkippedException)::Default exception code" class="Hyde\Framework\Testing\Unit\BuildTaskSkippedExceptionTest" classname="Hyde.Framework.Testing.Unit.BuildTaskSkippedExceptionTest" assertions="1" time="0.001758"/>
        <testcase name="Custom exception code" file="Build Task Skipped Exception (Hyde\Framework\Testing\Unit\BuildTaskSkippedException)::Custom exception code" class="Hyde\Framework\Testing\Unit\BuildTaskSkippedExceptionTest" classname="Hyde.Framework.Testing.Unit.BuildTaskSkippedExceptionTest" assertions="1" time="0.001750"/>
      </testsuite>
      <testsuite name="Hyde\Framework\Testing\Unit\BuildTaskUnitTest" file="Build Task Unit (Hyde\Framework\Testing\Unit\BuildTaskUnit)" tests="21" assertions="33" errors="0" failures="0" skipped="0" time="0.047321">
        <testcase name="Can create build task" file="Build Task Unit (Hyde\Framework\Testing\Unit\BuildTaskUnit)::Can create build task" class="Hyde\Framework\Testing\Unit\BuildTaskUnitTest" classname="Hyde.Framework.Testing.Unit.BuildTaskUnitTest" assertions="1" time="0.006814"/>
        <testcase name="It tracks execution time" file="Build Task Unit (Hyde\Framework\Testing\Unit\BuildTaskUnit)::It tracks execution time" class="Hyde\Framework\Testing\Unit\BuildTaskUnitTest" classname="Hyde.Framework.Testing.Unit.BuildTaskUnitTest" assertions="2" time="0.002186"/>
        <testcase name="It can run without output" file="Build Task Unit (Hyde\Framework\Testing\Unit\BuildTaskUnit)::It can run without output" class="Hyde\Framework\Testing\Unit\BuildTaskUnitTest" classname="Hyde.Framework.Testing.Unit.BuildTaskUnitTest" assertions="1" time="0.001891"/>
        <testcase name="It can run with output" file="Build Task Unit (Hyde\Framework\Testing\Unit\BuildTaskUnit)::It can run with output" class="Hyde\Framework\Testing\Unit\BuildTaskUnitTest" classname="Hyde.Framework.Testing.Unit.BuildTaskUnitTest" assertions="1" time="0.002332"/>
        <testcase name="It prints start message" file="Build Task Unit (Hyde\Framework\Testing\Unit\BuildTaskUnit)::It prints start message" class="Hyde\Framework\Testing\Unit\BuildTaskUnitTest" classname="Hyde.Framework.Testing.Unit.BuildTaskUnitTest" assertions="1" time="0.001933"/>
        <testcase name="It prints finish message" file="Build Task Unit (Hyde\Framework\Testing\Unit\BuildTaskUnit)::It prints finish message" class="Hyde\Framework\Testing\Unit\BuildTaskUnitTest" classname="Hyde.Framework.Testing.Unit.BuildTaskUnitTest" assertions="2" time="0.002005"/>
        <testcase name="Run method handles task" file="Build Task Unit (Hyde\Framework\Testing\Unit\BuildTaskUnit)::Run method handles task" class="Hyde\Framework\Testing\Unit\BuildTaskUnitTest" classname="Hyde.Framework.Testing.Unit.BuildTaskUnitTest" assertions="2" time="0.001995"/>
        <testcase name="Run method returns exit code" file="Build Task Unit (Hyde\Framework\Testing\Unit\BuildTaskUnit)::Run method returns exit code" class="Hyde\Framework\Testing\Unit\BuildTaskUnitTest" classname="Hyde.Framework.Testing.Unit.BuildTaskUnitTest" assertions="2" time="0.002042"/>
        <testcase name="Can get message" file="Build Task Unit (Hyde\Framework\Testing\Unit\BuildTaskUnit)::Can get message" class="Hyde\Framework\Testing\Unit\BuildTaskUnitTest" classname="Hyde.Framework.Testing.Unit.BuildTaskUnitTest" assertions="1" time="0.001819"/>
        <testcase name="Can get custom message" file="Build Task Unit (Hyde\Framework\Testing\Unit\BuildTaskUnit)::Can get custom message" class="Hyde\Framework\Testing\Unit\BuildTaskUnitTest" classname="Hyde.Framework.Testing.Unit.BuildTaskUnitTest" assertions="1" time="0.001804"/>
        <testcase name="Can print start message" file="Build Task Unit (Hyde\Framework\Testing\Unit\BuildTaskUnit)::Can print start message" class="Hyde\Framework\Testing\Unit\BuildTaskUnitTest" classname="Hyde.Framework.Testing.Unit.BuildTaskUnitTest" assertions="1" time="0.001851"/>
        <testcase name="Can print custom start message" file="Build Task Unit (Hyde\Framework\Testing\Unit\BuildTaskUnit)::Can print custom start message" class="Hyde\Framework\Testing\Unit\BuildTaskUnitTest" classname="Hyde.Framework.Testing.Unit.BuildTaskUnitTest" assertions="1" time="0.001862"/>
        <testcase name="Can print finish message" file="Build Task Unit (Hyde\Framework\Testing\Unit\BuildTaskUnit)::Can print finish message" class="Hyde\Framework\Testing\Unit\BuildTaskUnitTest" classname="Hyde.Framework.Testing.Unit.BuildTaskUnitTest" assertions="2" time="0.001994"/>
        <testcase name="Finish message printing formats execution time" file="Build Task Unit (Hyde\Framework\Testing\Unit\BuildTaskUnit)::Finish message printing formats execution time" class="Hyde\Framework\Testing\Unit\BuildTaskUnitTest" classname="Hyde.Framework.Testing.Unit.BuildTaskUnitTest" assertions="1" time="0.002210"/>
        <testcase name="Can write to output" file="Build Task Unit (Hyde\Framework\Testing\Unit\BuildTaskUnit)::Can write to output" class="Hyde\Framework\Testing\Unit\BuildTaskUnitTest" classname="Hyde.Framework.Testing.Unit.BuildTaskUnitTest" assertions="1" time="0.001958"/>
        <testcase name="Created site file" file="Build Task Unit (Hyde\Framework\Testing\Unit\BuildTaskUnit)::Created site file" class="Hyde\Framework\Testing\Unit\BuildTaskUnitTest" classname="Hyde.Framework.Testing.Unit.BuildTaskUnitTest" assertions="1" time="0.002064"/>
        <testcase name="Created site file with absolute path" file="Build Task Unit (Hyde\Framework\Testing\Unit\BuildTaskUnit)::Created site file with absolute path" class="Hyde\Framework\Testing\Unit\BuildTaskUnitTest" classname="Hyde.Framework.Testing.Unit.BuildTaskUnitTest" assertions="1" time="0.002097"/>
        <testcase name="With execution time" file="Build Task Unit (Hyde\Framework\Testing\Unit\BuildTaskUnit)::With execution time" class="Hyde\Framework\Testing\Unit\BuildTaskUnitTest" classname="Hyde.Framework.Testing.Unit.BuildTaskUnitTest" assertions="2" time="0.001994"/>
        <testcase name="Task skipping" file="Build Task Unit (Hyde\Framework\Testing\Unit\BuildTaskUnit)::Task skipping" class="Hyde\Framework\Testing\Unit\BuildTaskUnitTest" classname="Hyde.Framework.Testing.Unit.BuildTaskUnitTest" assertions="3" time="0.002127"/>
        <testcase name="Task skipping with custom message" file="Build Task Unit (Hyde\Framework\Testing\Unit\BuildTaskUnit)::Task skipping with custom message" class="Hyde\Framework\Testing\Unit\BuildTaskUnitTest" classname="Hyde.Framework.Testing.Unit.BuildTaskUnitTest" assertions="3" time="0.002228"/>
        <testcase name="Exception handling" file="Build Task Unit (Hyde\Framework\Testing\Unit\BuildTaskUnit)::Exception handling" class="Hyde\Framework\Testing\Unit\BuildTaskUnitTest" classname="Hyde.Framework.Testing.Unit.BuildTaskUnitTest" assertions="3" time="0.002114"/>
      </testsuite>
      <testsuite name="Hyde\Framework\Testing\Unit\BuildWarningsTest" file="Build Warnings (Hyde\Framework\Testing\Unit\BuildWarnings)" tests="18" assertions="21" errors="0" failures="0" skipped="0" time="0.065132">
        <testcase name="Get instance" file="Build Warnings (Hyde\Framework\Testing\Unit\BuildWarnings)::Get instance" class="Hyde\Framework\Testing\Unit\BuildWarningsTest" classname="Hyde.Framework.Testing.Unit.BuildWarningsTest" assertions="1" time="0.021330"/>
        <testcase name="Get instance returns singleton" file="Build Warnings (Hyde\Framework\Testing\Unit\BuildWarnings)::Get instance returns singleton" class="Hyde\Framework\Testing\Unit\BuildWarningsTest" classname="Hyde.Framework.Testing.Unit.BuildWarningsTest" assertions="1" time="0.002057"/>
        <testcase name="Has warnings" file="Build Warnings (Hyde\Framework\Testing\Unit\BuildWarnings)::Has warnings" class="Hyde\Framework\Testing\Unit\BuildWarningsTest" classname="Hyde.Framework.Testing.Unit.BuildWarningsTest" assertions="1" time="0.002518"/>
        <testcase name="Has warning with warnings" file="Build Warnings (Hyde\Framework\Testing\Unit\BuildWarnings)::Has warning with warnings" class="Hyde\Framework\Testing\Unit\BuildWarningsTest" classname="Hyde.Framework.Testing.Unit.BuildWarningsTest" assertions="1" time="0.002090"/>
        <testcase name="Get warnings" file="Build Warnings (Hyde\Framework\Testing\Unit\BuildWarnings)::Get warnings" class="Hyde\Framework\Testing\Unit\BuildWarningsTest" classname="Hyde.Framework.Testing.Unit.BuildWarningsTest" assertions="1" time="0.002127"/>
        <testcase name="Get warnings with warnings" file="Build Warnings (Hyde\Framework\Testing\Unit\BuildWarnings)::Get warnings with warnings" class="Hyde\Framework\Testing\Unit\BuildWarningsTest" classname="Hyde.Framework.Testing.Unit.BuildWarningsTest" assertions="1" time="0.002434"/>
        <testcase name="Report" file="Build Warnings (Hyde\Framework\Testing\Unit\BuildWarnings)::Report" class="Hyde\Framework\Testing\Unit\BuildWarningsTest" classname="Hyde.Framework.Testing.Unit.BuildWarningsTest" assertions="2" time="0.002433"/>
        <testcase name="Report with build warning object" file="Build Warnings (Hyde\Framework\Testing\Unit\BuildWarnings)::Report with build warning object" class="Hyde\Framework\Testing\Unit\BuildWarningsTest" classname="Hyde.Framework.Testing.Unit.BuildWarningsTest" assertions="2" time="0.002224"/>
        <testcase name="Reports warnings defaults to true" file="Build Warnings (Hyde\Framework\Testing\Unit\BuildWarnings)::Reports warnings defaults to true" class="Hyde\Framework\Testing\Unit\BuildWarningsTest" classname="Hyde.Framework.Testing.Unit.BuildWarningsTest" assertions="1" time="0.002300"/>
        <testcase name="Reports warnings returns true when true" file="Build Warnings (Hyde\Framework\Testing\Unit\BuildWarnings)::Reports warnings returns true when true" class="Hyde\Framework\Testing\Unit\BuildWarningsTest" classname="Hyde.Framework.Testing.Unit.BuildWarningsTest" assertions="1" time="0.002260"/>
        <testcase name="Reports warnings returns false when false" file="Build Warnings (Hyde\Framework\Testing\Unit\BuildWarnings)::Reports warnings returns false when false" class="Hyde\Framework\Testing\Unit\BuildWarningsTest" classname="Hyde.Framework.Testing.Unit.BuildWarningsTest" assertions="1" time="0.002191"/>
        <testcase name="Reports warnings as exceptions defaults to false" file="Build Warnings (Hyde\Framework\Testing\Unit\BuildWarnings)::Reports warnings as exceptions defaults to false" class="Hyde\Framework\Testing\Unit\BuildWarningsTest" classname="Hyde.Framework.Testing.Unit.BuildWarningsTest" assertions="1" time="0.002201"/>
        <testcase name="Reports warnings as exceptions returns true when true" file="Build Warnings (Hyde\Framework\Testing\Unit\BuildWarnings)::Reports warnings as exceptions returns true when true" class="Hyde\Framework\Testing\Unit\BuildWarningsTest" classname="Hyde.Framework.Testing.Unit.BuildWarningsTest" assertions="1" time="0.002182"/>
        <testcase name="Reports warnings as exceptions returns false when false" file="Build Warnings (Hyde\Framework\Testing\Unit\BuildWarnings)::Reports warnings as exceptions returns false when false" class="Hyde\Framework\Testing\Unit\BuildWarningsTest" classname="Hyde.Framework.Testing.Unit.BuildWarningsTest" assertions="1" time="0.002168"/>
        <testcase name="Write warnings to output" file="Build Warnings (Hyde\Framework\Testing\Unit\BuildWarnings)::Write warnings to output" class="Hyde\Framework\Testing\Unit\BuildWarningsTest" classname="Hyde.Framework.Testing.Unit.BuildWarningsTest" assertions="1" time="0.005690"/>
        <testcase name="Write warnings to output with verbose output" file="Build Warnings (Hyde\Framework\Testing\Unit\BuildWarnings)::Write warnings to output with verbose output" class="Hyde\Framework\Testing\Unit\BuildWarningsTest" classname="Hyde.Framework.Testing.Unit.BuildWarningsTest" assertions="2" time="0.002677"/>
        <testcase name="Write warnings to output with converting build warnings to exceptions" file="Build Warnings (Hyde\Framework\Testing\Unit\BuildWarnings)::Write warnings to output with converting build warnings to exceptions" class="Hyde\Framework\Testing\Unit\BuildWarningsTest" classname="Hyde.Framework.Testing.Unit.BuildWarningsTest" assertions="1" time="0.004258"/>
        <testcase name="Can construct build warning" file="Build Warnings (Hyde\Framework\Testing\Unit\BuildWarnings)::Can construct build warning" class="Hyde\Framework\Testing\Unit\BuildWarningsTest" classname="Hyde.Framework.Testing.Unit.BuildWarningsTest" assertions="1" time="0.001992"/>
      </testsuite>
      <testsuite name="Hyde\Framework\Testing\Unit\ConfigFileTest" file="Config File (Hyde\Framework\Testing\Unit\ConfigFile)" tests="8" assertions="8" errors="0" failures="0" skipped="0" time="0.038973">
        <testcase name="Default output directory value matches declared value" file="Config File (Hyde\Framework\Testing\Unit\ConfigFile)::Default output directory value matches declared value" class="Hyde\Framework\Testing\Unit\ConfigFileTest" classname="Hyde.Framework.Testing.Unit.ConfigFileTest" assertions="1" time="0.020046"/>
        <testcase name="Default media directory value matches declared value" file="Config File (Hyde\Framework\Testing\Unit\ConfigFile)::Default media directory value matches declared value" class="Hyde\Framework\Testing\Unit\ConfigFileTest" classname="Hyde.Framework.Testing.Unit.ConfigFileTest" assertions="1" time="0.002551"/>
        <testcase name="Default source root value matches declared value" file="Config File (Hyde\Framework\Testing\Unit\ConfigFile)::Default source root value matches declared value" class="Hyde\Framework\Testing\Unit\ConfigFileTest" classname="Hyde.Framework.Testing.Unit.ConfigFileTest" assertions="1" time="0.002468"/>
        <testcase name="Default source directories values match declared values" file="Config File (Hyde\Framework\Testing\Unit\ConfigFile)::Default source directories values match declared values" class="Hyde\Framework\Testing\Unit\ConfigFileTest" classname="Hyde.Framework.Testing.Unit.ConfigFileTest" assertions="1" time="0.002614"/>
        <testcase name="Default source directories values cover all core extension classes" file="Config File (Hyde\Framework\Testing\Unit\ConfigFile)::Default source directories values cover all core extension classes" class="Hyde\Framework\Testing\Unit\ConfigFileTest" classname="Hyde.Framework.Testing.Unit.ConfigFileTest" assertions="1" time="0.003119"/>
        <testcase name="Default output directories values match declared values" file="Config File (Hyde\Framework\Testing\Unit\ConfigFile)::Default output directories values match declared values" class="Hyde\Framework\Testing\Unit\ConfigFileTest" classname="Hyde.Framework.Testing.Unit.ConfigFileTest" assertions="1" time="0.002590"/>
        <testcase name="Default output directories values cover all core extension classes" file="Config File (Hyde\Framework\Testing\Unit\ConfigFile)::Default output directories values cover all core extension classes" class="Hyde\Framework\Testing\Unit\ConfigFileTest" classname="Hyde.Framework.Testing.Unit.ConfigFileTest" assertions="1" time="0.003096"/>
        <testcase name="Default features array matches default features" file="Config File (Hyde\Framework\Testing\Unit\ConfigFile)::Default features array matches default features" class="Hyde\Framework\Testing\Unit\ConfigFileTest" classname="Hyde.Framework.Testing.Unit.ConfigFileTest" assertions="1" time="0.002488"/>
      </testsuite>
      <testsuite name="Hyde\Framework\Testing\Unit\ConsoleServiceProviderUnitTest" file="Console Service Provider Unit (Hyde\Framework\Testing\Unit\ConsoleServiceProviderUnit)" tests="2" assertions="2" errors="0" failures="0" skipped="0" time="0.011280">
        <testcase name="Provider registers logo" file="Console Service Provider Unit (Hyde\Framework\Testing\Unit\ConsoleServiceProviderUnit)::Provider registers logo" class="Hyde\Framework\Testing\Unit\ConsoleServiceProviderUnitTest" classname="Hyde.Framework.Testing.Unit.ConsoleServiceProviderUnitTest" assertions="1" time="0.009461"/>
        <testcase name="Provider registers no ansi logo" file="Console Service Provider Unit (Hyde\Framework\Testing\Unit\ConsoleServiceProviderUnit)::Provider registers no ansi logo" class="Hyde\Framework\Testing\Unit\ConsoleServiceProviderUnitTest" classname="Hyde.Framework.Testing.Unit.ConsoleServiceProviderUnitTest" assertions="1" time="0.001819"/>
      </testsuite>
      <testsuite name="Hyde\Framework\Testing\Unit\CoreDataObjectTest" file="Core Data Object (Hyde\Framework\Testing\Unit\CoreDataObject)" tests="3" assertions="3" errors="0" failures="0" skipped="0" time="0.036433">
        <testcase name="Core data object with hyde page" file="Core Data Object (Hyde\Framework\Testing\Unit\CoreDataObject)::Core data object with hyde page" class="Hyde\Framework\Testing\Unit\CoreDataObjectTest" classname="Hyde.Framework.Testing.Unit.CoreDataObjectTest" assertions="1" time="0.005738"/>
        <testcase name="Core data object with dynamic page" file="Core Data Object (Hyde\Framework\Testing\Unit\CoreDataObject)::Core data object with dynamic page" class="Hyde\Framework\Testing\Unit\CoreDataObjectTest" classname="Hyde.Framework.Testing.Unit.CoreDataObjectTest" assertions="1" time="0.027284"/>
        <testcase name="To array" file="Core Data Object (Hyde\Framework\Testing\Unit\CoreDataObject)::To array" class="Hyde\Framework\Testing\Unit\CoreDataObjectTest" classname="Hyde.Framework.Testing.Unit.CoreDataObjectTest" assertions="1" time="0.003410"/>
      </testsuite>
      <testsuite name="Hyde\Framework\Testing\Unit\CreatesNewMarkdownPostFileTest" file="Creates New Markdown Post File (Hyde\Framework\Testing\Unit\CreatesNewMarkdownPostFile)" tests="5" assertions="9" errors="0" failures="0" skipped="0" time="0.136166">
        <testcase name="With default data" file="Creates New Markdown Post File (Hyde\Framework\Testing\Unit\CreatesNewMarkdownPostFile)::With default data" class="Hyde\Framework\Testing\Unit\CreatesNewMarkdownPostFileTest" classname="Hyde.Framework.Testing.Unit.CreatesNewMarkdownPostFileTest" assertions="5" time="0.037879"/>
        <testcase name="With custom data" file="Creates New Markdown Post File (Hyde\Framework\Testing\Unit\CreatesNewMarkdownPostFile)::With custom data" class="Hyde\Framework\Testing\Unit\CreatesNewMarkdownPostFileTest" classname="Hyde.Framework.Testing.Unit.CreatesNewMarkdownPostFileTest" assertions="1" time="0.020614"/>
        <testcase name="Save" file="Creates New Markdown Post File (Hyde\Framework\Testing\Unit\CreatesNewMarkdownPostFile)::Save" class="Hyde\Framework\Testing\Unit\CreatesNewMarkdownPostFileTest" classname="Hyde.Framework.Testing.Unit.CreatesNewMarkdownPostFileTest" assertions="1" time="0.033776"/>
        <testcase name="Save with custom content" file="Creates New Markdown Post File (Hyde\Framework\Testing\Unit\CreatesNewMarkdownPostFile)::Save with custom content" class="Hyde\Framework\Testing\Unit\CreatesNewMarkdownPostFileTest" classname="Hyde.Framework.Testing.Unit.CreatesNewMarkdownPostFileTest" assertions="1" time="0.023118"/>
        <testcase name="Custom date normalisation" file="Creates New Markdown Post File (Hyde\Framework\Testing\Unit\CreatesNewMarkdownPostFile)::Custom date normalisation" class="Hyde\Framework\Testing\Unit\CreatesNewMarkdownPostFileTest" classname="Hyde.Framework.Testing.Unit.CreatesNewMarkdownPostFileTest" assertions="1" time="0.020779"/>
      </testsuite>
      <testsuite name="Hyde\Framework\Testing\Unit\CustomExceptionsTest" file="Custom Exceptions (Hyde\Framework\Testing\Unit\CustomExceptions)" tests="17" assertions="17" errors="0" failures="0" skipped="0" time="0.055483">
        <testcase name="File conflict exception with default message" file="Custom Exceptions (Hyde\Framework\Testing\Unit\CustomExceptions)::File conflict exception with default message" class="Hyde\Framework\Testing\Unit\CustomExceptionsTest" classname="Hyde.Framework.Testing.Unit.CustomExceptionsTest" assertions="1" time="0.023084"/>
        <testcase name="File conflict exception with path" file="Custom Exceptions (Hyde\Framework\Testing\Unit\CustomExceptions)::File conflict exception with path" class="Hyde\Framework\Testing\Unit\CustomExceptionsTest" classname="Hyde.Framework.Testing.Unit.CustomExceptionsTest" assertions="1" time="0.002479"/>
        <testcase name="File conflict exception with absolute path" file="Custom Exceptions (Hyde\Framework\Testing\Unit\CustomExceptions)::File conflict exception with absolute path" class="Hyde\Framework\Testing\Unit\CustomExceptionsTest" classname="Hyde.Framework.Testing.Unit.CustomExceptionsTest" assertions="1" time="0.002257"/>
        <testcase name="File not found exception with default message" file="Custom Exceptions (Hyde\Framework\Testing\Unit\CustomExceptions)::File not found exception with default message" class="Hyde\Framework\Testing\Unit\CustomExceptionsTest" classname="Hyde.Framework.Testing.Unit.CustomExceptionsTest" assertions="1" time="0.001991"/>
        <testcase name="File not found exception with path" file="Custom Exceptions (Hyde\Framework\Testing\Unit\CustomExceptions)::File not found exception with path" class="Hyde\Framework\Testing\Unit\CustomExceptionsTest" classname="Hyde.Framework.Testing.Unit.CustomExceptionsTest" assertions="1" time="0.002180"/>
        <testcase name="File not found exception with absolute path" file="Custom Exceptions (Hyde\Framework\Testing\Unit\CustomExceptions)::File not found exception with absolute path" class="Hyde\Framework\Testing\Unit\CustomExceptionsTest" classname="Hyde.Framework.Testing.Unit.CustomExceptionsTest" assertions="1" time="0.002194"/>
        <testcase name="File not found exception with custom path" file="Custom Exceptions (Hyde\Framework\Testing\Unit\CustomExceptions)::File not found exception with custom path" class="Hyde\Framework\Testing\Unit\CustomExceptionsTest" classname="Hyde.Framework.Testing.Unit.CustomExceptionsTest" assertions="1" time="0.001950"/>
        <testcase name="Route not found exception with default message" file="Custom Exceptions (Hyde\Framework\Testing\Unit\CustomExceptions)::Route not found exception with default message" class="Hyde\Framework\Testing\Unit\CustomExceptionsTest" classname="Hyde.Framework.Testing.Unit.CustomExceptionsTest" assertions="1" time="0.001960"/>
        <testcase name="Route not found exception with route key" file="Custom Exceptions (Hyde\Framework\Testing\Unit\CustomExceptions)::Route not found exception with route key" class="Hyde\Framework\Testing\Unit\CustomExceptionsTest" classname="Hyde.Framework.Testing.Unit.CustomExceptionsTest" assertions="1" time="0.001970"/>
        <testcase name="Unsupported page type exception with default message" file="Custom Exceptions (Hyde\Framework\Testing\Unit\CustomExceptions)::Unsupported page type exception with default message" class="Hyde\Framework\Testing\Unit\CustomExceptionsTest" classname="Hyde.Framework.Testing.Unit.CustomExceptionsTest" assertions="1" time="0.001955"/>
        <testcase name="Unsupported page type exception with page" file="Custom Exceptions (Hyde\Framework\Testing\Unit\CustomExceptions)::Unsupported page type exception with page" class="Hyde\Framework\Testing\Unit\CustomExceptionsTest" classname="Hyde.Framework.Testing.Unit.CustomExceptionsTest" assertions="1" time="0.001961"/>
        <testcase name="Base url not set exception" file="Custom Exceptions (Hyde\Framework\Testing\Unit\CustomExceptions)::Base url not set exception" class="Hyde\Framework\Testing\Unit\CustomExceptionsTest" classname="Hyde.Framework.Testing.Unit.CustomExceptionsTest" assertions="1" time="0.001902"/>
        <testcase name="File conflict exception code" file="Custom Exceptions (Hyde\Framework\Testing\Unit\CustomExceptions)::File conflict exception code" class="Hyde\Framework\Testing\Unit\CustomExceptionsTest" classname="Hyde.Framework.Testing.Unit.CustomExceptionsTest" assertions="1" time="0.001927"/>
        <testcase name="File not found exception code" file="Custom Exceptions (Hyde\Framework\Testing\Unit\CustomExceptions)::File not found exception code" class="Hyde\Framework\Testing\Unit\CustomExceptionsTest" classname="Hyde.Framework.Testing.Unit.CustomExceptionsTest" assertions="1" time="0.001936"/>
        <testcase name="Route not found exception code" file="Custom Exceptions (Hyde\Framework\Testing\Unit\CustomExceptions)::Route not found exception code" class="Hyde\Framework\Testing\Unit\CustomExceptionsTest" classname="Hyde.Framework.Testing.Unit.CustomExceptionsTest" assertions="1" time="0.001910"/>
        <testcase name="Unsupported page type exception code" file="Custom Exceptions (Hyde\Framework\Testing\Unit\CustomExceptions)::Unsupported page type exception code" class="Hyde\Framework\Testing\Unit\CustomExceptionsTest" classname="Hyde.Framework.Testing.Unit.CustomExceptionsTest" assertions="1" time="0.001924"/>
        <testcase name="Base url not set exception code" file="Custom Exceptions (Hyde\Framework\Testing\Unit\CustomExceptions)::Base url not set exception code" class="Hyde\Framework\Testing\Unit\CustomExceptionsTest" classname="Hyde.Framework.Testing.Unit.CustomExceptionsTest" assertions="1" time="0.001903"/>
      </testsuite>
      <testsuite name="Hyde\Framework\Testing\Unit\DataCollectionUnitTest" file="Data Collection Unit (Hyde\Framework\Testing\Unit\DataCollectionUnit)" tests="9" assertions="9" errors="0" failures="0" skipped="0" time="0.054558">
        <testcase name="Class has static source directory property" file="Data Collection Unit (Hyde\Framework\Testing\Unit\DataCollectionUnit)::Class has static source directory property" class="Hyde\Framework\Testing\Unit\DataCollectionUnitTest" classname="Hyde.Framework.Testing.Unit.DataCollectionUnitTest" assertions="1" time="0.030344"/>
        <testcase name="Constructor creates new data collection instance" file="Data Collection Unit (Hyde\Framework\Testing\Unit\DataCollectionUnit)::Constructor creates new data collection instance" class="Hyde\Framework\Testing\Unit\DataCollectionUnitTest" classname="Hyde.Framework.Testing.Unit.DataCollectionUnitTest" assertions="1" time="0.002044"/>
        <testcase name="Class extends collection class" file="Data Collection Unit (Hyde\Framework\Testing\Unit\DataCollectionUnit)::Class extends collection class" class="Hyde\Framework\Testing\Unit\DataCollectionUnitTest" classname="Hyde.Framework.Testing.Unit.DataCollectionUnitTest" assertions="1" time="0.001825"/>
        <testcase name="Can convert collection to array" file="Data Collection Unit (Hyde\Framework\Testing\Unit\DataCollectionUnit)::Can convert collection to array" class="Hyde\Framework\Testing\Unit\DataCollectionUnitTest" classname="Hyde.Framework.Testing.Unit.DataCollectionUnitTest" assertions="1" time="0.001957"/>
        <testcase name="Can convert collection to json" file="Data Collection Unit (Hyde\Framework\Testing\Unit\DataCollectionUnit)::Can convert collection to json" class="Hyde\Framework\Testing\Unit\DataCollectionUnitTest" classname="Hyde.Framework.Testing.Unit.DataCollectionUnitTest" assertions="1" time="0.001849"/>
        <testcase name="Find markdown files calls proper glob pattern" file="Data Collection Unit (Hyde\Framework\Testing\Unit\DataCollectionUnit)::Find markdown files calls proper glob pattern" class="Hyde\Framework\Testing\Unit\DataCollectionUnitTest" classname="Hyde.Framework.Testing.Unit.DataCollectionUnitTest" assertions="1" time="0.007560"/>
        <testcase name="Find markdown files with no files" file="Data Collection Unit (Hyde\Framework\Testing\Unit\DataCollectionUnit)::Find markdown files with no files" class="Hyde\Framework\Testing\Unit\DataCollectionUnitTest" classname="Hyde.Framework.Testing.Unit.DataCollectionUnitTest" assertions="1" time="0.002943"/>
        <testcase name="Find markdown files with files" file="Data Collection Unit (Hyde\Framework\Testing\Unit\DataCollectionUnit)::Find markdown files with files" class="Hyde\Framework\Testing\Unit\DataCollectionUnitTest" classname="Hyde.Framework.Testing.Unit.DataCollectionUnitTest" assertions="1" time="0.003256"/>
        <testcase name="Static markdown helper returns new data collection instance" file="Data Collection Unit (Hyde\Framework\Testing\Unit\DataCollectionUnit)::Static markdown helper returns new data collection instance" class="Hyde\Framework\Testing\Unit\DataCollectionUnitTest" classname="Hyde.Framework.Testing.Unit.DataCollectionUnitTest" assertions="1" time="0.002781"/>
      </testsuite>
      <testsuite name="Hyde\Framework\Testing\Unit\DateStringTest" file="Date String (Hyde\Framework\Testing\Unit\DateString)" tests="6" assertions="6" errors="0" failures="0" skipped="0" time="0.019570">
        <testcase name="It can parse date string" file="Date String (Hyde\Framework\Testing\Unit\DateString)::It can parse date string" class="Hyde\Framework\Testing\Unit\DateStringTest" classname="Hyde.Framework.Testing.Unit.DateStringTest" assertions="1" time="0.010546"/>
        <testcase name="It can parse date string into datetime object" file="Date String (Hyde\Framework\Testing\Unit\DateString)::It can parse date string into datetime object" class="Hyde\Framework\Testing\Unit\DateStringTest" classname="Hyde.Framework.Testing.Unit.DateStringTest" assertions="1" time="0.001775"/>
        <testcase name="It can format date string into machine readable string" file="Date String (Hyde\Framework\Testing\Unit\DateString)::It can format date string into machine readable string" class="Hyde\Framework\Testing\Unit\DateStringTest" classname="Hyde.Framework.Testing.Unit.DateStringTest" assertions="1" time="0.001814"/>
        <testcase name="It can format date string into human readable string" file="Date String (Hyde\Framework\Testing\Unit\DateString)::It can format date string into human readable string" class="Hyde\Framework\Testing\Unit\DateStringTest" classname="Hyde.Framework.Testing.Unit.DateStringTest" assertions="1" time="0.001814"/>
        <testcase name="It can format date string into short human readable string" file="Date String (Hyde\Framework\Testing\Unit\DateString)::It can format date string into short human readable string" class="Hyde\Framework\Testing\Unit\DateStringTest" classname="Hyde.Framework.Testing.Unit.DateStringTest" assertions="1" time="0.001783"/>
        <testcase name="It can format date string into short human readable string using magic method" file="Date String (Hyde\Framework\Testing\Unit\DateString)::It can format date string into short human readable string using magic method" class="Hyde\Framework\Testing\Unit\DateStringTest" classname="Hyde.Framework.Testing.Unit.DateStringTest" assertions="1" time="0.001837"/>
      </testsuite>
      <testsuite name="Hyde\Framework\Testing\Unit\DocumentationPageTest" file="Documentation Page (Hyde\Framework\Testing\Unit\DocumentationPage)" tests="28" assertions="43" errors="0" failures="0" skipped="0" time="0.664228">
        <testcase name="Can generate table of contents" file="Documentation Page (Hyde\Framework\Testing\Unit\DocumentationPage)::Can generate table of contents" class="Hyde\Framework\Testing\Unit\DocumentationPageTest" classname="Hyde.Framework.Testing.Unit.DocumentationPageTest" assertions="1" time="0.053885"/>
        <testcase name="Can get current page path" file="Documentation Page (Hyde\Framework\Testing\Unit\DocumentationPage)::Can get current page path" class="Hyde\Framework\Testing\Unit\DocumentationPageTest" classname="Hyde.Framework.Testing.Unit.DocumentationPageTest" assertions="1" time="0.021756"/>
        <testcase name="Can get current custom page path" file="Documentation Page (Hyde\Framework\Testing\Unit\DocumentationPage)::Can get current custom page path" class="Hyde\Framework\Testing\Unit\DocumentationPageTest" classname="Hyde.Framework.Testing.Unit.DocumentationPageTest" assertions="1" time="0.022094"/>
        <testcase name="Can get current page path when using flattened output paths" file="Documentation Page (Hyde\Framework\Testing\Unit\DocumentationPage)::Can get current page path when using flattened output paths" class="Hyde\Framework\Testing\Unit\DocumentationPageTest" classname="Hyde.Framework.Testing.Unit.DocumentationPageTest" assertions="2" time="0.023104"/>
        <testcase name="Can get current page path when not using flattened output paths" file="Documentation Page (Hyde\Framework\Testing\Unit\DocumentationPage)::Can get current page path when not using flattened output paths" class="Hyde\Framework\Testing\Unit\DocumentationPageTest" classname="Hyde.Framework.Testing.Unit.DocumentationPageTest" assertions="2" time="0.022975"/>
        <testcase name="Can get online source path" file="Documentation Page (Hyde\Framework\Testing\Unit\DocumentationPage)::Can get online source path" class="Hyde\Framework\Testing\Unit\DocumentationPageTest" classname="Hyde.Framework.Testing.Unit.DocumentationPageTest" assertions="1" time="0.021308"/>
        <testcase name="Can get online source path with source file location base" file="Documentation Page (Hyde\Framework\Testing\Unit\DocumentationPage)::Can get online source path with source file location base" class="Hyde\Framework\Testing\Unit\DocumentationPageTest" classname="Hyde.Framework.Testing.Unit.DocumentationPageTest" assertions="1" time="0.021218"/>
        <testcase name="Can get online source path with trailing slash" file="Documentation Page (Hyde\Framework\Testing\Unit\DocumentationPage)::Can get online source path with trailing slash" class="Hyde\Framework\Testing\Unit\DocumentationPageTest" classname="Hyde.Framework.Testing.Unit.DocumentationPageTest" assertions="2" time="0.021253"/>
        <testcase name="Can get documentation output path" file="Documentation Page (Hyde\Framework\Testing\Unit\DocumentationPage)::Can get documentation output path" class="Hyde\Framework\Testing\Unit\DocumentationPageTest" classname="Hyde.Framework.Testing.Unit.DocumentationPageTest" assertions="1" time="0.019999"/>
        <testcase name="Can get documentation output path with custom output directory" file="Documentation Page (Hyde\Framework\Testing\Unit\DocumentationPage)::Can get documentation output path with custom output directory" class="Hyde\Framework\Testing\Unit\DocumentationPageTest" classname="Hyde.Framework.Testing.Unit.DocumentationPageTest" assertions="1" time="0.021082"/>
        <testcase name="Can get documentation output path with trailing slashes" file="Documentation Page (Hyde\Framework\Testing\Unit\DocumentationPage)::Can get documentation output path with trailing slashes" class="Hyde\Framework\Testing\Unit\DocumentationPageTest" classname="Hyde.Framework.Testing.Unit.DocumentationPageTest" assertions="5" time="0.024616"/>
        <testcase name="Get source path returns qualified basename" file="Documentation Page (Hyde\Framework\Testing\Unit\DocumentationPage)::Get source path returns qualified basename" class="Hyde\Framework\Testing\Unit\DocumentationPageTest" classname="Hyde.Framework.Testing.Unit.DocumentationPageTest" assertions="1" time="0.021150"/>
        <testcase name="Get source path returns qualified basename for nested page" file="Documentation Page (Hyde\Framework\Testing\Unit\DocumentationPage)::Get source path returns qualified basename for nested page" class="Hyde\Framework\Testing\Unit\DocumentationPageTest" classname="Hyde.Framework.Testing.Unit.DocumentationPageTest" assertions="1" time="0.021151"/>
        <testcase name="Home method returns null when there is no index page" file="Documentation Page (Hyde\Framework\Testing\Unit\DocumentationPage)::Home method returns null when there is no index page" class="Hyde\Framework\Testing\Unit\DocumentationPageTest" classname="Hyde.Framework.Testing.Unit.DocumentationPageTest" assertions="1" time="0.024757"/>
        <testcase name="Home method returns docs index route when it exists" file="Documentation Page (Hyde\Framework\Testing\Unit\DocumentationPage)::Home method returns docs index route when it exists" class="Hyde\Framework\Testing\Unit\DocumentationPageTest" classname="Hyde.Framework.Testing.Unit.DocumentationPageTest" assertions="2" time="0.025664"/>
        <testcase name="Home method finds docs index for custom output directory" file="Documentation Page (Hyde\Framework\Testing\Unit\DocumentationPage)::Home method finds docs index for custom output directory" class="Hyde\Framework\Testing\Unit\DocumentationPageTest" classname="Hyde.Framework.Testing.Unit.DocumentationPageTest" assertions="2" time="0.027008"/>
        <testcase name="Home method finds docs index for custom nested output directory" file="Documentation Page (Hyde\Framework\Testing\Unit\DocumentationPage)::Home method finds docs index for custom nested output directory" class="Hyde\Framework\Testing\Unit\DocumentationPageTest" classname="Hyde.Framework.Testing.Unit.DocumentationPageTest" assertions="2" time="0.026402"/>
        <testcase name="Home route name method returns output directory slash index" file="Documentation Page (Hyde\Framework\Testing\Unit\DocumentationPage)::Home route name method returns output directory slash index" class="Hyde\Framework\Testing\Unit\DocumentationPageTest" classname="Hyde.Framework.Testing.Unit.DocumentationPageTest" assertions="1" time="0.020651"/>
        <testcase name="Home route name method returns customized output directory slash index" file="Documentation Page (Hyde\Framework\Testing\Unit\DocumentationPage)::Home route name method returns customized output directory slash index" class="Hyde\Framework\Testing\Unit\DocumentationPageTest" classname="Hyde.Framework.Testing.Unit.DocumentationPageTest" assertions="1" time="0.021069"/>
        <testcase name="Has table of contents" file="Documentation Page (Hyde\Framework\Testing\Unit\DocumentationPage)::Has table of contents" class="Hyde\Framework\Testing\Unit\DocumentationPageTest" classname="Hyde.Framework.Testing.Unit.DocumentationPageTest" assertions="3" time="0.020644"/>
        <testcase name="Compiled pages originating in subdirectories get output to root docs path" file="Documentation Page (Hyde\Framework\Testing\Unit\DocumentationPage)::Compiled pages originating in subdirectories get output to root docs path" class="Hyde\Framework\Testing\Unit\DocumentationPageTest" classname="Hyde.Framework.Testing.Unit.DocumentationPageTest" assertions="1" time="0.021686"/>
        <testcase name="Compiled pages originating in subdirectories get output to root docs path when using flattened output paths" file="Documentation Page (Hyde\Framework\Testing\Unit\DocumentationPage)::Compiled pages originating in subdirectories get output to root docs path when using flattened output paths" class="Hyde\Framework\Testing\Unit\DocumentationPageTest" classname="Hyde.Framework.Testing.Unit.DocumentationPageTest" assertions="1" time="0.021495"/>
        <testcase name="Compiled pages originating in subdirectories retain subdirectory structure when not using flattened output paths" file="Documentation Page (Hyde\Framework\Testing\Unit\DocumentationPage)::Compiled pages originating in subdirectories retain subdirectory structure when not using flattened output paths" class="Hyde\Framework\Testing\Unit\DocumentationPageTest" classname="Hyde.Framework.Testing.Unit.DocumentationPageTest" assertions="1" time="0.021593"/>
        <testcase name="Page has front matter" file="Documentation Page (Hyde\Framework\Testing\Unit\DocumentationPage)::Page has front matter" class="Hyde\Framework\Testing\Unit\DocumentationPageTest" classname="Hyde.Framework.Testing.Unit.DocumentationPageTest" assertions="4" time="0.024515"/>
        <testcase name="Page can be hidden from sidebar using front matter" file="Documentation Page (Hyde\Framework\Testing\Unit\DocumentationPage)::Page can be hidden from sidebar using front matter" class="Hyde\Framework\Testing\Unit\DocumentationPageTest" classname="Hyde.Framework.Testing.Unit.DocumentationPageTest" assertions="1" time="0.023659"/>
        <testcase name="Page is visible in sidebar without using front matter" file="Documentation Page (Hyde\Framework\Testing\Unit\DocumentationPage)::Page is visible in sidebar without using front matter" class="Hyde\Framework\Testing\Unit\DocumentationPageTest" classname="Hyde.Framework.Testing.Unit.DocumentationPageTest" assertions="1" time="0.022650"/>
        <testcase name="Page can set sidebar priority using front matter" file="Documentation Page (Hyde\Framework\Testing\Unit\DocumentationPage)::Page can set sidebar priority using front matter" class="Hyde\Framework\Testing\Unit\DocumentationPageTest" classname="Hyde.Framework.Testing.Unit.DocumentationPageTest" assertions="1" time="0.022681"/>
        <testcase name="Page can set sidebar label using front matter" file="Documentation Page (Hyde\Framework\Testing\Unit\DocumentationPage)::Page can set sidebar label using front matter" class="Hyde\Framework\Testing\Unit\DocumentationPageTest" classname="Hyde.Framework.Testing.Unit.DocumentationPageTest" assertions="1" time="0.024163"/>
      </testsuite>
      <testsuite name="Hyde\Framework\Testing\Unit\DropdownNavItemTest" file="Dropdown Nav Item (Hyde\Framework\Testing\Unit\DropdownNavItem)" tests="7" assertions="12" errors="0" failures="0" skipped="0" time="0.070841">
        <testcase name="Construct" file="Dropdown Nav Item (Hyde\Framework\Testing\Unit\DropdownNavItem)::Construct" class="Hyde\Framework\Testing\Unit\DropdownNavItemTest" classname="Hyde.Framework.Testing.Unit.DropdownNavItemTest" assertions="3" time="0.055619"/>
        <testcase name="Construct with custom priority" file="Dropdown Nav Item (Hyde\Framework\Testing\Unit\DropdownNavItem)::Construct with custom priority" class="Hyde\Framework\Testing\Unit\DropdownNavItemTest" classname="Hyde.Framework.Testing.Unit.DropdownNavItemTest" assertions="1" time="0.002089"/>
        <testcase name="Construct with null priority" file="Dropdown Nav Item (Hyde\Framework\Testing\Unit\DropdownNavItem)::Construct with null priority" class="Hyde\Framework\Testing\Unit\DropdownNavItemTest" classname="Hyde.Framework.Testing.Unit.DropdownNavItemTest" assertions="1" time="0.002076"/>
        <testcase name="From array" file="Dropdown Nav Item (Hyde\Framework\Testing\Unit\DropdownNavItem)::From array" class="Hyde\Framework\Testing\Unit\DropdownNavItemTest" classname="Hyde.Framework.Testing.Unit.DropdownNavItemTest" assertions="2" time="0.002261"/>
        <testcase name="With children" file="Dropdown Nav Item (Hyde\Framework\Testing\Unit\DropdownNavItem)::With children" class="Hyde\Framework\Testing\Unit\DropdownNavItemTest" classname="Hyde.Framework.Testing.Unit.DropdownNavItemTest" assertions="2" time="0.003387"/>
        <testcase name="Get items" file="Dropdown Nav Item (Hyde\Framework\Testing\Unit\DropdownNavItem)::Get items" class="Hyde\Framework\Testing\Unit\DropdownNavItemTest" classname="Hyde.Framework.Testing.Unit.DropdownNavItemTest" assertions="2" time="0.003361"/>
        <testcase name="Can set priority in config" file="Dropdown Nav Item (Hyde\Framework\Testing\Unit\DropdownNavItem)::Can set priority in config" class="Hyde\Framework\Testing\Unit\DropdownNavItemTest" classname="Hyde.Framework.Testing.Unit.DropdownNavItemTest" assertions="1" time="0.002049"/>
      </testsuite>
      <testsuite name="Hyde\Framework\Testing\Unit\EnsureCodeFollowsNamingConventionTest" file="Ensure Code Follows Naming Convention (Hyde\Framework\Testing\Unit\EnsureCodeFollowsNamingConvention)" tests="3" assertions="179" errors="0" failures="0" skipped="0" time="0.050345">
        <testcase name="Commands classes follow naming conventions" file="Ensure Code Follows Naming Convention (Hyde\Framework\Testing\Unit\EnsureCodeFollowsNamingConvention)::Commands classes follow naming conventions" class="Hyde\Framework\Testing\Unit\EnsureCodeFollowsNamingConventionTest" classname="Hyde.Framework.Testing.Unit.EnsureCodeFollowsNamingConventionTest" assertions="35" time="0.012467"/>
        <testcase name="Commands descriptions follow naming conventions" file="Ensure Code Follows Naming Convention (Hyde\Framework\Testing\Unit\EnsureCodeFollowsNamingConvention)::Commands descriptions follow naming conventions" class="Hyde\Framework\Testing\Unit\EnsureCodeFollowsNamingConventionTest" classname="Hyde.Framework.Testing.Unit.EnsureCodeFollowsNamingConventionTest" assertions="137" time="0.018147"/>
        <testcase name="Action entry points follow naming conventions" file="Ensure Code Follows Naming Convention (Hyde\Framework\Testing\Unit\EnsureCodeFollowsNamingConvention)::Action entry points follow naming conventions" class="Hyde\Framework\Testing\Unit\EnsureCodeFollowsNamingConventionTest" classname="Hyde.Framework.Testing.Unit.EnsureCodeFollowsNamingConventionTest" assertions="7" time="0.019731"/>
      </testsuite>
      <testsuite name="Hyde\Framework\Testing\Unit\ExampleUnitTest" file="Example Unit (Hyde\Framework\Testing\Unit\ExampleUnit)" tests="1" assertions="1" errors="0" failures="0" skipped="0" time="0.006585">
        <testcase name="Example" file="Example Unit (Hyde\Framework\Testing\Unit\ExampleUnit)::Example" class="Hyde\Framework\Testing\Unit\ExampleUnitTest" classname="Hyde.Framework.Testing.Unit.ExampleUnitTest" assertions="1" time="0.006585"/>
      </testsuite>
      <testsuite name="Hyde\Framework\Testing\Unit\ExtensionsUnitTest" file="Extensions Unit (Hyde\Framework\Testing\Unit\ExtensionsUnit)" tests="21" assertions="35" errors="0" failures="0" skipped="0" time="0.076774">
        <testcase name="Base class get page classes" file="Extensions Unit (Hyde\Framework\Testing\Unit\ExtensionsUnit)::Base class get page classes" class="Hyde\Framework\Testing\Unit\ExtensionsUnitTest" classname="Hyde.Framework.Testing.Unit.ExtensionsUnitTest" assertions="1" time="0.004594"/>
        <testcase name="Base class discovery handlers" file="Extensions Unit (Hyde\Framework\Testing\Unit\ExtensionsUnit)::Base class discovery handlers" class="Hyde\Framework\Testing\Unit\ExtensionsUnitTest" classname="Hyde.Framework.Testing.Unit.ExtensionsUnitTest" assertions="1" time="0.006415"/>
        <testcase name="Can register new extension" file="Extensions Unit (Hyde\Framework\Testing\Unit\ExtensionsUnit)::Can register new extension" class="Hyde\Framework\Testing\Unit\ExtensionsUnitTest" classname="Hyde.Framework.Testing.Unit.ExtensionsUnitTest" assertions="1" time="0.002758"/>
        <testcase name="Register extension after kernel is booted" file="Extensions Unit (Hyde\Framework\Testing\Unit\ExtensionsUnit)::Register extension after kernel is booted" class="Hyde\Framework\Testing\Unit\ExtensionsUnitTest" classname="Hyde.Framework.Testing.Unit.ExtensionsUnitTest" assertions="2" time="0.006108"/>
        <testcase name="Register extension with invalid extension class" file="Extensions Unit (Hyde\Framework\Testing\Unit\ExtensionsUnit)::Register extension with invalid extension class" class="Hyde\Framework\Testing\Unit\ExtensionsUnitTest" classname="Hyde.Framework.Testing.Unit.ExtensionsUnitTest" assertions="2" time="0.002745"/>
        <testcase name="Register extension with non class string" file="Extensions Unit (Hyde\Framework\Testing\Unit\ExtensionsUnit)::Register extension with non class string" class="Hyde\Framework\Testing\Unit\ExtensionsUnitTest" classname="Hyde.Framework.Testing.Unit.ExtensionsUnitTest" assertions="2" time="0.002803"/>
        <testcase name="Register extension with already registered extension" file="Extensions Unit (Hyde\Framework\Testing\Unit\ExtensionsUnit)::Register extension with already registered extension" class="Hyde\Framework\Testing\Unit\ExtensionsUnitTest" classname="Hyde.Framework.Testing.Unit.ExtensionsUnitTest" assertions="2" time="0.002754"/>
        <testcase name="Register extension method does not register already registered classes" file="Extensions Unit (Hyde\Framework\Testing\Unit\ExtensionsUnit)::Register extension method does not register already registered classes" class="Hyde\Framework\Testing\Unit\ExtensionsUnitTest" classname="Hyde.Framework.Testing.Unit.ExtensionsUnitTest" assertions="1" time="0.002790"/>
        <testcase name="Get extension with valid extension" file="Extensions Unit (Hyde\Framework\Testing\Unit\ExtensionsUnit)::Get extension with valid extension" class="Hyde\Framework\Testing\Unit\ExtensionsUnitTest" classname="Hyde.Framework.Testing.Unit.ExtensionsUnitTest" assertions="1" time="0.002542"/>
        <testcase name="Get extension with custom extension" file="Extensions Unit (Hyde\Framework\Testing\Unit\ExtensionsUnit)::Get extension with custom extension" class="Hyde\Framework\Testing\Unit\ExtensionsUnitTest" classname="Hyde.Framework.Testing.Unit.ExtensionsUnitTest" assertions="1" time="0.002535"/>
        <testcase name="Get extension with invalid extension" file="Extensions Unit (Hyde\Framework\Testing\Unit\ExtensionsUnit)::Get extension with invalid extension" class="Hyde\Framework\Testing\Unit\ExtensionsUnitTest" classname="Hyde.Framework.Testing.Unit.ExtensionsUnitTest" assertions="2" time="0.002674"/>
        <testcase name="Get extension generics" file="Extensions Unit (Hyde\Framework\Testing\Unit\ExtensionsUnit)::Get extension generics" class="Hyde\Framework\Testing\Unit\ExtensionsUnitTest" classname="Hyde.Framework.Testing.Unit.ExtensionsUnitTest" assertions="3" time="0.002722"/>
        <testcase name="Has extension with valid extension" file="Extensions Unit (Hyde\Framework\Testing\Unit\ExtensionsUnit)::Has extension with valid extension" class="Hyde\Framework\Testing\Unit\ExtensionsUnitTest" classname="Hyde.Framework.Testing.Unit.ExtensionsUnitTest" assertions="1" time="0.002562"/>
        <testcase name="Has extension with custom extension" file="Extensions Unit (Hyde\Framework\Testing\Unit\ExtensionsUnit)::Has extension with custom extension" class="Hyde\Framework\Testing\Unit\ExtensionsUnitTest" classname="Hyde.Framework.Testing.Unit.ExtensionsUnitTest" assertions="1" time="0.002594"/>
        <testcase name="Has extension with invalid extension" file="Extensions Unit (Hyde\Framework\Testing\Unit\ExtensionsUnit)::Has extension with invalid extension" class="Hyde\Framework\Testing\Unit\ExtensionsUnitTest" classname="Hyde.Framework.Testing.Unit.ExtensionsUnitTest" assertions="1" time="0.002543"/>
        <testcase name="File handler dependency injection" file="Extensions Unit (Hyde\Framework\Testing\Unit\ExtensionsUnit)::File handler dependency injection" class="Hyde\Framework\Testing\Unit\ExtensionsUnitTest" classname="Hyde.Framework.Testing.Unit.ExtensionsUnitTest" assertions="1" time="0.003642"/>
        <testcase name="Page handler dependency injection" file="Extensions Unit (Hyde\Framework\Testing\Unit\ExtensionsUnit)::Page handler dependency injection" class="Hyde\Framework\Testing\Unit\ExtensionsUnitTest" classname="Hyde.Framework.Testing.Unit.ExtensionsUnitTest" assertions="4" time="0.007818"/>
        <testcase name="Route handler dependency injection" file="Extensions Unit (Hyde\Framework\Testing\Unit\ExtensionsUnit)::Route handler dependency injection" class="Hyde\Framework\Testing\Unit\ExtensionsUnitTest" classname="Hyde.Framework.Testing.Unit.ExtensionsUnitTest" assertions="4" time="0.006287"/>
        <testcase name="Get registered page classes returns core extension classes" file="Extensions Unit (Hyde\Framework\Testing\Unit\ExtensionsUnit)::Get registered page classes returns core extension classes" class="Hyde\Framework\Testing\Unit\ExtensionsUnitTest" classname="Hyde.Framework.Testing.Unit.ExtensionsUnitTest" assertions="1" time="0.003203"/>
        <testcase name="Get registered page classes merges all extension classes" file="Extensions Unit (Hyde\Framework\Testing\Unit\ExtensionsUnit)::Get registered page classes merges all extension classes" class="Hyde\Framework\Testing\Unit\ExtensionsUnitTest" classname="Hyde.Framework.Testing.Unit.ExtensionsUnitTest" assertions="1" time="0.003217"/>
        <testcase name="Merged registered page classes array contents" file="Extensions Unit (Hyde\Framework\Testing\Unit\ExtensionsUnit)::Merged registered page classes array contents" class="Hyde\Framework\Testing\Unit\ExtensionsUnitTest" classname="Hyde.Framework.Testing.Unit.ExtensionsUnitTest" assertions="2" time="0.003466"/>
      </testsuite>
      <testsuite name="Hyde\Framework\Testing\Unit\Facades\AssetFacadeTest" file="Asset Facade (Hyde\Framework\Testing\Unit\Facades\AssetFacade)" tests="3" assertions="3" errors="0" failures="0" skipped="0" time="0.084278">
        <testcase name="Asset facade returns the asset service" file="Asset Facade (Hyde\Framework\Testing\Unit\Facades\AssetFacade)::Asset facade returns the asset service" class="Hyde\Framework\Testing\Unit\Facades\AssetFacadeTest" classname="Hyde.Framework.Testing.Unit.Facades.AssetFacadeTest" assertions="1" time="0.043407"/>
        <testcase name="Facade returns same instance as bound by the container" file="Asset Facade (Hyde\Framework\Testing\Unit\Facades\AssetFacade)::Facade returns same instance as bound by the container" class="Hyde\Framework\Testing\Unit\Facades\AssetFacadeTest" classname="Hyde.Framework.Testing.Unit.Facades.AssetFacadeTest" assertions="1" time="0.020191"/>
        <testcase name="Asset facade can call methods on the asset service" file="Asset Facade (Hyde\Framework\Testing\Unit\Facades\AssetFacade)::Asset facade can call methods on the asset service" class="Hyde\Framework\Testing\Unit\Facades\AssetFacadeTest" classname="Hyde.Framework.Testing.Unit.Facades.AssetFacadeTest" assertions="1" time="0.020681"/>
      </testsuite>
      <testsuite name="Hyde\Framework\Testing\Unit\Facades\AuthorTest" file="Author (Hyde\Framework\Testing\Unit\Facades\Author)" tests="3" assertions="10" errors="0" failures="0" skipped="0" time="0.068111">
        <testcase name="Create" file="Author (Hyde\Framework\Testing\Unit\Facades\Author)::Create" class="Hyde\Framework\Testing\Unit\Facades\AuthorTest" classname="Hyde.Framework.Testing.Unit.Facades.AuthorTest" assertions="4" time="0.025726"/>
        <testcase name="Get" file="Author (Hyde\Framework\Testing\Unit\Facades\Author)::Get" class="Hyde\Framework\Testing\Unit\Facades\AuthorTest" classname="Hyde.Framework.Testing.Unit.Facades.AuthorTest" assertions="4" time="0.021698"/>
        <testcase name="All" file="Author (Hyde\Framework\Testing\Unit\Facades\Author)::All" class="Hyde\Framework\Testing\Unit\Facades\AuthorTest" classname="Hyde.Framework.Testing.Unit.Facades.AuthorTest" assertions="2" time="0.020687"/>
      </testsuite>
      <testsuite name="Hyde\Framework\Testing\Unit\Facades\HydeFacadesAreAliasedInAppConfigTest" file="Hyde Facades Are Aliased In App Config (Hyde\Framework\Testing\Unit\Facades\HydeFacadesAreAliasedInAppConfig)" tests="1" assertions="8" errors="0" failures="0" skipped="0" time="0.027669">
        <testcase name="All facades are aliased in app config" file="Hyde Facades Are Aliased In App Config (Hyde\Framework\Testing\Unit\Facades\HydeFacadesAreAliasedInAppConfig)::All facades are aliased in app config" class="Hyde\Framework\Testing\Unit\Facades\HydeFacadesAreAliasedInAppConfigTest" classname="Hyde.Framework.Testing.Unit.Facades.HydeFacadesAreAliasedInAppConfigTest" assertions="8" time="0.027669"/>
      </testsuite>
      <testsuite name="Hyde\Framework\Testing\Unit\Facades\RouteFacadeTest" file="Route Facade (Hyde\Framework\Testing\Unit\Facades\RouteFacade)" tests="10" assertions="10" errors="0" failures="0" skipped="0" time="0.032098">
        <testcase name="Route facade all method returns all routes" file="Route Facade (Hyde\Framework\Testing\Unit\Facades\RouteFacade)::Route facade all method returns all routes" class="Hyde\Framework\Testing\Unit\Facades\RouteFacadeTest" classname="Hyde.Framework.Testing.Unit.Facades.RouteFacadeTest" assertions="1" time="0.007918"/>
        <testcase name="Get or fail throws exception if route is not found" file="Route Facade (Hyde\Framework\Testing\Unit\Facades\RouteFacade)::Get or fail throws exception if route is not found" class="Hyde\Framework\Testing\Unit\Facades\RouteFacadeTest" classname="Hyde.Framework.Testing.Unit.Facades.RouteFacadeTest" assertions="1" time="0.002127"/>
        <testcase name="Get returns route from router index" file="Route Facade (Hyde\Framework\Testing\Unit\Facades\RouteFacade)::Get returns route from router index" class="Hyde\Framework\Testing\Unit\Facades\RouteFacadeTest" classname="Hyde.Framework.Testing.Unit.Facades.RouteFacadeTest" assertions="1" time="0.002017"/>
        <testcase name="Get returns route from router index for the right page" file="Route Facade (Hyde\Framework\Testing\Unit\Facades\RouteFacade)::Get returns route from router index for the right page" class="Hyde\Framework\Testing\Unit\Facades\RouteFacadeTest" classname="Hyde.Framework.Testing.Unit.Facades.RouteFacadeTest" assertions="1" time="0.004682"/>
        <testcase name="Get from returns null if route is not found" file="Route Facade (Hyde\Framework\Testing\Unit\Facades\RouteFacade)::Get from returns null if route is not found" class="Hyde\Framework\Testing\Unit\Facades\RouteFacadeTest" classname="Hyde.Framework.Testing.Unit.Facades.RouteFacadeTest" assertions="1" time="0.002061"/>
        <testcase name="Get supports dot notation" file="Route Facade (Hyde\Framework\Testing\Unit\Facades\RouteFacade)::Get supports dot notation" class="Hyde\Framework\Testing\Unit\Facades\RouteFacadeTest" classname="Hyde.Framework.Testing.Unit.Facades.RouteFacadeTest" assertions="1" time="0.003614"/>
        <testcase name="Current returns current route" file="Route Facade (Hyde\Framework\Testing\Unit\Facades\RouteFacade)::Current returns current route" class="Hyde\Framework\Testing\Unit\Facades\RouteFacadeTest" classname="Hyde.Framework.Testing.Unit.Facades.RouteFacadeTest" assertions="1" time="0.003435"/>
        <testcase name="Current returns null if route is not found" file="Route Facade (Hyde\Framework\Testing\Unit\Facades\RouteFacade)::Current returns null if route is not found" class="Hyde\Framework\Testing\Unit\Facades\RouteFacadeTest" classname="Hyde.Framework.Testing.Unit.Facades.RouteFacadeTest" assertions="1" time="0.002303"/>
        <testcase name="Exists for existing route" file="Route Facade (Hyde\Framework\Testing\Unit\Facades\RouteFacade)::Exists for existing route" class="Hyde\Framework\Testing\Unit\Facades\RouteFacadeTest" classname="Hyde.Framework.Testing.Unit.Facades.RouteFacadeTest" assertions="1" time="0.001988"/>
        <testcase name="Exists for non existing route" file="Route Facade (Hyde\Framework\Testing\Unit\Facades\RouteFacade)::Exists for non existing route" class="Hyde\Framework\Testing\Unit\Facades\RouteFacadeTest" classname="Hyde.Framework.Testing.Unit.Facades.RouteFacadeTest" assertions="1" time="0.001954"/>
      </testsuite>
      <testsuite name="Hyde\Framework\Testing\Unit\FeaturedImageUnitTest" file="Featured Image Unit (Hyde\Framework\Testing\Unit\FeaturedImageUnit)" tests="35" assertions="39" errors="0" failures="0" skipped="0" time="0.078081">
        <testcase name="Can construct" file="Featured Image Unit (Hyde\Framework\Testing\Unit\FeaturedImageUnit)::Can construct" class="Hyde\Framework\Testing\Unit\FeaturedImageUnitTest" classname="Hyde.Framework.Testing.Unit.FeaturedImageUnitTest" assertions="1" time="0.011210"/>
        <testcase name="Get alt text without data" file="Featured Image Unit (Hyde\Framework\Testing\Unit\FeaturedImageUnit)::Get alt text without data" class="Hyde\Framework\Testing\Unit\FeaturedImageUnitTest" classname="Hyde.Framework.Testing.Unit.FeaturedImageUnitTest" assertions="1" time="0.001980"/>
        <testcase name="Get alt text with data" file="Featured Image Unit (Hyde\Framework\Testing\Unit\FeaturedImageUnit)::Get alt text with data" class="Hyde\Framework\Testing\Unit\FeaturedImageUnitTest" classname="Hyde.Framework.Testing.Unit.FeaturedImageUnitTest" assertions="1" time="0.001986"/>
        <testcase name="Get title text without data" file="Featured Image Unit (Hyde\Framework\Testing\Unit\FeaturedImageUnit)::Get title text without data" class="Hyde\Framework\Testing\Unit\FeaturedImageUnitTest" classname="Hyde.Framework.Testing.Unit.FeaturedImageUnitTest" assertions="1" time="0.001939"/>
        <testcase name="Get title text with data" file="Featured Image Unit (Hyde\Framework\Testing\Unit\FeaturedImageUnit)::Get title text with data" class="Hyde\Framework\Testing\Unit\FeaturedImageUnitTest" classname="Hyde.Framework.Testing.Unit.FeaturedImageUnitTest" assertions="1" time="0.001956"/>
        <testcase name="Get author name without data" file="Featured Image Unit (Hyde\Framework\Testing\Unit\FeaturedImageUnit)::Get author name without data" class="Hyde\Framework\Testing\Unit\FeaturedImageUnitTest" classname="Hyde.Framework.Testing.Unit.FeaturedImageUnitTest" assertions="1" time="0.001960"/>
        <testcase name="Get author name with data" file="Featured Image Unit (Hyde\Framework\Testing\Unit\FeaturedImageUnit)::Get author name with data" class="Hyde\Framework\Testing\Unit\FeaturedImageUnitTest" classname="Hyde.Framework.Testing.Unit.FeaturedImageUnitTest" assertions="1" time="0.001921"/>
        <testcase name="Get author url without data" file="Featured Image Unit (Hyde\Framework\Testing\Unit\FeaturedImageUnit)::Get author url without data" class="Hyde\Framework\Testing\Unit\FeaturedImageUnitTest" classname="Hyde.Framework.Testing.Unit.FeaturedImageUnitTest" assertions="1" time="0.001921"/>
        <testcase name="Get author url with data" file="Featured Image Unit (Hyde\Framework\Testing\Unit\FeaturedImageUnit)::Get author url with data" class="Hyde\Framework\Testing\Unit\FeaturedImageUnitTest" classname="Hyde.Framework.Testing.Unit.FeaturedImageUnitTest" assertions="1" time="0.001954"/>
        <testcase name="Get copyright text without data" file="Featured Image Unit (Hyde\Framework\Testing\Unit\FeaturedImageUnit)::Get copyright text without data" class="Hyde\Framework\Testing\Unit\FeaturedImageUnitTest" classname="Hyde.Framework.Testing.Unit.FeaturedImageUnitTest" assertions="1" time="0.001905"/>
        <testcase name="Get copyright text with data" file="Featured Image Unit (Hyde\Framework\Testing\Unit\FeaturedImageUnit)::Get copyright text with data" class="Hyde\Framework\Testing\Unit\FeaturedImageUnitTest" classname="Hyde.Framework.Testing.Unit.FeaturedImageUnitTest" assertions="1" time="0.001917"/>
        <testcase name="Get license name without data" file="Featured Image Unit (Hyde\Framework\Testing\Unit\FeaturedImageUnit)::Get license name without data" class="Hyde\Framework\Testing\Unit\FeaturedImageUnitTest" classname="Hyde.Framework.Testing.Unit.FeaturedImageUnitTest" assertions="1" time="0.001924"/>
        <testcase name="Get license name with data" file="Featured Image Unit (Hyde\Framework\Testing\Unit\FeaturedImageUnit)::Get license name with data" class="Hyde\Framework\Testing\Unit\FeaturedImageUnitTest" classname="Hyde.Framework.Testing.Unit.FeaturedImageUnitTest" assertions="1" time="0.001927"/>
        <testcase name="Get license url without data" file="Featured Image Unit (Hyde\Framework\Testing\Unit\FeaturedImageUnit)::Get license url without data" class="Hyde\Framework\Testing\Unit\FeaturedImageUnitTest" classname="Hyde.Framework.Testing.Unit.FeaturedImageUnitTest" assertions="1" time="0.001949"/>
        <testcase name="Get license url with data" file="Featured Image Unit (Hyde\Framework\Testing\Unit\FeaturedImageUnit)::Get license url with data" class="Hyde\Framework\Testing\Unit\FeaturedImageUnitTest" classname="Hyde.Framework.Testing.Unit.FeaturedImageUnitTest" assertions="1" time="0.001932"/>
        <testcase name="Has alt text without data" file="Featured Image Unit (Hyde\Framework\Testing\Unit\FeaturedImageUnit)::Has alt text without data" class="Hyde\Framework\Testing\Unit\FeaturedImageUnitTest" classname="Hyde.Framework.Testing.Unit.FeaturedImageUnitTest" assertions="1" time="0.001901"/>
        <testcase name="Has alt text with data" file="Featured Image Unit (Hyde\Framework\Testing\Unit\FeaturedImageUnit)::Has alt text with data" class="Hyde\Framework\Testing\Unit\FeaturedImageUnitTest" classname="Hyde.Framework.Testing.Unit.FeaturedImageUnitTest" assertions="1" time="0.001925"/>
        <testcase name="Has title text without data" file="Featured Image Unit (Hyde\Framework\Testing\Unit\FeaturedImageUnit)::Has title text without data" class="Hyde\Framework\Testing\Unit\FeaturedImageUnitTest" classname="Hyde.Framework.Testing.Unit.FeaturedImageUnitTest" assertions="1" time="0.001923"/>
        <testcase name="Has title text with data" file="Featured Image Unit (Hyde\Framework\Testing\Unit\FeaturedImageUnit)::Has title text with data" class="Hyde\Framework\Testing\Unit\FeaturedImageUnitTest" classname="Hyde.Framework.Testing.Unit.FeaturedImageUnitTest" assertions="1" time="0.001903"/>
        <testcase name="Has author name without data" file="Featured Image Unit (Hyde\Framework\Testing\Unit\FeaturedImageUnit)::Has author name without data" class="Hyde\Framework\Testing\Unit\FeaturedImageUnitTest" classname="Hyde.Framework.Testing.Unit.FeaturedImageUnitTest" assertions="1" time="0.001932"/>
        <testcase name="Has author name with data" file="Featured Image Unit (Hyde\Framework\Testing\Unit\FeaturedImageUnit)::Has author name with data" class="Hyde\Framework\Testing\Unit\FeaturedImageUnitTest" classname="Hyde.Framework.Testing.Unit.FeaturedImageUnitTest" assertions="1" time="0.001889"/>
        <testcase name="Has author url without data" file="Featured Image Unit (Hyde\Framework\Testing\Unit\FeaturedImageUnit)::Has author url without data" class="Hyde\Framework\Testing\Unit\FeaturedImageUnitTest" classname="Hyde.Framework.Testing.Unit.FeaturedImageUnitTest" assertions="1" time="0.001894"/>
        <testcase name="Has author url with data" file="Featured Image Unit (Hyde\Framework\Testing\Unit\FeaturedImageUnit)::Has author url with data" class="Hyde\Framework\Testing\Unit\FeaturedImageUnitTest" classname="Hyde.Framework.Testing.Unit.FeaturedImageUnitTest" assertions="1" time="0.001909"/>
        <testcase name="Has copyright text without data" file="Featured Image Unit (Hyde\Framework\Testing\Unit\FeaturedImageUnit)::Has copyright text without data" class="Hyde\Framework\Testing\Unit\FeaturedImageUnitTest" classname="Hyde.Framework.Testing.Unit.FeaturedImageUnitTest" assertions="1" time="0.001889"/>
        <testcase name="Has copyright text with data" file="Featured Image Unit (Hyde\Framework\Testing\Unit\FeaturedImageUnit)::Has copyright text with data" class="Hyde\Framework\Testing\Unit\FeaturedImageUnitTest" classname="Hyde.Framework.Testing.Unit.FeaturedImageUnitTest" assertions="1" time="0.001889"/>
        <testcase name="Has license name without data" file="Featured Image Unit (Hyde\Framework\Testing\Unit\FeaturedImageUnit)::Has license name without data" class="Hyde\Framework\Testing\Unit\FeaturedImageUnitTest" classname="Hyde.Framework.Testing.Unit.FeaturedImageUnitTest" assertions="1" time="0.001930"/>
        <testcase name="Has license name with data" file="Featured Image Unit (Hyde\Framework\Testing\Unit\FeaturedImageUnit)::Has license name with data" class="Hyde\Framework\Testing\Unit\FeaturedImageUnitTest" classname="Hyde.Framework.Testing.Unit.FeaturedImageUnitTest" assertions="1" time="0.001910"/>
        <testcase name="Has license url without data" file="Featured Image Unit (Hyde\Framework\Testing\Unit\FeaturedImageUnit)::Has license url without data" class="Hyde\Framework\Testing\Unit\FeaturedImageUnitTest" classname="Hyde.Framework.Testing.Unit.FeaturedImageUnitTest" assertions="1" time="0.001920"/>
        <testcase name="Has license url with data" file="Featured Image Unit (Hyde\Framework\Testing\Unit\FeaturedImageUnit)::Has license url with data" class="Hyde\Framework\Testing\Unit\FeaturedImageUnitTest" classname="Hyde.Framework.Testing.Unit.FeaturedImageUnitTest" assertions="1" time="0.001896"/>
        <testcase name="Get type for local image" file="Featured Image Unit (Hyde\Framework\Testing\Unit\FeaturedImageUnit)::Get type for local image" class="Hyde\Framework\Testing\Unit\FeaturedImageUnitTest" classname="Hyde.Framework.Testing.Unit.FeaturedImageUnitTest" assertions="1" time="0.001909"/>
        <testcase name="Get type for remote image" file="Featured Image Unit (Hyde\Framework\Testing\Unit\FeaturedImageUnit)::Get type for remote image" class="Hyde\Framework\Testing\Unit\FeaturedImageUnitTest" classname="Hyde.Framework.Testing.Unit.FeaturedImageUnitTest" assertions="1" time="0.001917"/>
        <testcase name="Get content length" file="Featured Image Unit (Hyde\Framework\Testing\Unit\FeaturedImageUnit)::Get content length" class="Hyde\Framework\Testing\Unit\FeaturedImageUnitTest" classname="Hyde.Framework.Testing.Unit.FeaturedImageUnitTest" assertions="2" time="0.002078"/>
        <testcase name="Featured image get content length with no source" file="Featured Image Unit (Hyde\Framework\Testing\Unit\FeaturedImageUnit)::Featured image get content length with no source" class="Hyde\Framework\Testing\Unit\FeaturedImageUnitTest" classname="Hyde.Framework.Testing.Unit.FeaturedImageUnitTest" assertions="2" time="0.002330"/>
        <testcase name="Can construct featured image with remote source" file="Featured Image Unit (Hyde\Framework\Testing\Unit\FeaturedImageUnit)::Can construct featured image with remote source" class="Hyde\Framework\Testing\Unit\FeaturedImageUnitTest" classname="Hyde.Framework.Testing.Unit.FeaturedImageUnitTest" assertions="2" time="0.002066"/>
        <testcase name="Can construct featured image with https" file="Featured Image Unit (Hyde\Framework\Testing\Unit\FeaturedImageUnit)::Can construct featured image with https" class="Hyde\Framework\Testing\Unit\FeaturedImageUnitTest" classname="Hyde.Framework.Testing.Unit.FeaturedImageUnitTest" assertions="2" time="0.002688"/>
      </testsuite>
      <testsuite name="Hyde\Framework\Testing\Unit\FileConflictExceptionTest" file="File Conflict Exception (Hyde\Framework\Testing\Unit\FileConflictException)" tests="6" assertions="6" errors="0" failures="0" skipped="0" time="0.041951">
        <testcase name="It can be instantiated" file="File Conflict Exception (Hyde\Framework\Testing\Unit\FileConflictException)::It can be instantiated" class="Hyde\Framework\Testing\Unit\FileConflictExceptionTest" classname="Hyde.Framework.Testing.Unit.FileConflictExceptionTest" assertions="1" time="0.031984"/>
        <testcase name="It can be thrown" file="File Conflict Exception (Hyde\Framework\Testing\Unit\FileConflictException)::It can be thrown" class="Hyde\Framework\Testing\Unit\FileConflictExceptionTest" classname="Hyde.Framework.Testing.Unit.FileConflictExceptionTest" assertions="1" time="0.001928"/>
        <testcase name="Exception code" file="File Conflict Exception (Hyde\Framework\Testing\Unit\FileConflictException)::Exception code" class="Hyde\Framework\Testing\Unit\FileConflictExceptionTest" classname="Hyde.Framework.Testing.Unit.FileConflictExceptionTest" assertions="1" time="0.001864"/>
        <testcase name="Exception message" file="File Conflict Exception (Hyde\Framework\Testing\Unit\FileConflictException)::Exception message" class="Hyde\Framework\Testing\Unit\FileConflictExceptionTest" classname="Hyde.Framework.Testing.Unit.FileConflictExceptionTest" assertions="1" time="0.001834"/>
        <testcase name="Exception message with path" file="File Conflict Exception (Hyde\Framework\Testing\Unit\FileConflictException)::Exception message with path" class="Hyde\Framework\Testing\Unit\FileConflictExceptionTest" classname="Hyde.Framework.Testing.Unit.FileConflictExceptionTest" assertions="1" time="0.002191"/>
        <testcase name="Exception message with absolute path" file="File Conflict Exception (Hyde\Framework\Testing\Unit\FileConflictException)::Exception message with absolute path" class="Hyde\Framework\Testing\Unit\FileConflictExceptionTest" classname="Hyde.Framework.Testing.Unit.FileConflictExceptionTest" assertions="1" time="0.002151"/>
      </testsuite>
      <testsuite name="Hyde\Framework\Testing\Unit\Foundation\HyperlinkFileHelperRelativeLinkTest" file="Hyperlink File Helper Relative Link (Hyde\Framework\Testing\Unit\Foundation\HyperlinkFileHelperRelativeLink)" tests="16" assertions="29" errors="0" failures="0" skipped="0" time="0.070360">
        <testcase name="Helper returns string as is if current is not set" file="Hyperlink File Helper Relative Link (Hyde\Framework\Testing\Unit\Foundation\HyperlinkFileHelperRelativeLink)::Helper returns string as is if current is not set" class="Hyde\Framework\Testing\Unit\Foundation\HyperlinkFileHelperRelativeLinkTest" classname="Hyde.Framework.Testing.Unit.Foundation.HyperlinkFileHelperRelativeLinkTest" assertions="1" time="0.008669"/>
        <testcase name="Helper injects proper number of doubles slash" file="Hyperlink File Helper Relative Link (Hyde\Framework\Testing\Unit\Foundation\HyperlinkFileHelperRelativeLink)::Helper injects proper number of doubles slash" class="Hyde\Framework\Testing\Unit\Foundation\HyperlinkFileHelperRelativeLinkTest" classname="Hyde.Framework.Testing.Unit.Foundation.HyperlinkFileHelperRelativeLinkTest" assertions="1" time="0.003883"/>
        <testcase name="Helper injects proper number of doubles slash for deeply nested paths" file="Hyperlink File Helper Relative Link (Hyde\Framework\Testing\Unit\Foundation\HyperlinkFileHelperRelativeLink)::Helper injects proper number of doubles slash for deeply nested paths" class="Hyde\Framework\Testing\Unit\Foundation\HyperlinkFileHelperRelativeLinkTest" classname="Hyde.Framework.Testing.Unit.Foundation.HyperlinkFileHelperRelativeLinkTest" assertions="1" time="0.003682"/>
        <testcase name="Helper handles destination without file extension" file="Hyperlink File Helper Relative Link (Hyde\Framework\Testing\Unit\Foundation\HyperlinkFileHelperRelativeLink)::Helper handles destination without file extension" class="Hyde\Framework\Testing\Unit\Foundation\HyperlinkFileHelperRelativeLinkTest" classname="Hyde.Framework.Testing.Unit.Foundation.HyperlinkFileHelperRelativeLinkTest" assertions="1" time="0.003654"/>
        <testcase name="Helper handles current without file extension" file="Hyperlink File Helper Relative Link (Hyde\Framework\Testing\Unit\Foundation\HyperlinkFileHelperRelativeLink)::Helper handles current without file extension" class="Hyde\Framework\Testing\Unit\Foundation\HyperlinkFileHelperRelativeLinkTest" classname="Hyde.Framework.Testing.Unit.Foundation.HyperlinkFileHelperRelativeLinkTest" assertions="1" time="0.003720"/>
        <testcase name="Helper handles case without any file extensions" file="Hyperlink File Helper Relative Link (Hyde\Framework\Testing\Unit\Foundation\HyperlinkFileHelperRelativeLink)::Helper handles case without any file extensions" class="Hyde\Framework\Testing\Unit\Foundation\HyperlinkFileHelperRelativeLinkTest" classname="Hyde.Framework.Testing.Unit.Foundation.HyperlinkFileHelperRelativeLinkTest" assertions="1" time="0.003669"/>
        <testcase name="Helper handles case with mixed file extensions" file="Hyperlink File Helper Relative Link (Hyde\Framework\Testing\Unit\Foundation\HyperlinkFileHelperRelativeLink)::Helper handles case with mixed file extensions" class="Hyde\Framework\Testing\Unit\Foundation\HyperlinkFileHelperRelativeLinkTest" classname="Hyde.Framework.Testing.Unit.Foundation.HyperlinkFileHelperRelativeLinkTest" assertions="2" time="0.004267"/>
        <testcase name="Helper handles different file extensions" file="Hyperlink File Helper Relative Link (Hyde\Framework\Testing\Unit\Foundation\HyperlinkFileHelperRelativeLink)::Helper handles different file extensions" class="Hyde\Framework\Testing\Unit\Foundation\HyperlinkFileHelperRelativeLinkTest" classname="Hyde.Framework.Testing.Unit.Foundation.HyperlinkFileHelperRelativeLinkTest" assertions="3" time="0.003928"/>
        <testcase name="Helper returns pretty url if enabled and destination is a html file" file="Hyperlink File Helper Relative Link (Hyde\Framework\Testing\Unit\Foundation\HyperlinkFileHelperRelativeLink)::Helper returns pretty url if enabled and destination is a html file" class="Hyde\Framework\Testing\Unit\Foundation\HyperlinkFileHelperRelativeLinkTest" classname="Hyde.Framework.Testing.Unit.Foundation.HyperlinkFileHelperRelativeLinkTest" assertions="1" time="0.003811"/>
        <testcase name="Helper method does not require current path to be html to use pretty urls" file="Hyperlink File Helper Relative Link (Hyde\Framework\Testing\Unit\Foundation\HyperlinkFileHelperRelativeLink)::Helper method does not require current path to be html to use pretty urls" class="Hyde\Framework\Testing\Unit\Foundation\HyperlinkFileHelperRelativeLinkTest" classname="Hyde.Framework.Testing.Unit.Foundation.HyperlinkFileHelperRelativeLinkTest" assertions="1" time="0.003835"/>
        <testcase name="Helper returns does not return pretty url if when enabled but and destination is not a html file" file="Hyperlink File Helper Relative Link (Hyde\Framework\Testing\Unit\Foundation\HyperlinkFileHelperRelativeLink)::Helper returns does not return pretty url if when enabled but and destination is not a html file" class="Hyde\Framework\Testing\Unit\Foundation\HyperlinkFileHelperRelativeLinkTest" classname="Hyde.Framework.Testing.Unit.Foundation.HyperlinkFileHelperRelativeLinkTest" assertions="1" time="0.003891"/>
        <testcase name="Helper rewrites index when using pretty urls" file="Hyperlink File Helper Relative Link (Hyde\Framework\Testing\Unit\Foundation\HyperlinkFileHelperRelativeLink)::Helper rewrites index when using pretty urls" class="Hyde\Framework\Testing\Unit\Foundation\HyperlinkFileHelperRelativeLinkTest" classname="Hyde.Framework.Testing.Unit.Foundation.HyperlinkFileHelperRelativeLinkTest" assertions="3" time="0.004974"/>
        <testcase name="Helper does not rewrite index when not using pretty urls" file="Hyperlink File Helper Relative Link (Hyde\Framework\Testing\Unit\Foundation\HyperlinkFileHelperRelativeLink)::Helper does not rewrite index when not using pretty urls" class="Hyde\Framework\Testing\Unit\Foundation\HyperlinkFileHelperRelativeLinkTest" classname="Hyde.Framework.Testing.Unit.Foundation.HyperlinkFileHelperRelativeLinkTest" assertions="3" time="0.004955"/>
        <testcase name="Helper rewrites documentation page index when using pretty urls" file="Hyperlink File Helper Relative Link (Hyde\Framework\Testing\Unit\Foundation\HyperlinkFileHelperRelativeLink)::Helper rewrites documentation page index when using pretty urls" class="Hyde\Framework\Testing\Unit\Foundation\HyperlinkFileHelperRelativeLinkTest" classname="Hyde.Framework.Testing.Unit.Foundation.HyperlinkFileHelperRelativeLinkTest" assertions="4" time="0.005540"/>
        <testcase name="Helper does not rewrite documentation page index when not using pretty urls" file="Hyperlink File Helper Relative Link (Hyde\Framework\Testing\Unit\Foundation\HyperlinkFileHelperRelativeLink)::Helper does not rewrite documentation page index when not using pretty urls" class="Hyde\Framework\Testing\Unit\Foundation\HyperlinkFileHelperRelativeLinkTest" classname="Hyde.Framework.Testing.Unit.Foundation.HyperlinkFileHelperRelativeLinkTest" assertions="4" time="0.005571"/>
        <testcase name="Helper does not rewrite already processed links" file="Hyperlink File Helper Relative Link (Hyde\Framework\Testing\Unit\Foundation\HyperlinkFileHelperRelativeLink)::Helper does not rewrite already processed links" class="Hyde\Framework\Testing\Unit\Foundation\HyperlinkFileHelperRelativeLinkTest" classname="Hyde.Framework.Testing.Unit.Foundation.HyperlinkFileHelperRelativeLinkTest" assertions="1" time="0.002310"/>
      </testsuite>
      <testsuite name="Hyde\Framework\Testing\Unit\Foundation\HyperlinkFormatHtmlPathTest" file="Hyperlink Format Html Path (Hyde\Framework\Testing\Unit\Foundation\HyperlinkFormatHtmlPath)" tests="14" assertions="14" errors="0" failures="0" skipped="0" time="0.055683">
        <testcase name="Helper returns string as is if pretty urls is not true" file="Hyperlink Format Html Path (Hyde\Framework\Testing\Unit\Foundation\HyperlinkFormatHtmlPath)::Helper returns string as is if pretty urls is not true" class="Hyde\Framework\Testing\Unit\Foundation\HyperlinkFormatHtmlPathTest" classname="Hyde.Framework.Testing.Unit.Foundation.HyperlinkFormatHtmlPathTest" assertions="1" time="0.028313"/>
        <testcase name="Helper returns pretty url if pretty urls is true" file="Hyperlink Format Html Path (Hyde\Framework\Testing\Unit\Foundation\HyperlinkFormatHtmlPath)::Helper returns pretty url if pretty urls is true" class="Hyde\Framework\Testing\Unit\Foundation\HyperlinkFormatHtmlPathTest" classname="Hyde.Framework.Testing.Unit.Foundation.HyperlinkFormatHtmlPathTest" assertions="1" time="0.002180"/>
        <testcase name="Helper respects absolute urls" file="Hyperlink Format Html Path (Hyde\Framework\Testing\Unit\Foundation\HyperlinkFormatHtmlPath)::Helper respects absolute urls" class="Hyde\Framework\Testing\Unit\Foundation\HyperlinkFormatHtmlPathTest" classname="Hyde.Framework.Testing.Unit.Foundation.HyperlinkFormatHtmlPathTest" assertions="1" time="0.002072"/>
        <testcase name="Helper respects pretty absolute urls" file="Hyperlink Format Html Path (Hyde\Framework\Testing\Unit\Foundation\HyperlinkFormatHtmlPath)::Helper respects pretty absolute urls" class="Hyde\Framework\Testing\Unit\Foundation\HyperlinkFormatHtmlPathTest" classname="Hyde.Framework.Testing.Unit.Foundation.HyperlinkFormatHtmlPathTest" assertions="1" time="0.002100"/>
        <testcase name="Helper respects relative urls" file="Hyperlink Format Html Path (Hyde\Framework\Testing\Unit\Foundation\HyperlinkFormatHtmlPath)::Helper respects relative urls" class="Hyde\Framework\Testing\Unit\Foundation\HyperlinkFormatHtmlPathTest" classname="Hyde.Framework.Testing.Unit.Foundation.HyperlinkFormatHtmlPathTest" assertions="1" time="0.002071"/>
        <testcase name="Helper respects pretty relative urls" file="Hyperlink Format Html Path (Hyde\Framework\Testing\Unit\Foundation\HyperlinkFormatHtmlPath)::Helper respects pretty relative urls" class="Hyde\Framework\Testing\Unit\Foundation\HyperlinkFormatHtmlPathTest" classname="Hyde.Framework.Testing.Unit.Foundation.HyperlinkFormatHtmlPathTest" assertions="1" time="0.002062"/>
        <testcase name="Non html links are not modified" file="Hyperlink Format Html Path (Hyde\Framework\Testing\Unit\Foundation\HyperlinkFormatHtmlPath)::Non html links are not modified" class="Hyde\Framework\Testing\Unit\Foundation\HyperlinkFormatHtmlPathTest" classname="Hyde.Framework.Testing.Unit.Foundation.HyperlinkFormatHtmlPathTest" assertions="1" time="0.002088"/>
        <testcase name="Helper respects absolute urls with pretty urls enabled" file="Hyperlink Format Html Path (Hyde\Framework\Testing\Unit\Foundation\HyperlinkFormatHtmlPath)::Helper respects absolute urls with pretty urls enabled" class="Hyde\Framework\Testing\Unit\Foundation\HyperlinkFormatHtmlPathTest" classname="Hyde.Framework.Testing.Unit.Foundation.HyperlinkFormatHtmlPathTest" assertions="1" time="0.002117"/>
        <testcase name="Helper rewrites index when using pretty urls" file="Hyperlink Format Html Path (Hyde\Framework\Testing\Unit\Foundation\HyperlinkFormatHtmlPath)::Helper rewrites index when using pretty urls" class="Hyde\Framework\Testing\Unit\Foundation\HyperlinkFormatHtmlPathTest" classname="Hyde.Framework.Testing.Unit.Foundation.HyperlinkFormatHtmlPathTest" assertions="1" time="0.002096"/>
        <testcase name="Helper does not rewrite index when not using pretty urls" file="Hyperlink Format Html Path (Hyde\Framework\Testing\Unit\Foundation\HyperlinkFormatHtmlPath)::Helper does not rewrite index when not using pretty urls" class="Hyde\Framework\Testing\Unit\Foundation\HyperlinkFormatHtmlPathTest" classname="Hyde.Framework.Testing.Unit.Foundation.HyperlinkFormatHtmlPathTest" assertions="1" time="0.002103"/>
        <testcase name="Helper rewrites documentation page index when using pretty urls" file="Hyperlink Format Html Path (Hyde\Framework\Testing\Unit\Foundation\HyperlinkFormatHtmlPath)::Helper rewrites documentation page index when using pretty urls" class="Hyde\Framework\Testing\Unit\Foundation\HyperlinkFormatHtmlPathTest" classname="Hyde.Framework.Testing.Unit.Foundation.HyperlinkFormatHtmlPathTest" assertions="1" time="0.002108"/>
        <testcase name="Helper does not rewrite documentation page index when not using pretty urls" file="Hyperlink Format Html Path (Hyde\Framework\Testing\Unit\Foundation\HyperlinkFormatHtmlPath)::Helper does not rewrite documentation page index when not using pretty urls" class="Hyde\Framework\Testing\Unit\Foundation\HyperlinkFormatHtmlPathTest" classname="Hyde.Framework.Testing.Unit.Foundation.HyperlinkFormatHtmlPathTest" assertions="1" time="0.002124"/>
        <testcase name="Helpers rewrites arbitrary nested index pages when using pretty urls" file="Hyperlink Format Html Path (Hyde\Framework\Testing\Unit\Foundation\HyperlinkFormatHtmlPath)::Helpers rewrites arbitrary nested index pages when using pretty urls" class="Hyde\Framework\Testing\Unit\Foundation\HyperlinkFormatHtmlPathTest" classname="Hyde.Framework.Testing.Unit.Foundation.HyperlinkFormatHtmlPathTest" assertions="1" time="0.002116"/>
        <testcase name="Helpers does not rewrite arbitrary nested index pages when not using pretty urls" file="Hyperlink Format Html Path (Hyde\Framework\Testing\Unit\Foundation\HyperlinkFormatHtmlPath)::Helpers does not rewrite arbitrary nested index pages when not using pretty urls" class="Hyde\Framework\Testing\Unit\Foundation\HyperlinkFormatHtmlPathTest" classname="Hyde.Framework.Testing.Unit.Foundation.HyperlinkFormatHtmlPathTest" assertions="1" time="0.002132"/>
      </testsuite>
      <testsuite name="Hyde\Framework\Testing\Unit\Foundation\HyperlinksUrlPathHelpersTest" file="Hyperlinks Url Path Helpers (Hyde\Framework\Testing\Unit\Foundation\HyperlinksUrlPathHelpers)" tests="25" assertions="51" errors="0" failures="0" skipped="0" time="0.543223">
        <testcase name="Has site url returns false when site url is not set" file="Hyperlinks Url Path Helpers (Hyde\Framework\Testing\Unit\Foundation\HyperlinksUrlPathHelpers)::Has site url returns false when site url is not set" class="Hyde\Framework\Testing\Unit\Foundation\HyperlinksUrlPathHelpersTest" classname="Hyde.Framework.Testing.Unit.Foundation.HyperlinksUrlPathHelpersTest" assertions="1" time="0.034413"/>
        <testcase name="Has site url returns false when no site url is set" file="Hyperlinks Url Path Helpers (Hyde\Framework\Testing\Unit\Foundation\HyperlinksUrlPathHelpers)::Has site url returns false when no site url is set" class="Hyde\Framework\Testing\Unit\Foundation\HyperlinksUrlPathHelpersTest" classname="Hyde.Framework.Testing.Unit.Foundation.HyperlinksUrlPathHelpersTest" assertions="1" time="0.022605"/>
        <testcase name="Has site url returns false when site url is empty" file="Hyperlinks Url Path Helpers (Hyde\Framework\Testing\Unit\Foundation\HyperlinksUrlPathHelpers)::Has site url returns false when site url is empty" class="Hyde\Framework\Testing\Unit\Foundation\HyperlinksUrlPathHelpersTest" classname="Hyde.Framework.Testing.Unit.Foundation.HyperlinksUrlPathHelpersTest" assertions="1" time="0.021846"/>
        <testcase name="Has site url returns false when site url is localhost" file="Hyperlinks Url Path Helpers (Hyde\Framework\Testing\Unit\Foundation\HyperlinksUrlPathHelpers)::Has site url returns false when site url is localhost" class="Hyde\Framework\Testing\Unit\Foundation\HyperlinksUrlPathHelpersTest" classname="Hyde.Framework.Testing.Unit.Foundation.HyperlinksUrlPathHelpersTest" assertions="1" time="0.021285"/>
        <testcase name="Has site url returns true when site url is set" file="Hyperlinks Url Path Helpers (Hyde\Framework\Testing\Unit\Foundation\HyperlinksUrlPathHelpers)::Has site url returns true when site url is set" class="Hyde\Framework\Testing\Unit\Foundation\HyperlinksUrlPathHelpersTest" classname="Hyde.Framework.Testing.Unit.Foundation.HyperlinksUrlPathHelpersTest" assertions="1" time="0.021556"/>
        <testcase name="Has site url returns true when site url is set even if url is invalid" file="Hyperlinks Url Path Helpers (Hyde\Framework\Testing\Unit\Foundation\HyperlinksUrlPathHelpers)::Has site url returns true when site url is set even if url is invalid" class="Hyde\Framework\Testing\Unit\Foundation\HyperlinksUrlPathHelpersTest" classname="Hyde.Framework.Testing.Unit.Foundation.HyperlinksUrlPathHelpersTest" assertions="1" time="0.021473"/>
        <testcase name="Qualified url returns site url when no path is given" file="Hyperlinks Url Path Helpers (Hyde\Framework\Testing\Unit\Foundation\HyperlinksUrlPathHelpers)::Qualified url returns site url when no path is given" class="Hyde\Framework\Testing\Unit\Foundation\HyperlinksUrlPathHelpersTest" classname="Hyde.Framework.Testing.Unit.Foundation.HyperlinksUrlPathHelpersTest" assertions="1" time="0.021316"/>
        <testcase name="Qualified url returns site url plus given path" file="Hyperlinks Url Path Helpers (Hyde\Framework\Testing\Unit\Foundation\HyperlinksUrlPathHelpers)::Qualified url returns site url plus given path" class="Hyde\Framework\Testing\Unit\Foundation\HyperlinksUrlPathHelpersTest" classname="Hyde.Framework.Testing.Unit.Foundation.HyperlinksUrlPathHelpersTest" assertions="1" time="0.020723"/>
        <testcase name="Qualified url returns site url plus given path with extension" file="Hyperlinks Url Path Helpers (Hyde\Framework\Testing\Unit\Foundation\HyperlinksUrlPathHelpers)::Qualified url returns site url plus given path with extension" class="Hyde\Framework\Testing\Unit\Foundation\HyperlinksUrlPathHelpersTest" classname="Hyde.Framework.Testing.Unit.Foundation.HyperlinksUrlPathHelpersTest" assertions="1" time="0.021344"/>
        <testcase name="Qualified url returns site url plus given path with extension and query string" file="Hyperlinks Url Path Helpers (Hyde\Framework\Testing\Unit\Foundation\HyperlinksUrlPathHelpers)::Qualified url returns site url plus given path with extension and query string" class="Hyde\Framework\Testing\Unit\Foundation\HyperlinksUrlPathHelpersTest" classname="Hyde.Framework.Testing.Unit.Foundation.HyperlinksUrlPathHelpersTest" assertions="1" time="0.021317"/>
        <testcase name="Qualified url trims trailing slashes" file="Hyperlinks Url Path Helpers (Hyde\Framework\Testing\Unit\Foundation\HyperlinksUrlPathHelpers)::Qualified url trims trailing slashes" class="Hyde\Framework\Testing\Unit\Foundation\HyperlinksUrlPathHelpersTest" classname="Hyde.Framework.Testing.Unit.Foundation.HyperlinksUrlPathHelpersTest" assertions="3" time="0.021231"/>
        <testcase name="Qualified url accepts multiple schemes" file="Hyperlinks Url Path Helpers (Hyde\Framework\Testing\Unit\Foundation\HyperlinksUrlPathHelpers)::Qualified url accepts multiple schemes" class="Hyde\Framework\Testing\Unit\Foundation\HyperlinksUrlPathHelpersTest" classname="Hyde.Framework.Testing.Unit.Foundation.HyperlinksUrlPathHelpersTest" assertions="1" time="0.020652"/>
        <testcase name="Qualified url helper with already qualified url" file="Hyperlinks Url Path Helpers (Hyde\Framework\Testing\Unit\Foundation\HyperlinksUrlPathHelpers)::Qualified url helper with already qualified url" class="Hyde\Framework\Testing\Unit\Foundation\HyperlinksUrlPathHelpersTest" classname="Hyde.Framework.Testing.Unit.Foundation.HyperlinksUrlPathHelpersTest" assertions="2" time="0.020883"/>
        <testcase name="Qualified url helper with already qualified url when site url is set" file="Hyperlinks Url Path Helpers (Hyde\Framework\Testing\Unit\Foundation\HyperlinksUrlPathHelpers)::Qualified url helper with already qualified url when site url is set" class="Hyde\Framework\Testing\Unit\Foundation\HyperlinksUrlPathHelpersTest" classname="Hyde.Framework.Testing.Unit.Foundation.HyperlinksUrlPathHelpersTest" assertions="2" time="0.020697"/>
        <testcase name="Qualified url helper with already qualified url when site url is set to something else" file="Hyperlinks Url Path Helpers (Hyde\Framework\Testing\Unit\Foundation\HyperlinksUrlPathHelpers)::Qualified url helper with already qualified url when site url is set to something else" class="Hyde\Framework\Testing\Unit\Foundation\HyperlinksUrlPathHelpersTest" classname="Hyde.Framework.Testing.Unit.Foundation.HyperlinksUrlPathHelpersTest" assertions="2" time="0.020678"/>
        <testcase name="Qualified url helper with already qualified url still formats path" file="Hyperlinks Url Path Helpers (Hyde\Framework\Testing\Unit\Foundation\HyperlinksUrlPathHelpers)::Qualified url helper with already qualified url still formats path" class="Hyde\Framework\Testing\Unit\Foundation\HyperlinksUrlPathHelpersTest" classname="Hyde.Framework.Testing.Unit.Foundation.HyperlinksUrlPathHelpersTest" assertions="3" time="0.020952"/>
        <testcase name="Qualified url helper with already qualified url still formats path when site url is set" file="Hyperlinks Url Path Helpers (Hyde\Framework\Testing\Unit\Foundation\HyperlinksUrlPathHelpers)::Qualified url helper with already qualified url still formats path when site url is set" class="Hyde\Framework\Testing\Unit\Foundation\HyperlinksUrlPathHelpersTest" classname="Hyde.Framework.Testing.Unit.Foundation.HyperlinksUrlPathHelpersTest" assertions="3" time="0.021274"/>
        <testcase name="Qualified url helper with already qualified url still formats path with pretty urls" file="Hyperlinks Url Path Helpers (Hyde\Framework\Testing\Unit\Foundation\HyperlinksUrlPathHelpers)::Qualified url helper with already qualified url still formats path with pretty urls" class="Hyde\Framework\Testing\Unit\Foundation\HyperlinksUrlPathHelpersTest" classname="Hyde.Framework.Testing.Unit.Foundation.HyperlinksUrlPathHelpersTest" assertions="3" time="0.021367"/>
        <testcase name="Qualified url throws exception when no site url is set" file="Hyperlinks Url Path Helpers (Hyde\Framework\Testing\Unit\Foundation\HyperlinksUrlPathHelpers)::Qualified url throws exception when no site url is set" class="Hyde\Framework\Testing\Unit\Foundation\HyperlinksUrlPathHelpersTest" classname="Hyde.Framework.Testing.Unit.Foundation.HyperlinksUrlPathHelpersTest" assertions="2" time="0.020920"/>
        <testcase name="Helper falls back to relative links when no site url is set" file="Hyperlinks Url Path Helpers (Hyde\Framework\Testing\Unit\Foundation\HyperlinksUrlPathHelpers)::Helper falls back to relative links when no site url is set" class="Hyde\Framework\Testing\Unit\Foundation\HyperlinksUrlPathHelpersTest" classname="Hyde.Framework.Testing.Unit.Foundation.HyperlinksUrlPathHelpersTest" assertions="4" time="0.021023"/>
        <testcase name="Helper falls back to pretty relative links when no site url is set and pretty urls are enabled" file="Hyperlinks Url Path Helpers (Hyde\Framework\Testing\Unit\Foundation\HyperlinksUrlPathHelpers)::Helper falls back to pretty relative links when no site url is set and pretty urls are enabled" class="Hyde\Framework\Testing\Unit\Foundation\HyperlinksUrlPathHelpersTest" classname="Hyde.Framework.Testing.Unit.Foundation.HyperlinksUrlPathHelpersTest" assertions="4" time="0.021090"/>
        <testcase name="Helper falls back to relative links when site url is set to localhost" file="Hyperlinks Url Path Helpers (Hyde\Framework\Testing\Unit\Foundation\HyperlinksUrlPathHelpers)::Helper falls back to relative links when site url is set to localhost" class="Hyde\Framework\Testing\Unit\Foundation\HyperlinksUrlPathHelpersTest" classname="Hyde.Framework.Testing.Unit.Foundation.HyperlinksUrlPathHelpersTest" assertions="4" time="0.020999"/>
        <testcase name="Helper falls back to pretty relative links when site url is set to localhost and pretty urls are enabled" file="Hyperlinks Url Path Helpers (Hyde\Framework\Testing\Unit\Foundation\HyperlinksUrlPathHelpers)::Helper falls back to pretty relative links when site url is set to localhost and pretty urls are enabled" class="Hyde\Framework\Testing\Unit\Foundation\HyperlinksUrlPathHelpersTest" classname="Hyde.Framework.Testing.Unit.Foundation.HyperlinksUrlPathHelpersTest" assertions="4" time="0.021259"/>
        <testcase name="Helper returns expected string when site url is set" file="Hyperlinks Url Path Helpers (Hyde\Framework\Testing\Unit\Foundation\HyperlinksUrlPathHelpers)::Helper returns expected string when site url is set" class="Hyde\Framework\Testing\Unit\Foundation\HyperlinksUrlPathHelpersTest" classname="Hyde.Framework.Testing.Unit.Foundation.HyperlinksUrlPathHelpersTest" assertions="1" time="0.021115"/>
        <testcase name="Helper returns expected string when pretty urls are enabled" file="Hyperlinks Url Path Helpers (Hyde\Framework\Testing\Unit\Foundation\HyperlinksUrlPathHelpers)::Helper returns expected string when pretty urls are enabled" class="Hyde\Framework\Testing\Unit\Foundation\HyperlinksUrlPathHelpersTest" classname="Hyde.Framework.Testing.Unit.Foundation.HyperlinksUrlPathHelpersTest" assertions="3" time="0.021203"/>
      </testsuite>
      <testsuite name="Hyde\Framework\Testing\Unit\FoundationFacadesTest" file="Foundation Facades (Hyde\Framework\Testing\Unit\FoundationFacades)" tests="6" assertions="6" errors="0" failures="0" skipped="0" time="0.048909">
        <testcase name="Files facade" file="Foundation Facades (Hyde\Framework\Testing\Unit\FoundationFacades)::Files facade" class="Hyde\Framework\Testing\Unit\FoundationFacadesTest" classname="Hyde.Framework.Testing.Unit.FoundationFacadesTest" assertions="1" time="0.038962"/>
        <testcase name="Pages facade" file="Foundation Facades (Hyde\Framework\Testing\Unit\FoundationFacades)::Pages facade" class="Hyde\Framework\Testing\Unit\FoundationFacadesTest" classname="Hyde.Framework.Testing.Unit.FoundationFacadesTest" assertions="1" time="0.002012"/>
        <testcase name="Routes facade" file="Foundation Facades (Hyde\Framework\Testing\Unit\FoundationFacades)::Routes facade" class="Hyde\Framework\Testing\Unit\FoundationFacadesTest" classname="Hyde.Framework.Testing.Unit.FoundationFacadesTest" assertions="1" time="0.001958"/>
        <testcase name="Files facade uses kernel instance" file="Foundation Facades (Hyde\Framework\Testing\Unit\FoundationFacades)::Files facade uses kernel instance" class="Hyde\Framework\Testing\Unit\FoundationFacadesTest" classname="Hyde.Framework.Testing.Unit.FoundationFacadesTest" assertions="1" time="0.001995"/>
        <testcase name="Pages facade uses kernel instance" file="Foundation Facades (Hyde\Framework\Testing\Unit\FoundationFacades)::Pages facade uses kernel instance" class="Hyde\Framework\Testing\Unit\FoundationFacadesTest" classname="Hyde.Framework.Testing.Unit.FoundationFacadesTest" assertions="1" time="0.001959"/>
        <testcase name="Routes facade uses kernel instance" file="Foundation Facades (Hyde\Framework\Testing\Unit\FoundationFacades)::Routes facade uses kernel instance" class="Hyde\Framework\Testing\Unit\FoundationFacadesTest" classname="Hyde.Framework.Testing.Unit.FoundationFacadesTest" assertions="1" time="0.002024"/>
      </testsuite>
      <testsuite name="Hyde\Framework\Testing\Unit\FrontMatterModelTest" file="Front Matter Model (Hyde\Framework\Testing\Unit\FrontMatterModel)" tests="17" assertions="18" errors="0" failures="0" skipped="0" time="0.038982">
        <testcase name="Constructor creates new front matter model" file="Front Matter Model (Hyde\Framework\Testing\Unit\FrontMatterModel)::Constructor creates new front matter model" class="Hyde\Framework\Testing\Unit\FrontMatterModelTest" classname="Hyde.Framework.Testing.Unit.FrontMatterModelTest" assertions="1" time="0.007896"/>
        <testcase name="Constructor arguments are optional" file="Front Matter Model (Hyde\Framework\Testing\Unit\FrontMatterModel)::Constructor arguments are optional" class="Hyde\Framework\Testing\Unit\FrontMatterModelTest" classname="Hyde.Framework.Testing.Unit.FrontMatterModelTest" assertions="1" time="0.001886"/>
        <testcase name="Constructor arguments are assigned" file="Front Matter Model (Hyde\Framework\Testing\Unit\FrontMatterModel)::Constructor arguments are assigned" class="Hyde\Framework\Testing\Unit\FrontMatterModelTest" classname="Hyde.Framework.Testing.Unit.FrontMatterModelTest" assertions="1" time="0.002030"/>
        <testcase name="Static from array method creates new front matter model" file="Front Matter Model (Hyde\Framework\Testing\Unit\FrontMatterModel)::Static from array method creates new front matter model" class="Hyde\Framework\Testing\Unit\FrontMatterModelTest" classname="Hyde.Framework.Testing.Unit.FrontMatterModelTest" assertions="2" time="0.002086"/>
        <testcase name="To string magic method converts model array into yaml front matter" file="Front Matter Model (Hyde\Framework\Testing\Unit\FrontMatterModel)::To string magic method converts model array into yaml front matter" class="Hyde\Framework\Testing\Unit\FrontMatterModelTest" classname="Hyde.Framework.Testing.Unit.FrontMatterModelTest" assertions="1" time="0.001996"/>
        <testcase name="Magic get method returns front matter property" file="Front Matter Model (Hyde\Framework\Testing\Unit\FrontMatterModel)::Magic get method returns front matter property" class="Hyde\Framework\Testing\Unit\FrontMatterModelTest" classname="Hyde.Framework.Testing.Unit.FrontMatterModelTest" assertions="1" time="0.001948"/>
        <testcase name="Magic get method returns null if property does not exist" file="Front Matter Model (Hyde\Framework\Testing\Unit\FrontMatterModel)::Magic get method returns null if property does not exist" class="Hyde\Framework\Testing\Unit\FrontMatterModelTest" classname="Hyde.Framework.Testing.Unit.FrontMatterModelTest" assertions="1" time="0.001910"/>
        <testcase name="Get method returns data when no argument is specified" file="Front Matter Model (Hyde\Framework\Testing\Unit\FrontMatterModel)::Get method returns data when no argument is specified" class="Hyde\Framework\Testing\Unit\FrontMatterModelTest" classname="Hyde.Framework.Testing.Unit.FrontMatterModelTest" assertions="1" time="0.001963"/>
        <testcase name="Get method returns data when no argument is specified with data" file="Front Matter Model (Hyde\Framework\Testing\Unit\FrontMatterModel)::Get method returns data when no argument is specified with data" class="Hyde\Framework\Testing\Unit\FrontMatterModelTest" classname="Hyde.Framework.Testing.Unit.FrontMatterModelTest" assertions="1" time="0.002022"/>
        <testcase name="Get method returns null if specified front matter key does not exist" file="Front Matter Model (Hyde\Framework\Testing\Unit\FrontMatterModel)::Get method returns null if specified front matter key does not exist" class="Hyde\Framework\Testing\Unit\FrontMatterModelTest" classname="Hyde.Framework.Testing.Unit.FrontMatterModelTest" assertions="1" time="0.001927"/>
        <testcase name="Get method returns specified default value if property does not exist" file="Front Matter Model (Hyde\Framework\Testing\Unit\FrontMatterModel)::Get method returns specified default value if property does not exist" class="Hyde\Framework\Testing\Unit\FrontMatterModelTest" classname="Hyde.Framework.Testing.Unit.FrontMatterModelTest" assertions="1" time="0.001930"/>
        <testcase name="Get method returns specified front matter value if key is specified" file="Front Matter Model (Hyde\Framework\Testing\Unit\FrontMatterModel)::Get method returns specified front matter value if key is specified" class="Hyde\Framework\Testing\Unit\FrontMatterModelTest" classname="Hyde.Framework.Testing.Unit.FrontMatterModelTest" assertions="1" time="0.001922"/>
        <testcase name="Set method sets front matter property" file="Front Matter Model (Hyde\Framework\Testing\Unit\FrontMatterModel)::Set method sets front matter property" class="Hyde\Framework\Testing\Unit\FrontMatterModelTest" classname="Hyde.Framework.Testing.Unit.FrontMatterModelTest" assertions="1" time="0.001896"/>
        <testcase name="Set method returns self" file="Front Matter Model (Hyde\Framework\Testing\Unit\FrontMatterModel)::Set method returns self" class="Hyde\Framework\Testing\Unit\FrontMatterModelTest" classname="Hyde.Framework.Testing.Unit.FrontMatterModelTest" assertions="1" time="0.001805"/>
        <testcase name="Has method returns true if property exists" file="Front Matter Model (Hyde\Framework\Testing\Unit\FrontMatterModel)::Has method returns true if property exists" class="Hyde\Framework\Testing\Unit\FrontMatterModelTest" classname="Hyde.Framework.Testing.Unit.FrontMatterModelTest" assertions="1" time="0.001879"/>
        <testcase name="Has method returns false if property does not exist" file="Front Matter Model (Hyde\Framework\Testing\Unit\FrontMatterModel)::Has method returns false if property does not exist" class="Hyde\Framework\Testing\Unit\FrontMatterModelTest" classname="Hyde.Framework.Testing.Unit.FrontMatterModelTest" assertions="1" time="0.001876"/>
        <testcase name="To array returns front matter array" file="Front Matter Model (Hyde\Framework\Testing\Unit\FrontMatterModel)::To array returns front matter array" class="Hyde\Framework\Testing\Unit\FrontMatterModelTest" classname="Hyde.Framework.Testing.Unit.FrontMatterModelTest" assertions="1" time="0.002009"/>
      </testsuite>
      <testsuite name="Hyde\Framework\Testing\Unit\GenerateBuildManifestTest" file="Generate Build Manifest (Hyde\Framework\Testing\Unit\GenerateBuildManifest)" tests="1" assertions="15" errors="0" failures="0" skipped="0" time="0.022731">
        <testcase name="Action generates build manifest" file="Generate Build Manifest (Hyde\Framework\Testing\Unit\GenerateBuildManifest)::Action generates build manifest" class="Hyde\Framework\Testing\Unit\GenerateBuildManifestTest" classname="Hyde.Framework.Testing.Unit.GenerateBuildManifestTest" assertions="15" time="0.022731"/>
      </testsuite>
      <testsuite name="Hyde\Framework\Testing\Unit\GetLatestMarkdownPostsTest" file="Get Latest Markdown Posts (Hyde\Framework\Testing\Unit\GetLatestMarkdownPosts)" tests="1" assertions="5" errors="0" failures="0" skipped="0" time="0.031462">
        <testcase name="Markdown page get latest helper returns sorted markdown page collection" file="Get Latest Markdown Posts (Hyde\Framework\Testing\Unit\GetLatestMarkdownPosts)::Markdown page get latest helper returns sorted markdown page collection" class="Hyde\Framework\Testing\Unit\GetLatestMarkdownPostsTest" classname="Hyde.Framework.Testing.Unit.GetLatestMarkdownPostsTest" assertions="5" time="0.031462"/>
      </testsuite>
      <testsuite name="Hyde\Framework\Testing\Unit\HasTableOfContentsTest" file="Has Table Of Contents (Hyde\Framework\Testing\Unit\HasTableOfContents)" tests="1" assertions="1" errors="0" failures="0" skipped="0" time="0.007346">
        <testcase name="Constructor creates table of contents string" file="Has Table Of Contents (Hyde\Framework\Testing\Unit\HasTableOfContents)::Constructor creates table of contents string" class="Hyde\Framework\Testing\Unit\HasTableOfContentsTest" classname="Hyde.Framework.Testing.Unit.HasTableOfContentsTest" assertions="1" time="0.007346"/>
      </testsuite>
      <testsuite name="Hyde\Framework\Testing\Unit\HtmlTestingSupportMetaTest" file="Html Testing Support Meta (Hyde\Framework\Testing\Unit\HtmlTestingSupportMeta)" tests="48" assertions="110" errors="0" failures="0" skipped="0" time="0.038644">
        <testcase name="Html helper" file="Html Testing Support Meta (Hyde\Framework\Testing\Unit\HtmlTestingSupportMeta)::Html helper" class="Hyde\Framework\Testing\Unit\HtmlTestingSupportMetaTest" classname="Hyde.Framework.Testing.Unit.HtmlTestingSupportMetaTest" assertions="1" time="0.004289"/>
        <testcase name="Assert see" file="Html Testing Support Meta (Hyde\Framework\Testing\Unit\HtmlTestingSupportMeta)::Assert see" class="Hyde\Framework\Testing\Unit\HtmlTestingSupportMetaTest" classname="Hyde.Framework.Testing.Unit.HtmlTestingSupportMetaTest" assertions="2" time="0.001432"/>
        <testcase name="Assert see escaped" file="Html Testing Support Meta (Hyde\Framework\Testing\Unit\HtmlTestingSupportMeta)::Assert see escaped" class="Hyde\Framework\Testing\Unit\HtmlTestingSupportMetaTest" classname="Hyde.Framework.Testing.Unit.HtmlTestingSupportMetaTest" assertions="4" time="0.000627"/>
        <testcase name="Tap element" file="Html Testing Support Meta (Hyde\Framework\Testing\Unit\HtmlTestingSupportMeta)::Tap element" class="Hyde\Framework\Testing\Unit\HtmlTestingSupportMetaTest" classname="Hyde.Framework.Testing.Unit.HtmlTestingSupportMetaTest" assertions="2" time="0.001245"/>
        <testcase name="Tap element using id" file="Html Testing Support Meta (Hyde\Framework\Testing\Unit\HtmlTestingSupportMeta)::Tap element using id" class="Hyde\Framework\Testing\Unit\HtmlTestingSupportMetaTest" classname="Hyde.Framework.Testing.Unit.HtmlTestingSupportMetaTest" assertions="2" time="0.000487"/>
        <testcase name="Get element using query" file="Html Testing Support Meta (Hyde\Framework\Testing\Unit\HtmlTestingSupportMeta)::Get element using query" class="Hyde\Framework\Testing\Unit\HtmlTestingSupportMetaTest" classname="Hyde.Framework.Testing.Unit.HtmlTestingSupportMetaTest" assertions="2" time="0.001208"/>
        <testcase name="Get root element" file="Html Testing Support Meta (Hyde\Framework\Testing\Unit\HtmlTestingSupportMeta)::Get root element" class="Hyde\Framework\Testing\Unit\HtmlTestingSupportMetaTest" classname="Hyde.Framework.Testing.Unit.HtmlTestingSupportMetaTest" assertions="2" time="0.000454"/>
        <testcase name="Get element by id" file="Html Testing Support Meta (Hyde\Framework\Testing\Unit\HtmlTestingSupportMeta)::Get element by id" class="Hyde\Framework\Testing\Unit\HtmlTestingSupportMetaTest" classname="Hyde.Framework.Testing.Unit.HtmlTestingSupportMetaTest" assertions="3" time="0.000523"/>
        <testcase name="Element using id" file="Html Testing Support Meta (Hyde\Framework\Testing\Unit\HtmlTestingSupportMeta)::Element using id" class="Hyde\Framework\Testing\Unit\HtmlTestingSupportMetaTest" classname="Hyde.Framework.Testing.Unit.HtmlTestingSupportMetaTest" assertions="3" time="0.000597"/>
        <testcase name="Element using selector" file="Html Testing Support Meta (Hyde\Framework\Testing\Unit\HtmlTestingSupportMeta)::Element using selector" class="Hyde\Framework\Testing\Unit\HtmlTestingSupportMetaTest" classname="Hyde.Framework.Testing.Unit.HtmlTestingSupportMetaTest" assertions="3" time="0.000618"/>
        <testcase name="Element using unknown syntax" file="Html Testing Support Meta (Hyde\Framework\Testing\Unit\HtmlTestingSupportMeta)::Element using unknown syntax" class="Hyde\Framework\Testing\Unit\HtmlTestingSupportMetaTest" classname="Hyde.Framework.Testing.Unit.HtmlTestingSupportMetaTest" assertions="2" time="0.000488"/>
        <testcase name="Get elements by class" file="Html Testing Support Meta (Hyde\Framework\Testing\Unit\HtmlTestingSupportMeta)::Get elements by class" class="Hyde\Framework\Testing\Unit\HtmlTestingSupportMetaTest" classname="Hyde.Framework.Testing.Unit.HtmlTestingSupportMetaTest" assertions="2" time="0.000488"/>
        <testcase name="Get elements by class types" file="Html Testing Support Meta (Hyde\Framework\Testing\Unit\HtmlTestingSupportMeta)::Get elements by class types" class="Hyde\Framework\Testing\Unit\HtmlTestingSupportMetaTest" classname="Hyde.Framework.Testing.Unit.HtmlTestingSupportMetaTest" assertions="3" time="0.000584"/>
        <testcase name="Get elements by class with child nodes" file="Html Testing Support Meta (Hyde\Framework\Testing\Unit\HtmlTestingSupportMeta)::Get elements by class with child nodes" class="Hyde\Framework\Testing\Unit\HtmlTestingSupportMetaTest" classname="Hyde.Framework.Testing.Unit.HtmlTestingSupportMetaTest" assertions="3" time="0.000669"/>
        <testcase name="Fluent class assertions" file="Html Testing Support Meta (Hyde\Framework\Testing\Unit\HtmlTestingSupportMeta)::Fluent class assertions" class="Hyde\Framework\Testing\Unit\HtmlTestingSupportMetaTest" classname="Hyde.Framework.Testing.Unit.HtmlTestingSupportMetaTest" assertions="7" time="0.000746"/>
        <testcase name="Query" file="Html Testing Support Meta (Hyde\Framework\Testing\Unit\HtmlTestingSupportMeta)::Query" class="Hyde\Framework\Testing\Unit\HtmlTestingSupportMetaTest" classname="Hyde.Framework.Testing.Unit.HtmlTestingSupportMetaTest" assertions="3" time="0.001958"/>
        <testcase name="Query with edge cases" file="Html Testing Support Meta (Hyde\Framework\Testing\Unit\HtmlTestingSupportMeta)::Query with edge cases" class="Hyde\Framework\Testing\Unit\HtmlTestingSupportMetaTest" classname="Hyde.Framework.Testing.Unit.HtmlTestingSupportMetaTest" assertions="8" time="0.001251"/>
        <testcase name="Dump helper" file="Html Testing Support Meta (Hyde\Framework\Testing\Unit\HtmlTestingSupportMeta)::Dump helper" class="Hyde\Framework\Testing\Unit\HtmlTestingSupportMetaTest" classname="Hyde.Framework.Testing.Unit.HtmlTestingSupportMetaTest" assertions="5" time="0.002665"/>
        <testcase name="Get structure" file="Html Testing Support Meta (Hyde\Framework\Testing\Unit\HtmlTestingSupportMeta)::Get structure" class="Hyde\Framework\Testing\Unit\HtmlTestingSupportMetaTest" classname="Hyde.Framework.Testing.Unit.HtmlTestingSupportMetaTest" assertions="1" time="0.000538"/>
        <testcase name="Get text representation" file="Html Testing Support Meta (Hyde\Framework\Testing\Unit\HtmlTestingSupportMeta)::Get text representation" class="Hyde\Framework\Testing\Unit\HtmlTestingSupportMetaTest" classname="Hyde.Framework.Testing.Unit.HtmlTestingSupportMetaTest" assertions="1" time="0.000537"/>
        <testcase name="Get text representation with multiple lines" file="Html Testing Support Meta (Hyde\Framework\Testing\Unit\HtmlTestingSupportMeta)::Get text representation with multiple lines" class="Hyde\Framework\Testing\Unit\HtmlTestingSupportMetaTest" classname="Hyde.Framework.Testing.Unit.HtmlTestingSupportMetaTest" assertions="1" time="0.000681"/>
        <testcase name="Complex text representation parsing" file="Html Testing Support Meta (Hyde\Framework\Testing\Unit\HtmlTestingSupportMeta)::Complex text representation parsing" class="Hyde\Framework\Testing\Unit\HtmlTestingSupportMetaTest" classname="Hyde.Framework.Testing.Unit.HtmlTestingSupportMetaTest" assertions="1" time="0.001375"/>
        <testcase name="Assert structure looks like" file="Html Testing Support Meta (Hyde\Framework\Testing\Unit\HtmlTestingSupportMeta)::Assert structure looks like" class="Hyde\Framework\Testing\Unit\HtmlTestingSupportMetaTest" classname="Hyde.Framework.Testing.Unit.HtmlTestingSupportMetaTest" assertions="1" time="0.000540"/>
        <testcase name="Assert looks like" file="Html Testing Support Meta (Hyde\Framework\Testing\Unit\HtmlTestingSupportMeta)::Assert looks like" class="Hyde\Framework\Testing\Unit\HtmlTestingSupportMetaTest" classname="Hyde.Framework.Testing.Unit.HtmlTestingSupportMetaTest" assertions="1" time="0.000522"/>
        <testcase name="Element instance" file="Html Testing Support Meta (Hyde\Framework\Testing\Unit\HtmlTestingSupportMeta)::Element instance" class="Hyde\Framework\Testing\Unit\HtmlTestingSupportMetaTest" classname="Hyde.Framework.Testing.Unit.HtmlTestingSupportMetaTest" assertions="1" time="0.000417"/>
        <testcase name="Element tag" file="Html Testing Support Meta (Hyde\Framework\Testing\Unit\HtmlTestingSupportMeta)::Element tag" class="Hyde\Framework\Testing\Unit\HtmlTestingSupportMetaTest" classname="Hyde.Framework.Testing.Unit.HtmlTestingSupportMetaTest" assertions="1" time="0.000451"/>
        <testcase name="Element text" file="Html Testing Support Meta (Hyde\Framework\Testing\Unit\HtmlTestingSupportMeta)::Element text" class="Hyde\Framework\Testing\Unit\HtmlTestingSupportMetaTest" classname="Hyde.Framework.Testing.Unit.HtmlTestingSupportMetaTest" assertions="1" time="0.000409"/>
        <testcase name="Element html" file="Html Testing Support Meta (Hyde\Framework\Testing\Unit\HtmlTestingSupportMeta)::Element html" class="Hyde\Framework\Testing\Unit\HtmlTestingSupportMetaTest" classname="Hyde.Framework.Testing.Unit.HtmlTestingSupportMetaTest" assertions="1" time="0.000401"/>
        <testcase name="Element id" file="Html Testing Support Meta (Hyde\Framework\Testing\Unit\HtmlTestingSupportMeta)::Element id" class="Hyde\Framework\Testing\Unit\HtmlTestingSupportMetaTest" classname="Hyde.Framework.Testing.Unit.HtmlTestingSupportMetaTest" assertions="2" time="0.000463"/>
        <testcase name="Element classes" file="Html Testing Support Meta (Hyde\Framework\Testing\Unit\HtmlTestingSupportMeta)::Element classes" class="Hyde\Framework\Testing\Unit\HtmlTestingSupportMetaTest" classname="Hyde.Framework.Testing.Unit.HtmlTestingSupportMetaTest" assertions="2" time="0.000558"/>
        <testcase name="Element attributes" file="Html Testing Support Meta (Hyde\Framework\Testing\Unit\HtmlTestingSupportMeta)::Element attributes" class="Hyde\Framework\Testing\Unit\HtmlTestingSupportMetaTest" classname="Hyde.Framework.Testing.Unit.HtmlTestingSupportMetaTest" assertions="2" time="0.000557"/>
        <testcase name="Element nodes" file="Html Testing Support Meta (Hyde\Framework\Testing\Unit\HtmlTestingSupportMeta)::Element nodes" class="Hyde\Framework\Testing\Unit\HtmlTestingSupportMetaTest" classname="Hyde.Framework.Testing.Unit.HtmlTestingSupportMetaTest" assertions="1" time="0.000405"/>
        <testcase name="Element nodes with child" file="Html Testing Support Meta (Hyde\Framework\Testing\Unit\HtmlTestingSupportMeta)::Element nodes with child" class="Hyde\Framework\Testing\Unit\HtmlTestingSupportMetaTest" classname="Hyde.Framework.Testing.Unit.HtmlTestingSupportMetaTest" assertions="3" time="0.000530"/>
        <testcase name="Element nodes with children" file="Html Testing Support Meta (Hyde\Framework\Testing\Unit\HtmlTestingSupportMeta)::Element nodes with children" class="Hyde\Framework\Testing\Unit\HtmlTestingSupportMetaTest" classname="Hyde.Framework.Testing.Unit.HtmlTestingSupportMetaTest" assertions="7" time="0.000676"/>
        <testcase name="Element to array" file="Html Testing Support Meta (Hyde\Framework\Testing\Unit\HtmlTestingSupportMeta)::Element to array" class="Hyde\Framework\Testing\Unit\HtmlTestingSupportMetaTest" classname="Hyde.Framework.Testing.Unit.HtmlTestingSupportMetaTest" assertions="1" time="0.000521"/>
        <testcase name="To array with children" file="Html Testing Support Meta (Hyde\Framework\Testing\Unit\HtmlTestingSupportMeta)::To array with children" class="Hyde\Framework\Testing\Unit\HtmlTestingSupportMetaTest" classname="Hyde.Framework.Testing.Unit.HtmlTestingSupportMetaTest" assertions="2" time="0.001658"/>
        <testcase name="To array with attributes" file="Html Testing Support Meta (Hyde\Framework\Testing\Unit\HtmlTestingSupportMeta)::To array with attributes" class="Hyde\Framework\Testing\Unit\HtmlTestingSupportMetaTest" classname="Hyde.Framework.Testing.Unit.HtmlTestingSupportMetaTest" assertions="1" time="0.000611"/>
        <testcase name="Element assert has id" file="Html Testing Support Meta (Hyde\Framework\Testing\Unit\HtmlTestingSupportMeta)::Element assert has id" class="Hyde\Framework\Testing\Unit\HtmlTestingSupportMetaTest" classname="Hyde.Framework.Testing.Unit.HtmlTestingSupportMetaTest" assertions="1" time="0.000455"/>
        <testcase name="Element assert does not have id" file="Html Testing Support Meta (Hyde\Framework\Testing\Unit\HtmlTestingSupportMeta)::Element assert does not have id" class="Hyde\Framework\Testing\Unit\HtmlTestingSupportMetaTest" classname="Hyde.Framework.Testing.Unit.HtmlTestingSupportMetaTest" assertions="1" time="0.000534"/>
        <testcase name="Element assert has class" file="Html Testing Support Meta (Hyde\Framework\Testing\Unit\HtmlTestingSupportMeta)::Element assert has class" class="Hyde\Framework\Testing\Unit\HtmlTestingSupportMetaTest" classname="Hyde.Framework.Testing.Unit.HtmlTestingSupportMetaTest" assertions="1" time="0.000682"/>
        <testcase name="Element assert does not have class" file="Html Testing Support Meta (Hyde\Framework\Testing\Unit\HtmlTestingSupportMeta)::Element assert does not have class" class="Hyde\Framework\Testing\Unit\HtmlTestingSupportMetaTest" classname="Hyde.Framework.Testing.Unit.HtmlTestingSupportMetaTest" assertions="1" time="0.000509"/>
        <testcase name="Element assert has attribute" file="Html Testing Support Meta (Hyde\Framework\Testing\Unit\HtmlTestingSupportMeta)::Element assert has attribute" class="Hyde\Framework\Testing\Unit\HtmlTestingSupportMetaTest" classname="Hyde.Framework.Testing.Unit.HtmlTestingSupportMetaTest" assertions="1" time="0.000465"/>
        <testcase name="Element assert does not have attribute" file="Html Testing Support Meta (Hyde\Framework\Testing\Unit\HtmlTestingSupportMeta)::Element assert does not have attribute" class="Hyde\Framework\Testing\Unit\HtmlTestingSupportMetaTest" classname="Hyde.Framework.Testing.Unit.HtmlTestingSupportMetaTest" assertions="1" time="0.000517"/>
        <testcase name="Element assert has attribute with value" file="Html Testing Support Meta (Hyde\Framework\Testing\Unit\HtmlTestingSupportMeta)::Element assert has attribute with value" class="Hyde\Framework\Testing\Unit\HtmlTestingSupportMetaTest" classname="Hyde.Framework.Testing.Unit.HtmlTestingSupportMetaTest" assertions="2" time="0.000508"/>
        <testcase name="Element assert has attribute with wrong value" file="Html Testing Support Meta (Hyde\Framework\Testing\Unit\HtmlTestingSupportMeta)::Element assert has attribute with wrong value" class="Hyde\Framework\Testing\Unit\HtmlTestingSupportMetaTest" classname="Hyde.Framework.Testing.Unit.HtmlTestingSupportMetaTest" assertions="3" time="0.000869"/>
        <testcase name="Element assert has attribute forwards id assertions" file="Html Testing Support Meta (Hyde\Framework\Testing\Unit\HtmlTestingSupportMeta)::Element assert has attribute forwards id assertions" class="Hyde\Framework\Testing\Unit\HtmlTestingSupportMetaTest" classname="Hyde.Framework.Testing.Unit.HtmlTestingSupportMetaTest" assertions="1" time="0.000488"/>
        <testcase name="Element assert has attribute forwards class assertions" file="Html Testing Support Meta (Hyde\Framework\Testing\Unit\HtmlTestingSupportMeta)::Element assert has attribute forwards class assertions" class="Hyde\Framework\Testing\Unit\HtmlTestingSupportMetaTest" classname="Hyde.Framework.Testing.Unit.HtmlTestingSupportMetaTest" assertions="1" time="0.000495"/>
        <testcase name="Assertion calls on document are forwarded to root element" file="Html Testing Support Meta (Hyde\Framework\Testing\Unit\HtmlTestingSupportMeta)::Assertion calls on document are forwarded to root element" class="Hyde\Framework\Testing\Unit\HtmlTestingSupportMetaTest" classname="Hyde.Framework.Testing.Unit.HtmlTestingSupportMetaTest" assertions="9" time="0.000942"/>
      </testsuite>
      <testsuite name="Hyde\Framework\Testing\Unit\HydeBasePathCanBeChangedTest" file="Hyde Base Path Can Be Changed (Hyde\Framework\Testing\Unit\HydeBasePathCanBeChanged)" tests="1" assertions="2" errors="0" failures="0" skipped="0" time="0.045752">
        <testcase name="Hyde base path can be changed" file="Hyde Base Path Can Be Changed (Hyde\Framework\Testing\Unit\HydeBasePathCanBeChanged)::Hyde base path can be changed" class="Hyde\Framework\Testing\Unit\HydeBasePathCanBeChangedTest" classname="Hyde.Framework.Testing.Unit.HydeBasePathCanBeChangedTest" assertions="2" time="0.045752"/>
      </testsuite>
      <testsuite name="Hyde\Framework\Testing\Unit\HydeConfigFilesAreMatchingTest" file="Hyde Config Files Are Matching (Hyde\Framework\Testing\Unit\HydeConfigFilesAreMatching)" tests="3" assertions="9" errors="0" failures="0" skipped="0" time="0.066480">
        <testcase name="Hyde config files are matching" file="Hyde Config Files Are Matching (Hyde\Framework\Testing\Unit\HydeConfigFilesAreMatching)::Hyde config files are matching" class="Hyde\Framework\Testing\Unit\HydeConfigFilesAreMatchingTest" classname="Hyde.Framework.Testing.Unit.HydeConfigFilesAreMatchingTest" assertions="3" time="0.024182"/>
        <testcase name="Docs config files are matching" file="Hyde Config Files Are Matching (Hyde\Framework\Testing\Unit\HydeConfigFilesAreMatching)::Docs config files are matching" class="Hyde\Framework\Testing\Unit\HydeConfigFilesAreMatchingTest" classname="Hyde.Framework.Testing.Unit.HydeConfigFilesAreMatchingTest" assertions="3" time="0.021380"/>
        <testcase name="Markdown config files are matching" file="Hyde Config Files Are Matching (Hyde\Framework\Testing\Unit\HydeConfigFilesAreMatching)::Markdown config files are matching" class="Hyde\Framework\Testing\Unit\HydeConfigFilesAreMatchingTest" classname="Hyde.Framework.Testing.Unit.HydeConfigFilesAreMatchingTest" assertions="3" time="0.020919"/>
      </testsuite>
      <testsuite name="Hyde\Framework\Testing\Unit\HydeFileHelpersTest" file="Hyde File Helpers (Hyde\Framework\Testing\Unit\HydeFileHelpers)" tests="4" assertions="4" errors="0" failures="0" skipped="0" time="0.092993">
        <testcase name="Current page returns current page view property" file="Hyde File Helpers (Hyde\Framework\Testing\Unit\HydeFileHelpers)::Current page returns current page view property" class="Hyde\Framework\Testing\Unit\HydeFileHelpersTest" classname="Hyde.Framework.Testing.Unit.HydeFileHelpersTest" assertions="1" time="0.026735"/>
        <testcase name="Current page falls back to null string if current page view property is not set" file="Hyde File Helpers (Hyde\Framework\Testing\Unit\HydeFileHelpers)::Current page falls back to null string if current page view property is not set" class="Hyde\Framework\Testing\Unit\HydeFileHelpersTest" classname="Hyde.Framework.Testing.Unit.HydeFileHelpersTest" assertions="1" time="0.021006"/>
        <testcase name="Current route returns current route view property" file="Hyde File Helpers (Hyde\Framework\Testing\Unit\HydeFileHelpers)::Current route returns current route view property" class="Hyde\Framework\Testing\Unit\HydeFileHelpersTest" classname="Hyde.Framework.Testing.Unit.HydeFileHelpersTest" assertions="1" time="0.024879"/>
        <testcase name="Current route falls back to null if current route view property is not set" file="Hyde File Helpers (Hyde\Framework\Testing\Unit\HydeFileHelpers)::Current route falls back to null if current route view property is not set" class="Hyde\Framework\Testing\Unit\HydeFileHelpersTest" classname="Hyde.Framework.Testing.Unit.HydeFileHelpersTest" assertions="1" time="0.020373"/>
      </testsuite>
      <testsuite name="Hyde\Framework\Testing\Unit\HydeGetBasePathHasFallbackTest" file="Hyde Get Base Path Has Fallback (Hyde\Framework\Testing\Unit\HydeGetBasePathHasFallback)" tests="1" assertions="1" errors="0" failures="0" skipped="0" time="0.008467">
        <testcase name="Hyde get base path falls back to current working directory" file="Hyde Get Base Path Has Fallback (Hyde\Framework\Testing\Unit\HydeGetBasePathHasFallback)::Hyde get base path falls back to current working directory" class="Hyde\Framework\Testing\Unit\HydeGetBasePathHasFallbackTest" classname="Hyde.Framework.Testing.Unit.HydeGetBasePathHasFallbackTest" assertions="1" time="0.008467"/>
      </testsuite>
      <testsuite name="Hyde\Framework\Testing\Unit\HydeHelperFacadeMakeTitleTest" file="Hyde Helper Facade Make Title (Hyde\Framework\Testing\Unit\HydeHelperFacadeMakeTitle)" tests="9" assertions="13" errors="0" failures="0" skipped="0" time="0.019679">
        <testcase name="Make title helper parses kebab case into title" file="Hyde Helper Facade Make Title (Hyde\Framework\Testing\Unit\HydeHelperFacadeMakeTitle)::Make title helper parses kebab case into title" class="Hyde\Framework\Testing\Unit\HydeHelperFacadeMakeTitleTest" classname="Hyde.Framework.Testing.Unit.HydeHelperFacadeMakeTitleTest" assertions="1" time="0.004017"/>
        <testcase name="Make title helper parses snake case into title" file="Hyde Helper Facade Make Title (Hyde\Framework\Testing\Unit\HydeHelperFacadeMakeTitle)::Make title helper parses snake case into title" class="Hyde\Framework\Testing\Unit\HydeHelperFacadeMakeTitleTest" classname="Hyde.Framework.Testing.Unit.HydeHelperFacadeMakeTitleTest" assertions="1" time="0.001915"/>
        <testcase name="Make title helper parses camel case into title" file="Hyde Helper Facade Make Title (Hyde\Framework\Testing\Unit\HydeHelperFacadeMakeTitle)::Make title helper parses camel case into title" class="Hyde\Framework\Testing\Unit\HydeHelperFacadeMakeTitleTest" classname="Hyde.Framework.Testing.Unit.HydeHelperFacadeMakeTitleTest" assertions="1" time="0.001890"/>
        <testcase name="Make title helper parses pascal case into title" file="Hyde Helper Facade Make Title (Hyde\Framework\Testing\Unit\HydeHelperFacadeMakeTitle)::Make title helper parses pascal case into title" class="Hyde\Framework\Testing\Unit\HydeHelperFacadeMakeTitleTest" classname="Hyde.Framework.Testing.Unit.HydeHelperFacadeMakeTitleTest" assertions="1" time="0.001918"/>
        <testcase name="Make title helper parses title case into title" file="Hyde Helper Facade Make Title (Hyde\Framework\Testing\Unit\HydeHelperFacadeMakeTitle)::Make title helper parses title case into title" class="Hyde\Framework\Testing\Unit\HydeHelperFacadeMakeTitleTest" classname="Hyde.Framework.Testing.Unit.HydeHelperFacadeMakeTitleTest" assertions="1" time="0.001943"/>
        <testcase name="Make title helper parses title case with spaces into title" file="Hyde Helper Facade Make Title (Hyde\Framework\Testing\Unit\HydeHelperFacadeMakeTitle)::Make title helper parses title case with spaces into title" class="Hyde\Framework\Testing\Unit\HydeHelperFacadeMakeTitleTest" classname="Hyde.Framework.Testing.Unit.HydeHelperFacadeMakeTitleTest" assertions="1" time="0.001914"/>
        <testcase name="Make title helper does not capitalize auxiliary words" file="Hyde Helper Facade Make Title (Hyde\Framework\Testing\Unit\HydeHelperFacadeMakeTitle)::Make title helper does not capitalize auxiliary words" class="Hyde\Framework\Testing\Unit\HydeHelperFacadeMakeTitleTest" classname="Hyde.Framework.Testing.Unit.HydeHelperFacadeMakeTitleTest" assertions="1" time="0.001928"/>
        <testcase name="Make title helper does not modify only uppercase input" file="Hyde Helper Facade Make Title (Hyde\Framework\Testing\Unit\HydeHelperFacadeMakeTitle)::Make title helper does not modify only uppercase input" class="Hyde\Framework\Testing\Unit\HydeHelperFacadeMakeTitleTest" classname="Hyde.Framework.Testing.Unit.HydeHelperFacadeMakeTitleTest" assertions="3" time="0.002055"/>
        <testcase name="Make title helper modifies partially uppercase input" file="Hyde Helper Facade Make Title (Hyde\Framework\Testing\Unit\HydeHelperFacadeMakeTitle)::Make title helper modifies partially uppercase input" class="Hyde\Framework\Testing\Unit\HydeHelperFacadeMakeTitleTest" classname="Hyde.Framework.Testing.Unit.HydeHelperFacadeMakeTitleTest" assertions="3" time="0.002099"/>
      </testsuite>
      <testsuite name="Hyde\Framework\Testing\Unit\HydeHelperFacadeTest" file="Hyde Helper Facade (Hyde\Framework\Testing\Unit\HydeHelperFacade)" tests="3" assertions="3" errors="0" failures="0" skipped="0" time="0.070950">
        <testcase name="Features facade returns instance of features class" file="Hyde Helper Facade (Hyde\Framework\Testing\Unit\HydeHelperFacade)::Features facade returns instance of features class" class="Hyde\Framework\Testing\Unit\HydeHelperFacadeTest" classname="Hyde.Framework.Testing.Unit.HydeHelperFacadeTest" assertions="1" time="0.029426"/>
        <testcase name="Features facade can be used to call static methods on features class" file="Hyde Helper Facade (Hyde\Framework\Testing\Unit\HydeHelperFacade)::Features facade can be used to call static methods on features class" class="Hyde\Framework\Testing\Unit\HydeHelperFacadeTest" classname="Hyde.Framework.Testing.Unit.HydeHelperFacadeTest" assertions="1" time="0.020921"/>
        <testcase name="Hyde has feature shorthand calls static method on features class" file="Hyde Helper Facade (Hyde\Framework\Testing\Unit\HydeHelperFacade)::Hyde has feature shorthand calls static method on features class" class="Hyde\Framework\Testing\Unit\HydeHelperFacadeTest" classname="Hyde.Framework.Testing.Unit.HydeHelperFacadeTest" assertions="1" time="0.020603"/>
      </testsuite>
      <testsuite name="Hyde\Framework\Testing\Unit\HydePageDataFactoryTest" file="Hyde Page Data Factory (Hyde\Framework\Testing\Unit\HydePageDataFactory)" tests="10" assertions="10" errors="0" failures="0" skipped="0" time="0.040366">
        <testcase name="Can construct" file="Hyde Page Data Factory (Hyde\Framework\Testing\Unit\HydePageDataFactory)::Can construct" class="Hyde\Framework\Testing\Unit\HydePageDataFactoryTest" classname="Hyde.Framework.Testing.Unit.HydePageDataFactoryTest" assertions="1" time="0.007992"/>
        <testcase name="To array contains expected keys" file="Hyde Page Data Factory (Hyde\Framework\Testing\Unit\HydePageDataFactory)::To array contains expected keys" class="Hyde\Framework\Testing\Unit\HydePageDataFactoryTest" classname="Hyde.Framework.Testing.Unit.HydePageDataFactoryTest" assertions="1" time="0.003632"/>
        <testcase name="Can create title from matter" file="Hyde Page Data Factory (Hyde\Framework\Testing\Unit\HydePageDataFactory)::Can create title from matter" class="Hyde\Framework\Testing\Unit\HydePageDataFactoryTest" classname="Hyde.Framework.Testing.Unit.HydePageDataFactoryTest" assertions="1" time="0.003526"/>
        <testcase name="Can create title from markdown" file="Hyde Page Data Factory (Hyde\Framework\Testing\Unit\HydePageDataFactory)::Can create title from markdown" class="Hyde\Framework\Testing\Unit\HydePageDataFactoryTest" classname="Hyde.Framework.Testing.Unit.HydePageDataFactoryTest" assertions="1" time="0.003553"/>
        <testcase name="Title prefers matter" file="Hyde Page Data Factory (Hyde\Framework\Testing\Unit\HydePageDataFactory)::Title prefers matter" class="Hyde\Framework\Testing\Unit\HydePageDataFactoryTest" classname="Hyde.Framework.Testing.Unit.HydePageDataFactoryTest" assertions="1" time="0.003542"/>
        <testcase name="Title falls back to identifier" file="Hyde Page Data Factory (Hyde\Framework\Testing\Unit\HydePageDataFactory)::Title falls back to identifier" class="Hyde\Framework\Testing\Unit\HydePageDataFactoryTest" classname="Hyde.Framework.Testing.Unit.HydePageDataFactoryTest" assertions="1" time="0.003617"/>
        <testcase name="Title falls back to identifier basename" file="Hyde Page Data Factory (Hyde\Framework\Testing\Unit\HydePageDataFactory)::Title falls back to identifier basename" class="Hyde\Framework\Testing\Unit\HydePageDataFactoryTest" classname="Hyde.Framework.Testing.Unit.HydePageDataFactoryTest" assertions="1" time="0.003687"/>
        <testcase name="Index page titles can be created from parent identifier basename" file="Hyde Page Data Factory (Hyde\Framework\Testing\Unit\HydePageDataFactory)::Index page titles can be created from parent identifier basename" class="Hyde\Framework\Testing\Unit\HydePageDataFactoryTest" classname="Hyde.Framework.Testing.Unit.HydePageDataFactoryTest" assertions="1" time="0.003703"/>
        <testcase name="Index page titles can be created from nested parent identifier basename" file="Hyde Page Data Factory (Hyde\Framework\Testing\Unit\HydePageDataFactory)::Index page titles can be created from nested parent identifier basename" class="Hyde\Framework\Testing\Unit\HydePageDataFactoryTest" classname="Hyde.Framework.Testing.Unit.HydePageDataFactoryTest" assertions="1" time="0.003692"/>
        <testcase name="Navigation data is generated by navigation data factory" file="Hyde Page Data Factory (Hyde\Framework\Testing\Unit\HydePageDataFactory)::Navigation data is generated by navigation data factory" class="Hyde\Framework\Testing\Unit\HydePageDataFactoryTest" classname="Hyde.Framework.Testing.Unit.HydePageDataFactoryTest" assertions="1" time="0.003423"/>
      </testsuite>
      <testsuite name="Hyde\Framework\Testing\Unit\HydePageSerializableUnitTest" file="Hyde Page Serializable Unit (Hyde\Framework\Testing\Unit\HydePageSerializableUnit)" tests="24" assertions="24" errors="0" failures="0" skipped="0" time="0.092847">
        <testcase name="To array" file="Hyde Page Serializable Unit (Hyde\Framework\Testing\Unit\HydePageSerializableUnit)::To array" class="Hyde\Framework\Testing\Unit\HydePageSerializableUnitTest" classname="Hyde.Framework.Testing.Unit.HydePageSerializableUnitTest" assertions="1" time="0.013726"/>
        <testcase name="Json serialize uses array serialize" file="Hyde Page Serializable Unit (Hyde\Framework\Testing\Unit\HydePageSerializableUnit)::Json serialize uses array serialize" class="Hyde\Framework\Testing\Unit\HydePageSerializableUnitTest" classname="Hyde.Framework.Testing.Unit.HydePageSerializableUnitTest" assertions="1" time="0.003454"/>
        <testcase name="To json uses json encoded object" file="Hyde Page Serializable Unit (Hyde\Framework\Testing\Unit\HydePageSerializableUnit)::To json uses json encoded object" class="Hyde\Framework\Testing\Unit\HydePageSerializableUnitTest" classname="Hyde.Framework.Testing.Unit.HydePageSerializableUnitTest" assertions="1" time="0.003439"/>
        <testcase name="To json uses json encoded array" file="Hyde Page Serializable Unit (Hyde\Framework\Testing\Unit\HydePageSerializableUnit)::To json uses json encoded array" class="Hyde\Framework\Testing\Unit\HydePageSerializableUnitTest" classname="Hyde.Framework.Testing.Unit.HydePageSerializableUnitTest" assertions="1" time="0.003401"/>
        <testcase name="Hyde page to array keys" file="Hyde Page Serializable Unit (Hyde\Framework\Testing\Unit\HydePageSerializableUnit)::Hyde page to array keys" class="Hyde\Framework\Testing\Unit\HydePageSerializableUnitTest" classname="Hyde.Framework.Testing.Unit.HydePageSerializableUnitTest" assertions="1" time="0.003373"/>
        <testcase name="Html page to array keys" file="Hyde Page Serializable Unit (Hyde\Framework\Testing\Unit\HydePageSerializableUnit)::Html page to array keys" class="Hyde\Framework\Testing\Unit\HydePageSerializableUnitTest" classname="Hyde.Framework.Testing.Unit.HydePageSerializableUnitTest" assertions="1" time="0.003377"/>
        <testcase name="Blade page to array keys" file="Hyde Page Serializable Unit (Hyde\Framework\Testing\Unit\HydePageSerializableUnit)::Blade page to array keys" class="Hyde\Framework\Testing\Unit\HydePageSerializableUnitTest" classname="Hyde.Framework.Testing.Unit.HydePageSerializableUnitTest" assertions="1" time="0.003421"/>
        <testcase name="Markdown page to array keys" file="Hyde Page Serializable Unit (Hyde\Framework\Testing\Unit\HydePageSerializableUnit)::Markdown page to array keys" class="Hyde\Framework\Testing\Unit\HydePageSerializableUnitTest" classname="Hyde.Framework.Testing.Unit.HydePageSerializableUnitTest" assertions="1" time="0.003482"/>
        <testcase name="Markdown post to array keys" file="Hyde Page Serializable Unit (Hyde\Framework\Testing\Unit\HydePageSerializableUnit)::Markdown post to array keys" class="Hyde\Framework\Testing\Unit\HydePageSerializableUnitTest" classname="Hyde.Framework.Testing.Unit.HydePageSerializableUnitTest" assertions="1" time="0.004097"/>
        <testcase name="Documentation page to array keys" file="Hyde Page Serializable Unit (Hyde\Framework\Testing\Unit\HydePageSerializableUnit)::Documentation page to array keys" class="Hyde\Framework\Testing\Unit\HydePageSerializableUnitTest" classname="Hyde.Framework.Testing.Unit.HydePageSerializableUnitTest" assertions="1" time="0.003473"/>
        <testcase name="Hyde page to array contents" file="Hyde Page Serializable Unit (Hyde\Framework\Testing\Unit\HydePageSerializableUnit)::Hyde page to array contents" class="Hyde\Framework\Testing\Unit\HydePageSerializableUnitTest" classname="Hyde.Framework.Testing.Unit.HydePageSerializableUnitTest" assertions="1" time="0.003160"/>
        <testcase name="Html page to array contents" file="Hyde Page Serializable Unit (Hyde\Framework\Testing\Unit\HydePageSerializableUnit)::Html page to array contents" class="Hyde\Framework\Testing\Unit\HydePageSerializableUnitTest" classname="Hyde.Framework.Testing.Unit.HydePageSerializableUnitTest" assertions="1" time="0.003130"/>
        <testcase name="Blade page to array contents" file="Hyde Page Serializable Unit (Hyde\Framework\Testing\Unit\HydePageSerializableUnit)::Blade page to array contents" class="Hyde\Framework\Testing\Unit\HydePageSerializableUnitTest" classname="Hyde.Framework.Testing.Unit.HydePageSerializableUnitTest" assertions="1" time="0.003145"/>
        <testcase name="Markdown page to array contents" file="Hyde Page Serializable Unit (Hyde\Framework\Testing\Unit\HydePageSerializableUnit)::Markdown page to array contents" class="Hyde\Framework\Testing\Unit\HydePageSerializableUnitTest" classname="Hyde.Framework.Testing.Unit.HydePageSerializableUnitTest" assertions="1" time="0.003215"/>
        <testcase name="Markdown post to array contents" file="Hyde Page Serializable Unit (Hyde\Framework\Testing\Unit\HydePageSerializableUnit)::Markdown post to array contents" class="Hyde\Framework\Testing\Unit\HydePageSerializableUnitTest" classname="Hyde.Framework.Testing.Unit.HydePageSerializableUnitTest" assertions="1" time="0.003748"/>
        <testcase name="Documentation page to array contents" file="Hyde Page Serializable Unit (Hyde\Framework\Testing\Unit\HydePageSerializableUnit)::Documentation page to array contents" class="Hyde\Framework\Testing\Unit\HydePageSerializableUnitTest" classname="Hyde.Framework.Testing.Unit.HydePageSerializableUnitTest" assertions="1" time="0.003227"/>
        <testcase name="Json encoded output" file="Hyde Page Serializable Unit (Hyde\Framework\Testing\Unit\HydePageSerializableUnit)::Json encoded output" class="Hyde\Framework\Testing\Unit\HydePageSerializableUnitTest" classname="Hyde.Framework.Testing.Unit.HydePageSerializableUnitTest" assertions="1" time="0.003388"/>
        <testcase name="Json serialized hyde page contents" file="Hyde Page Serializable Unit (Hyde\Framework\Testing\Unit\HydePageSerializableUnit)::Json serialized hyde page contents" class="Hyde\Framework\Testing\Unit\HydePageSerializableUnitTest" classname="Hyde.Framework.Testing.Unit.HydePageSerializableUnitTest" assertions="1" time="0.003375"/>
        <testcase name="Json serialized html page contents" file="Hyde Page Serializable Unit (Hyde\Framework\Testing\Unit\HydePageSerializableUnit)::Json serialized html page contents" class="Hyde\Framework\Testing\Unit\HydePageSerializableUnitTest" classname="Hyde.Framework.Testing.Unit.HydePageSerializableUnitTest" assertions="1" time="0.003318"/>
        <testcase name="Json serialized blade page contents" file="Hyde Page Serializable Unit (Hyde\Framework\Testing\Unit\HydePageSerializableUnit)::Json serialized blade page contents" class="Hyde\Framework\Testing\Unit\HydePageSerializableUnitTest" classname="Hyde.Framework.Testing.Unit.HydePageSerializableUnitTest" assertions="1" time="0.003375"/>
        <testcase name="Json serialized markdown page contents" file="Hyde Page Serializable Unit (Hyde\Framework\Testing\Unit\HydePageSerializableUnit)::Json serialized markdown page contents" class="Hyde\Framework\Testing\Unit\HydePageSerializableUnitTest" classname="Hyde.Framework.Testing.Unit.HydePageSerializableUnitTest" assertions="1" time="0.003439"/>
        <testcase name="Json serialized markdown post contents" file="Hyde Page Serializable Unit (Hyde\Framework\Testing\Unit\HydePageSerializableUnit)::Json serialized markdown post contents" class="Hyde\Framework\Testing\Unit\HydePageSerializableUnitTest" classname="Hyde.Framework.Testing.Unit.HydePageSerializableUnitTest" assertions="1" time="0.004282"/>
        <testcase name="Json serialized documentation page contents" file="Hyde Page Serializable Unit (Hyde\Framework\Testing\Unit\HydePageSerializableUnit)::Json serialized documentation page contents" class="Hyde\Framework\Testing\Unit\HydePageSerializableUnitTest" classname="Hyde.Framework.Testing.Unit.HydePageSerializableUnitTest" assertions="1" time="0.003451"/>
        <testcase name="Json serialized markdown page with front matter" file="Hyde Page Serializable Unit (Hyde\Framework\Testing\Unit\HydePageSerializableUnit)::Json serialized markdown page with front matter" class="Hyde\Framework\Testing\Unit\HydePageSerializableUnitTest" classname="Hyde.Framework.Testing.Unit.HydePageSerializableUnitTest" assertions="1" time="0.003350"/>
      </testsuite>
      <testsuite name="Hyde\Framework\Testing\Unit\HydeVendorPathHelperTest" file="Hyde Vendor Path Helper (Hyde\Framework\Testing\Unit\HydeVendorPathHelper)" tests="5" assertions="9" errors="0" failures="0" skipped="0" time="0.125791">
        <testcase name="Method exists" file="Hyde Vendor Path Helper (Hyde\Framework\Testing\Unit\HydeVendorPathHelper)::Method exists" class="Hyde\Framework\Testing\Unit\HydeVendorPathHelperTest" classname="Hyde.Framework.Testing.Unit.HydeVendorPathHelperTest" assertions="1" time="0.042358"/>
        <testcase name="Method returns string" file="Hyde Vendor Path Helper (Hyde\Framework\Testing\Unit\HydeVendorPathHelper)::Method returns string" class="Hyde\Framework\Testing\Unit\HydeVendorPathHelperTest" classname="Hyde.Framework.Testing.Unit.HydeVendorPathHelperTest" assertions="1" time="0.020639"/>
        <testcase name="Method returns string containing vendor path" file="Hyde Vendor Path Helper (Hyde\Framework\Testing\Unit\HydeVendorPathHelper)::Method returns string containing vendor path" class="Hyde\Framework\Testing\Unit\HydeVendorPathHelperTest" classname="Hyde.Framework.Testing.Unit.HydeVendorPathHelperTest" assertions="1" time="0.020902"/>
        <testcase name="Method returns path to the vendor directory" file="Hyde Vendor Path Helper (Hyde\Framework\Testing\Unit\HydeVendorPathHelper)::Method returns path to the vendor directory" class="Hyde\Framework\Testing\Unit\HydeVendorPathHelperTest" classname="Hyde.Framework.Testing.Unit.HydeVendorPathHelperTest" assertions="3" time="0.020825"/>
        <testcase name="Can specify which hyde package to use" file="Hyde Vendor Path Helper (Hyde\Framework\Testing\Unit\HydeVendorPathHelper)::Can specify which hyde package to use" class="Hyde\Framework\Testing\Unit\HydeVendorPathHelperTest" classname="Hyde.Framework.Testing.Unit.HydeVendorPathHelperTest" assertions="3" time="0.021067"/>
      </testsuite>
      <testsuite name="Hyde\Framework\Testing\Unit\InteractsWithDirectoriesConcernTest" file="Interacts With Directories Concern (Hyde\Framework\Testing\Unit\InteractsWithDirectoriesConcern)" tests="7" assertions="9" errors="0" failures="0" skipped="0" time="0.167438">
        <testcase name="Methods can be called statically" file="Interacts With Directories Concern (Hyde\Framework\Testing\Unit\InteractsWithDirectoriesConcern)::Methods can be called statically" class="Hyde\Framework\Testing\Unit\InteractsWithDirectoriesConcernTest" classname="Hyde.Framework.Testing.Unit.InteractsWithDirectoriesConcernTest" assertions="2" time="0.030178"/>
        <testcase name="Needs directory creates the directory" file="Interacts With Directories Concern (Hyde\Framework\Testing\Unit\InteractsWithDirectoriesConcern)::Needs directory creates the directory" class="Hyde\Framework\Testing\Unit\InteractsWithDirectoriesConcernTest" classname="Hyde.Framework.Testing.Unit.InteractsWithDirectoriesConcernTest" assertions="1" time="0.021798"/>
        <testcase name="Needs directory creates the directory recursively" file="Interacts With Directories Concern (Hyde\Framework\Testing\Unit\InteractsWithDirectoriesConcern)::Needs directory creates the directory recursively" class="Hyde\Framework\Testing\Unit\InteractsWithDirectoriesConcernTest" classname="Hyde.Framework.Testing.Unit.InteractsWithDirectoriesConcernTest" assertions="1" time="0.021757"/>
        <testcase name="Needs directory handles existing directory" file="Interacts With Directories Concern (Hyde\Framework\Testing\Unit\InteractsWithDirectoriesConcern)::Needs directory handles existing directory" class="Hyde\Framework\Testing\Unit\InteractsWithDirectoriesConcernTest" classname="Hyde.Framework.Testing.Unit.InteractsWithDirectoriesConcernTest" assertions="1" time="0.023572"/>
        <testcase name="Needs directories creates single directory" file="Interacts With Directories Concern (Hyde\Framework\Testing\Unit\InteractsWithDirectoriesConcern)::Needs directories creates single directory" class="Hyde\Framework\Testing\Unit\InteractsWithDirectoriesConcernTest" classname="Hyde.Framework.Testing.Unit.InteractsWithDirectoriesConcernTest" assertions="1" time="0.023037"/>
        <testcase name="Needs directories creates multiple directories" file="Interacts With Directories Concern (Hyde\Framework\Testing\Unit\InteractsWithDirectoriesConcern)::Needs directories creates multiple directories" class="Hyde\Framework\Testing\Unit\InteractsWithDirectoriesConcernTest" classname="Hyde.Framework.Testing.Unit.InteractsWithDirectoriesConcernTest" assertions="2" time="0.023859"/>
        <testcase name="Needs parent directory creates directory for the parent file" file="Interacts With Directories Concern (Hyde\Framework\Testing\Unit\InteractsWithDirectoriesConcern)::Needs parent directory creates directory for the parent file" class="Hyde\Framework\Testing\Unit\InteractsWithDirectoriesConcernTest" classname="Hyde.Framework.Testing.Unit.InteractsWithDirectoriesConcernTest" assertions="1" time="0.023238"/>
      </testsuite>
      <testsuite name="Hyde\Framework\Testing\Unit\LoadConfigurationTest" file="Load Configuration (Hyde\Framework\Testing\Unit\LoadConfiguration)" tests="2" assertions="6" errors="0" failures="0" skipped="0" time="0.020498">
        <testcase name="It loads runtime configuration" file="Load Configuration (Hyde\Framework\Testing\Unit\LoadConfiguration)::It loads runtime configuration" class="Hyde\Framework\Testing\Unit\LoadConfigurationTest" classname="Hyde.Framework.Testing.Unit.LoadConfigurationTest" assertions="4" time="0.015326"/>
        <testcase name="It loads realtime compiler environment configuration" file="Load Configuration (Hyde\Framework\Testing\Unit\LoadConfiguration)::It loads realtime compiler environment configuration" class="Hyde\Framework\Testing\Unit\LoadConfigurationTest" classname="Hyde.Framework.Testing.Unit.LoadConfigurationTest" assertions="2" time="0.005172"/>
      </testsuite>
      <testsuite name="Hyde\Framework\Testing\Unit\MarkdownDocumentTest" file="Markdown Document (Hyde\Framework\Testing\Unit\MarkdownDocument)" tests="11" assertions="17" errors="0" failures="0" skipped="0" time="0.252125">
        <testcase name="Constructor creates new markdown document" file="Markdown Document (Hyde\Framework\Testing\Unit\MarkdownDocument)::Constructor creates new markdown document" class="Hyde\Framework\Testing\Unit\MarkdownDocumentTest" classname="Hyde.Framework.Testing.Unit.MarkdownDocumentTest" assertions="1" time="0.025242"/>
        <testcase name="Constructor arguments are optional" file="Markdown Document (Hyde\Framework\Testing\Unit\MarkdownDocument)::Constructor arguments are optional" class="Hyde\Framework\Testing\Unit\MarkdownDocumentTest" classname="Hyde.Framework.Testing.Unit.MarkdownDocumentTest" assertions="1" time="0.021799"/>
        <testcase name="Constructor arguments are assigned" file="Markdown Document (Hyde\Framework\Testing\Unit\MarkdownDocument)::Constructor arguments are assigned" class="Hyde\Framework\Testing\Unit\MarkdownDocumentTest" classname="Hyde.Framework.Testing.Unit.MarkdownDocumentTest" assertions="1" time="0.022146"/>
        <testcase name="Magic to string method returns body" file="Markdown Document (Hyde\Framework\Testing\Unit\MarkdownDocument)::Magic to string method returns body" class="Hyde\Framework\Testing\Unit\MarkdownDocumentTest" classname="Hyde.Framework.Testing.Unit.MarkdownDocumentTest" assertions="1" time="0.022226"/>
        <testcase name="Compile method returns rendered html" file="Markdown Document (Hyde\Framework\Testing\Unit\MarkdownDocument)::Compile method returns rendered html" class="Hyde\Framework\Testing\Unit\MarkdownDocumentTest" classname="Hyde.Framework.Testing.Unit.MarkdownDocumentTest" assertions="1" time="0.023022"/>
        <testcase name="To html method returns rendered as html string" file="Markdown Document (Hyde\Framework\Testing\Unit\MarkdownDocument)::To html method returns rendered as html string" class="Hyde\Framework\Testing\Unit\MarkdownDocumentTest" classname="Hyde.Framework.Testing.Unit.MarkdownDocumentTest" assertions="2" time="0.025230"/>
        <testcase name="Parse method parses a file using the markdown file service" file="Markdown Document (Hyde\Framework\Testing\Unit\MarkdownDocument)::Parse method parses a file using the markdown file service" class="Hyde\Framework\Testing\Unit\MarkdownDocumentTest" classname="Hyde.Framework.Testing.Unit.MarkdownDocumentTest" assertions="3" time="0.022938"/>
        <testcase name="To array method returns array markdown body lines" file="Markdown Document (Hyde\Framework\Testing\Unit\MarkdownDocument)::To array method returns array markdown body lines" class="Hyde\Framework\Testing\Unit\MarkdownDocumentTest" classname="Hyde.Framework.Testing.Unit.MarkdownDocumentTest" assertions="1" time="0.021901"/>
        <testcase name="From file method returns new markdown document" file="Markdown Document (Hyde\Framework\Testing\Unit\MarkdownDocument)::From file method returns new markdown document" class="Hyde\Framework\Testing\Unit\MarkdownDocumentTest" classname="Hyde.Framework.Testing.Unit.MarkdownDocumentTest" assertions="2" time="0.022474"/>
        <testcase name="End of markdown body is trimmed" file="Markdown Document (Hyde\Framework\Testing\Unit\MarkdownDocument)::End of markdown body is trimmed" class="Hyde\Framework\Testing\Unit\MarkdownDocumentTest" classname="Hyde.Framework.Testing.Unit.MarkdownDocumentTest" assertions="1" time="0.022602"/>
        <testcase name="Carriage returns are normalized" file="Markdown Document (Hyde\Framework\Testing\Unit\MarkdownDocument)::Carriage returns are normalized" class="Hyde\Framework\Testing\Unit\MarkdownDocumentTest" classname="Hyde.Framework.Testing.Unit.MarkdownDocumentTest" assertions="3" time="0.022547"/>
      </testsuite>
      <testsuite name="Hyde\Framework\Testing\Unit\MarkdownFacadeTest" file="Markdown Facade (Hyde\Framework\Testing\Unit\MarkdownFacade)" tests="1" assertions="2" errors="0" failures="0" skipped="0" time="0.019031">
        <testcase name="Render" file="Markdown Facade (Hyde\Framework\Testing\Unit\MarkdownFacade)::Render" class="Hyde\Framework\Testing\Unit\MarkdownFacadeTest" classname="Hyde.Framework.Testing.Unit.MarkdownFacadeTest" assertions="2" time="0.019031"/>
      </testsuite>
      <testsuite name="Hyde\Framework\Testing\Unit\MediaDirectoryCanBeChangedTest" file="Media Directory Can Be Changed (Hyde\Framework\Testing\Unit\MediaDirectoryCanBeChanged)" tests="3" assertions="9" errors="0" failures="0" skipped="0" time="0.124723">
        <testcase name="Media output directory can be changed for site builds" file="Media Directory Can Be Changed (Hyde\Framework\Testing\Unit\MediaDirectoryCanBeChanged)::Media output directory can be changed for site builds" class="Hyde\Framework\Testing\Unit\MediaDirectoryCanBeChangedTest" classname="Hyde.Framework.Testing.Unit.MediaDirectoryCanBeChangedTest" assertions="3" time="0.052843"/>
        <testcase name="Media output directory can be changed for site rebuilds" file="Media Directory Can Be Changed (Hyde\Framework\Testing\Unit\MediaDirectoryCanBeChanged)::Media output directory can be changed for site rebuilds" class="Hyde\Framework\Testing\Unit\MediaDirectoryCanBeChangedTest" classname="Hyde.Framework.Testing.Unit.MediaDirectoryCanBeChangedTest" assertions="3" time="0.032550"/>
        <testcase name="Compiled pages have links to the right media file location" file="Media Directory Can Be Changed (Hyde\Framework\Testing\Unit\MediaDirectoryCanBeChanged)::Compiled pages have links to the right media file location" class="Hyde\Framework\Testing\Unit\MediaDirectoryCanBeChangedTest" classname="Hyde.Framework.Testing.Unit.MediaDirectoryCanBeChangedTest" assertions="3" time="0.039330"/>
      </testsuite>
      <testsuite name="Hyde\Framework\Testing\Unit\NavItemIsCurrentHelperTest" file="Nav Item Is Current Helper (Hyde\Framework\Testing\Unit\NavItemIsCurrentHelper)" tests="34" assertions="34" errors="0" failures="0" skipped="0" time="0.146855">
        <testcase name="Is current" file="Nav Item Is Current Helper (Hyde\Framework\Testing\Unit\NavItemIsCurrentHelper)::Is current" class="Hyde\Framework\Testing\Unit\NavItemIsCurrentHelperTest" classname="Hyde.Framework.Testing.Unit.NavItemIsCurrentHelperTest" assertions="1" time="0.010092"/>
        <testcase name="Is current when current" file="Nav Item Is Current Helper (Hyde\Framework\Testing\Unit\NavItemIsCurrentHelper)::Is current when current" class="Hyde\Framework\Testing\Unit\NavItemIsCurrentHelperTest" classname="Hyde.Framework.Testing.Unit.NavItemIsCurrentHelperTest" assertions="1" time="0.004700"/>
        <testcase name="Is current using current route" file="Nav Item Is Current Helper (Hyde\Framework\Testing\Unit\NavItemIsCurrentHelper)::Is current using current route" class="Hyde\Framework\Testing\Unit\NavItemIsCurrentHelperTest" classname="Hyde.Framework.Testing.Unit.NavItemIsCurrentHelperTest" assertions="1" time="0.004300"/>
        <testcase name="Is current using current link" file="Nav Item Is Current Helper (Hyde\Framework\Testing\Unit\NavItemIsCurrentHelper)::Is current using current link" class="Hyde\Framework\Testing\Unit\NavItemIsCurrentHelperTest" classname="Hyde.Framework.Testing.Unit.NavItemIsCurrentHelperTest" assertions="1" time="0.004034"/>
        <testcase name="Is current when not current" file="Nav Item Is Current Helper (Hyde\Framework\Testing\Unit\NavItemIsCurrentHelper)::Is current when not current" class="Hyde\Framework\Testing\Unit\NavItemIsCurrentHelperTest" classname="Hyde.Framework.Testing.Unit.NavItemIsCurrentHelperTest" assertions="1" time="0.004481"/>
        <testcase name="Is current using not current route" file="Nav Item Is Current Helper (Hyde\Framework\Testing\Unit\NavItemIsCurrentHelper)::Is current using not current route" class="Hyde\Framework\Testing\Unit\NavItemIsCurrentHelperTest" classname="Hyde.Framework.Testing.Unit.NavItemIsCurrentHelperTest" assertions="1" time="0.004228"/>
        <testcase name="Is current using not current link" file="Nav Item Is Current Helper (Hyde\Framework\Testing\Unit\NavItemIsCurrentHelper)::Is current using not current link" class="Hyde\Framework\Testing\Unit\NavItemIsCurrentHelperTest" classname="Hyde.Framework.Testing.Unit.NavItemIsCurrentHelperTest" assertions="1" time="0.003847"/>
        <testcase name="Is current with nested current page" file="Nav Item Is Current Helper (Hyde\Framework\Testing\Unit\NavItemIsCurrentHelper)::Is current with nested current page" class="Hyde\Framework\Testing\Unit\NavItemIsCurrentHelperTest" classname="Hyde.Framework.Testing.Unit.NavItemIsCurrentHelperTest" assertions="1" time="0.004382"/>
        <testcase name="Is current when current with nested current page" file="Nav Item Is Current Helper (Hyde\Framework\Testing\Unit\NavItemIsCurrentHelper)::Is current when current with nested current page" class="Hyde\Framework\Testing\Unit\NavItemIsCurrentHelperTest" classname="Hyde.Framework.Testing.Unit.NavItemIsCurrentHelperTest" assertions="1" time="0.004386"/>
        <testcase name="Is current with nested current page when nested" file="Nav Item Is Current Helper (Hyde\Framework\Testing\Unit\NavItemIsCurrentHelper)::Is current with nested current page when nested" class="Hyde\Framework\Testing\Unit\NavItemIsCurrentHelperTest" classname="Hyde.Framework.Testing.Unit.NavItemIsCurrentHelperTest" assertions="1" time="0.004401"/>
        <testcase name="Is current when current with nested current page when nested" file="Nav Item Is Current Helper (Hyde\Framework\Testing\Unit\NavItemIsCurrentHelper)::Is current when current with nested current page when nested" class="Hyde\Framework\Testing\Unit\NavItemIsCurrentHelperTest" classname="Hyde.Framework.Testing.Unit.NavItemIsCurrentHelperTest" assertions="1" time="0.004431"/>
        <testcase name="Is current with nested current page when very nested" file="Nav Item Is Current Helper (Hyde\Framework\Testing\Unit\NavItemIsCurrentHelper)::Is current with nested current page when very nested" class="Hyde\Framework\Testing\Unit\NavItemIsCurrentHelperTest" classname="Hyde.Framework.Testing.Unit.NavItemIsCurrentHelperTest" assertions="1" time="0.004470"/>
        <testcase name="Is current when current with nested current page when very nested" file="Nav Item Is Current Helper (Hyde\Framework\Testing\Unit\NavItemIsCurrentHelper)::Is current when current with nested current page when very nested" class="Hyde\Framework\Testing\Unit\NavItemIsCurrentHelperTest" classname="Hyde.Framework.Testing.Unit.NavItemIsCurrentHelperTest" assertions="1" time="0.004554"/>
        <testcase name="Is current with nested current page when very differing nested" file="Nav Item Is Current Helper (Hyde\Framework\Testing\Unit\NavItemIsCurrentHelper)::Is current with nested current page when very differing nested" class="Hyde\Framework\Testing\Unit\NavItemIsCurrentHelperTest" classname="Hyde.Framework.Testing.Unit.NavItemIsCurrentHelperTest" assertions="1" time="0.004686"/>
        <testcase name="Is current with nested current page when very differing nested inverse" file="Nav Item Is Current Helper (Hyde\Framework\Testing\Unit\NavItemIsCurrentHelper)::Is current with nested current page when very differing nested inverse" class="Hyde\Framework\Testing\Unit\NavItemIsCurrentHelperTest" classname="Hyde.Framework.Testing.Unit.NavItemIsCurrentHelperTest" assertions="1" time="0.004498"/>
        <testcase name="Is current using current link with nested current page" file="Nav Item Is Current Helper (Hyde\Framework\Testing\Unit\NavItemIsCurrentHelper)::Is current using current link with nested current page" class="Hyde\Framework\Testing\Unit\NavItemIsCurrentHelperTest" classname="Hyde.Framework.Testing.Unit.NavItemIsCurrentHelperTest" assertions="1" time="0.003926"/>
        <testcase name="Is current using not current link with nested current page" file="Nav Item Is Current Helper (Hyde\Framework\Testing\Unit\NavItemIsCurrentHelper)::Is current using not current link with nested current page" class="Hyde\Framework\Testing\Unit\NavItemIsCurrentHelperTest" classname="Hyde.Framework.Testing.Unit.NavItemIsCurrentHelperTest" assertions="1" time="0.003941"/>
        <testcase name="Is current when current with nested current page and subject page" file="Nav Item Is Current Helper (Hyde\Framework\Testing\Unit\NavItemIsCurrentHelper)::Is current when current with nested current page and subject page" class="Hyde\Framework\Testing\Unit\NavItemIsCurrentHelperTest" classname="Hyde.Framework.Testing.Unit.NavItemIsCurrentHelperTest" assertions="1" time="0.003954"/>
        <testcase name="Is current when not current with nested current page and subject page" file="Nav Item Is Current Helper (Hyde\Framework\Testing\Unit\NavItemIsCurrentHelper)::Is current when not current with nested current page and subject page" class="Hyde\Framework\Testing\Unit\NavItemIsCurrentHelperTest" classname="Hyde.Framework.Testing.Unit.NavItemIsCurrentHelperTest" assertions="1" time="0.003914"/>
        <testcase name="Is current with nested current page when nested using link item" file="Nav Item Is Current Helper (Hyde\Framework\Testing\Unit\NavItemIsCurrentHelper)::Is current with nested current page when nested using link item" class="Hyde\Framework\Testing\Unit\NavItemIsCurrentHelperTest" classname="Hyde.Framework.Testing.Unit.NavItemIsCurrentHelperTest" assertions="1" time="0.003885"/>
        <testcase name="Is current when current with nested current page when nested using link item" file="Nav Item Is Current Helper (Hyde\Framework\Testing\Unit\NavItemIsCurrentHelper)::Is current when current with nested current page when nested using link item" class="Hyde\Framework\Testing\Unit\NavItemIsCurrentHelperTest" classname="Hyde.Framework.Testing.Unit.NavItemIsCurrentHelperTest" assertions="1" time="0.003922"/>
        <testcase name="Is current with nested current page when very nested using link item" file="Nav Item Is Current Helper (Hyde\Framework\Testing\Unit\NavItemIsCurrentHelper)::Is current with nested current page when very nested using link item" class="Hyde\Framework\Testing\Unit\NavItemIsCurrentHelperTest" classname="Hyde.Framework.Testing.Unit.NavItemIsCurrentHelperTest" assertions="1" time="0.003922"/>
        <testcase name="Is current when current with nested current page when very nested using link item" file="Nav Item Is Current Helper (Hyde\Framework\Testing\Unit\NavItemIsCurrentHelper)::Is current when current with nested current page when very nested using link item" class="Hyde\Framework\Testing\Unit\NavItemIsCurrentHelperTest" classname="Hyde.Framework.Testing.Unit.NavItemIsCurrentHelperTest" assertions="1" time="0.003974"/>
        <testcase name="Is current with nested current page when very differing nested using link item" file="Nav Item Is Current Helper (Hyde\Framework\Testing\Unit\NavItemIsCurrentHelper)::Is current with nested current page when very differing nested using link item" class="Hyde\Framework\Testing\Unit\NavItemIsCurrentHelperTest" classname="Hyde.Framework.Testing.Unit.NavItemIsCurrentHelperTest" assertions="1" time="0.003989"/>
        <testcase name="Is current with nested current page when very differing nested inverse using link item" file="Nav Item Is Current Helper (Hyde\Framework\Testing\Unit\NavItemIsCurrentHelper)::Is current with nested current page when very differing nested inverse using link item" class="Hyde\Framework\Testing\Unit\NavItemIsCurrentHelperTest" classname="Hyde.Framework.Testing.Unit.NavItemIsCurrentHelperTest" assertions="1" time="0.004013"/>
        <testcase name="Is current with nested current page when nested using pretty link item" file="Nav Item Is Current Helper (Hyde\Framework\Testing\Unit\NavItemIsCurrentHelper)::Is current with nested current page when nested using pretty link item" class="Hyde\Framework\Testing\Unit\NavItemIsCurrentHelperTest" classname="Hyde.Framework.Testing.Unit.NavItemIsCurrentHelperTest" assertions="1" time="0.004098"/>
        <testcase name="Is current when current with nested current page when nested using pretty link item" file="Nav Item Is Current Helper (Hyde\Framework\Testing\Unit\NavItemIsCurrentHelper)::Is current when current with nested current page when nested using pretty link item" class="Hyde\Framework\Testing\Unit\NavItemIsCurrentHelperTest" classname="Hyde.Framework.Testing.Unit.NavItemIsCurrentHelperTest" assertions="1" time="0.004043"/>
        <testcase name="Is current with nested current page when very nested using pretty link item" file="Nav Item Is Current Helper (Hyde\Framework\Testing\Unit\NavItemIsCurrentHelper)::Is current with nested current page when very nested using pretty link item" class="Hyde\Framework\Testing\Unit\NavItemIsCurrentHelperTest" classname="Hyde.Framework.Testing.Unit.NavItemIsCurrentHelperTest" assertions="1" time="0.003940"/>
        <testcase name="Is current when current with nested current page when very nested using pretty link item" file="Nav Item Is Current Helper (Hyde\Framework\Testing\Unit\NavItemIsCurrentHelper)::Is current when current with nested current page when very nested using pretty link item" class="Hyde\Framework\Testing\Unit\NavItemIsCurrentHelperTest" classname="Hyde.Framework.Testing.Unit.NavItemIsCurrentHelperTest" assertions="1" time="0.003990"/>
        <testcase name="Is current with nested current page when very differing nested using pretty link item" file="Nav Item Is Current Helper (Hyde\Framework\Testing\Unit\NavItemIsCurrentHelper)::Is current with nested current page when very differing nested using pretty link item" class="Hyde\Framework\Testing\Unit\NavItemIsCurrentHelperTest" classname="Hyde.Framework.Testing.Unit.NavItemIsCurrentHelperTest" assertions="1" time="0.003937"/>
        <testcase name="Is current with nested current page when very differing nested inverse using pretty link item" file="Nav Item Is Current Helper (Hyde\Framework\Testing\Unit\NavItemIsCurrentHelper)::Is current with nested current page when very differing nested inverse using pretty link item" class="Hyde\Framework\Testing\Unit\NavItemIsCurrentHelperTest" classname="Hyde.Framework.Testing.Unit.NavItemIsCurrentHelperTest" assertions="1" time="0.003972"/>
        <testcase name="Is current with absolute link" file="Nav Item Is Current Helper (Hyde\Framework\Testing\Unit\NavItemIsCurrentHelper)::Is current with absolute link" class="Hyde\Framework\Testing\Unit\NavItemIsCurrentHelperTest" classname="Hyde.Framework.Testing.Unit.NavItemIsCurrentHelperTest" assertions="1" time="0.003880"/>
        <testcase name="Is current with nested current page when nested using absolute link item" file="Nav Item Is Current Helper (Hyde\Framework\Testing\Unit\NavItemIsCurrentHelper)::Is current with nested current page when nested using absolute link item" class="Hyde\Framework\Testing\Unit\NavItemIsCurrentHelperTest" classname="Hyde.Framework.Testing.Unit.NavItemIsCurrentHelperTest" assertions="1" time="0.004034"/>
        <testcase name="Is current when current with nested current page when nested using absolute link item" file="Nav Item Is Current Helper (Hyde\Framework\Testing\Unit\NavItemIsCurrentHelper)::Is current when current with nested current page when nested using absolute link item" class="Hyde\Framework\Testing\Unit\NavItemIsCurrentHelperTest" classname="Hyde.Framework.Testing.Unit.NavItemIsCurrentHelperTest" assertions="1" time="0.004033"/>
      </testsuite>
      <testsuite name="Hyde\Framework\Testing\Unit\NavItemTest" file="Nav Item (Hyde\Framework\Testing\Unit\NavItem)" tests="20" assertions="32" errors="0" failures="0" skipped="0" time="0.107534">
        <testcase name="Construct" file="Nav Item (Hyde\Framework\Testing\Unit\NavItem)::Construct" class="Hyde\Framework\Testing\Unit\NavItemTest" classname="Hyde.Framework.Testing.Unit.NavItemTest" assertions="1" time="0.037083"/>
        <testcase name="Get destination" file="Nav Item (Hyde\Framework\Testing\Unit\NavItem)::Get destination" class="Hyde\Framework\Testing\Unit\NavItemTest" classname="Hyde.Framework.Testing.Unit.NavItemTest" assertions="1" time="0.003549"/>
        <testcase name="Get label" file="Nav Item (Hyde\Framework\Testing\Unit\NavItem)::Get label" class="Hyde\Framework\Testing\Unit\NavItemTest" classname="Hyde.Framework.Testing.Unit.NavItemTest" assertions="1" time="0.003479"/>
        <testcase name="Get priority" file="Nav Item (Hyde\Framework\Testing\Unit\NavItem)::Get priority" class="Hyde\Framework\Testing\Unit\NavItemTest" classname="Hyde.Framework.Testing.Unit.NavItemTest" assertions="1" time="0.003472"/>
        <testcase name="Get group" file="Nav Item (Hyde\Framework\Testing\Unit\NavItem)::Get group" class="Hyde\Framework\Testing\Unit\NavItemTest" classname="Hyde.Framework.Testing.Unit.NavItemTest" assertions="1" time="0.003450"/>
        <testcase name="From route" file="Nav Item (Hyde\Framework\Testing\Unit\NavItem)::From route" class="Hyde\Framework\Testing\Unit\NavItemTest" classname="Hyde.Framework.Testing.Unit.NavItemTest" assertions="1" time="0.003426"/>
        <testcase name="To string" file="Nav Item (Hyde\Framework\Testing\Unit\NavItem)::To string" class="Hyde\Framework\Testing\Unit\NavItemTest" classname="Hyde.Framework.Testing.Unit.NavItemTest" assertions="1" time="0.006569"/>
        <testcase name="For link" file="Nav Item (Hyde\Framework\Testing\Unit\NavItem)::For link" class="Hyde\Framework\Testing\Unit\NavItemTest" classname="Hyde.Framework.Testing.Unit.NavItemTest" assertions="3" time="0.002375"/>
        <testcase name="For link with custom priority" file="Nav Item (Hyde\Framework\Testing\Unit\NavItem)::For link with custom priority" class="Hyde\Framework\Testing\Unit\NavItemTest" classname="Hyde.Framework.Testing.Unit.NavItemTest" assertions="1" time="0.002239"/>
        <testcase name="For route" file="Nav Item (Hyde\Framework\Testing\Unit\NavItem)::For route" class="Hyde\Framework\Testing\Unit\NavItemTest" classname="Hyde.Framework.Testing.Unit.NavItemTest" assertions="3" time="0.003045"/>
        <testcase name="For index route" file="Nav Item (Hyde\Framework\Testing\Unit\NavItem)::For index route" class="Hyde\Framework\Testing\Unit\NavItemTest" classname="Hyde.Framework.Testing.Unit.NavItemTest" assertions="3" time="0.002981"/>
        <testcase name="For route with route key" file="Nav Item (Hyde\Framework\Testing\Unit\NavItem)::For route with route key" class="Hyde\Framework\Testing\Unit\NavItemTest" classname="Hyde.Framework.Testing.Unit.NavItemTest" assertions="1" time="0.003047"/>
        <testcase name="For route with missing route key" file="Nav Item (Hyde\Framework\Testing\Unit\NavItem)::For route with missing route key" class="Hyde\Framework\Testing\Unit\NavItemTest" classname="Hyde.Framework.Testing.Unit.NavItemTest" assertions="1" time="0.002313"/>
        <testcase name="For route with custom priority" file="Nav Item (Hyde\Framework\Testing\Unit\NavItem)::For route with custom priority" class="Hyde\Framework\Testing\Unit\NavItemTest" classname="Hyde.Framework.Testing.Unit.NavItemTest" assertions="1" time="0.002725"/>
        <testcase name="Route based nav item destinations are resolved relatively" file="Nav Item (Hyde\Framework\Testing\Unit\NavItem)::Route based nav item destinations are resolved relatively" class="Hyde\Framework\Testing\Unit\NavItemTest" classname="Hyde.Framework.Testing.Unit.NavItemTest" assertions="6" time="0.008851"/>
        <testcase name="Is current" file="Nav Item (Hyde\Framework\Testing\Unit\NavItem)::Is current" class="Hyde\Framework\Testing\Unit\NavItemTest" classname="Hyde.Framework.Testing.Unit.NavItemTest" assertions="2" time="0.005225"/>
        <testcase name="Get group with no group" file="Nav Item (Hyde\Framework\Testing\Unit\NavItem)::Get group with no group" class="Hyde\Framework\Testing\Unit\NavItemTest" classname="Hyde.Framework.Testing.Unit.NavItemTest" assertions="1" time="0.003435"/>
        <testcase name="Get group with group" file="Nav Item (Hyde\Framework\Testing\Unit\NavItem)::Get group with group" class="Hyde\Framework\Testing\Unit\NavItemTest" classname="Hyde.Framework.Testing.Unit.NavItemTest" assertions="1" time="0.003393"/>
        <testcase name="Get group from route with group" file="Nav Item (Hyde\Framework\Testing\Unit\NavItem)::Get group from route with group" class="Hyde\Framework\Testing\Unit\NavItemTest" classname="Hyde.Framework.Testing.Unit.NavItemTest" assertions="1" time="0.003468"/>
        <testcase name="Get group for route with group" file="Nav Item (Hyde\Framework\Testing\Unit\NavItem)::Get group for route with group" class="Hyde\Framework\Testing\Unit\NavItemTest" classname="Hyde.Framework.Testing.Unit.NavItemTest" assertions="1" time="0.003411"/>
      </testsuite>
      <testsuite name="Hyde\Framework\Testing\Unit\NavigationDataFactoryUnitTest" file="Navigation Data Factory Unit (Hyde\Framework\Testing\Unit\NavigationDataFactoryUnit)" tests="10" assertions="24" errors="0" failures="0" skipped="0" time="0.052438">
        <testcase name="Search for priority in navigation config for markdown page with keyed config" file="Navigation Data Factory Unit (Hyde\Framework\Testing\Unit\NavigationDataFactoryUnit)::Search for priority in navigation config for markdown page with keyed config" class="Hyde\Framework\Testing\Unit\NavigationDataFactoryUnitTest" classname="Hyde.Framework.Testing.Unit.NavigationDataFactoryUnitTest" assertions="2" time="0.023200"/>
        <testcase name="Search for priority in navigation config for markdown page with list config" file="Navigation Data Factory Unit (Hyde\Framework\Testing\Unit\NavigationDataFactoryUnit)::Search for priority in navigation config for markdown page with list config" class="Hyde\Framework\Testing\Unit\NavigationDataFactoryUnitTest" classname="Hyde.Framework.Testing.Unit.NavigationDataFactoryUnitTest" assertions="2" time="0.003243"/>
        <testcase name="Search for priority in navigation config for markdown page supports mixing keyed and list config" file="Navigation Data Factory Unit (Hyde\Framework\Testing\Unit\NavigationDataFactoryUnit)::Search for priority in navigation config for markdown page supports mixing keyed and list config" class="Hyde\Framework\Testing\Unit\NavigationDataFactoryUnitTest" classname="Hyde.Framework.Testing.Unit.NavigationDataFactoryUnitTest" assertions="4" time="0.003714"/>
        <testcase name="Search for priority in navigation config for documentation page with list config" file="Navigation Data Factory Unit (Hyde\Framework\Testing\Unit\NavigationDataFactoryUnit)::Search for priority in navigation config for documentation page with list config" class="Hyde\Framework\Testing\Unit\NavigationDataFactoryUnitTest" classname="Hyde.Framework.Testing.Unit.NavigationDataFactoryUnitTest" assertions="2" time="0.003115"/>
        <testcase name="Search for priority in navigation config for documentation page with keyed config" file="Navigation Data Factory Unit (Hyde\Framework\Testing\Unit\NavigationDataFactoryUnit)::Search for priority in navigation config for documentation page with keyed config" class="Hyde\Framework\Testing\Unit\NavigationDataFactoryUnitTest" classname="Hyde.Framework.Testing.Unit.NavigationDataFactoryUnitTest" assertions="4" time="0.003668"/>
        <testcase name="Search for priority in navigation config for documentation page supports mixing keyed and list config" file="Navigation Data Factory Unit (Hyde\Framework\Testing\Unit\NavigationDataFactoryUnit)::Search for priority in navigation config for documentation page supports mixing keyed and list config" class="Hyde\Framework\Testing\Unit\NavigationDataFactoryUnitTest" classname="Hyde.Framework.Testing.Unit.NavigationDataFactoryUnitTest" assertions="4" time="0.003674"/>
        <testcase name="Route keys can be used for documentation sidebar priorities" file="Navigation Data Factory Unit (Hyde\Framework\Testing\Unit\NavigationDataFactoryUnit)::Route keys can be used for documentation sidebar priorities" class="Hyde\Framework\Testing\Unit\NavigationDataFactoryUnitTest" classname="Hyde.Framework.Testing.Unit.NavigationDataFactoryUnitTest" assertions="3" time="0.003417"/>
        <testcase name="Make group uses front matter group if set" file="Navigation Data Factory Unit (Hyde\Framework\Testing\Unit\NavigationDataFactoryUnit)::Make group uses front matter group if set" class="Hyde\Framework\Testing\Unit\NavigationDataFactoryUnitTest" classname="Hyde.Framework.Testing.Unit.NavigationDataFactoryUnitTest" assertions="1" time="0.002729"/>
        <testcase name="Make group uses front matter group if set regardless of subdirectory configuration" file="Navigation Data Factory Unit (Hyde\Framework\Testing\Unit\NavigationDataFactoryUnit)::Make group uses front matter group if set regardless of subdirectory configuration" class="Hyde\Framework\Testing\Unit\NavigationDataFactoryUnitTest" classname="Hyde.Framework.Testing.Unit.NavigationDataFactoryUnitTest" assertions="1" time="0.002842"/>
        <testcase name="Make group defaults to null if front matter group not set and subdirectories not used" file="Navigation Data Factory Unit (Hyde\Framework\Testing\Unit\NavigationDataFactoryUnit)::Make group defaults to null if front matter group not set and subdirectories not used" class="Hyde\Framework\Testing\Unit\NavigationDataFactoryUnitTest" classname="Hyde.Framework.Testing.Unit.NavigationDataFactoryUnitTest" assertions="1" time="0.002836"/>
      </testsuite>
      <testsuite name="Hyde\Framework\Testing\Unit\Pages\BladePageUnitTest" file="Blade Page Unit (Hyde\Framework\Testing\Unit\Pages\BladePageUnit)" tests="32" assertions="32" errors="0" failures="0" skipped="0" time="0.157777">
        <testcase name="Source directory" file="Blade Page Unit (Hyde\Framework\Testing\Unit\Pages\BladePageUnit)::Source directory" class="Hyde\Framework\Testing\Unit\Pages\BladePageUnitTest" classname="Hyde.Framework.Testing.Unit.Pages.BladePageUnitTest" assertions="1" time="0.013682"/>
        <testcase name="Output directory" file="Blade Page Unit (Hyde\Framework\Testing\Unit\Pages\BladePageUnit)::Output directory" class="Hyde\Framework\Testing\Unit\Pages\BladePageUnitTest" classname="Hyde.Framework.Testing.Unit.Pages.BladePageUnitTest" assertions="1" time="0.003446"/>
        <testcase name="Base route key" file="Blade Page Unit (Hyde\Framework\Testing\Unit\Pages\BladePageUnit)::Base route key" class="Hyde\Framework\Testing\Unit\Pages\BladePageUnitTest" classname="Hyde.Framework.Testing.Unit.Pages.BladePageUnitTest" assertions="1" time="0.003320"/>
        <testcase name="File extension" file="Blade Page Unit (Hyde\Framework\Testing\Unit\Pages\BladePageUnit)::File extension" class="Hyde\Framework\Testing\Unit\Pages\BladePageUnitTest" classname="Hyde.Framework.Testing.Unit.Pages.BladePageUnitTest" assertions="1" time="0.003209"/>
        <testcase name="Source path" file="Blade Page Unit (Hyde\Framework\Testing\Unit\Pages\BladePageUnit)::Source path" class="Hyde\Framework\Testing\Unit\Pages\BladePageUnitTest" classname="Hyde.Framework.Testing.Unit.Pages.BladePageUnitTest" assertions="1" time="0.003325"/>
        <testcase name="Output path" file="Blade Page Unit (Hyde\Framework\Testing\Unit\Pages\BladePageUnit)::Output path" class="Hyde\Framework\Testing\Unit\Pages\BladePageUnitTest" classname="Hyde.Framework.Testing.Unit.Pages.BladePageUnitTest" assertions="1" time="0.003292"/>
        <testcase name="Path" file="Blade Page Unit (Hyde\Framework\Testing\Unit\Pages\BladePageUnit)::Path" class="Hyde\Framework\Testing\Unit\Pages\BladePageUnitTest" classname="Hyde.Framework.Testing.Unit.Pages.BladePageUnitTest" assertions="1" time="0.003346"/>
        <testcase name="Get source path" file="Blade Page Unit (Hyde\Framework\Testing\Unit\Pages\BladePageUnit)::Get source path" class="Hyde\Framework\Testing\Unit\Pages\BladePageUnitTest" classname="Hyde.Framework.Testing.Unit.Pages.BladePageUnitTest" assertions="1" time="0.004476"/>
        <testcase name="Get output path" file="Blade Page Unit (Hyde\Framework\Testing\Unit\Pages\BladePageUnit)::Get output path" class="Hyde\Framework\Testing\Unit\Pages\BladePageUnitTest" classname="Hyde.Framework.Testing.Unit.Pages.BladePageUnitTest" assertions="1" time="0.004299"/>
        <testcase name="Get link" file="Blade Page Unit (Hyde\Framework\Testing\Unit\Pages\BladePageUnit)::Get link" class="Hyde\Framework\Testing\Unit\Pages\BladePageUnitTest" classname="Hyde.Framework.Testing.Unit.Pages.BladePageUnitTest" assertions="1" time="0.004383"/>
        <testcase name="Make" file="Blade Page Unit (Hyde\Framework\Testing\Unit\Pages\BladePageUnit)::Make" class="Hyde\Framework\Testing\Unit\Pages\BladePageUnitTest" classname="Hyde.Framework.Testing.Unit.Pages.BladePageUnitTest" assertions="1" time="0.004903"/>
        <testcase name="Make with data" file="Blade Page Unit (Hyde\Framework\Testing\Unit\Pages\BladePageUnit)::Make with data" class="Hyde\Framework\Testing\Unit\Pages\BladePageUnitTest" classname="Hyde.Framework.Testing.Unit.Pages.BladePageUnitTest" assertions="1" time="0.005401"/>
        <testcase name="Show in navigation" file="Blade Page Unit (Hyde\Framework\Testing\Unit\Pages\BladePageUnit)::Show in navigation" class="Hyde\Framework\Testing\Unit\Pages\BladePageUnitTest" classname="Hyde.Framework.Testing.Unit.Pages.BladePageUnitTest" assertions="1" time="0.004057"/>
        <testcase name="Navigation menu priority" file="Blade Page Unit (Hyde\Framework\Testing\Unit\Pages\BladePageUnit)::Navigation menu priority" class="Hyde\Framework\Testing\Unit\Pages\BladePageUnitTest" classname="Hyde.Framework.Testing.Unit.Pages.BladePageUnitTest" assertions="1" time="0.004100"/>
        <testcase name="Navigation menu label" file="Blade Page Unit (Hyde\Framework\Testing\Unit\Pages\BladePageUnit)::Navigation menu label" class="Hyde\Framework\Testing\Unit\Pages\BladePageUnitTest" classname="Hyde.Framework.Testing.Unit.Pages.BladePageUnitTest" assertions="1" time="0.004472"/>
        <testcase name="Navigation menu group" file="Blade Page Unit (Hyde\Framework\Testing\Unit\Pages\BladePageUnit)::Navigation menu group" class="Hyde\Framework\Testing\Unit\Pages\BladePageUnitTest" classname="Hyde.Framework.Testing.Unit.Pages.BladePageUnitTest" assertions="1" time="0.004300"/>
        <testcase name="Get blade view" file="Blade Page Unit (Hyde\Framework\Testing\Unit\Pages\BladePageUnit)::Get blade view" class="Hyde\Framework\Testing\Unit\Pages\BladePageUnitTest" classname="Hyde.Framework.Testing.Unit.Pages.BladePageUnitTest" assertions="1" time="0.005832"/>
        <testcase name="Files" file="Blade Page Unit (Hyde\Framework\Testing\Unit\Pages\BladePageUnit)::Files" class="Hyde\Framework\Testing\Unit\Pages\BladePageUnitTest" classname="Hyde.Framework.Testing.Unit.Pages.BladePageUnitTest" assertions="1" time="0.007138"/>
        <testcase name="Data" file="Blade Page Unit (Hyde\Framework\Testing\Unit\Pages\BladePageUnit)::Data" class="Hyde\Framework\Testing\Unit\Pages\BladePageUnitTest" classname="Hyde.Framework.Testing.Unit.Pages.BladePageUnitTest" assertions="1" time="0.004376"/>
        <testcase name="Get" file="Blade Page Unit (Hyde\Framework\Testing\Unit\Pages\BladePageUnit)::Get" class="Hyde\Framework\Testing\Unit\Pages\BladePageUnitTest" classname="Hyde.Framework.Testing.Unit.Pages.BladePageUnitTest" assertions="1" time="0.008861"/>
        <testcase name="Parse" file="Blade Page Unit (Hyde\Framework\Testing\Unit\Pages\BladePageUnit)::Parse" class="Hyde\Framework\Testing\Unit\Pages\BladePageUnitTest" classname="Hyde.Framework.Testing.Unit.Pages.BladePageUnitTest" assertions="1" time="0.004944"/>
        <testcase name="Get route key" file="Blade Page Unit (Hyde\Framework\Testing\Unit\Pages\BladePageUnit)::Get route key" class="Hyde\Framework\Testing\Unit\Pages\BladePageUnitTest" classname="Hyde.Framework.Testing.Unit.Pages.BladePageUnitTest" assertions="1" time="0.004316"/>
        <testcase name="Title" file="Blade Page Unit (Hyde\Framework\Testing\Unit\Pages\BladePageUnit)::Title" class="Hyde\Framework\Testing\Unit\Pages\BladePageUnitTest" classname="Hyde.Framework.Testing.Unit.Pages.BladePageUnitTest" assertions="1" time="0.004323"/>
        <testcase name="All" file="Blade Page Unit (Hyde\Framework\Testing\Unit\Pages\BladePageUnit)::All" class="Hyde\Framework\Testing\Unit\Pages\BladePageUnitTest" classname="Hyde.Framework.Testing.Unit.Pages.BladePageUnitTest" assertions="1" time="0.006748"/>
        <testcase name="Metadata" file="Blade Page Unit (Hyde\Framework\Testing\Unit\Pages\BladePageUnit)::Metadata" class="Hyde\Framework\Testing\Unit\Pages\BladePageUnitTest" classname="Hyde.Framework.Testing.Unit.Pages.BladePageUnitTest" assertions="1" time="0.004111"/>
        <testcase name="Construct" file="Blade Page Unit (Hyde\Framework\Testing\Unit\Pages\BladePageUnit)::Construct" class="Hyde\Framework\Testing\Unit\Pages\BladePageUnitTest" classname="Hyde.Framework.Testing.Unit.Pages.BladePageUnitTest" assertions="1" time="0.004076"/>
        <testcase name="Get route" file="Blade Page Unit (Hyde\Framework\Testing\Unit\Pages\BladePageUnit)::Get route" class="Hyde\Framework\Testing\Unit\Pages\BladePageUnitTest" classname="Hyde.Framework.Testing.Unit.Pages.BladePageUnitTest" assertions="1" time="0.007334"/>
        <testcase name="Get identifier" file="Blade Page Unit (Hyde\Framework\Testing\Unit\Pages\BladePageUnit)::Get identifier" class="Hyde\Framework\Testing\Unit\Pages\BladePageUnitTest" classname="Hyde.Framework.Testing.Unit.Pages.BladePageUnitTest" assertions="1" time="0.004424"/>
        <testcase name="Has" file="Blade Page Unit (Hyde\Framework\Testing\Unit\Pages\BladePageUnit)::Has" class="Hyde\Framework\Testing\Unit\Pages\BladePageUnitTest" classname="Hyde.Framework.Testing.Unit.Pages.BladePageUnitTest" assertions="1" time="0.004346"/>
        <testcase name="To core data object" file="Blade Page Unit (Hyde\Framework\Testing\Unit\Pages\BladePageUnit)::To core data object" class="Hyde\Framework\Testing\Unit\Pages\BladePageUnitTest" classname="Hyde.Framework.Testing.Unit.Pages.BladePageUnitTest" assertions="1" time="0.004355"/>
        <testcase name="Compile" file="Blade Page Unit (Hyde\Framework\Testing\Unit\Pages\BladePageUnit)::Compile" class="Hyde\Framework\Testing\Unit\Pages\BladePageUnitTest" classname="Hyde.Framework.Testing.Unit.Pages.BladePageUnitTest" assertions="1" time="0.004362"/>
        <testcase name="Matter" file="Blade Page Unit (Hyde\Framework\Testing\Unit\Pages\BladePageUnit)::Matter" class="Hyde\Framework\Testing\Unit\Pages\BladePageUnitTest" classname="Hyde.Framework.Testing.Unit.Pages.BladePageUnitTest" assertions="1" time="0.004221"/>
      </testsuite>
      <testsuite name="Hyde\Framework\Testing\Unit\Pages\DocumentationPageUnitTest" file="Documentation Page Unit (Hyde\Framework\Testing\Unit\Pages\DocumentationPageUnit)" tests="35" assertions="36" errors="0" failures="0" skipped="0" time="0.210719">
        <testcase name="Source directory" file="Documentation Page Unit (Hyde\Framework\Testing\Unit\Pages\DocumentationPageUnit)::Source directory" class="Hyde\Framework\Testing\Unit\Pages\DocumentationPageUnitTest" classname="Hyde.Framework.Testing.Unit.Pages.DocumentationPageUnitTest" assertions="1" time="0.033837"/>
        <testcase name="Output directory" file="Documentation Page Unit (Hyde\Framework\Testing\Unit\Pages\DocumentationPageUnit)::Output directory" class="Hyde\Framework\Testing\Unit\Pages\DocumentationPageUnitTest" classname="Hyde.Framework.Testing.Unit.Pages.DocumentationPageUnitTest" assertions="1" time="0.003177"/>
        <testcase name="Base route key" file="Documentation Page Unit (Hyde\Framework\Testing\Unit\Pages\DocumentationPageUnit)::Base route key" class="Hyde\Framework\Testing\Unit\Pages\DocumentationPageUnitTest" classname="Hyde.Framework.Testing.Unit.Pages.DocumentationPageUnitTest" assertions="1" time="0.003121"/>
        <testcase name="File extension" file="Documentation Page Unit (Hyde\Framework\Testing\Unit\Pages\DocumentationPageUnit)::File extension" class="Hyde\Framework\Testing\Unit\Pages\DocumentationPageUnitTest" classname="Hyde.Framework.Testing.Unit.Pages.DocumentationPageUnitTest" assertions="1" time="0.003163"/>
        <testcase name="Source path" file="Documentation Page Unit (Hyde\Framework\Testing\Unit\Pages\DocumentationPageUnit)::Source path" class="Hyde\Framework\Testing\Unit\Pages\DocumentationPageUnitTest" classname="Hyde.Framework.Testing.Unit.Pages.DocumentationPageUnitTest" assertions="1" time="0.003201"/>
        <testcase name="Output path" file="Documentation Page Unit (Hyde\Framework\Testing\Unit\Pages\DocumentationPageUnit)::Output path" class="Hyde\Framework\Testing\Unit\Pages\DocumentationPageUnitTest" classname="Hyde.Framework.Testing.Unit.Pages.DocumentationPageUnitTest" assertions="1" time="0.003243"/>
        <testcase name="Path" file="Documentation Page Unit (Hyde\Framework\Testing\Unit\Pages\DocumentationPageUnit)::Path" class="Hyde\Framework\Testing\Unit\Pages\DocumentationPageUnitTest" classname="Hyde.Framework.Testing.Unit.Pages.DocumentationPageUnitTest" assertions="1" time="0.003321"/>
        <testcase name="Get source path" file="Documentation Page Unit (Hyde\Framework\Testing\Unit\Pages\DocumentationPageUnit)::Get source path" class="Hyde\Framework\Testing\Unit\Pages\DocumentationPageUnitTest" classname="Hyde.Framework.Testing.Unit.Pages.DocumentationPageUnitTest" assertions="1" time="0.004561"/>
        <testcase name="Get output path" file="Documentation Page Unit (Hyde\Framework\Testing\Unit\Pages\DocumentationPageUnit)::Get output path" class="Hyde\Framework\Testing\Unit\Pages\DocumentationPageUnitTest" classname="Hyde.Framework.Testing.Unit.Pages.DocumentationPageUnitTest" assertions="1" time="0.004397"/>
        <testcase name="Get link" file="Documentation Page Unit (Hyde\Framework\Testing\Unit\Pages\DocumentationPageUnit)::Get link" class="Hyde\Framework\Testing\Unit\Pages\DocumentationPageUnitTest" classname="Hyde.Framework.Testing.Unit.Pages.DocumentationPageUnitTest" assertions="1" time="0.004419"/>
        <testcase name="Make" file="Documentation Page Unit (Hyde\Framework\Testing\Unit\Pages\DocumentationPageUnit)::Make" class="Hyde\Framework\Testing\Unit\Pages\DocumentationPageUnitTest" classname="Hyde.Framework.Testing.Unit.Pages.DocumentationPageUnitTest" assertions="1" time="0.005105"/>
        <testcase name="Make with data" file="Documentation Page Unit (Hyde\Framework\Testing\Unit\Pages\DocumentationPageUnit)::Make with data" class="Hyde\Framework\Testing\Unit\Pages\DocumentationPageUnitTest" classname="Hyde.Framework.Testing.Unit.Pages.DocumentationPageUnitTest" assertions="1" time="0.005699"/>
        <testcase name="Show in navigation" file="Documentation Page Unit (Hyde\Framework\Testing\Unit\Pages\DocumentationPageUnit)::Show in navigation" class="Hyde\Framework\Testing\Unit\Pages\DocumentationPageUnitTest" classname="Hyde.Framework.Testing.Unit.Pages.DocumentationPageUnitTest" assertions="1" time="0.004270"/>
        <testcase name="Navigation menu priority" file="Documentation Page Unit (Hyde\Framework\Testing\Unit\Pages\DocumentationPageUnit)::Navigation menu priority" class="Hyde\Framework\Testing\Unit\Pages\DocumentationPageUnitTest" classname="Hyde.Framework.Testing.Unit.Pages.DocumentationPageUnitTest" assertions="1" time="0.004216"/>
        <testcase name="Navigation menu label" file="Documentation Page Unit (Hyde\Framework\Testing\Unit\Pages\DocumentationPageUnit)::Navigation menu label" class="Hyde\Framework\Testing\Unit\Pages\DocumentationPageUnitTest" classname="Hyde.Framework.Testing.Unit.Pages.DocumentationPageUnitTest" assertions="1" time="0.004422"/>
        <testcase name="Navigation menu group" file="Documentation Page Unit (Hyde\Framework\Testing\Unit\Pages\DocumentationPageUnit)::Navigation menu group" class="Hyde\Framework\Testing\Unit\Pages\DocumentationPageUnitTest" classname="Hyde.Framework.Testing.Unit.Pages.DocumentationPageUnitTest" assertions="1" time="0.004346"/>
        <testcase name="Navigation menu group with data" file="Documentation Page Unit (Hyde\Framework\Testing\Unit\Pages\DocumentationPageUnit)::Navigation menu group with data" class="Hyde\Framework\Testing\Unit\Pages\DocumentationPageUnitTest" classname="Hyde.Framework.Testing.Unit.Pages.DocumentationPageUnitTest" assertions="1" time="0.004162"/>
        <testcase name="Get blade view" file="Documentation Page Unit (Hyde\Framework\Testing\Unit\Pages\DocumentationPageUnit)::Get blade view" class="Hyde\Framework\Testing\Unit\Pages\DocumentationPageUnitTest" classname="Hyde.Framework.Testing.Unit.Pages.DocumentationPageUnitTest" assertions="1" time="0.004360"/>
        <testcase name="Files" file="Documentation Page Unit (Hyde\Framework\Testing\Unit\Pages\DocumentationPageUnit)::Files" class="Hyde\Framework\Testing\Unit\Pages\DocumentationPageUnitTest" classname="Hyde.Framework.Testing.Unit.Pages.DocumentationPageUnitTest" assertions="1" time="0.007009"/>
        <testcase name="Data" file="Documentation Page Unit (Hyde\Framework\Testing\Unit\Pages\DocumentationPageUnit)::Data" class="Hyde\Framework\Testing\Unit\Pages\DocumentationPageUnitTest" classname="Hyde.Framework.Testing.Unit.Pages.DocumentationPageUnitTest" assertions="1" time="0.004357"/>
        <testcase name="Get" file="Documentation Page Unit (Hyde\Framework\Testing\Unit\Pages\DocumentationPageUnit)::Get" class="Hyde\Framework\Testing\Unit\Pages\DocumentationPageUnitTest" classname="Hyde.Framework.Testing.Unit.Pages.DocumentationPageUnitTest" assertions="1" time="0.010228"/>
        <testcase name="Parse" file="Documentation Page Unit (Hyde\Framework\Testing\Unit\Pages\DocumentationPageUnit)::Parse" class="Hyde\Framework\Testing\Unit\Pages\DocumentationPageUnitTest" classname="Hyde.Framework.Testing.Unit.Pages.DocumentationPageUnitTest" assertions="1" time="0.005320"/>
        <testcase name="Get route key" file="Documentation Page Unit (Hyde\Framework\Testing\Unit\Pages\DocumentationPageUnit)::Get route key" class="Hyde\Framework\Testing\Unit\Pages\DocumentationPageUnitTest" classname="Hyde.Framework.Testing.Unit.Pages.DocumentationPageUnitTest" assertions="1" time="0.006137"/>
        <testcase name="Title" file="Documentation Page Unit (Hyde\Framework\Testing\Unit\Pages\DocumentationPageUnit)::Title" class="Hyde\Framework\Testing\Unit\Pages\DocumentationPageUnitTest" classname="Hyde.Framework.Testing.Unit.Pages.DocumentationPageUnitTest" assertions="1" time="0.004709"/>
        <testcase name="All" file="Documentation Page Unit (Hyde\Framework\Testing\Unit\Pages\DocumentationPageUnit)::All" class="Hyde\Framework\Testing\Unit\Pages\DocumentationPageUnitTest" classname="Hyde.Framework.Testing.Unit.Pages.DocumentationPageUnitTest" assertions="1" time="0.006725"/>
        <testcase name="Metadata" file="Documentation Page Unit (Hyde\Framework\Testing\Unit\Pages\DocumentationPageUnit)::Metadata" class="Hyde\Framework\Testing\Unit\Pages\DocumentationPageUnitTest" classname="Hyde.Framework.Testing.Unit.Pages.DocumentationPageUnitTest" assertions="1" time="0.004159"/>
        <testcase name="Construct" file="Documentation Page Unit (Hyde\Framework\Testing\Unit\Pages\DocumentationPageUnit)::Construct" class="Hyde\Framework\Testing\Unit\Pages\DocumentationPageUnitTest" classname="Hyde.Framework.Testing.Unit.Pages.DocumentationPageUnitTest" assertions="1" time="0.004134"/>
        <testcase name="Get route" file="Documentation Page Unit (Hyde\Framework\Testing\Unit\Pages\DocumentationPageUnit)::Get route" class="Hyde\Framework\Testing\Unit\Pages\DocumentationPageUnitTest" classname="Hyde.Framework.Testing.Unit.Pages.DocumentationPageUnitTest" assertions="1" time="0.007051"/>
        <testcase name="Get identifier" file="Documentation Page Unit (Hyde\Framework\Testing\Unit\Pages\DocumentationPageUnit)::Get identifier" class="Hyde\Framework\Testing\Unit\Pages\DocumentationPageUnitTest" classname="Hyde.Framework.Testing.Unit.Pages.DocumentationPageUnitTest" assertions="1" time="0.004365"/>
        <testcase name="Has" file="Documentation Page Unit (Hyde\Framework\Testing\Unit\Pages\DocumentationPageUnit)::Has" class="Hyde\Framework\Testing\Unit\Pages\DocumentationPageUnitTest" classname="Hyde.Framework.Testing.Unit.Pages.DocumentationPageUnitTest" assertions="1" time="0.004343"/>
        <testcase name="To core data object" file="Documentation Page Unit (Hyde\Framework\Testing\Unit\Pages\DocumentationPageUnit)::To core data object" class="Hyde\Framework\Testing\Unit\Pages\DocumentationPageUnitTest" classname="Hyde.Framework.Testing.Unit.Pages.DocumentationPageUnitTest" assertions="1" time="0.004332"/>
        <testcase name="Compile" file="Documentation Page Unit (Hyde\Framework\Testing\Unit\Pages\DocumentationPageUnit)::Compile" class="Hyde\Framework\Testing\Unit\Pages\DocumentationPageUnitTest" classname="Hyde.Framework.Testing.Unit.Pages.DocumentationPageUnitTest" assertions="1" time="0.020517"/>
        <testcase name="Matter" file="Documentation Page Unit (Hyde\Framework\Testing\Unit\Pages\DocumentationPageUnit)::Matter" class="Hyde\Framework\Testing\Unit\Pages\DocumentationPageUnitTest" classname="Hyde.Framework.Testing.Unit.Pages.DocumentationPageUnitTest" assertions="1" time="0.004738"/>
        <testcase name="Markdown" file="Documentation Page Unit (Hyde\Framework\Testing\Unit\Pages\DocumentationPageUnit)::Markdown" class="Hyde\Framework\Testing\Unit\Pages\DocumentationPageUnitTest" classname="Hyde.Framework.Testing.Unit.Pages.DocumentationPageUnitTest" assertions="1" time="0.004358"/>
        <testcase name="Save" file="Documentation Page Unit (Hyde\Framework\Testing\Unit\Pages\DocumentationPageUnit)::Save" class="Hyde\Framework\Testing\Unit\Pages\DocumentationPageUnitTest" classname="Hyde.Framework.Testing.Unit.Pages.DocumentationPageUnitTest" assertions="2" time="0.005216"/>
      </testsuite>
      <testsuite name="Hyde\Framework\Testing\Unit\Pages\HtmlPageTest" file="Html Page (Hyde\Framework\Testing\Unit\Pages\HtmlPage)" tests="2" assertions="3" errors="0" failures="0" skipped="0" time="0.082106">
        <testcase name="Html page can be compiled" file="Html Page (Hyde\Framework\Testing\Unit\Pages\HtmlPage)::Html page can be compiled" class="Hyde\Framework\Testing\Unit\Pages\HtmlPageTest" classname="Hyde.Framework.Testing.Unit.Pages.HtmlPageTest" assertions="2" time="0.059826"/>
        <testcase name="Compile method uses contents" file="Html Page (Hyde\Framework\Testing\Unit\Pages\HtmlPage)::Compile method uses contents" class="Hyde\Framework\Testing\Unit\Pages\HtmlPageTest" classname="Hyde.Framework.Testing.Unit.Pages.HtmlPageTest" assertions="1" time="0.022280"/>
      </testsuite>
      <testsuite name="Hyde\Framework\Testing\Unit\Pages\HtmlPageUnitTest" file="Html Page Unit (Hyde\Framework\Testing\Unit\Pages\HtmlPageUnit)" tests="32" assertions="32" errors="0" failures="0" skipped="0" time="0.153669">
        <testcase name="Source directory" file="Html Page Unit (Hyde\Framework\Testing\Unit\Pages\HtmlPageUnit)::Source directory" class="Hyde\Framework\Testing\Unit\Pages\HtmlPageUnitTest" classname="Hyde.Framework.Testing.Unit.Pages.HtmlPageUnitTest" assertions="1" time="0.006836"/>
        <testcase name="Output directory" file="Html Page Unit (Hyde\Framework\Testing\Unit\Pages\HtmlPageUnit)::Output directory" class="Hyde\Framework\Testing\Unit\Pages\HtmlPageUnitTest" classname="Hyde.Framework.Testing.Unit.Pages.HtmlPageUnitTest" assertions="1" time="0.003345"/>
        <testcase name="Base route key" file="Html Page Unit (Hyde\Framework\Testing\Unit\Pages\HtmlPageUnit)::Base route key" class="Hyde\Framework\Testing\Unit\Pages\HtmlPageUnitTest" classname="Hyde.Framework.Testing.Unit.Pages.HtmlPageUnitTest" assertions="1" time="0.003319"/>
        <testcase name="File extension" file="Html Page Unit (Hyde\Framework\Testing\Unit\Pages\HtmlPageUnit)::File extension" class="Hyde\Framework\Testing\Unit\Pages\HtmlPageUnitTest" classname="Hyde.Framework.Testing.Unit.Pages.HtmlPageUnitTest" assertions="1" time="0.003255"/>
        <testcase name="Source path" file="Html Page Unit (Hyde\Framework\Testing\Unit\Pages\HtmlPageUnit)::Source path" class="Hyde\Framework\Testing\Unit\Pages\HtmlPageUnitTest" classname="Hyde.Framework.Testing.Unit.Pages.HtmlPageUnitTest" assertions="1" time="0.003330"/>
        <testcase name="Output path" file="Html Page Unit (Hyde\Framework\Testing\Unit\Pages\HtmlPageUnit)::Output path" class="Hyde\Framework\Testing\Unit\Pages\HtmlPageUnitTest" classname="Hyde.Framework.Testing.Unit.Pages.HtmlPageUnitTest" assertions="1" time="0.003329"/>
        <testcase name="Path" file="Html Page Unit (Hyde\Framework\Testing\Unit\Pages\HtmlPageUnit)::Path" class="Hyde\Framework\Testing\Unit\Pages\HtmlPageUnitTest" classname="Hyde.Framework.Testing.Unit.Pages.HtmlPageUnitTest" assertions="1" time="0.003353"/>
        <testcase name="Get source path" file="Html Page Unit (Hyde\Framework\Testing\Unit\Pages\HtmlPageUnit)::Get source path" class="Hyde\Framework\Testing\Unit\Pages\HtmlPageUnitTest" classname="Hyde.Framework.Testing.Unit.Pages.HtmlPageUnitTest" assertions="1" time="0.004329"/>
        <testcase name="Get output path" file="Html Page Unit (Hyde\Framework\Testing\Unit\Pages\HtmlPageUnit)::Get output path" class="Hyde\Framework\Testing\Unit\Pages\HtmlPageUnitTest" classname="Hyde.Framework.Testing.Unit.Pages.HtmlPageUnitTest" assertions="1" time="0.004364"/>
        <testcase name="Get link" file="Html Page Unit (Hyde\Framework\Testing\Unit\Pages\HtmlPageUnit)::Get link" class="Hyde\Framework\Testing\Unit\Pages\HtmlPageUnitTest" classname="Hyde.Framework.Testing.Unit.Pages.HtmlPageUnitTest" assertions="1" time="0.004345"/>
        <testcase name="Make" file="Html Page Unit (Hyde\Framework\Testing\Unit\Pages\HtmlPageUnit)::Make" class="Hyde\Framework\Testing\Unit\Pages\HtmlPageUnitTest" classname="Hyde.Framework.Testing.Unit.Pages.HtmlPageUnitTest" assertions="1" time="0.004940"/>
        <testcase name="Make with data" file="Html Page Unit (Hyde\Framework\Testing\Unit\Pages\HtmlPageUnit)::Make with data" class="Hyde\Framework\Testing\Unit\Pages\HtmlPageUnitTest" classname="Hyde.Framework.Testing.Unit.Pages.HtmlPageUnitTest" assertions="1" time="0.005485"/>
        <testcase name="Show in navigation" file="Html Page Unit (Hyde\Framework\Testing\Unit\Pages\HtmlPageUnit)::Show in navigation" class="Hyde\Framework\Testing\Unit\Pages\HtmlPageUnitTest" classname="Hyde.Framework.Testing.Unit.Pages.HtmlPageUnitTest" assertions="1" time="0.004141"/>
        <testcase name="Navigation menu priority" file="Html Page Unit (Hyde\Framework\Testing\Unit\Pages\HtmlPageUnit)::Navigation menu priority" class="Hyde\Framework\Testing\Unit\Pages\HtmlPageUnitTest" classname="Hyde.Framework.Testing.Unit.Pages.HtmlPageUnitTest" assertions="1" time="0.004108"/>
        <testcase name="Navigation menu label" file="Html Page Unit (Hyde\Framework\Testing\Unit\Pages\HtmlPageUnit)::Navigation menu label" class="Hyde\Framework\Testing\Unit\Pages\HtmlPageUnitTest" classname="Hyde.Framework.Testing.Unit.Pages.HtmlPageUnitTest" assertions="1" time="0.004475"/>
        <testcase name="Navigation menu group" file="Html Page Unit (Hyde\Framework\Testing\Unit\Pages\HtmlPageUnit)::Navigation menu group" class="Hyde\Framework\Testing\Unit\Pages\HtmlPageUnitTest" classname="Hyde.Framework.Testing.Unit.Pages.HtmlPageUnitTest" assertions="1" time="0.004327"/>
        <testcase name="Get blade view" file="Html Page Unit (Hyde\Framework\Testing\Unit\Pages\HtmlPageUnit)::Get blade view" class="Hyde\Framework\Testing\Unit\Pages\HtmlPageUnitTest" classname="Hyde.Framework.Testing.Unit.Pages.HtmlPageUnitTest" assertions="1" time="0.004375"/>
        <testcase name="Files" file="Html Page Unit (Hyde\Framework\Testing\Unit\Pages\HtmlPageUnit)::Files" class="Hyde\Framework\Testing\Unit\Pages\HtmlPageUnitTest" classname="Hyde.Framework.Testing.Unit.Pages.HtmlPageUnitTest" assertions="1" time="0.007185"/>
        <testcase name="Data" file="Html Page Unit (Hyde\Framework\Testing\Unit\Pages\HtmlPageUnit)::Data" class="Hyde\Framework\Testing\Unit\Pages\HtmlPageUnitTest" classname="Hyde.Framework.Testing.Unit.Pages.HtmlPageUnitTest" assertions="1" time="0.004408"/>
        <testcase name="Get" file="Html Page Unit (Hyde\Framework\Testing\Unit\Pages\HtmlPageUnit)::Get" class="Hyde\Framework\Testing\Unit\Pages\HtmlPageUnitTest" classname="Hyde.Framework.Testing.Unit.Pages.HtmlPageUnitTest" assertions="1" time="0.008952"/>
        <testcase name="Parse" file="Html Page Unit (Hyde\Framework\Testing\Unit\Pages\HtmlPageUnit)::Parse" class="Hyde\Framework\Testing\Unit\Pages\HtmlPageUnitTest" classname="Hyde.Framework.Testing.Unit.Pages.HtmlPageUnitTest" assertions="1" time="0.005117"/>
        <testcase name="Get route key" file="Html Page Unit (Hyde\Framework\Testing\Unit\Pages\HtmlPageUnit)::Get route key" class="Hyde\Framework\Testing\Unit\Pages\HtmlPageUnitTest" classname="Hyde.Framework.Testing.Unit.Pages.HtmlPageUnitTest" assertions="1" time="0.004347"/>
        <testcase name="Title" file="Html Page Unit (Hyde\Framework\Testing\Unit\Pages\HtmlPageUnit)::Title" class="Hyde\Framework\Testing\Unit\Pages\HtmlPageUnitTest" classname="Hyde.Framework.Testing.Unit.Pages.HtmlPageUnitTest" assertions="1" time="0.004334"/>
        <testcase name="All" file="Html Page Unit (Hyde\Framework\Testing\Unit\Pages\HtmlPageUnit)::All" class="Hyde\Framework\Testing\Unit\Pages\HtmlPageUnitTest" classname="Hyde.Framework.Testing.Unit.Pages.HtmlPageUnitTest" assertions="1" time="0.006813"/>
        <testcase name="Metadata" file="Html Page Unit (Hyde\Framework\Testing\Unit\Pages\HtmlPageUnit)::Metadata" class="Hyde\Framework\Testing\Unit\Pages\HtmlPageUnitTest" classname="Hyde.Framework.Testing.Unit.Pages.HtmlPageUnitTest" assertions="1" time="0.004089"/>
        <testcase name="Construct" file="Html Page Unit (Hyde\Framework\Testing\Unit\Pages\HtmlPageUnit)::Construct" class="Hyde\Framework\Testing\Unit\Pages\HtmlPageUnitTest" classname="Hyde.Framework.Testing.Unit.Pages.HtmlPageUnitTest" assertions="1" time="0.004055"/>
        <testcase name="Get route" file="Html Page Unit (Hyde\Framework\Testing\Unit\Pages\HtmlPageUnit)::Get route" class="Hyde\Framework\Testing\Unit\Pages\HtmlPageUnitTest" classname="Hyde.Framework.Testing.Unit.Pages.HtmlPageUnitTest" assertions="1" time="0.006984"/>
        <testcase name="Get identifier" file="Html Page Unit (Hyde\Framework\Testing\Unit\Pages\HtmlPageUnit)::Get identifier" class="Hyde\Framework\Testing\Unit\Pages\HtmlPageUnitTest" classname="Hyde.Framework.Testing.Unit.Pages.HtmlPageUnitTest" assertions="1" time="0.004335"/>
        <testcase name="Has" file="Html Page Unit (Hyde\Framework\Testing\Unit\Pages\HtmlPageUnit)::Has" class="Hyde\Framework\Testing\Unit\Pages\HtmlPageUnitTest" classname="Hyde.Framework.Testing.Unit.Pages.HtmlPageUnitTest" assertions="1" time="0.004284"/>
        <testcase name="To core data object" file="Html Page Unit (Hyde\Framework\Testing\Unit\Pages\HtmlPageUnit)::To core data object" class="Hyde\Framework\Testing\Unit\Pages\HtmlPageUnitTest" classname="Hyde.Framework.Testing.Unit.Pages.HtmlPageUnitTest" assertions="1" time="0.004286"/>
        <testcase name="Compile" file="Html Page Unit (Hyde\Framework\Testing\Unit\Pages\HtmlPageUnit)::Compile" class="Hyde\Framework\Testing\Unit\Pages\HtmlPageUnitTest" classname="Hyde.Framework.Testing.Unit.Pages.HtmlPageUnitTest" assertions="1" time="0.008441"/>
        <testcase name="Matter" file="Html Page Unit (Hyde\Framework\Testing\Unit\Pages\HtmlPageUnit)::Matter" class="Hyde\Framework\Testing\Unit\Pages\HtmlPageUnitTest" classname="Hyde.Framework.Testing.Unit.Pages.HtmlPageUnitTest" assertions="1" time="0.004381"/>
      </testsuite>
      <testsuite name="Hyde\Framework\Testing\Unit\Pages\InMemoryPageTest" file="In Memory Page (Hyde\Framework\Testing\Unit\Pages\InMemoryPage)" tests="16" assertions="19" errors="0" failures="0" skipped="0" time="0.393639">
        <testcase name="Construct with contents string" file="In Memory Page (Hyde\Framework\Testing\Unit\Pages\InMemoryPage)::Construct with contents string" class="Hyde\Framework\Testing\Unit\Pages\InMemoryPageTest" classname="Hyde.Framework.Testing.Unit.Pages.InMemoryPageTest" assertions="1" time="0.056447"/>
        <testcase name="Make with contents string" file="In Memory Page (Hyde\Framework\Testing\Unit\Pages\InMemoryPage)::Make with contents string" class="Hyde\Framework\Testing\Unit\Pages\InMemoryPageTest" classname="Hyde.Framework.Testing.Unit.Pages.InMemoryPageTest" assertions="2" time="0.022406"/>
        <testcase name="Contents method" file="In Memory Page (Hyde\Framework\Testing\Unit\Pages\InMemoryPage)::Contents method" class="Hyde\Framework\Testing\Unit\Pages\InMemoryPageTest" classname="Hyde.Framework.Testing.Unit.Pages.InMemoryPageTest" assertions="1" time="0.020699"/>
        <testcase name="View method" file="In Memory Page (Hyde\Framework\Testing\Unit\Pages\InMemoryPage)::View method" class="Hyde\Framework\Testing\Unit\Pages\InMemoryPageTest" classname="Hyde.Framework.Testing.Unit.Pages.InMemoryPageTest" assertions="1" time="0.021014"/>
        <testcase name="Compile method uses contents property" file="In Memory Page (Hyde\Framework\Testing\Unit\Pages\InMemoryPage)::Compile method uses contents property" class="Hyde\Framework\Testing\Unit\Pages\InMemoryPageTest" classname="Hyde.Framework.Testing.Unit.Pages.InMemoryPageTest" assertions="1" time="0.021225"/>
        <testcase name="Compile method uses view property" file="In Memory Page (Hyde\Framework\Testing\Unit\Pages\InMemoryPage)::Compile method uses view property" class="Hyde\Framework\Testing\Unit\Pages\InMemoryPageTest" classname="Hyde.Framework.Testing.Unit.Pages.InMemoryPageTest" assertions="1" time="0.022269"/>
        <testcase name="Compile method using view compile and front matter" file="In Memory Page (Hyde\Framework\Testing\Unit\Pages\InMemoryPage)::Compile method using view compile and front matter" class="Hyde\Framework\Testing\Unit\Pages\InMemoryPageTest" classname="Hyde.Framework.Testing.Unit.Pages.InMemoryPageTest" assertions="1" time="0.034654"/>
        <testcase name="Compile method prefers contents property over view" file="In Memory Page (Hyde\Framework\Testing\Unit\Pages\InMemoryPage)::Compile method prefers contents property over view" class="Hyde\Framework\Testing\Unit\Pages\InMemoryPageTest" classname="Hyde.Framework.Testing.Unit.Pages.InMemoryPageTest" assertions="1" time="0.022528"/>
        <testcase name="Compile method can compile anonymous view files" file="In Memory Page (Hyde\Framework\Testing\Unit\Pages\InMemoryPage)::Compile method can compile anonymous view files" class="Hyde\Framework\Testing\Unit\Pages\InMemoryPageTest" classname="Hyde.Framework.Testing.Unit.Pages.InMemoryPageTest" assertions="1" time="0.022930"/>
        <testcase name="Compile method can compile anonymous view files with front matter" file="In Memory Page (Hyde\Framework\Testing\Unit\Pages\InMemoryPage)::Compile method can compile anonymous view files with front matter" class="Hyde\Framework\Testing\Unit\Pages\InMemoryPageTest" classname="Hyde.Framework.Testing.Unit.Pages.InMemoryPageTest" assertions="1" time="0.022977"/>
        <testcase name="Can create instance macros" file="In Memory Page (Hyde\Framework\Testing\Unit\Pages\InMemoryPage)::Can create instance macros" class="Hyde\Framework\Testing\Unit\Pages\InMemoryPageTest" classname="Hyde.Framework.Testing.Unit.Pages.InMemoryPageTest" assertions="1" time="0.021045"/>
        <testcase name="Can create instance macros using callable object" file="In Memory Page (Hyde\Framework\Testing\Unit\Pages\InMemoryPage)::Can create instance macros using callable object" class="Hyde\Framework\Testing\Unit\Pages\InMemoryPageTest" classname="Hyde.Framework.Testing.Unit.Pages.InMemoryPageTest" assertions="1" time="0.021170"/>
        <testcase name="Calling macro with arguments" file="In Memory Page (Hyde\Framework\Testing\Unit\Pages\InMemoryPage)::Calling macro with arguments" class="Hyde\Framework\Testing\Unit\Pages\InMemoryPageTest" classname="Hyde.Framework.Testing.Unit.Pages.InMemoryPageTest" assertions="1" time="0.021023"/>
        <testcase name="Can use macros to overload class compile method" file="In Memory Page (Hyde\Framework\Testing\Unit\Pages\InMemoryPage)::Can use macros to overload class compile method" class="Hyde\Framework\Testing\Unit\Pages\InMemoryPageTest" classname="Hyde.Framework.Testing.Unit.Pages.InMemoryPageTest" assertions="1" time="0.020903"/>
        <testcase name="Calling undefined macro" file="In Memory Page (Hyde\Framework\Testing\Unit\Pages\InMemoryPage)::Calling undefined macro" class="Hyde\Framework\Testing\Unit\Pages\InMemoryPageTest" classname="Hyde.Framework.Testing.Unit.Pages.InMemoryPageTest" assertions="2" time="0.021244"/>
        <testcase name="Has macro" file="In Memory Page (Hyde\Framework\Testing\Unit\Pages\InMemoryPage)::Has macro" class="Hyde\Framework\Testing\Unit\Pages\InMemoryPageTest" classname="Hyde.Framework.Testing.Unit.Pages.InMemoryPageTest" assertions="2" time="0.021106"/>
      </testsuite>
      <testsuite name="Hyde\Framework\Testing\Unit\Pages\InMemoryPageUnitTest" file="In Memory Page Unit (Hyde\Framework\Testing\Unit\Pages\InMemoryPageUnit)" tests="32" assertions="32" errors="0" failures="0" skipped="0" time="0.170217">
        <testcase name="Source directory" file="In Memory Page Unit (Hyde\Framework\Testing\Unit\Pages\InMemoryPageUnit)::Source directory" class="Hyde\Framework\Testing\Unit\Pages\InMemoryPageUnitTest" classname="Hyde.Framework.Testing.Unit.Pages.InMemoryPageUnitTest" assertions="1" time="0.024439"/>
        <testcase name="Output directory" file="In Memory Page Unit (Hyde\Framework\Testing\Unit\Pages\InMemoryPageUnit)::Output directory" class="Hyde\Framework\Testing\Unit\Pages\InMemoryPageUnitTest" classname="Hyde.Framework.Testing.Unit.Pages.InMemoryPageUnitTest" assertions="1" time="0.003256"/>
        <testcase name="Base route key" file="In Memory Page Unit (Hyde\Framework\Testing\Unit\Pages\InMemoryPageUnit)::Base route key" class="Hyde\Framework\Testing\Unit\Pages\InMemoryPageUnitTest" classname="Hyde.Framework.Testing.Unit.Pages.InMemoryPageUnitTest" assertions="1" time="0.003217"/>
        <testcase name="File extension" file="In Memory Page Unit (Hyde\Framework\Testing\Unit\Pages\InMemoryPageUnit)::File extension" class="Hyde\Framework\Testing\Unit\Pages\InMemoryPageUnitTest" classname="Hyde.Framework.Testing.Unit.Pages.InMemoryPageUnitTest" assertions="1" time="0.003237"/>
        <testcase name="Source path" file="In Memory Page Unit (Hyde\Framework\Testing\Unit\Pages\InMemoryPageUnit)::Source path" class="Hyde\Framework\Testing\Unit\Pages\InMemoryPageUnitTest" classname="Hyde.Framework.Testing.Unit.Pages.InMemoryPageUnitTest" assertions="1" time="0.003332"/>
        <testcase name="Output path" file="In Memory Page Unit (Hyde\Framework\Testing\Unit\Pages\InMemoryPageUnit)::Output path" class="Hyde\Framework\Testing\Unit\Pages\InMemoryPageUnitTest" classname="Hyde.Framework.Testing.Unit.Pages.InMemoryPageUnitTest" assertions="1" time="0.003280"/>
        <testcase name="Path" file="In Memory Page Unit (Hyde\Framework\Testing\Unit\Pages\InMemoryPageUnit)::Path" class="Hyde\Framework\Testing\Unit\Pages\InMemoryPageUnitTest" classname="Hyde.Framework.Testing.Unit.Pages.InMemoryPageUnitTest" assertions="1" time="0.003369"/>
        <testcase name="Get source path" file="In Memory Page Unit (Hyde\Framework\Testing\Unit\Pages\InMemoryPageUnit)::Get source path" class="Hyde\Framework\Testing\Unit\Pages\InMemoryPageUnitTest" classname="Hyde.Framework.Testing.Unit.Pages.InMemoryPageUnitTest" assertions="1" time="0.004417"/>
        <testcase name="Get output path" file="In Memory Page Unit (Hyde\Framework\Testing\Unit\Pages\InMemoryPageUnit)::Get output path" class="Hyde\Framework\Testing\Unit\Pages\InMemoryPageUnitTest" classname="Hyde.Framework.Testing.Unit.Pages.InMemoryPageUnitTest" assertions="1" time="0.004369"/>
        <testcase name="Get link" file="In Memory Page Unit (Hyde\Framework\Testing\Unit\Pages\InMemoryPageUnit)::Get link" class="Hyde\Framework\Testing\Unit\Pages\InMemoryPageUnitTest" classname="Hyde.Framework.Testing.Unit.Pages.InMemoryPageUnitTest" assertions="1" time="0.004390"/>
        <testcase name="Make" file="In Memory Page Unit (Hyde\Framework\Testing\Unit\Pages\InMemoryPageUnit)::Make" class="Hyde\Framework\Testing\Unit\Pages\InMemoryPageUnitTest" classname="Hyde.Framework.Testing.Unit.Pages.InMemoryPageUnitTest" assertions="1" time="0.005484"/>
        <testcase name="Make with data" file="In Memory Page Unit (Hyde\Framework\Testing\Unit\Pages\InMemoryPageUnit)::Make with data" class="Hyde\Framework\Testing\Unit\Pages\InMemoryPageUnitTest" classname="Hyde.Framework.Testing.Unit.Pages.InMemoryPageUnitTest" assertions="1" time="0.005541"/>
        <testcase name="Show in navigation" file="In Memory Page Unit (Hyde\Framework\Testing\Unit\Pages\InMemoryPageUnit)::Show in navigation" class="Hyde\Framework\Testing\Unit\Pages\InMemoryPageUnitTest" classname="Hyde.Framework.Testing.Unit.Pages.InMemoryPageUnitTest" assertions="1" time="0.004314"/>
        <testcase name="Navigation menu priority" file="In Memory Page Unit (Hyde\Framework\Testing\Unit\Pages\InMemoryPageUnit)::Navigation menu priority" class="Hyde\Framework\Testing\Unit\Pages\InMemoryPageUnitTest" classname="Hyde.Framework.Testing.Unit.Pages.InMemoryPageUnitTest" assertions="1" time="0.004338"/>
        <testcase name="Navigation menu label" file="In Memory Page Unit (Hyde\Framework\Testing\Unit\Pages\InMemoryPageUnit)::Navigation menu label" class="Hyde\Framework\Testing\Unit\Pages\InMemoryPageUnitTest" classname="Hyde.Framework.Testing.Unit.Pages.InMemoryPageUnitTest" assertions="1" time="0.004365"/>
        <testcase name="Navigation menu group" file="In Memory Page Unit (Hyde\Framework\Testing\Unit\Pages\InMemoryPageUnit)::Navigation menu group" class="Hyde\Framework\Testing\Unit\Pages\InMemoryPageUnitTest" classname="Hyde.Framework.Testing.Unit.Pages.InMemoryPageUnitTest" assertions="1" time="0.004421"/>
        <testcase name="Get blade view" file="In Memory Page Unit (Hyde\Framework\Testing\Unit\Pages\InMemoryPageUnit)::Get blade view" class="Hyde\Framework\Testing\Unit\Pages\InMemoryPageUnitTest" classname="Hyde.Framework.Testing.Unit.Pages.InMemoryPageUnitTest" assertions="1" time="0.004353"/>
        <testcase name="Files" file="In Memory Page Unit (Hyde\Framework\Testing\Unit\Pages\InMemoryPageUnit)::Files" class="Hyde\Framework\Testing\Unit\Pages\InMemoryPageUnitTest" classname="Hyde.Framework.Testing.Unit.Pages.InMemoryPageUnitTest" assertions="1" time="0.007038"/>
        <testcase name="Data" file="In Memory Page Unit (Hyde\Framework\Testing\Unit\Pages\InMemoryPageUnit)::Data" class="Hyde\Framework\Testing\Unit\Pages\InMemoryPageUnitTest" classname="Hyde.Framework.Testing.Unit.Pages.InMemoryPageUnitTest" assertions="1" time="0.004396"/>
        <testcase name="Get" file="In Memory Page Unit (Hyde\Framework\Testing\Unit\Pages\InMemoryPageUnit)::Get" class="Hyde\Framework\Testing\Unit\Pages\InMemoryPageUnitTest" classname="Hyde.Framework.Testing.Unit.Pages.InMemoryPageUnitTest" assertions="1" time="0.007050"/>
        <testcase name="Parse" file="In Memory Page Unit (Hyde\Framework\Testing\Unit\Pages\InMemoryPageUnit)::Parse" class="Hyde\Framework\Testing\Unit\Pages\InMemoryPageUnitTest" classname="Hyde.Framework.Testing.Unit.Pages.InMemoryPageUnitTest" assertions="1" time="0.005069"/>
        <testcase name="Get route key" file="In Memory Page Unit (Hyde\Framework\Testing\Unit\Pages\InMemoryPageUnit)::Get route key" class="Hyde\Framework\Testing\Unit\Pages\InMemoryPageUnitTest" classname="Hyde.Framework.Testing.Unit.Pages.InMemoryPageUnitTest" assertions="1" time="0.004353"/>
        <testcase name="Title" file="In Memory Page Unit (Hyde\Framework\Testing\Unit\Pages\InMemoryPageUnit)::Title" class="Hyde\Framework\Testing\Unit\Pages\InMemoryPageUnitTest" classname="Hyde.Framework.Testing.Unit.Pages.InMemoryPageUnitTest" assertions="1" time="0.004336"/>
        <testcase name="All" file="In Memory Page Unit (Hyde\Framework\Testing\Unit\Pages\InMemoryPageUnit)::All" class="Hyde\Framework\Testing\Unit\Pages\InMemoryPageUnitTest" classname="Hyde.Framework.Testing.Unit.Pages.InMemoryPageUnitTest" assertions="1" time="0.006692"/>
        <testcase name="Metadata" file="In Memory Page Unit (Hyde\Framework\Testing\Unit\Pages\InMemoryPageUnit)::Metadata" class="Hyde\Framework\Testing\Unit\Pages\InMemoryPageUnitTest" classname="Hyde.Framework.Testing.Unit.Pages.InMemoryPageUnitTest" assertions="1" time="0.004394"/>
        <testcase name="Construct" file="In Memory Page Unit (Hyde\Framework\Testing\Unit\Pages\InMemoryPageUnit)::Construct" class="Hyde\Framework\Testing\Unit\Pages\InMemoryPageUnitTest" classname="Hyde.Framework.Testing.Unit.Pages.InMemoryPageUnitTest" assertions="1" time="0.004265"/>
        <testcase name="Get route" file="In Memory Page Unit (Hyde\Framework\Testing\Unit\Pages\InMemoryPageUnit)::Get route" class="Hyde\Framework\Testing\Unit\Pages\InMemoryPageUnitTest" classname="Hyde.Framework.Testing.Unit.Pages.InMemoryPageUnitTest" assertions="1" time="0.007041"/>
        <testcase name="Get identifier" file="In Memory Page Unit (Hyde\Framework\Testing\Unit\Pages\InMemoryPageUnit)::Get identifier" class="Hyde\Framework\Testing\Unit\Pages\InMemoryPageUnitTest" classname="Hyde.Framework.Testing.Unit.Pages.InMemoryPageUnitTest" assertions="1" time="0.004369"/>
        <testcase name="Has" file="In Memory Page Unit (Hyde\Framework\Testing\Unit\Pages\InMemoryPageUnit)::Has" class="Hyde\Framework\Testing\Unit\Pages\InMemoryPageUnitTest" classname="Hyde.Framework.Testing.Unit.Pages.InMemoryPageUnitTest" assertions="1" time="0.004318"/>
        <testcase name="To core data object" file="In Memory Page Unit (Hyde\Framework\Testing\Unit\Pages\InMemoryPageUnit)::To core data object" class="Hyde\Framework\Testing\Unit\Pages\InMemoryPageUnitTest" classname="Hyde.Framework.Testing.Unit.Pages.InMemoryPageUnitTest" assertions="1" time="0.004310"/>
        <testcase name="Compile" file="In Memory Page Unit (Hyde\Framework\Testing\Unit\Pages\InMemoryPageUnit)::Compile" class="Hyde\Framework\Testing\Unit\Pages\InMemoryPageUnitTest" classname="Hyde.Framework.Testing.Unit.Pages.InMemoryPageUnitTest" assertions="1" time="0.008202"/>
        <testcase name="Matter" file="In Memory Page Unit (Hyde\Framework\Testing\Unit\Pages\InMemoryPageUnit)::Matter" class="Hyde\Framework\Testing\Unit\Pages\InMemoryPageUnitTest" classname="Hyde.Framework.Testing.Unit.Pages.InMemoryPageUnitTest" assertions="1" time="0.004266"/>
      </testsuite>
      <testsuite name="Hyde\Framework\Testing\Unit\Pages\MarkdownPageModelConstructorArgumentsAreOptionalTest" file="Markdown Page Model Constructor Arguments Are Optional (Hyde\Framework\Testing\Unit\Pages\MarkdownPageModelConstructorArgumentsAreOptional)" tests="1" assertions="3" errors="0" failures="0" skipped="0" time="0.057564">
        <testcase name="Markdown page model constructor arguments are optional" file="Markdown Page Model Constructor Arguments Are Optional (Hyde\Framework\Testing\Unit\Pages\MarkdownPageModelConstructorArgumentsAreOptional)::Markdown page model constructor arguments are optional" class="Hyde\Framework\Testing\Unit\Pages\MarkdownPageModelConstructorArgumentsAreOptionalTest" classname="Hyde.Framework.Testing.Unit.Pages.MarkdownPageModelConstructorArgumentsAreOptionalTest" assertions="3" time="0.057564"/>
      </testsuite>
      <testsuite name="Hyde\Framework\Testing\Unit\Pages\MarkdownPageTest" file="Markdown Page (Hyde\Framework\Testing\Unit\Pages\MarkdownPage)" tests="3" assertions="7" errors="0" failures="0" skipped="0" time="0.083889">
        <testcase name="Can get collection of slugs" file="Markdown Page (Hyde\Framework\Testing\Unit\Pages\MarkdownPage)::Can get collection of slugs" class="Hyde\Framework\Testing\Unit\Pages\MarkdownPageTest" classname="Hyde.Framework.Testing.Unit.Pages.MarkdownPageTest" assertions="1" time="0.026951"/>
        <testcase name="Created model contains expected data" file="Markdown Page (Hyde\Framework\Testing\Unit\Pages\MarkdownPage)::Created model contains expected data" class="Hyde\Framework\Testing\Unit\Pages\MarkdownPageTest" classname="Hyde.Framework.Testing.Unit.Pages.MarkdownPageTest" assertions="4" time="0.021971"/>
        <testcase name="Can render markdown page" file="Markdown Page (Hyde\Framework\Testing\Unit\Pages\MarkdownPage)::Can render markdown page" class="Hyde\Framework\Testing\Unit\Pages\MarkdownPageTest" classname="Hyde.Framework.Testing.Unit.Pages.MarkdownPageTest" assertions="2" time="0.034966"/>
      </testsuite>
      <testsuite name="Hyde\Framework\Testing\Unit\Pages\MarkdownPageUnitTest" file="Markdown Page Unit (Hyde\Framework\Testing\Unit\Pages\MarkdownPageUnit)" tests="34" assertions="35" errors="0" failures="0" skipped="0" time="0.174982">
        <testcase name="Source directory" file="Markdown Page Unit (Hyde\Framework\Testing\Unit\Pages\MarkdownPageUnit)::Source directory" class="Hyde\Framework\Testing\Unit\Pages\MarkdownPageUnitTest" classname="Hyde.Framework.Testing.Unit.Pages.MarkdownPageUnitTest" assertions="1" time="0.007777"/>
        <testcase name="Output directory" file="Markdown Page Unit (Hyde\Framework\Testing\Unit\Pages\MarkdownPageUnit)::Output directory" class="Hyde\Framework\Testing\Unit\Pages\MarkdownPageUnitTest" classname="Hyde.Framework.Testing.Unit.Pages.MarkdownPageUnitTest" assertions="1" time="0.003264"/>
        <testcase name="Base route key" file="Markdown Page Unit (Hyde\Framework\Testing\Unit\Pages\MarkdownPageUnit)::Base route key" class="Hyde\Framework\Testing\Unit\Pages\MarkdownPageUnitTest" classname="Hyde.Framework.Testing.Unit.Pages.MarkdownPageUnitTest" assertions="1" time="0.003255"/>
        <testcase name="File extension" file="Markdown Page Unit (Hyde\Framework\Testing\Unit\Pages\MarkdownPageUnit)::File extension" class="Hyde\Framework\Testing\Unit\Pages\MarkdownPageUnitTest" classname="Hyde.Framework.Testing.Unit.Pages.MarkdownPageUnitTest" assertions="1" time="0.003253"/>
        <testcase name="Source path" file="Markdown Page Unit (Hyde\Framework\Testing\Unit\Pages\MarkdownPageUnit)::Source path" class="Hyde\Framework\Testing\Unit\Pages\MarkdownPageUnitTest" classname="Hyde.Framework.Testing.Unit.Pages.MarkdownPageUnitTest" assertions="1" time="0.003283"/>
        <testcase name="Output path" file="Markdown Page Unit (Hyde\Framework\Testing\Unit\Pages\MarkdownPageUnit)::Output path" class="Hyde\Framework\Testing\Unit\Pages\MarkdownPageUnitTest" classname="Hyde.Framework.Testing.Unit.Pages.MarkdownPageUnitTest" assertions="1" time="0.003336"/>
        <testcase name="Path" file="Markdown Page Unit (Hyde\Framework\Testing\Unit\Pages\MarkdownPageUnit)::Path" class="Hyde\Framework\Testing\Unit\Pages\MarkdownPageUnitTest" classname="Hyde.Framework.Testing.Unit.Pages.MarkdownPageUnitTest" assertions="1" time="0.003365"/>
        <testcase name="Get source path" file="Markdown Page Unit (Hyde\Framework\Testing\Unit\Pages\MarkdownPageUnit)::Get source path" class="Hyde\Framework\Testing\Unit\Pages\MarkdownPageUnitTest" classname="Hyde.Framework.Testing.Unit.Pages.MarkdownPageUnitTest" assertions="1" time="0.004327"/>
        <testcase name="Get output path" file="Markdown Page Unit (Hyde\Framework\Testing\Unit\Pages\MarkdownPageUnit)::Get output path" class="Hyde\Framework\Testing\Unit\Pages\MarkdownPageUnitTest" classname="Hyde.Framework.Testing.Unit.Pages.MarkdownPageUnitTest" assertions="1" time="0.004318"/>
        <testcase name="Get link" file="Markdown Page Unit (Hyde\Framework\Testing\Unit\Pages\MarkdownPageUnit)::Get link" class="Hyde\Framework\Testing\Unit\Pages\MarkdownPageUnitTest" classname="Hyde.Framework.Testing.Unit.Pages.MarkdownPageUnitTest" assertions="1" time="0.004347"/>
        <testcase name="Make" file="Markdown Page Unit (Hyde\Framework\Testing\Unit\Pages\MarkdownPageUnit)::Make" class="Hyde\Framework\Testing\Unit\Pages\MarkdownPageUnitTest" classname="Hyde.Framework.Testing.Unit.Pages.MarkdownPageUnitTest" assertions="1" time="0.005028"/>
        <testcase name="Make with data" file="Markdown Page Unit (Hyde\Framework\Testing\Unit\Pages\MarkdownPageUnit)::Make with data" class="Hyde\Framework\Testing\Unit\Pages\MarkdownPageUnitTest" classname="Hyde.Framework.Testing.Unit.Pages.MarkdownPageUnitTest" assertions="1" time="0.005492"/>
        <testcase name="Show in navigation" file="Markdown Page Unit (Hyde\Framework\Testing\Unit\Pages\MarkdownPageUnit)::Show in navigation" class="Hyde\Framework\Testing\Unit\Pages\MarkdownPageUnitTest" classname="Hyde.Framework.Testing.Unit.Pages.MarkdownPageUnitTest" assertions="1" time="0.004170"/>
        <testcase name="Navigation menu priority" file="Markdown Page Unit (Hyde\Framework\Testing\Unit\Pages\MarkdownPageUnit)::Navigation menu priority" class="Hyde\Framework\Testing\Unit\Pages\MarkdownPageUnitTest" classname="Hyde.Framework.Testing.Unit.Pages.MarkdownPageUnitTest" assertions="1" time="0.004169"/>
        <testcase name="Navigation menu label" file="Markdown Page Unit (Hyde\Framework\Testing\Unit\Pages\MarkdownPageUnit)::Navigation menu label" class="Hyde\Framework\Testing\Unit\Pages\MarkdownPageUnitTest" classname="Hyde.Framework.Testing.Unit.Pages.MarkdownPageUnitTest" assertions="1" time="0.004344"/>
        <testcase name="Navigation menu group" file="Markdown Page Unit (Hyde\Framework\Testing\Unit\Pages\MarkdownPageUnit)::Navigation menu group" class="Hyde\Framework\Testing\Unit\Pages\MarkdownPageUnitTest" classname="Hyde.Framework.Testing.Unit.Pages.MarkdownPageUnitTest" assertions="1" time="0.004305"/>
        <testcase name="Get blade view" file="Markdown Page Unit (Hyde\Framework\Testing\Unit\Pages\MarkdownPageUnit)::Get blade view" class="Hyde\Framework\Testing\Unit\Pages\MarkdownPageUnitTest" classname="Hyde.Framework.Testing.Unit.Pages.MarkdownPageUnitTest" assertions="1" time="0.004321"/>
        <testcase name="Files" file="Markdown Page Unit (Hyde\Framework\Testing\Unit\Pages\MarkdownPageUnit)::Files" class="Hyde\Framework\Testing\Unit\Pages\MarkdownPageUnitTest" classname="Hyde.Framework.Testing.Unit.Pages.MarkdownPageUnitTest" assertions="1" time="0.006745"/>
        <testcase name="Data" file="Markdown Page Unit (Hyde\Framework\Testing\Unit\Pages\MarkdownPageUnit)::Data" class="Hyde\Framework\Testing\Unit\Pages\MarkdownPageUnitTest" classname="Hyde.Framework.Testing.Unit.Pages.MarkdownPageUnitTest" assertions="1" time="0.004335"/>
        <testcase name="Get" file="Markdown Page Unit (Hyde\Framework\Testing\Unit\Pages\MarkdownPageUnit)::Get" class="Hyde\Framework\Testing\Unit\Pages\MarkdownPageUnitTest" classname="Hyde.Framework.Testing.Unit.Pages.MarkdownPageUnitTest" assertions="1" time="0.009318"/>
        <testcase name="Parse" file="Markdown Page Unit (Hyde\Framework\Testing\Unit\Pages\MarkdownPageUnit)::Parse" class="Hyde\Framework\Testing\Unit\Pages\MarkdownPageUnitTest" classname="Hyde.Framework.Testing.Unit.Pages.MarkdownPageUnitTest" assertions="1" time="0.005360"/>
        <testcase name="Get route key" file="Markdown Page Unit (Hyde\Framework\Testing\Unit\Pages\MarkdownPageUnit)::Get route key" class="Hyde\Framework\Testing\Unit\Pages\MarkdownPageUnitTest" classname="Hyde.Framework.Testing.Unit.Pages.MarkdownPageUnitTest" assertions="1" time="0.004356"/>
        <testcase name="Title" file="Markdown Page Unit (Hyde\Framework\Testing\Unit\Pages\MarkdownPageUnit)::Title" class="Hyde\Framework\Testing\Unit\Pages\MarkdownPageUnitTest" classname="Hyde.Framework.Testing.Unit.Pages.MarkdownPageUnitTest" assertions="1" time="0.004622"/>
        <testcase name="All" file="Markdown Page Unit (Hyde\Framework\Testing\Unit\Pages\MarkdownPageUnit)::All" class="Hyde\Framework\Testing\Unit\Pages\MarkdownPageUnitTest" classname="Hyde.Framework.Testing.Unit.Pages.MarkdownPageUnitTest" assertions="1" time="0.006757"/>
        <testcase name="Metadata" file="Markdown Page Unit (Hyde\Framework\Testing\Unit\Pages\MarkdownPageUnit)::Metadata" class="Hyde\Framework\Testing\Unit\Pages\MarkdownPageUnitTest" classname="Hyde.Framework.Testing.Unit.Pages.MarkdownPageUnitTest" assertions="1" time="0.004195"/>
        <testcase name="Construct" file="Markdown Page Unit (Hyde\Framework\Testing\Unit\Pages\MarkdownPageUnit)::Construct" class="Hyde\Framework\Testing\Unit\Pages\MarkdownPageUnitTest" classname="Hyde.Framework.Testing.Unit.Pages.MarkdownPageUnitTest" assertions="1" time="0.004136"/>
        <testcase name="Get route" file="Markdown Page Unit (Hyde\Framework\Testing\Unit\Pages\MarkdownPageUnit)::Get route" class="Hyde\Framework\Testing\Unit\Pages\MarkdownPageUnitTest" classname="Hyde.Framework.Testing.Unit.Pages.MarkdownPageUnitTest" assertions="1" time="0.007003"/>
        <testcase name="Get identifier" file="Markdown Page Unit (Hyde\Framework\Testing\Unit\Pages\MarkdownPageUnit)::Get identifier" class="Hyde\Framework\Testing\Unit\Pages\MarkdownPageUnitTest" classname="Hyde.Framework.Testing.Unit.Pages.MarkdownPageUnitTest" assertions="1" time="0.004405"/>
        <testcase name="Has" file="Markdown Page Unit (Hyde\Framework\Testing\Unit\Pages\MarkdownPageUnit)::Has" class="Hyde\Framework\Testing\Unit\Pages\MarkdownPageUnitTest" classname="Hyde.Framework.Testing.Unit.Pages.MarkdownPageUnitTest" assertions="1" time="0.004347"/>
        <testcase name="To core data object" file="Markdown Page Unit (Hyde\Framework\Testing\Unit\Pages\MarkdownPageUnit)::To core data object" class="Hyde\Framework\Testing\Unit\Pages\MarkdownPageUnitTest" classname="Hyde.Framework.Testing.Unit.Pages.MarkdownPageUnitTest" assertions="1" time="0.004324"/>
        <testcase name="Compile" file="Markdown Page Unit (Hyde\Framework\Testing\Unit\Pages\MarkdownPageUnit)::Compile" class="Hyde\Framework\Testing\Unit\Pages\MarkdownPageUnitTest" classname="Hyde.Framework.Testing.Unit.Pages.MarkdownPageUnitTest" assertions="1" time="0.018832"/>
        <testcase name="Matter" file="Markdown Page Unit (Hyde\Framework\Testing\Unit\Pages\MarkdownPageUnit)::Matter" class="Hyde\Framework\Testing\Unit\Pages\MarkdownPageUnitTest" classname="Hyde.Framework.Testing.Unit.Pages.MarkdownPageUnitTest" assertions="1" time="0.004437"/>
        <testcase name="Markdown" file="Markdown Page Unit (Hyde\Framework\Testing\Unit\Pages\MarkdownPageUnit)::Markdown" class="Hyde\Framework\Testing\Unit\Pages\MarkdownPageUnitTest" classname="Hyde.Framework.Testing.Unit.Pages.MarkdownPageUnitTest" assertions="1" time="0.004316"/>
        <testcase name="Save" file="Markdown Page Unit (Hyde\Framework\Testing\Unit\Pages\MarkdownPageUnit)::Save" class="Hyde\Framework\Testing\Unit\Pages\MarkdownPageUnitTest" classname="Hyde.Framework.Testing.Unit.Pages.MarkdownPageUnitTest" assertions="2" time="0.005136"/>
      </testsuite>
      <testsuite name="Hyde\Framework\Testing\Unit\Pages\MarkdownPostHelpersTest" file="Markdown Post Helpers (Hyde\Framework\Testing\Unit\Pages\MarkdownPostHelpers)" tests="7" assertions="7" errors="0" failures="0" skipped="0" time="0.191463">
        <testcase name="Get current page path returns local uri path for post slug" file="Markdown Post Helpers (Hyde\Framework\Testing\Unit\Pages\MarkdownPostHelpers)::Get current page path returns local uri path for post slug" class="Hyde\Framework\Testing\Unit\Pages\MarkdownPostHelpersTest" classname="Hyde.Framework.Testing.Unit.Pages.MarkdownPostHelpersTest" assertions="1" time="0.055346"/>
        <testcase name="Get canonical link returns canonical uri path for post slug" file="Markdown Post Helpers (Hyde\Framework\Testing\Unit\Pages\MarkdownPostHelpers)::Get canonical link returns canonical uri path for post slug" class="Hyde\Framework\Testing\Unit\Pages\MarkdownPostHelpersTest" classname="Hyde.Framework.Testing.Unit.Pages.MarkdownPostHelpersTest" assertions="1" time="0.029106"/>
        <testcase name="Get canonical link returns pretty url when enabled" file="Markdown Post Helpers (Hyde\Framework\Testing\Unit\Pages\MarkdownPostHelpers)::Get canonical link returns pretty url when enabled" class="Hyde\Framework\Testing\Unit\Pages\MarkdownPostHelpersTest" classname="Hyde.Framework.Testing.Unit.Pages.MarkdownPostHelpersTest" assertions="1" time="0.021757"/>
        <testcase name="Get post description returns post description when set in front matter" file="Markdown Post Helpers (Hyde\Framework\Testing\Unit\Pages\MarkdownPostHelpers)::Get post description returns post description when set in front matter" class="Hyde\Framework\Testing\Unit\Pages\MarkdownPostHelpersTest" classname="Hyde.Framework.Testing.Unit.Pages.MarkdownPostHelpersTest" assertions="1" time="0.021206"/>
        <testcase name="Get post description returns post body when no description set in front matter" file="Markdown Post Helpers (Hyde\Framework\Testing\Unit\Pages\MarkdownPostHelpers)::Get post description returns post body when no description set in front matter" class="Hyde\Framework\Testing\Unit\Pages\MarkdownPostHelpersTest" classname="Hyde.Framework.Testing.Unit.Pages.MarkdownPostHelpersTest" assertions="1" time="0.021407"/>
        <testcase name="Dynamic description is truncated when longer than 128 characters" file="Markdown Post Helpers (Hyde\Framework\Testing\Unit\Pages\MarkdownPostHelpers)::Dynamic description is truncated when longer than 128 characters" class="Hyde\Framework\Testing\Unit\Pages\MarkdownPostHelpersTest" classname="Hyde.Framework.Testing.Unit.Pages.MarkdownPostHelpersTest" assertions="1" time="0.021441"/>
        <testcase name="Dynamic description strips markdown" file="Markdown Post Helpers (Hyde\Framework\Testing\Unit\Pages\MarkdownPostHelpers)::Dynamic description strips markdown" class="Hyde\Framework\Testing\Unit\Pages\MarkdownPostHelpersTest" classname="Hyde.Framework.Testing.Unit.Pages.MarkdownPostHelpersTest" assertions="1" time="0.021200"/>
      </testsuite>
      <testsuite name="Hyde\Framework\Testing\Unit\Pages\MarkdownPostParserTest" file="Markdown Post Parser (Hyde\Framework\Testing\Unit\Pages\MarkdownPostParser)" tests="2" assertions="12" errors="0" failures="0" skipped="0" time="0.055967">
        <testcase name="Can parse markdown file" file="Markdown Post Parser (Hyde\Framework\Testing\Unit\Pages\MarkdownPostParser)::Can parse markdown file" class="Hyde\Framework\Testing\Unit\Pages\MarkdownPostParserTest" classname="Hyde.Framework.Testing.Unit.Pages.MarkdownPostParserTest" assertions="8" time="0.032975"/>
        <testcase name="Parsed markdown post contains valid front matter" file="Markdown Post Parser (Hyde\Framework\Testing\Unit\Pages\MarkdownPostParser)::Parsed markdown post contains valid front matter" class="Hyde\Framework\Testing\Unit\Pages\MarkdownPostParserTest" classname="Hyde.Framework.Testing.Unit.Pages.MarkdownPostParserTest" assertions="4" time="0.022993"/>
      </testsuite>
      <testsuite name="Hyde\Framework\Testing\Unit\Pages\MarkdownPostUnitTest" file="Markdown Post Unit (Hyde\Framework\Testing\Unit\Pages\MarkdownPostUnit)" tests="34" assertions="35" errors="0" failures="0" skipped="0" time="0.177199">
        <testcase name="Source directory" file="Markdown Post Unit (Hyde\Framework\Testing\Unit\Pages\MarkdownPostUnit)::Source directory" class="Hyde\Framework\Testing\Unit\Pages\MarkdownPostUnitTest" classname="Hyde.Framework.Testing.Unit.Pages.MarkdownPostUnitTest" assertions="1" time="0.006419"/>
        <testcase name="Output directory" file="Markdown Post Unit (Hyde\Framework\Testing\Unit\Pages\MarkdownPostUnit)::Output directory" class="Hyde\Framework\Testing\Unit\Pages\MarkdownPostUnitTest" classname="Hyde.Framework.Testing.Unit.Pages.MarkdownPostUnitTest" assertions="1" time="0.003298"/>
        <testcase name="Base route key" file="Markdown Post Unit (Hyde\Framework\Testing\Unit\Pages\MarkdownPostUnit)::Base route key" class="Hyde\Framework\Testing\Unit\Pages\MarkdownPostUnitTest" classname="Hyde.Framework.Testing.Unit.Pages.MarkdownPostUnitTest" assertions="1" time="0.003261"/>
        <testcase name="File extension" file="Markdown Post Unit (Hyde\Framework\Testing\Unit\Pages\MarkdownPostUnit)::File extension" class="Hyde\Framework\Testing\Unit\Pages\MarkdownPostUnitTest" classname="Hyde.Framework.Testing.Unit.Pages.MarkdownPostUnitTest" assertions="1" time="0.003254"/>
        <testcase name="Source path" file="Markdown Post Unit (Hyde\Framework\Testing\Unit\Pages\MarkdownPostUnit)::Source path" class="Hyde\Framework\Testing\Unit\Pages\MarkdownPostUnitTest" classname="Hyde.Framework.Testing.Unit.Pages.MarkdownPostUnitTest" assertions="1" time="0.003302"/>
        <testcase name="Output path" file="Markdown Post Unit (Hyde\Framework\Testing\Unit\Pages\MarkdownPostUnit)::Output path" class="Hyde\Framework\Testing\Unit\Pages\MarkdownPostUnitTest" classname="Hyde.Framework.Testing.Unit.Pages.MarkdownPostUnitTest" assertions="1" time="0.003325"/>
        <testcase name="Path" file="Markdown Post Unit (Hyde\Framework\Testing\Unit\Pages\MarkdownPostUnit)::Path" class="Hyde\Framework\Testing\Unit\Pages\MarkdownPostUnitTest" classname="Hyde.Framework.Testing.Unit.Pages.MarkdownPostUnitTest" assertions="1" time="0.003396"/>
        <testcase name="Get source path" file="Markdown Post Unit (Hyde\Framework\Testing\Unit\Pages\MarkdownPostUnit)::Get source path" class="Hyde\Framework\Testing\Unit\Pages\MarkdownPostUnitTest" classname="Hyde.Framework.Testing.Unit.Pages.MarkdownPostUnitTest" assertions="1" time="0.004672"/>
        <testcase name="Get output path" file="Markdown Post Unit (Hyde\Framework\Testing\Unit\Pages\MarkdownPostUnit)::Get output path" class="Hyde\Framework\Testing\Unit\Pages\MarkdownPostUnitTest" classname="Hyde.Framework.Testing.Unit.Pages.MarkdownPostUnitTest" assertions="1" time="0.004776"/>
        <testcase name="Get link" file="Markdown Post Unit (Hyde\Framework\Testing\Unit\Pages\MarkdownPostUnit)::Get link" class="Hyde\Framework\Testing\Unit\Pages\MarkdownPostUnitTest" classname="Hyde.Framework.Testing.Unit.Pages.MarkdownPostUnitTest" assertions="1" time="0.004725"/>
        <testcase name="Make" file="Markdown Post Unit (Hyde\Framework\Testing\Unit\Pages\MarkdownPostUnit)::Make" class="Hyde\Framework\Testing\Unit\Pages\MarkdownPostUnitTest" classname="Hyde.Framework.Testing.Unit.Pages.MarkdownPostUnitTest" assertions="1" time="0.005925"/>
        <testcase name="Make with data" file="Markdown Post Unit (Hyde\Framework\Testing\Unit\Pages\MarkdownPostUnit)::Make with data" class="Hyde\Framework\Testing\Unit\Pages\MarkdownPostUnitTest" classname="Hyde.Framework.Testing.Unit.Pages.MarkdownPostUnitTest" assertions="1" time="0.006312"/>
        <testcase name="Show in navigation" file="Markdown Post Unit (Hyde\Framework\Testing\Unit\Pages\MarkdownPostUnit)::Show in navigation" class="Hyde\Framework\Testing\Unit\Pages\MarkdownPostUnitTest" classname="Hyde.Framework.Testing.Unit.Pages.MarkdownPostUnitTest" assertions="1" time="0.004717"/>
        <testcase name="Navigation menu priority" file="Markdown Post Unit (Hyde\Framework\Testing\Unit\Pages\MarkdownPostUnit)::Navigation menu priority" class="Hyde\Framework\Testing\Unit\Pages\MarkdownPostUnitTest" classname="Hyde.Framework.Testing.Unit.Pages.MarkdownPostUnitTest" assertions="1" time="0.004650"/>
        <testcase name="Navigation menu label" file="Markdown Post Unit (Hyde\Framework\Testing\Unit\Pages\MarkdownPostUnit)::Navigation menu label" class="Hyde\Framework\Testing\Unit\Pages\MarkdownPostUnitTest" classname="Hyde.Framework.Testing.Unit.Pages.MarkdownPostUnitTest" assertions="1" time="0.004748"/>
        <testcase name="Navigation menu group" file="Markdown Post Unit (Hyde\Framework\Testing\Unit\Pages\MarkdownPostUnit)::Navigation menu group" class="Hyde\Framework\Testing\Unit\Pages\MarkdownPostUnitTest" classname="Hyde.Framework.Testing.Unit.Pages.MarkdownPostUnitTest" assertions="1" time="0.004730"/>
        <testcase name="Get blade view" file="Markdown Post Unit (Hyde\Framework\Testing\Unit\Pages\MarkdownPostUnit)::Get blade view" class="Hyde\Framework\Testing\Unit\Pages\MarkdownPostUnitTest" classname="Hyde.Framework.Testing.Unit.Pages.MarkdownPostUnitTest" assertions="1" time="0.004729"/>
        <testcase name="Files" file="Markdown Post Unit (Hyde\Framework\Testing\Unit\Pages\MarkdownPostUnit)::Files" class="Hyde\Framework\Testing\Unit\Pages\MarkdownPostUnitTest" classname="Hyde.Framework.Testing.Unit.Pages.MarkdownPostUnitTest" assertions="1" time="0.006984"/>
        <testcase name="Data" file="Markdown Post Unit (Hyde\Framework\Testing\Unit\Pages\MarkdownPostUnit)::Data" class="Hyde\Framework\Testing\Unit\Pages\MarkdownPostUnitTest" classname="Hyde.Framework.Testing.Unit.Pages.MarkdownPostUnitTest" assertions="1" time="0.004826"/>
        <testcase name="Get" file="Markdown Post Unit (Hyde\Framework\Testing\Unit\Pages\MarkdownPostUnit)::Get" class="Hyde\Framework\Testing\Unit\Pages\MarkdownPostUnitTest" classname="Hyde.Framework.Testing.Unit.Pages.MarkdownPostUnitTest" assertions="1" time="0.009921"/>
        <testcase name="Parse" file="Markdown Post Unit (Hyde\Framework\Testing\Unit\Pages\MarkdownPostUnit)::Parse" class="Hyde\Framework\Testing\Unit\Pages\MarkdownPostUnitTest" classname="Hyde.Framework.Testing.Unit.Pages.MarkdownPostUnitTest" assertions="1" time="0.005755"/>
        <testcase name="Get route key" file="Markdown Post Unit (Hyde\Framework\Testing\Unit\Pages\MarkdownPostUnit)::Get route key" class="Hyde\Framework\Testing\Unit\Pages\MarkdownPostUnitTest" classname="Hyde.Framework.Testing.Unit.Pages.MarkdownPostUnitTest" assertions="1" time="0.004851"/>
        <testcase name="Title" file="Markdown Post Unit (Hyde\Framework\Testing\Unit\Pages\MarkdownPostUnit)::Title" class="Hyde\Framework\Testing\Unit\Pages\MarkdownPostUnitTest" classname="Hyde.Framework.Testing.Unit.Pages.MarkdownPostUnitTest" assertions="1" time="0.004747"/>
        <testcase name="All" file="Markdown Post Unit (Hyde\Framework\Testing\Unit\Pages\MarkdownPostUnit)::All" class="Hyde\Framework\Testing\Unit\Pages\MarkdownPostUnitTest" classname="Hyde.Framework.Testing.Unit.Pages.MarkdownPostUnitTest" assertions="1" time="0.006760"/>
        <testcase name="Metadata" file="Markdown Post Unit (Hyde\Framework\Testing\Unit\Pages\MarkdownPostUnit)::Metadata" class="Hyde\Framework\Testing\Unit\Pages\MarkdownPostUnitTest" classname="Hyde.Framework.Testing.Unit.Pages.MarkdownPostUnitTest" assertions="1" time="0.004618"/>
        <testcase name="Construct" file="Markdown Post Unit (Hyde\Framework\Testing\Unit\Pages\MarkdownPostUnit)::Construct" class="Hyde\Framework\Testing\Unit\Pages\MarkdownPostUnitTest" classname="Hyde.Framework.Testing.Unit.Pages.MarkdownPostUnitTest" assertions="1" time="0.004625"/>
        <testcase name="Get route" file="Markdown Post Unit (Hyde\Framework\Testing\Unit\Pages\MarkdownPostUnit)::Get route" class="Hyde\Framework\Testing\Unit\Pages\MarkdownPostUnitTest" classname="Hyde.Framework.Testing.Unit.Pages.MarkdownPostUnitTest" assertions="1" time="0.008030"/>
        <testcase name="Get identifier" file="Markdown Post Unit (Hyde\Framework\Testing\Unit\Pages\MarkdownPostUnit)::Get identifier" class="Hyde\Framework\Testing\Unit\Pages\MarkdownPostUnitTest" classname="Hyde.Framework.Testing.Unit.Pages.MarkdownPostUnitTest" assertions="1" time="0.004971"/>
        <testcase name="Has" file="Markdown Post Unit (Hyde\Framework\Testing\Unit\Pages\MarkdownPostUnit)::Has" class="Hyde\Framework\Testing\Unit\Pages\MarkdownPostUnitTest" classname="Hyde.Framework.Testing.Unit.Pages.MarkdownPostUnitTest" assertions="1" time="0.005001"/>
        <testcase name="To core data object" file="Markdown Post Unit (Hyde\Framework\Testing\Unit\Pages\MarkdownPostUnit)::To core data object" class="Hyde\Framework\Testing\Unit\Pages\MarkdownPostUnitTest" classname="Hyde.Framework.Testing.Unit.Pages.MarkdownPostUnitTest" assertions="1" time="0.004879"/>
        <testcase name="Compile" file="Markdown Post Unit (Hyde\Framework\Testing\Unit\Pages\MarkdownPostUnit)::Compile" class="Hyde\Framework\Testing\Unit\Pages\MarkdownPostUnitTest" classname="Hyde.Framework.Testing.Unit.Pages.MarkdownPostUnitTest" assertions="1" time="0.009525"/>
        <testcase name="Matter" file="Markdown Post Unit (Hyde\Framework\Testing\Unit\Pages\MarkdownPostUnit)::Matter" class="Hyde\Framework\Testing\Unit\Pages\MarkdownPostUnitTest" classname="Hyde.Framework.Testing.Unit.Pages.MarkdownPostUnitTest" assertions="1" time="0.004846"/>
        <testcase name="Markdown" file="Markdown Post Unit (Hyde\Framework\Testing\Unit\Pages\MarkdownPostUnit)::Markdown" class="Hyde\Framework\Testing\Unit\Pages\MarkdownPostUnitTest" classname="Hyde.Framework.Testing.Unit.Pages.MarkdownPostUnitTest" assertions="1" time="0.004770"/>
        <testcase name="Save" file="Markdown Post Unit (Hyde\Framework\Testing\Unit\Pages\MarkdownPostUnit)::Save" class="Hyde\Framework\Testing\Unit\Pages\MarkdownPostUnitTest" classname="Hyde.Framework.Testing.Unit.Pages.MarkdownPostUnitTest" assertions="2" time="0.005851"/>
      </testsuite>
      <testsuite name="Hyde\Framework\Testing\Unit\Pages\PageModelGetAllFilesHelperTest" file="Page Model Get All Files Helper (Hyde\Framework\Testing\Unit\Pages\PageModelGetAllFilesHelper)" tests="4" assertions="12" errors="0" failures="0" skipped="0" time="0.149767">
        <testcase name="Blade page get helper returns blade page array" file="Page Model Get All Files Helper (Hyde\Framework\Testing\Unit\Pages\PageModelGetAllFilesHelper)::Blade page get helper returns blade page array" class="Hyde\Framework\Testing\Unit\Pages\PageModelGetAllFilesHelperTest" classname="Hyde.Framework.Testing.Unit.Pages.PageModelGetAllFilesHelperTest" assertions="3" time="0.073560"/>
        <testcase name="Markdown page get helper returns markdown page array" file="Page Model Get All Files Helper (Hyde\Framework\Testing\Unit\Pages\PageModelGetAllFilesHelper)::Markdown page get helper returns markdown page array" class="Hyde\Framework\Testing\Unit\Pages\PageModelGetAllFilesHelperTest" classname="Hyde.Framework.Testing.Unit.Pages.PageModelGetAllFilesHelperTest" assertions="3" time="0.025274"/>
        <testcase name="Markdown post get helper returns markdown post array" file="Page Model Get All Files Helper (Hyde\Framework\Testing\Unit\Pages\PageModelGetAllFilesHelper)::Markdown post get helper returns markdown post array" class="Hyde\Framework\Testing\Unit\Pages\PageModelGetAllFilesHelperTest" classname="Hyde.Framework.Testing.Unit.Pages.PageModelGetAllFilesHelperTest" assertions="3" time="0.025584"/>
        <testcase name="Documentation page get helper returns documentation page array" file="Page Model Get All Files Helper (Hyde\Framework\Testing\Unit\Pages\PageModelGetAllFilesHelper)::Documentation page get helper returns documentation page array" class="Hyde\Framework\Testing\Unit\Pages\PageModelGetAllFilesHelperTest" classname="Hyde.Framework.Testing.Unit.Pages.PageModelGetAllFilesHelperTest" assertions="3" time="0.025348"/>
      </testsuite>
      <testsuite name="Hyde\Framework\Testing\Unit\Pages\PageModelGetHelperTest" file="Page Model Get Helper (Hyde\Framework\Testing\Unit\Pages\PageModelGetHelper)" tests="4" assertions="12" errors="0" failures="0" skipped="0" time="0.113485">
        <testcase name="Blade page get helper returns blade page collection" file="Page Model Get Helper (Hyde\Framework\Testing\Unit\Pages\PageModelGetHelper)::Blade page get helper returns blade page collection" class="Hyde\Framework\Testing\Unit\Pages\PageModelGetHelperTest" classname="Hyde.Framework.Testing.Unit.Pages.PageModelGetHelperTest" assertions="3" time="0.034162"/>
        <testcase name="Markdown page get helper returns markdown page collection" file="Page Model Get Helper (Hyde\Framework\Testing\Unit\Pages\PageModelGetHelper)::Markdown page get helper returns markdown page collection" class="Hyde\Framework\Testing\Unit\Pages\PageModelGetHelperTest" classname="Hyde.Framework.Testing.Unit.Pages.PageModelGetHelperTest" assertions="3" time="0.025749"/>
        <testcase name="Markdown post get helper returns markdown post collection" file="Page Model Get Helper (Hyde\Framework\Testing\Unit\Pages\PageModelGetHelper)::Markdown post get helper returns markdown post collection" class="Hyde\Framework\Testing\Unit\Pages\PageModelGetHelperTest" classname="Hyde.Framework.Testing.Unit.Pages.PageModelGetHelperTest" assertions="3" time="0.027337"/>
        <testcase name="Documentation page get helper returns documentation page collection" file="Page Model Get Helper (Hyde\Framework\Testing\Unit\Pages\PageModelGetHelper)::Documentation page get helper returns documentation page collection" class="Hyde\Framework\Testing\Unit\Pages\PageModelGetHelperTest" classname="Hyde.Framework.Testing.Unit.Pages.PageModelGetHelperTest" assertions="3" time="0.026237"/>
      </testsuite>
      <testsuite name="Hyde\Framework\Testing\Unit\Pages\PageModelParseHelperTest" file="Page Model Parse Helper (Hyde\Framework\Testing\Unit\Pages\PageModelParseHelper)" tests="4" assertions="4" errors="0" failures="0" skipped="0" time="0.100003">
        <testcase name="Blade page get helper returns blade page object" file="Page Model Parse Helper (Hyde\Framework\Testing\Unit\Pages\PageModelParseHelper)::Blade page get helper returns blade page object" class="Hyde\Framework\Testing\Unit\Pages\PageModelParseHelperTest" classname="Hyde.Framework.Testing.Unit.Pages.PageModelParseHelperTest" assertions="1" time="0.029607"/>
        <testcase name="Markdown page get helper returns markdown page object" file="Page Model Parse Helper (Hyde\Framework\Testing\Unit\Pages\PageModelParseHelper)::Markdown page get helper returns markdown page object" class="Hyde\Framework\Testing\Unit\Pages\PageModelParseHelperTest" classname="Hyde.Framework.Testing.Unit.Pages.PageModelParseHelperTest" assertions="1" time="0.023252"/>
        <testcase name="Markdown post get helper returns markdown post object" file="Page Model Parse Helper (Hyde\Framework\Testing\Unit\Pages\PageModelParseHelper)::Markdown post get helper returns markdown post object" class="Hyde\Framework\Testing\Unit\Pages\PageModelParseHelperTest" classname="Hyde.Framework.Testing.Unit.Pages.PageModelParseHelperTest" assertions="1" time="0.024157"/>
        <testcase name="Documentation page get helper returns documentation page object" file="Page Model Parse Helper (Hyde\Framework\Testing\Unit\Pages\PageModelParseHelper)::Documentation page get helper returns documentation page object" class="Hyde\Framework\Testing\Unit\Pages\PageModelParseHelperTest" classname="Hyde.Framework.Testing.Unit.Pages.PageModelParseHelperTest" assertions="1" time="0.022988"/>
      </testsuite>
      <testsuite name="Hyde\Framework\Testing\Unit\Pages\TestAllPageTypesHaveUnitTestsTest" file="All Page Types Have Unit Tests (Hyde\Framework\Testing\Unit\Pages\AllPageTypesHaveUnitTests)" tests="1" assertions="8" errors="0" failures="0" skipped="0" time="0.028160">
        <testcase name="All page types have unit tests" file="All Page Types Have Unit Tests (Hyde\Framework\Testing\Unit\Pages\AllPageTypesHaveUnitTests)::All page types have unit tests" class="Hyde\Framework\Testing\Unit\Pages\TestAllPageTypesHaveUnitTestsTest" classname="Hyde.Framework.Testing.Unit.Pages.TestAllPageTypesHaveUnitTestsTest" assertions="8" time="0.028160"/>
      </testsuite>
      <testsuite name="Hyde\Framework\Testing\Unit\PostAuthorTest" file="Post Author (Hyde\Framework\Testing\Unit\PostAuthor)" tests="15" assertions="26" errors="0" failures="0" skipped="0" time="0.035746">
        <testcase name="Create method creates new author model" file="Post Author (Hyde\Framework\Testing\Unit\PostAuthor)::Create method creates new author model" class="Hyde\Framework\Testing\Unit\PostAuthorTest" classname="Hyde.Framework.Testing.Unit.PostAuthorTest" assertions="1" time="0.004092"/>
        <testcase name="Create method accepts all parameters" file="Post Author (Hyde\Framework\Testing\Unit\PostAuthor)::Create method accepts all parameters" class="Hyde\Framework\Testing\Unit\PostAuthorTest" classname="Hyde.Framework.Testing.Unit.PostAuthorTest" assertions="3" time="0.002241"/>
        <testcase name="Get or create method creates new author model from string" file="Post Author (Hyde\Framework\Testing\Unit\PostAuthor)::Get or create method creates new author model from string" class="Hyde\Framework\Testing\Unit\PostAuthorTest" classname="Hyde.Framework.Testing.Unit.PostAuthorTest" assertions="1" time="0.002505"/>
        <testcase name="Get or create method creates new author model from string can find existing author" file="Post Author (Hyde\Framework\Testing\Unit\PostAuthor)::Get or create method creates new author model from string can find existing author" class="Hyde\Framework\Testing\Unit\PostAuthorTest" classname="Hyde.Framework.Testing.Unit.PostAuthorTest" assertions="1" time="0.002478"/>
        <testcase name="Get or create method creates new author model from array" file="Post Author (Hyde\Framework\Testing\Unit\PostAuthor)::Get or create method creates new author model from array" class="Hyde\Framework\Testing\Unit\PostAuthorTest" classname="Hyde.Framework.Testing.Unit.PostAuthorTest" assertions="1" time="0.002196"/>
        <testcase name="Get or create method creates new author model from array only needs username" file="Post Author (Hyde\Framework\Testing\Unit\PostAuthor)::Get or create method creates new author model from array only needs username" class="Hyde\Framework\Testing\Unit\PostAuthorTest" classname="Hyde.Framework.Testing.Unit.PostAuthorTest" assertions="1" time="0.002245"/>
        <testcase name="All method returns empty collection if no authors are set in config" file="Post Author (Hyde\Framework\Testing\Unit\PostAuthor)::All method returns empty collection if no authors are set in config" class="Hyde\Framework\Testing\Unit\PostAuthorTest" classname="Hyde.Framework.Testing.Unit.PostAuthorTest" assertions="2" time="0.002259"/>
        <testcase name="All method returns collection with all authors defined in config" file="Post Author (Hyde\Framework\Testing\Unit\PostAuthor)::All method returns collection with all authors defined in config" class="Hyde\Framework\Testing\Unit\PostAuthorTest" classname="Hyde.Framework.Testing.Unit.PostAuthorTest" assertions="3" time="0.002535"/>
        <testcase name="Multiple authors can be defined in config" file="Post Author (Hyde\Framework\Testing\Unit\PostAuthor)::Multiple authors can be defined in config" class="Hyde\Framework\Testing\Unit\PostAuthorTest" classname="Hyde.Framework.Testing.Unit.PostAuthorTest" assertions="4" time="0.002685"/>
        <testcase name="Get method returns config defined author by username" file="Post Author (Hyde\Framework\Testing\Unit\PostAuthor)::Get method returns config defined author by username" class="Hyde\Framework\Testing\Unit\PostAuthorTest" classname="Hyde.Framework.Testing.Unit.PostAuthorTest" assertions="3" time="0.002418"/>
        <testcase name="Get method returns new author if username not found in config" file="Post Author (Hyde\Framework\Testing\Unit\PostAuthor)::Get method returns new author if username not found in config" class="Hyde\Framework\Testing\Unit\PostAuthorTest" classname="Hyde.Framework.Testing.Unit.PostAuthorTest" assertions="2" time="0.002298"/>
        <testcase name="Get name helper returns name if set" file="Post Author (Hyde\Framework\Testing\Unit\PostAuthor)::Get name helper returns name if set" class="Hyde\Framework\Testing\Unit\PostAuthorTest" classname="Hyde.Framework.Testing.Unit.PostAuthorTest" assertions="1" time="0.001965"/>
        <testcase name="Get name helper returns username if name is not set" file="Post Author (Hyde\Framework\Testing\Unit\PostAuthor)::Get name helper returns username if name is not set" class="Hyde\Framework\Testing\Unit\PostAuthorTest" classname="Hyde.Framework.Testing.Unit.PostAuthorTest" assertions="1" time="0.001949"/>
        <testcase name="Name is set to username if name is not set" file="Post Author (Hyde\Framework\Testing\Unit\PostAuthor)::Name is set to username if name is not set" class="Hyde\Framework\Testing\Unit\PostAuthorTest" classname="Hyde.Framework.Testing.Unit.PostAuthorTest" assertions="1" time="0.001914"/>
        <testcase name="To string helper returns the name" file="Post Author (Hyde\Framework\Testing\Unit\PostAuthor)::To string helper returns the name" class="Hyde\Framework\Testing\Unit\PostAuthorTest" classname="Hyde.Framework.Testing.Unit.PostAuthorTest" assertions="1" time="0.001966"/>
      </testsuite>
      <testsuite name="Hyde\Framework\Testing\Unit\RelativeLinksAcrossPagesRetainsIntegrityTest" file="Relative Links Across Pages Retains Integrity (Hyde\Framework\Testing\Unit\RelativeLinksAcrossPagesRetainsIntegrity)" tests="1" assertions="18" errors="0" failures="0" skipped="0" time="0.183580">
        <testcase name="Relative links across pages retains integrity" file="Relative Links Across Pages Retains Integrity (Hyde\Framework\Testing\Unit\RelativeLinksAcrossPagesRetainsIntegrity)::Relative links across pages retains integrity" class="Hyde\Framework\Testing\Unit\RelativeLinksAcrossPagesRetainsIntegrityTest" classname="Hyde.Framework.Testing.Unit.RelativeLinksAcrossPagesRetainsIntegrityTest" assertions="18" time="0.183580"/>
      </testsuite>
      <testsuite name="Hyde\Framework\Testing\Unit\RenderHelperTest" file="Render Helper (Hyde\Framework\Testing\Unit\RenderHelper)" tests="18" assertions="44" errors="0" failures="0" skipped="0" time="0.062755">
        <testcase name="Set and get page" file="Render Helper (Hyde\Framework\Testing\Unit\RenderHelper)::Set and get page" class="Hyde\Framework\Testing\Unit\RenderHelperTest" classname="Hyde.Framework.Testing.Unit.RenderHelperTest" assertions="2" time="0.006338"/>
        <testcase name="Set page shares data to view automatically" file="Render Helper (Hyde\Framework\Testing\Unit\RenderHelper)::Set page shares data to view automatically" class="Hyde\Framework\Testing\Unit\RenderHelperTest" classname="Hyde.Framework.Testing.Unit.RenderHelperTest" assertions="2" time="0.004014"/>
        <testcase name="Get route" file="Render Helper (Hyde\Framework\Testing\Unit\RenderHelper)::Get route" class="Hyde\Framework\Testing\Unit\RenderHelperTest" classname="Hyde.Framework.Testing.Unit.RenderHelperTest" assertions="2" time="0.003896"/>
        <testcase name="Get route key" file="Render Helper (Hyde\Framework\Testing\Unit\RenderHelper)::Get route key" class="Hyde\Framework\Testing\Unit\RenderHelperTest" classname="Hyde.Framework.Testing.Unit.RenderHelperTest" assertions="2" time="0.003766"/>
        <testcase name="Share to view" file="Render Helper (Hyde\Framework\Testing\Unit\RenderHelper)::Share to view" class="Hyde\Framework\Testing\Unit\RenderHelperTest" classname="Hyde.Framework.Testing.Unit.RenderHelperTest" assertions="6" time="0.004372"/>
        <testcase name="Share route key" file="Render Helper (Hyde\Framework\Testing\Unit\RenderHelper)::Share route key" class="Hyde\Framework\Testing\Unit\RenderHelperTest" classname="Hyde.Framework.Testing.Unit.RenderHelperTest" assertions="2" time="0.002567"/>
        <testcase name="Share route" file="Render Helper (Hyde\Framework\Testing\Unit\RenderHelper)::Share route" class="Hyde\Framework\Testing\Unit\RenderHelperTest" classname="Hyde.Framework.Testing.Unit.RenderHelperTest" assertions="2" time="0.003546"/>
        <testcase name="Share page" file="Render Helper (Hyde\Framework\Testing\Unit\RenderHelper)::Share page" class="Hyde\Framework\Testing\Unit\RenderHelperTest" classname="Hyde.Framework.Testing.Unit.RenderHelperTest" assertions="2" time="0.003488"/>
        <testcase name="Share invalid property" file="Render Helper (Hyde\Framework\Testing\Unit\RenderHelper)::Share invalid property" class="Hyde\Framework\Testing\Unit\RenderHelperTest" classname="Hyde.Framework.Testing.Unit.RenderHelperTest" assertions="2" time="0.002461"/>
        <testcase name="Share invalid type" file="Render Helper (Hyde\Framework\Testing\Unit\RenderHelper)::Share invalid type" class="Hyde\Framework\Testing\Unit\RenderHelperTest" classname="Hyde.Framework.Testing.Unit.RenderHelperTest" assertions="2" time="0.002451"/>
        <testcase name="Share invalid type for property" file="Render Helper (Hyde\Framework\Testing\Unit\RenderHelper)::Share invalid type for property" class="Hyde\Framework\Testing\Unit\RenderHelperTest" classname="Hyde.Framework.Testing.Unit.RenderHelperTest" assertions="2" time="0.002440"/>
        <testcase name="Share cascades data to view" file="Render Helper (Hyde\Framework\Testing\Unit\RenderHelper)::Share cascades data to view" class="Hyde\Framework\Testing\Unit\RenderHelperTest" classname="Hyde.Framework.Testing.Unit.RenderHelperTest" assertions="2" time="0.002545"/>
        <testcase name="Clear data" file="Render Helper (Hyde\Framework\Testing\Unit\RenderHelper)::Clear data" class="Hyde\Framework\Testing\Unit\RenderHelperTest" classname="Hyde.Framework.Testing.Unit.RenderHelperTest" assertions="2" time="0.003735"/>
        <testcase name="Clear data on facade" file="Render Helper (Hyde\Framework\Testing\Unit\RenderHelper)::Clear data on facade" class="Hyde\Framework\Testing\Unit\RenderHelperTest" classname="Hyde.Framework.Testing.Unit.RenderHelperTest" assertions="2" time="0.003675"/>
        <testcase name="Clear data cascades to clear its view data" file="Render Helper (Hyde\Framework\Testing\Unit\RenderHelper)::Clear data cascades to clear its view data" class="Hyde\Framework\Testing\Unit\RenderHelperTest" classname="Hyde.Framework.Testing.Unit.RenderHelperTest" assertions="6" time="0.004282"/>
        <testcase name="Clear data does not clear other view data" file="Render Helper (Hyde\Framework\Testing\Unit\RenderHelper)::Clear data does not clear other view data" class="Hyde\Framework\Testing\Unit\RenderHelperTest" classname="Hyde.Framework.Testing.Unit.RenderHelperTest" assertions="2" time="0.002627"/>
        <testcase name="Clear data does not clear render instance from view data" file="Render Helper (Hyde\Framework\Testing\Unit\RenderHelper)::Clear data does not clear render instance from view data" class="Hyde\Framework\Testing\Unit\RenderHelperTest" classname="Hyde.Framework.Testing.Unit.RenderHelperTest" assertions="2" time="0.002590"/>
        <testcase name="To array" file="Render Helper (Hyde\Framework\Testing\Unit\RenderHelper)::To array" class="Hyde\Framework\Testing\Unit\RenderHelperTest" classname="Hyde.Framework.Testing.Unit.RenderHelperTest" assertions="2" time="0.003963"/>
      </testsuite>
      <testsuite name="Hyde\Framework\Testing\Unit\RouteKeyTest" file="Route Key (Hyde\Framework\Testing\Unit\RouteKey)" tests="12" assertions="25" errors="0" failures="0" skipped="0" time="0.042181">
        <testcase name="Make" file="Route Key (Hyde\Framework\Testing\Unit\RouteKey)::Make" class="Hyde\Framework\Testing\Unit\RouteKeyTest" classname="Hyde.Framework.Testing.Unit.RouteKeyTest" assertions="1" time="0.018518"/>
        <testcase name="Construct" file="Route Key (Hyde\Framework\Testing\Unit\RouteKey)::Construct" class="Hyde\Framework\Testing\Unit\RouteKeyTest" classname="Hyde.Framework.Testing.Unit.RouteKeyTest" assertions="1" time="0.001968"/>
        <testcase name="To string" file="Route Key (Hyde\Framework\Testing\Unit\RouteKey)::To string" class="Hyde\Framework\Testing\Unit\RouteKeyTest" classname="Hyde.Framework.Testing.Unit.RouteKeyTest" assertions="1" time="0.001903"/>
        <testcase name="Get" file="Route Key (Hyde\Framework\Testing\Unit\RouteKey)::Get" class="Hyde\Framework\Testing\Unit\RouteKeyTest" classname="Hyde.Framework.Testing.Unit.RouteKeyTest" assertions="1" time="0.001894"/>
        <testcase name="Cast" file="Route Key (Hyde\Framework\Testing\Unit\RouteKey)::Cast" class="Hyde\Framework\Testing\Unit\RouteKeyTest" classname="Hyde.Framework.Testing.Unit.RouteKeyTest" assertions="1" time="0.001853"/>
        <testcase name="Constructor values are normalized" file="Route Key (Hyde\Framework\Testing\Unit\RouteKey)::Constructor values are normalized" class="Hyde\Framework\Testing\Unit\RouteKeyTest" classname="Hyde.Framework.Testing.Unit.RouteKeyTest" assertions="3" time="0.002247"/>
        <testcase name="Static constructor values are normalized" file="Route Key (Hyde\Framework\Testing\Unit\RouteKey)::Static constructor values are normalized" class="Hyde\Framework\Testing\Unit\RouteKeyTest" classname="Hyde.Framework.Testing.Unit.RouteKeyTest" assertions="3" time="0.002295"/>
        <testcase name="From page" file="Route Key (Hyde\Framework\Testing\Unit\RouteKey)::From page" class="Hyde\Framework\Testing\Unit\RouteKeyTest" classname="Hyde.Framework.Testing.Unit.RouteKeyTest" assertions="5" time="0.002601"/>
        <testcase name="From page with nested identifier" file="Route Key (Hyde\Framework\Testing\Unit\RouteKey)::From page with nested identifier" class="Hyde\Framework\Testing\Unit\RouteKeyTest" classname="Hyde.Framework.Testing.Unit.RouteKeyTest" assertions="5" time="0.002618"/>
        <testcase name="From page with in memory page" file="Route Key (Hyde\Framework\Testing\Unit\RouteKey)::From page with in memory page" class="Hyde\Framework\Testing\Unit\RouteKeyTest" classname="Hyde.Framework.Testing.Unit.RouteKeyTest" assertions="2" time="0.002171"/>
        <testcase name="From page with custom output directory" file="Route Key (Hyde\Framework\Testing\Unit\RouteKey)::From page with custom output directory" class="Hyde\Framework\Testing\Unit\RouteKeyTest" classname="Hyde.Framework.Testing.Unit.RouteKeyTest" assertions="1" time="0.002074"/>
        <testcase name="From page with custom nested output directory" file="Route Key (Hyde\Framework\Testing\Unit\RouteKey)::From page with custom nested output directory" class="Hyde\Framework\Testing\Unit\RouteKeyTest" classname="Hyde.Framework.Testing.Unit.RouteKeyTest" assertions="1" time="0.002040"/>
      </testsuite>
      <testsuite name="Hyde\Framework\Testing\Unit\RouteNotFoundExceptionTest" file="Route Not Found Exception (Hyde\Framework\Testing\Unit\RouteNotFoundException)" tests="2" assertions="4" errors="0" failures="0" skipped="0" time="0.015348">
        <testcase name="It can be instantiated" file="Route Not Found Exception (Hyde\Framework\Testing\Unit\RouteNotFoundException)::It can be instantiated" class="Hyde\Framework\Testing\Unit\RouteNotFoundExceptionTest" classname="Hyde.Framework.Testing.Unit.RouteNotFoundExceptionTest" assertions="1" time="0.012944"/>
        <testcase name="It throws an exception when page type is not supported" file="Route Not Found Exception (Hyde\Framework\Testing\Unit\RouteNotFoundException)::It throws an exception when page type is not supported" class="Hyde\Framework\Testing\Unit\RouteNotFoundExceptionTest" classname="Hyde.Framework.Testing.Unit.RouteNotFoundExceptionTest" assertions="3" time="0.002404"/>
      </testsuite>
      <testsuite name="Hyde\Framework\Testing\Unit\RouteTest" file="Route (Hyde\Framework\Testing\Unit\Route)" tests="18" assertions="23" errors="0" failures="0" skipped="0" time="0.071687">
        <testcase name="Constructor creates route from page model" file="Route (Hyde\Framework\Testing\Unit\Route)::Constructor creates route from page model" class="Hyde\Framework\Testing\Unit\RouteTest" classname="Hyde.Framework.Testing.Unit.RouteTest" assertions="1" time="0.006100"/>
        <testcase name="Get page type returns fully qualified class name" file="Route (Hyde\Framework\Testing\Unit\Route)::Get page type returns fully qualified class name" class="Hyde\Framework\Testing\Unit\RouteTest" classname="Hyde.Framework.Testing.Unit.RouteTest" assertions="1" time="0.003449"/>
        <testcase name="Get source model returns page model" file="Route (Hyde\Framework\Testing\Unit\Route)::Get source model returns page model" class="Hyde\Framework\Testing\Unit\RouteTest" classname="Hyde.Framework.Testing.Unit.RouteTest" assertions="2" time="0.003404"/>
        <testcase name="Get route key returns page path" file="Route (Hyde\Framework\Testing\Unit\Route)::Get route key returns page path" class="Hyde\Framework\Testing\Unit\RouteTest" classname="Hyde.Framework.Testing.Unit.RouteTest" assertions="1" time="0.003379"/>
        <testcase name="Get source file path returns page source path" file="Route (Hyde\Framework\Testing\Unit\Route)::Get source file path returns page source path" class="Hyde\Framework\Testing\Unit\RouteTest" classname="Hyde.Framework.Testing.Unit.RouteTest" assertions="1" time="0.003413"/>
        <testcase name="Get output file path returns page output path" file="Route (Hyde\Framework\Testing\Unit\Route)::Get output file path returns page output path" class="Hyde\Framework\Testing\Unit\RouteTest" classname="Hyde.Framework.Testing.Unit.RouteTest" assertions="1" time="0.003423"/>
        <testcase name="Get link returns correct path for root pages" file="Route (Hyde\Framework\Testing\Unit\Route)::Get link returns correct path for root pages" class="Hyde\Framework\Testing\Unit\RouteTest" classname="Hyde.Framework.Testing.Unit.RouteTest" assertions="2" time="0.004066"/>
        <testcase name="Get link returns correct path for nested pages" file="Route (Hyde\Framework\Testing\Unit\Route)::Get link returns correct path for nested pages" class="Hyde\Framework\Testing\Unit\RouteTest" classname="Hyde.Framework.Testing.Unit.RouteTest" assertions="2" time="0.004012"/>
        <testcase name="Get link returns correct path for nested current page" file="Route (Hyde\Framework\Testing\Unit\Route)::Get link returns correct path for nested current page" class="Hyde\Framework\Testing\Unit\RouteTest" classname="Hyde.Framework.Testing.Unit.RouteTest" assertions="2" time="0.004284"/>
        <testcase name="Get link returns pretty url if enabled" file="Route (Hyde\Framework\Testing\Unit\Route)::Get link returns pretty url if enabled" class="Hyde\Framework\Testing\Unit\RouteTest" classname="Hyde.Framework.Testing.Unit.RouteTest" assertions="2" time="0.003983"/>
        <testcase name="To string is alias for get link" file="Route (Hyde\Framework\Testing\Unit\Route)::To string is alias for get link" class="Hyde\Framework\Testing\Unit\RouteTest" classname="Hyde.Framework.Testing.Unit.RouteTest" assertions="1" time="0.003769"/>
        <testcase name="Is with route returns true when true" file="Route (Hyde\Framework\Testing\Unit\Route)::Is with route returns true when true" class="Hyde\Framework\Testing\Unit\RouteTest" classname="Hyde.Framework.Testing.Unit.RouteTest" assertions="1" time="0.003528"/>
        <testcase name="Is with route returns false when false" file="Route (Hyde\Framework\Testing\Unit\Route)::Is with route returns false when false" class="Hyde\Framework\Testing\Unit\RouteTest" classname="Hyde.Framework.Testing.Unit.RouteTest" assertions="1" time="0.003905"/>
        <testcase name="Is with route key returns true when true" file="Route (Hyde\Framework\Testing\Unit\Route)::Is with route key returns true when true" class="Hyde\Framework\Testing\Unit\RouteTest" classname="Hyde.Framework.Testing.Unit.RouteTest" assertions="1" time="0.003550"/>
        <testcase name="Is with route key returns false when false" file="Route (Hyde\Framework\Testing\Unit\Route)::Is with route key returns false when false" class="Hyde\Framework\Testing\Unit\RouteTest" classname="Hyde.Framework.Testing.Unit.RouteTest" assertions="1" time="0.003558"/>
        <testcase name="Is with route key object returns true when true" file="Route (Hyde\Framework\Testing\Unit\Route)::Is with route key object returns true when true" class="Hyde\Framework\Testing\Unit\RouteTest" classname="Hyde.Framework.Testing.Unit.RouteTest" assertions="1" time="0.003558"/>
        <testcase name="Is with route key object returns true when false" file="Route (Hyde\Framework\Testing\Unit\Route)::Is with route key object returns true when false" class="Hyde\Framework\Testing\Unit\RouteTest" classname="Hyde.Framework.Testing.Unit.RouteTest" assertions="1" time="0.003552"/>
        <testcase name="To array method" file="Route (Hyde\Framework\Testing\Unit\Route)::To array method" class="Hyde\Framework\Testing\Unit\RouteTest" classname="Hyde.Framework.Testing.Unit.RouteTest" assertions="1" time="0.006753"/>
      </testsuite>
      <testsuite name="Hyde\Framework\Testing\Unit\SchemaContractsTest" file="Schema Contracts (Hyde\Framework\Testing\Unit\SchemaContracts)" tests="5" assertions="30" errors="0" failures="0" skipped="0" time="0.030229">
        <testcase name="Schemas are not accidentally changed" file="Schema Contracts (Hyde\Framework\Testing\Unit\SchemaContracts)::Schemas are not accidentally changed" class="Hyde\Framework\Testing\Unit\SchemaContractsTest" classname="Hyde.Framework.Testing.Unit.SchemaContractsTest" assertions="5" time="0.020518"/>
        <testcase name="All schemas are tested" file="Schema Contracts (Hyde\Framework\Testing\Unit\SchemaContracts)::All schemas are tested" class="Hyde\Framework\Testing\Unit\SchemaContractsTest" classname="Hyde.Framework.Testing.Unit.SchemaContractsTest" assertions="3" time="0.002416"/>
        <testcase name="All schemas extend front matter schema interface" file="Schema Contracts (Hyde\Framework\Testing\Unit\SchemaContracts)::All schemas extend front matter schema interface" class="Hyde\Framework\Testing\Unit\SchemaContractsTest" classname="Hyde.Framework.Testing.Unit.SchemaContractsTest" assertions="5" time="0.002068"/>
        <testcase name="All schemas have constant matching their interface name" file="Schema Contracts (Hyde\Framework\Testing\Unit\SchemaContracts)::All schemas have constant matching their interface name" class="Hyde\Framework\Testing\Unit\SchemaContractsTest" classname="Hyde.Framework.Testing.Unit.SchemaContractsTest" assertions="5" time="0.002105"/>
        <testcase name="Each interface only has one schema" file="Schema Contracts (Hyde\Framework\Testing\Unit\SchemaContracts)::Each interface only has one schema" class="Hyde\Framework\Testing\Unit\SchemaContractsTest" classname="Hyde.Framework.Testing.Unit.SchemaContractsTest" assertions="12" time="0.003123"/>
      </testsuite>
      <testsuite name="Hyde\Framework\Testing\Unit\SerializableContractTest" file="Serializable Contract (Hyde\Framework\Testing\Unit\SerializableContract)" tests="4" assertions="4" errors="0" failures="0" skipped="0" time="0.012154">
        <testcase name="Interface" file="Serializable Contract (Hyde\Framework\Testing\Unit\SerializableContract)::Interface" class="Hyde\Framework\Testing\Unit\SerializableContractTest" classname="Hyde.Framework.Testing.Unit.SerializableContractTest" assertions="1" time="0.007157"/>
        <testcase name="Interface extends json serializable" file="Serializable Contract (Hyde\Framework\Testing\Unit\SerializableContract)::Interface extends json serializable" class="Hyde\Framework\Testing\Unit\SerializableContractTest" classname="Hyde.Framework.Testing.Unit.SerializableContractTest" assertions="1" time="0.001691"/>
        <testcase name="Interface extends arrayable" file="Serializable Contract (Hyde\Framework\Testing\Unit\SerializableContract)::Interface extends arrayable" class="Hyde\Framework\Testing\Unit\SerializableContractTest" classname="Hyde.Framework.Testing.Unit.SerializableContractTest" assertions="1" time="0.001684"/>
        <testcase name="Interface extends jsonable" file="Serializable Contract (Hyde\Framework\Testing\Unit\SerializableContract)::Interface extends jsonable" class="Hyde\Framework\Testing\Unit\SerializableContractTest" classname="Hyde.Framework.Testing.Unit.SerializableContractTest" assertions="1" time="0.001621"/>
      </testsuite>
      <testsuite name="Hyde\Framework\Testing\Unit\SerializableTest" file="Serializable (Hyde\Framework\Testing\Unit\Serializable)" tests="9" assertions="9" errors="0" failures="0" skipped="0" time="0.022458">
        <testcase name="To array" file="Serializable (Hyde\Framework\Testing\Unit\Serializable)::To array" class="Hyde\Framework\Testing\Unit\SerializableTest" classname="Hyde.Framework.Testing.Unit.SerializableTest" assertions="1" time="0.006113"/>
        <testcase name="Json serialize" file="Serializable (Hyde\Framework\Testing\Unit\Serializable)::Json serialize" class="Hyde\Framework\Testing\Unit\SerializableTest" classname="Hyde.Framework.Testing.Unit.SerializableTest" assertions="1" time="0.002087"/>
        <testcase name="To json" file="Serializable (Hyde\Framework\Testing\Unit\Serializable)::To json" class="Hyde\Framework\Testing\Unit\SerializableTest" classname="Hyde.Framework.Testing.Unit.SerializableTest" assertions="1" time="0.001957"/>
        <testcase name="Json encode" file="Serializable (Hyde\Framework\Testing\Unit\Serializable)::Json encode" class="Hyde\Framework\Testing\Unit\SerializableTest" classname="Hyde.Framework.Testing.Unit.SerializableTest" assertions="1" time="0.001934"/>
        <testcase name="Serialize" file="Serializable (Hyde\Framework\Testing\Unit\Serializable)::Serialize" class="Hyde\Framework\Testing\Unit\SerializableTest" classname="Hyde.Framework.Testing.Unit.SerializableTest" assertions="1" time="0.002053"/>
        <testcase name="Serialize with arrayable" file="Serializable (Hyde\Framework\Testing\Unit\Serializable)::Serialize with arrayable" class="Hyde\Framework\Testing\Unit\SerializableTest" classname="Hyde.Framework.Testing.Unit.SerializableTest" assertions="1" time="0.002119"/>
        <testcase name="Json serialize with arrayable" file="Serializable (Hyde\Framework\Testing\Unit\Serializable)::Json serialize with arrayable" class="Hyde\Framework\Testing\Unit\SerializableTest" classname="Hyde.Framework.Testing.Unit.SerializableTest" assertions="1" time="0.002142"/>
        <testcase name="To json with arrayable" file="Serializable (Hyde\Framework\Testing\Unit\Serializable)::To json with arrayable" class="Hyde\Framework\Testing\Unit\SerializableTest" classname="Hyde.Framework.Testing.Unit.SerializableTest" assertions="1" time="0.001995"/>
        <testcase name="Automatically serialization" file="Serializable (Hyde\Framework\Testing\Unit\Serializable)::Automatically serialization" class="Hyde\Framework\Testing\Unit\SerializableTest" classname="Hyde.Framework.Testing.Unit.SerializableTest" assertions="1" time="0.002060"/>
      </testsuite>
      <testsuite name="Hyde\Framework\Testing\Unit\ServeCommandOptionsUnitTest" file="Serve Command Options Unit (Hyde\Framework\Testing\Unit\ServeCommandOptionsUnit)" tests="26" assertions="58" errors="0" failures="0" skipped="0" time="0.106106">
        <testcase name="Get host selection" file="Serve Command Options Unit (Hyde\Framework\Testing\Unit\ServeCommandOptionsUnit)::Get host selection" class="Hyde\Framework\Testing\Unit\ServeCommandOptionsUnitTest" classname="Hyde.Framework.Testing.Unit.ServeCommandOptionsUnitTest" assertions="1" time="0.011947"/>
        <testcase name="Get host selection with host option" file="Serve Command Options Unit (Hyde\Framework\Testing\Unit\ServeCommandOptionsUnit)::Get host selection with host option" class="Hyde\Framework\Testing\Unit\ServeCommandOptionsUnitTest" classname="Hyde.Framework.Testing.Unit.ServeCommandOptionsUnitTest" assertions="1" time="0.002791"/>
        <testcase name="Get host selection with config option" file="Serve Command Options Unit (Hyde\Framework\Testing\Unit\ServeCommandOptionsUnit)::Get host selection with config option" class="Hyde\Framework\Testing\Unit\ServeCommandOptionsUnitTest" classname="Hyde.Framework.Testing.Unit.ServeCommandOptionsUnitTest" assertions="1" time="0.002900"/>
        <testcase name="Get host selection with host option and config option" file="Serve Command Options Unit (Hyde\Framework\Testing\Unit\ServeCommandOptionsUnit)::Get host selection with host option and config option" class="Hyde\Framework\Testing\Unit\ServeCommandOptionsUnitTest" classname="Hyde.Framework.Testing.Unit.ServeCommandOptionsUnitTest" assertions="1" time="0.002846"/>
        <testcase name="Get port selection" file="Serve Command Options Unit (Hyde\Framework\Testing\Unit\ServeCommandOptionsUnit)::Get port selection" class="Hyde\Framework\Testing\Unit\ServeCommandOptionsUnitTest" classname="Hyde.Framework.Testing.Unit.ServeCommandOptionsUnitTest" assertions="1" time="0.002781"/>
        <testcase name="Get port selection with port option" file="Serve Command Options Unit (Hyde\Framework\Testing\Unit\ServeCommandOptionsUnit)::Get port selection with port option" class="Hyde\Framework\Testing\Unit\ServeCommandOptionsUnitTest" classname="Hyde.Framework.Testing.Unit.ServeCommandOptionsUnitTest" assertions="1" time="0.002762"/>
        <testcase name="Get port selection with config option" file="Serve Command Options Unit (Hyde\Framework\Testing\Unit\ServeCommandOptionsUnit)::Get port selection with config option" class="Hyde\Framework\Testing\Unit\ServeCommandOptionsUnitTest" classname="Hyde.Framework.Testing.Unit.ServeCommandOptionsUnitTest" assertions="1" time="0.002917"/>
        <testcase name="Get port selection with port option and config option" file="Serve Command Options Unit (Hyde\Framework\Testing\Unit\ServeCommandOptionsUnit)::Get port selection with port option and config option" class="Hyde\Framework\Testing\Unit\ServeCommandOptionsUnitTest" classname="Hyde.Framework.Testing.Unit.ServeCommandOptionsUnitTest" assertions="1" time="0.002880"/>
        <testcase name="Get environment variables" file="Serve Command Options Unit (Hyde\Framework\Testing\Unit\ServeCommandOptionsUnit)::Get environment variables" class="Hyde\Framework\Testing\Unit\ServeCommandOptionsUnitTest" classname="Hyde.Framework.Testing.Unit.ServeCommandOptionsUnitTest" assertions="1" time="0.002933"/>
        <testcase name="Get environment variables with no ansi option" file="Serve Command Options Unit (Hyde\Framework\Testing\Unit\ServeCommandOptionsUnit)::Get environment variables with no ansi option" class="Hyde\Framework\Testing\Unit\ServeCommandOptionsUnitTest" classname="Hyde.Framework.Testing.Unit.ServeCommandOptionsUnitTest" assertions="1" time="0.002941"/>
        <testcase name="Save preview option propagates to environment variables" file="Serve Command Options Unit (Hyde\Framework\Testing\Unit\ServeCommandOptionsUnit)::Save preview option propagates to environment variables" class="Hyde\Framework\Testing\Unit\ServeCommandOptionsUnitTest" classname="Hyde.Framework.Testing.Unit.ServeCommandOptionsUnitTest" assertions="5" time="0.004114"/>
        <testcase name="Dashboard option propagates to environment variables" file="Serve Command Options Unit (Hyde\Framework\Testing\Unit\ServeCommandOptionsUnit)::Dashboard option propagates to environment variables" class="Hyde\Framework\Testing\Unit\ServeCommandOptionsUnitTest" classname="Hyde.Framework.Testing.Unit.ServeCommandOptionsUnitTest" assertions="5" time="0.004113"/>
        <testcase name="Pretty urls option propagates to environment variables" file="Serve Command Options Unit (Hyde\Framework\Testing\Unit\ServeCommandOptionsUnit)::Pretty urls option propagates to environment variables" class="Hyde\Framework\Testing\Unit\ServeCommandOptionsUnitTest" classname="Hyde.Framework.Testing.Unit.ServeCommandOptionsUnitTest" assertions="5" time="0.004086"/>
        <testcase name="Play cdn option propagates to environment variables" file="Serve Command Options Unit (Hyde\Framework\Testing\Unit\ServeCommandOptionsUnit)::Play cdn option propagates to environment variables" class="Hyde\Framework\Testing\Unit\ServeCommandOptionsUnitTest" classname="Hyde.Framework.Testing.Unit.ServeCommandOptionsUnitTest" assertions="5" time="0.004114"/>
        <testcase name="Parse environment option" file="Serve Command Options Unit (Hyde\Framework\Testing\Unit\ServeCommandOptionsUnit)::Parse environment option" class="Hyde\Framework\Testing\Unit\ServeCommandOptionsUnitTest" classname="Hyde.Framework.Testing.Unit.ServeCommandOptionsUnitTest" assertions="2" time="0.003149"/>
        <testcase name="Parse environment option with empty string" file="Serve Command Options Unit (Hyde\Framework\Testing\Unit\ServeCommandOptionsUnit)::Parse environment option with empty string" class="Hyde\Framework\Testing\Unit\ServeCommandOptionsUnitTest" classname="Hyde.Framework.Testing.Unit.ServeCommandOptionsUnitTest" assertions="1" time="0.002922"/>
        <testcase name="Parse environment option with null" file="Serve Command Options Unit (Hyde\Framework\Testing\Unit\ServeCommandOptionsUnit)::Parse environment option with null" class="Hyde\Framework\Testing\Unit\ServeCommandOptionsUnitTest" classname="Hyde.Framework.Testing.Unit.ServeCommandOptionsUnitTest" assertions="1" time="0.002834"/>
        <testcase name="Parse environment option with invalid value" file="Serve Command Options Unit (Hyde\Framework\Testing\Unit\ServeCommandOptionsUnit)::Parse environment option with invalid value" class="Hyde\Framework\Testing\Unit\ServeCommandOptionsUnitTest" classname="Hyde.Framework.Testing.Unit.ServeCommandOptionsUnitTest" assertions="2" time="0.002951"/>
        <testcase name="Check argv for option" file="Serve Command Options Unit (Hyde\Framework\Testing\Unit\ServeCommandOptionsUnit)::Check argv for option" class="Hyde\Framework\Testing\Unit\ServeCommandOptionsUnitTest" classname="Hyde.Framework.Testing.Unit.ServeCommandOptionsUnitTest" assertions="2" time="0.002877"/>
        <testcase name="With open argument" file="Serve Command Options Unit (Hyde\Framework\Testing\Unit\ServeCommandOptionsUnit)::With open argument" class="Hyde\Framework\Testing\Unit\ServeCommandOptionsUnitTest" classname="Hyde.Framework.Testing.Unit.ServeCommandOptionsUnitTest" assertions="1" time="0.003253"/>
        <testcase name="With open argument when string" file="Serve Command Options Unit (Hyde\Framework\Testing\Unit\ServeCommandOptionsUnit)::With open argument when string" class="Hyde\Framework\Testing\Unit\ServeCommandOptionsUnitTest" classname="Hyde.Framework.Testing.Unit.ServeCommandOptionsUnitTest" assertions="1" time="0.003161"/>
        <testcase name="With open argument when path" file="Serve Command Options Unit (Hyde\Framework\Testing\Unit\ServeCommandOptionsUnit)::With open argument when path" class="Hyde\Framework\Testing\Unit\ServeCommandOptionsUnitTest" classname="Hyde.Framework.Testing.Unit.ServeCommandOptionsUnitTest" assertions="1" time="0.003183"/>
        <testcase name="Open in browser" file="Serve Command Options Unit (Hyde\Framework\Testing\Unit\ServeCommandOptionsUnit)::Open in browser" class="Hyde\Framework\Testing\Unit\ServeCommandOptionsUnitTest" classname="Hyde.Framework.Testing.Unit.ServeCommandOptionsUnitTest" assertions="4" time="0.014790"/>
        <testcase name="Open in browser with path" file="Serve Command Options Unit (Hyde\Framework\Testing\Unit\ServeCommandOptionsUnit)::Open in browser with path" class="Hyde\Framework\Testing\Unit\ServeCommandOptionsUnitTest" classname="Hyde.Framework.Testing.Unit.ServeCommandOptionsUnitTest" assertions="3" time="0.003135"/>
        <testcase name="Open in browser with path normalizes paths" file="Serve Command Options Unit (Hyde\Framework\Testing\Unit\ServeCommandOptionsUnit)::Open in browser with path normalizes paths" class="Hyde\Framework\Testing\Unit\ServeCommandOptionsUnitTest" classname="Hyde.Framework.Testing.Unit.ServeCommandOptionsUnitTest" assertions="3" time="0.004525"/>
        <testcase name="Open in browser that fails" file="Serve Command Options Unit (Hyde\Framework\Testing\Unit\ServeCommandOptionsUnit)::Open in browser that fails" class="Hyde\Framework\Testing\Unit\ServeCommandOptionsUnitTest" classname="Hyde.Framework.Testing.Unit.ServeCommandOptionsUnitTest" assertions="7" time="0.005203"/>
      </testsuite>
      <testsuite name="Hyde\Framework\Testing\Unit\SourceFilesInCustomDirectoriesCanBeCompiledTest" file="Source Files In Custom Directories Can Be Compiled (Hyde\Framework\Testing\Unit\SourceFilesInCustomDirectoriesCanBeCompiled)" tests="4" assertions="4" errors="0" failures="0" skipped="0" time="0.172136">
        <testcase name="Markdown posts in changed directory can be compiled" file="Source Files In Custom Directories Can Be Compiled (Hyde\Framework\Testing\Unit\SourceFilesInCustomDirectoriesCanBeCompiled)::Markdown posts in changed directory can be compiled" class="Hyde\Framework\Testing\Unit\SourceFilesInCustomDirectoriesCanBeCompiledTest" classname="Hyde.Framework.Testing.Unit.SourceFilesInCustomDirectoriesCanBeCompiledTest" assertions="1" time="0.071358"/>
        <testcase name="Markdown pages in changed directory can be compiled" file="Source Files In Custom Directories Can Be Compiled (Hyde\Framework\Testing\Unit\SourceFilesInCustomDirectoriesCanBeCompiled)::Markdown pages in changed directory can be compiled" class="Hyde\Framework\Testing\Unit\SourceFilesInCustomDirectoriesCanBeCompiledTest" classname="Hyde.Framework.Testing.Unit.SourceFilesInCustomDirectoriesCanBeCompiledTest" assertions="1" time="0.035926"/>
        <testcase name="Documentation pages in changed directory can be compiled" file="Source Files In Custom Directories Can Be Compiled (Hyde\Framework\Testing\Unit\SourceFilesInCustomDirectoriesCanBeCompiled)::Documentation pages in changed directory can be compiled" class="Hyde\Framework\Testing\Unit\SourceFilesInCustomDirectoriesCanBeCompiledTest" classname="Hyde.Framework.Testing.Unit.SourceFilesInCustomDirectoriesCanBeCompiledTest" assertions="1" time="0.039405"/>
        <testcase name="Blade pages in changed directory can be compiled" file="Source Files In Custom Directories Can Be Compiled (Hyde\Framework\Testing\Unit\SourceFilesInCustomDirectoriesCanBeCompiled)::Blade pages in changed directory can be compiled" class="Hyde\Framework\Testing\Unit\SourceFilesInCustomDirectoriesCanBeCompiledTest" classname="Hyde.Framework.Testing.Unit.SourceFilesInCustomDirectoriesCanBeCompiledTest" assertions="1" time="0.025447"/>
      </testsuite>
      <testsuite name="Hyde\Framework\Testing\Unit\TestBuildStaticSiteCommandFlagToEnablePrettyUrlsTest" file="Build Static Site Command Flag To Enable Pretty Urls (Hyde\Framework\Testing\Unit\BuildStaticSiteCommandFlagToEnablePrettyUrls)" tests="2" assertions="4" errors="0" failures="0" skipped="0" time="0.063764">
        <testcase name="Pretty urls can be enabled with flag" file="Build Static Site Command Flag To Enable Pretty Urls (Hyde\Framework\Testing\Unit\BuildStaticSiteCommandFlagToEnablePrettyUrls)::Pretty urls can be enabled with flag" class="Hyde\Framework\Testing\Unit\TestBuildStaticSiteCommandFlagToEnablePrettyUrlsTest" classname="Hyde.Framework.Testing.Unit.TestBuildStaticSiteCommandFlagToEnablePrettyUrlsTest" assertions="3" time="0.043608"/>
        <testcase name="Config change is not persisted" file="Build Static Site Command Flag To Enable Pretty Urls (Hyde\Framework\Testing\Unit\BuildStaticSiteCommandFlagToEnablePrettyUrls)::Config change is not persisted" class="Hyde\Framework\Testing\Unit\TestBuildStaticSiteCommandFlagToEnablePrettyUrlsTest" classname="Hyde.Framework.Testing.Unit.TestBuildStaticSiteCommandFlagToEnablePrettyUrlsTest" assertions="1" time="0.020156"/>
      </testsuite>
      <testsuite name="Hyde\Framework\Testing\Unit\TestingSupportHelpersMetaTest" file="ing Support Helpers Meta (Hyde\Framework\Testing\Unit\ingSupportHelpersMeta)" tests="7" assertions="33" errors="0" failures="0" skipped="0" time="0.014194">
        <testcase name="With pages" file="ing Support Helpers Meta (Hyde\Framework\Testing\Unit\ingSupportHelpersMeta)::With pages" class="Hyde\Framework\Testing\Unit\TestingSupportHelpersMetaTest" classname="Hyde.Framework.Testing.Unit.TestingSupportHelpersMetaTest" assertions="2" time="0.004902"/>
        <testcase name="With pages replaces existing pages" file="ing Support Helpers Meta (Hyde\Framework\Testing\Unit\ingSupportHelpersMeta)::With pages replaces existing pages" class="Hyde\Framework\Testing\Unit\TestingSupportHelpersMetaTest" classname="Hyde.Framework.Testing.Unit.TestingSupportHelpersMetaTest" assertions="2" time="0.002677"/>
        <testcase name="With pages replaces existing routes" file="ing Support Helpers Meta (Hyde\Framework\Testing\Unit\ingSupportHelpersMeta)::With pages replaces existing routes" class="Hyde\Framework\Testing\Unit\TestingSupportHelpersMetaTest" classname="Hyde.Framework.Testing.Unit.TestingSupportHelpersMetaTest" assertions="2" time="0.002571"/>
        <testcase name="With pages when supplying strings" file="ing Support Helpers Meta (Hyde\Framework\Testing\Unit\ingSupportHelpersMeta)::With pages when supplying strings" class="Hyde\Framework\Testing\Unit\TestingSupportHelpersMetaTest" classname="Hyde.Framework.Testing.Unit.TestingSupportHelpersMetaTest" assertions="3" time="0.001918"/>
        <testcase name="Assert all same asserts all values are the same" file="ing Support Helpers Meta (Hyde\Framework\Testing\Unit\ingSupportHelpersMeta)::Assert all same asserts all values are the same" class="Hyde\Framework\Testing\Unit\TestingSupportHelpersMetaTest" classname="Hyde.Framework.Testing.Unit.TestingSupportHelpersMetaTest" assertions="12" time="0.000823"/>
        <testcase name="Assert all same fails when values are not equal" file="ing Support Helpers Meta (Hyde\Framework\Testing\Unit\ingSupportHelpersMeta)::Assert all same fails when values are not equal" class="Hyde\Framework\Testing\Unit\TestingSupportHelpersMetaTest" classname="Hyde.Framework.Testing.Unit.TestingSupportHelpersMetaTest" assertions="9" time="0.000837"/>
        <testcase name="Assert all same fails when values are not identical" file="ing Support Helpers Meta (Hyde\Framework\Testing\Unit\ingSupportHelpersMeta)::Assert all same fails when values are not identical" class="Hyde\Framework\Testing\Unit\TestingSupportHelpersMetaTest" classname="Hyde.Framework.Testing.Unit.TestingSupportHelpersMetaTest" assertions="3" time="0.000466"/>
      </testsuite>
      <testsuite name="Hyde\Framework\Testing\Unit\TracksExecutionTimeTest" file="Tracks Execution Time (Hyde\Framework\Testing\Unit\TracksExecutionTime)" tests="4" assertions="10" errors="0" failures="0" skipped="0" time="0.014863">
        <testcase name="Start clock" file="Tracks Execution Time (Hyde\Framework\Testing\Unit\TracksExecutionTime)::Start clock" class="Hyde\Framework\Testing\Unit\TracksExecutionTimeTest" classname="Hyde.Framework.Testing.Unit.TracksExecutionTimeTest" assertions="4" time="0.008737"/>
        <testcase name="Stop clock" file="Tracks Execution Time (Hyde\Framework\Testing\Unit\TracksExecutionTime)::Stop clock" class="Hyde\Framework\Testing\Unit\TracksExecutionTimeTest" classname="Hyde.Framework.Testing.Unit.TracksExecutionTimeTest" assertions="2" time="0.002063"/>
        <testcase name="Get execution time in ms" file="Tracks Execution Time (Hyde\Framework\Testing\Unit\TracksExecutionTime)::Get execution time in ms" class="Hyde\Framework\Testing\Unit\TracksExecutionTimeTest" classname="Hyde.Framework.Testing.Unit.TracksExecutionTimeTest" assertions="2" time="0.002029"/>
        <testcase name="Get execution time string" file="Tracks Execution Time (Hyde\Framework\Testing\Unit\TracksExecutionTime)::Get execution time string" class="Hyde\Framework\Testing\Unit\TracksExecutionTimeTest" classname="Hyde.Framework.Testing.Unit.TracksExecutionTimeTest" assertions="2" time="0.002033"/>
      </testsuite>
      <testsuite name="Hyde\Framework\Testing\Unit\UnixsumTest" file="Unixsum (Hyde\Framework\Testing\Unit\Unixsum)" tests="10" assertions="13" errors="0" failures="0" skipped="0" time="0.023947">
        <testcase name="Method returns string" file="Unixsum (Hyde\Framework\Testing\Unit\Unixsum)::Method returns string" class="Hyde\Framework\Testing\Unit\UnixsumTest" classname="Hyde.Framework.Testing.Unit.UnixsumTest" assertions="1" time="0.006142"/>
        <testcase name="Method returns string with length of 32" file="Unixsum (Hyde\Framework\Testing\Unit\Unixsum)::Method returns string with length of 32" class="Hyde\Framework\Testing\Unit\UnixsumTest" classname="Hyde.Framework.Testing.Unit.UnixsumTest" assertions="1" time="0.001838"/>
        <testcase name="Method returns string matching expected format" file="Unixsum (Hyde\Framework\Testing\Unit\Unixsum)::Method returns string matching expected format" class="Hyde\Framework\Testing\Unit\UnixsumTest" classname="Hyde.Framework.Testing.Unit.UnixsumTest" assertions="1" time="0.002027"/>
        <testcase name="Method returns same value for same string using normal method" file="Unixsum (Hyde\Framework\Testing\Unit\Unixsum)::Method returns same value for same string using normal method" class="Hyde\Framework\Testing\Unit\UnixsumTest" classname="Hyde.Framework.Testing.Unit.UnixsumTest" assertions="1" time="0.001860"/>
        <testcase name="Method returns different value for different string" file="Unixsum (Hyde\Framework\Testing\Unit\Unixsum)::Method returns different value for different string" class="Hyde\Framework\Testing\Unit\UnixsumTest" classname="Hyde.Framework.Testing.Unit.UnixsumTest" assertions="1" time="0.001916"/>
        <testcase name="Function is case sensitive" file="Unixsum (Hyde\Framework\Testing\Unit\Unixsum)::Function is case sensitive" class="Hyde\Framework\Testing\Unit\UnixsumTest" classname="Hyde.Framework.Testing.Unit.UnixsumTest" assertions="1" time="0.001858"/>
        <testcase name="Function is space sensitive" file="Unixsum (Hyde\Framework\Testing\Unit\Unixsum)::Function is space sensitive" class="Hyde\Framework\Testing\Unit\UnixsumTest" classname="Hyde.Framework.Testing.Unit.UnixsumTest" assertions="1" time="0.001871"/>
        <testcase name="Method returns same value regardless of end of line sequence" file="Unixsum (Hyde\Framework\Testing\Unit\Unixsum)::Method returns same value regardless of end of line sequence" class="Hyde\Framework\Testing\Unit\UnixsumTest" classname="Hyde.Framework.Testing.Unit.UnixsumTest" assertions="4" time="0.002069"/>
        <testcase name="Method returns same value for string with mixed end of line sequences" file="Unixsum (Hyde\Framework\Testing\Unit\Unixsum)::Method returns same value for string with mixed end of line sequences" class="Hyde\Framework\Testing\Unit\UnixsumTest" classname="Hyde.Framework.Testing.Unit.UnixsumTest" assertions="1" time="0.001796"/>
        <testcase name="Method returns same value when loaded from file using shorthand" file="Unixsum (Hyde\Framework\Testing\Unit\Unixsum)::Method returns same value when loaded from file using shorthand" class="Hyde\Framework\Testing\Unit\UnixsumTest" classname="Hyde.Framework.Testing.Unit.UnixsumTest" assertions="1" time="0.002570"/>
      </testsuite>
      <testsuite name="Hyde\Framework\Testing\Unit\UnsupportedPageTypeExceptionTest" file="Unsupported Page Type Exception (Hyde\Framework\Testing\Unit\UnsupportedPageTypeException)" tests="2" assertions="3" errors="0" failures="0" skipped="0" time="0.014114">
        <testcase name="It can be instantiated" file="Unsupported Page Type Exception (Hyde\Framework\Testing\Unit\UnsupportedPageTypeException)::It can be instantiated" class="Hyde\Framework\Testing\Unit\UnsupportedPageTypeExceptionTest" classname="Hyde.Framework.Testing.Unit.UnsupportedPageTypeExceptionTest" assertions="1" time="0.012064"/>
        <testcase name="It throws an exception when page type is not supported" file="Unsupported Page Type Exception (Hyde\Framework\Testing\Unit\UnsupportedPageTypeException)::It throws an exception when page type is not supported" class="Hyde\Framework\Testing\Unit\UnsupportedPageTypeExceptionTest" classname="Hyde.Framework.Testing.Unit.UnsupportedPageTypeExceptionTest" assertions="2" time="0.002051"/>
      </testsuite>
      <testsuite name="Hyde\Framework\Testing\Unit\ValidatesExistenceTest" file="Validates Existence (Hyde\Framework\Testing\Unit\ValidatesExistence)" tests="2" assertions="2" errors="0" failures="0" skipped="0" time="0.043953">
        <testcase name="Validate existence does nothing if file exists" file="Validates Existence (Hyde\Framework\Testing\Unit\ValidatesExistence)::Validate existence does nothing if file exists" class="Hyde\Framework\Testing\Unit\ValidatesExistenceTest" classname="Hyde.Framework.Testing.Unit.ValidatesExistenceTest" assertions="1" time="0.023944"/>
        <testcase name="Validate existence throws file not found exception if file does not exist" file="Validates Existence (Hyde\Framework\Testing\Unit\ValidatesExistence)::Validate existence throws file not found exception if file does not exist" class="Hyde\Framework\Testing\Unit\ValidatesExistenceTest" classname="Hyde.Framework.Testing.Unit.ValidatesExistenceTest" assertions="1" time="0.020009"/>
      </testsuite>
      <testsuite name="Hyde\Framework\Testing\Unit\ViewDiffServiceTest" file="View Diff Service (Hyde\Framework\Testing\Unit\ViewDiffService)" tests="4" assertions="8" errors="0" failures="0" skipped="0" time="0.037158">
        <testcase name="Get filecache" file="View Diff Service (Hyde\Framework\Testing\Unit\ViewDiffService)::Get filecache" class="Hyde\Framework\Testing\Unit\ViewDiffServiceTest" classname="Hyde.Framework.Testing.Unit.ViewDiffServiceTest" assertions="4" time="0.017390"/>
        <testcase name="Get checksums" file="View Diff Service (Hyde\Framework\Testing\Unit\ViewDiffService)::Get checksums" class="Hyde\Framework\Testing\Unit\ViewDiffServiceTest" classname="Hyde.Framework.Testing.Unit.ViewDiffServiceTest" assertions="2" time="0.006786"/>
        <testcase name="Checksum matches any" file="View Diff Service (Hyde\Framework\Testing\Unit\ViewDiffService)::Checksum matches any" class="Hyde\Framework\Testing\Unit\ViewDiffServiceTest" classname="Hyde.Framework.Testing.Unit.ViewDiffServiceTest" assertions="1" time="0.006569"/>
        <testcase name="Checksum matches any false" file="View Diff Service (Hyde\Framework\Testing\Unit\ViewDiffService)::Checksum matches any false" class="Hyde\Framework\Testing\Unit\ViewDiffServiceTest" classname="Hyde.Framework.Testing.Unit.ViewDiffServiceTest" assertions="1" time="0.006413"/>
      </testsuite>
      <testsuite name="Hyde\Framework\Testing\Unit\Views\ArticleExcerptViewTest" file="Article Excerpt View (Hyde\Framework\Testing\Unit\Views\ArticleExcerptView)" tests="5" assertions="10" errors="0" failures="0" skipped="0" time="0.141794">
        <testcase name="Component can be rendered" file="Article Excerpt View (Hyde\Framework\Testing\Unit\Views\ArticleExcerptView)::Component can be rendered" class="Hyde\Framework\Testing\Unit\Views\ArticleExcerptViewTest" classname="Hyde.Framework.Testing.Unit.Views.ArticleExcerptViewTest" assertions="1" time="0.033388"/>
        <testcase name="Component renders post data" file="Article Excerpt View (Hyde\Framework\Testing\Unit\Views\ArticleExcerptView)::Component renders post data" class="Hyde\Framework\Testing\Unit\Views\ArticleExcerptViewTest" classname="Hyde.Framework.Testing.Unit.Views.ArticleExcerptViewTest" assertions="5" time="0.027184"/>
        <testcase name="Component renders post with author object" file="Article Excerpt View (Hyde\Framework\Testing\Unit\Views\ArticleExcerptView)::Component renders post with author object" class="Hyde\Framework\Testing\Unit\Views\ArticleExcerptViewTest" classname="Hyde.Framework.Testing.Unit.Views.ArticleExcerptViewTest" assertions="1" time="0.026935"/>
        <testcase name="There is no comma after date string when there is no author" file="Article Excerpt View (Hyde\Framework\Testing\Unit\Views\ArticleExcerptView)::There is no comma after date string when there is no author" class="Hyde\Framework\Testing\Unit\Views\ArticleExcerptViewTest" classname="Hyde.Framework.Testing.Unit.Views.ArticleExcerptViewTest" assertions="2" time="0.027162"/>
        <testcase name="There is a comma after date string when there is a author" file="Article Excerpt View (Hyde\Framework\Testing\Unit\Views\ArticleExcerptView)::There is a comma after date string when there is a author" class="Hyde\Framework\Testing\Unit\Views\ArticleExcerptViewTest" classname="Hyde.Framework.Testing.Unit.Views.ArticleExcerptViewTest" assertions="1" time="0.027126"/>
      </testsuite>
      <testsuite name="Hyde\Framework\Testing\Unit\Views\BreadcrumbsComponentViewTest" file="Breadcrumbs Component View (Hyde\Framework\Testing\Unit\Views\BreadcrumbsComponentView)" tests="6" assertions="6" errors="0" failures="0" skipped="0" time="0.170769">
        <testcase name="Rendered blade view" file="Breadcrumbs Component View (Hyde\Framework\Testing\Unit\Views\BreadcrumbsComponentView)::Rendered blade view" class="Hyde\Framework\Testing\Unit\Views\BreadcrumbsComponentViewTest" classname="Hyde.Framework.Testing.Unit.Views.BreadcrumbsComponentViewTest" assertions="1" time="0.044308"/>
        <testcase name="Rendered blade view on index page" file="Breadcrumbs Component View (Hyde\Framework\Testing\Unit\Views\BreadcrumbsComponentView)::Rendered blade view on index page" class="Hyde\Framework\Testing\Unit\Views\BreadcrumbsComponentViewTest" classname="Hyde.Framework.Testing.Unit.Views.BreadcrumbsComponentViewTest" assertions="1" time="0.025238"/>
        <testcase name="Rendered blade view on nested page" file="Breadcrumbs Component View (Hyde\Framework\Testing\Unit\Views\BreadcrumbsComponentView)::Rendered blade view on nested page" class="Hyde\Framework\Testing\Unit\Views\BreadcrumbsComponentViewTest" classname="Hyde.Framework.Testing.Unit.Views.BreadcrumbsComponentViewTest" assertions="1" time="0.025464"/>
        <testcase name="Rendered blade view on deeply nested page" file="Breadcrumbs Component View (Hyde\Framework\Testing\Unit\Views\BreadcrumbsComponentView)::Rendered blade view on deeply nested page" class="Hyde\Framework\Testing\Unit\Views\BreadcrumbsComponentViewTest" classname="Hyde.Framework.Testing.Unit.Views.BreadcrumbsComponentViewTest" assertions="1" time="0.025395"/>
        <testcase name="Rendered blade view on nested index page" file="Breadcrumbs Component View (Hyde\Framework\Testing\Unit\Views\BreadcrumbsComponentView)::Rendered blade view on nested index page" class="Hyde\Framework\Testing\Unit\Views\BreadcrumbsComponentViewTest" classname="Hyde.Framework.Testing.Unit.Views.BreadcrumbsComponentViewTest" assertions="1" time="0.025220"/>
        <testcase name="Rendered blade view with attributes" file="Breadcrumbs Component View (Hyde\Framework\Testing\Unit\Views\BreadcrumbsComponentView)::Rendered blade view with attributes" class="Hyde\Framework\Testing\Unit\Views\BreadcrumbsComponentViewTest" classname="Hyde.Framework.Testing.Unit.Views.BreadcrumbsComponentViewTest" assertions="1" time="0.025144"/>
      </testsuite>
      <testsuite name="Hyde\Framework\Testing\Unit\Views\FeaturedImageViewTest" file="Featured Image View (Hyde\Framework\Testing\Unit\Views\FeaturedImageView)" tests="21" assertions="46" errors="0" failures="0" skipped="0" time="0.526894">
        <testcase name="The view" file="Featured Image View (Hyde\Framework\Testing\Unit\Views\FeaturedImageView)::The view" class="Hyde\Framework\Testing\Unit\Views\FeaturedImageViewTest" classname="Hyde.Framework.Testing.Unit.Views.FeaturedImageViewTest" assertions="9" time="0.050082"/>
        <testcase name="Image author attribution string" file="Featured Image View (Hyde\Framework\Testing\Unit\Views\FeaturedImageView)::Image author attribution string" class="Hyde\Framework\Testing\Unit\Views\FeaturedImageViewTest" classname="Hyde.Framework.Testing.Unit.Views.FeaturedImageViewTest" assertions="3" time="0.023296"/>
        <testcase name="Image author attribution string with url" file="Featured Image View (Hyde\Framework\Testing\Unit\Views\FeaturedImageView)::Image author attribution string with url" class="Hyde\Framework\Testing\Unit\Views\FeaturedImageViewTest" classname="Hyde.Framework.Testing.Unit.Views.FeaturedImageViewTest" assertions="5" time="0.023480"/>
        <testcase name="Copyright string" file="Featured Image View (Hyde\Framework\Testing\Unit\Views\FeaturedImageView)::Copyright string" class="Hyde\Framework\Testing\Unit\Views\FeaturedImageViewTest" classname="Hyde.Framework.Testing.Unit.Views.FeaturedImageViewTest" assertions="2" time="0.023201"/>
        <testcase name="Copyright string inverse" file="Featured Image View (Hyde\Framework\Testing\Unit\Views\FeaturedImageView)::Copyright string inverse" class="Hyde\Framework\Testing\Unit\Views\FeaturedImageViewTest" classname="Hyde.Framework.Testing.Unit.Views.FeaturedImageViewTest" assertions="1" time="0.023118"/>
        <testcase name="License string" file="Featured Image View (Hyde\Framework\Testing\Unit\Views\FeaturedImageView)::License string" class="Hyde\Framework\Testing\Unit\Views\FeaturedImageViewTest" classname="Hyde.Framework.Testing.Unit.Views.FeaturedImageViewTest" assertions="1" time="0.023102"/>
        <testcase name="License string with url" file="Featured Image View (Hyde\Framework\Testing\Unit\Views\FeaturedImageView)::License string with url" class="Hyde\Framework\Testing\Unit\Views\FeaturedImageViewTest" classname="Hyde.Framework.Testing.Unit.Views.FeaturedImageViewTest" assertions="1" time="0.023084"/>
        <testcase name="License string inverse" file="Featured Image View (Hyde\Framework\Testing\Unit\Views\FeaturedImageView)::License string inverse" class="Hyde\Framework\Testing\Unit\Views\FeaturedImageViewTest" classname="Hyde.Framework.Testing.Unit.Views.FeaturedImageViewTest" assertions="2" time="0.023134"/>
        <testcase name="License string inverse with url" file="Featured Image View (Hyde\Framework\Testing\Unit\Views\FeaturedImageView)::License string inverse with url" class="Hyde\Framework\Testing\Unit\Views\FeaturedImageViewTest" classname="Hyde.Framework.Testing.Unit.Views.FeaturedImageViewTest" assertions="2" time="0.023312"/>
        <testcase name="Fluent attribution logic uses rich html tags" file="Featured Image View (Hyde\Framework\Testing\Unit\Views\FeaturedImageView)::Fluent attribution logic uses rich html tags" class="Hyde\Framework\Testing\Unit\Views\FeaturedImageViewTest" classname="Hyde.Framework.Testing.Unit.Views.FeaturedImageViewTest" assertions="7" time="0.023762"/>
        <testcase name="Fluent attribution logic uses rich html tags" file="Featured Image View (Hyde\Framework\Testing\Unit\Views\FeaturedImageView)::Fluent attribution logic uses rich html tags" class="Hyde\Framework\Testing\Unit\Views\FeaturedImageViewTest" classname="Hyde.Framework.Testing.Unit.Views.FeaturedImageViewTest" assertions="2" time="0.023088"/>
        <testcase name="Fluent attribution logic uses rich html tags" file="Featured Image View (Hyde\Framework\Testing\Unit\Views\FeaturedImageView)::Fluent attribution logic uses rich html tags" class="Hyde\Framework\Testing\Unit\Views\FeaturedImageViewTest" classname="Hyde.Framework.Testing.Unit.Views.FeaturedImageViewTest" assertions="1" time="0.023114"/>
        <testcase name="Fluent attribution logic uses rich html tags" file="Featured Image View (Hyde\Framework\Testing\Unit\Views\FeaturedImageView)::Fluent attribution logic uses rich html tags" class="Hyde\Framework\Testing\Unit\Views\FeaturedImageViewTest" classname="Hyde.Framework.Testing.Unit.Views.FeaturedImageViewTest" assertions="1" time="0.023283"/>
        <testcase name="Fluent attribution logic uses rich html tags" file="Featured Image View (Hyde\Framework\Testing\Unit\Views\FeaturedImageView)::Fluent attribution logic uses rich html tags" class="Hyde\Framework\Testing\Unit\Views\FeaturedImageViewTest" classname="Hyde.Framework.Testing.Unit.Views.FeaturedImageViewTest" assertions="2" time="0.023163"/>
        <testcase name="Fluent attribution logic creates fluent messages 1" file="Featured Image View (Hyde\Framework\Testing\Unit\Views\FeaturedImageView)::Fluent attribution logic creates fluent messages 1" class="Hyde\Framework\Testing\Unit\Views\FeaturedImageViewTest" classname="Hyde.Framework.Testing.Unit.Views.FeaturedImageViewTest" assertions="1" time="0.023127"/>
        <testcase name="Fluent attribution logic creates fluent messages 2" file="Featured Image View (Hyde\Framework\Testing\Unit\Views\FeaturedImageView)::Fluent attribution logic creates fluent messages 2" class="Hyde\Framework\Testing\Unit\Views\FeaturedImageViewTest" classname="Hyde.Framework.Testing.Unit.Views.FeaturedImageViewTest" assertions="1" time="0.023131"/>
        <testcase name="Fluent attribution logic creates fluent messages 3" file="Featured Image View (Hyde\Framework\Testing\Unit\Views\FeaturedImageView)::Fluent attribution logic creates fluent messages 3" class="Hyde\Framework\Testing\Unit\Views\FeaturedImageViewTest" classname="Hyde.Framework.Testing.Unit.Views.FeaturedImageViewTest" assertions="1" time="0.023107"/>
        <testcase name="Fluent attribution logic creates fluent messages 4" file="Featured Image View (Hyde\Framework\Testing\Unit\Views\FeaturedImageView)::Fluent attribution logic creates fluent messages 4" class="Hyde\Framework\Testing\Unit\Views\FeaturedImageViewTest" classname="Hyde.Framework.Testing.Unit.Views.FeaturedImageViewTest" assertions="1" time="0.035463"/>
        <testcase name="Fluent attribution logic creates fluent messages 5" file="Featured Image View (Hyde\Framework\Testing\Unit\Views\FeaturedImageView)::Fluent attribution logic creates fluent messages 5" class="Hyde\Framework\Testing\Unit\Views\FeaturedImageViewTest" classname="Hyde.Framework.Testing.Unit.Views.FeaturedImageViewTest" assertions="1" time="0.023422"/>
        <testcase name="Fluent attribution logic creates fluent messages 6" file="Featured Image View (Hyde\Framework\Testing\Unit\Views\FeaturedImageView)::Fluent attribution logic creates fluent messages 6" class="Hyde\Framework\Testing\Unit\Views\FeaturedImageViewTest" classname="Hyde.Framework.Testing.Unit.Views.FeaturedImageViewTest" assertions="1" time="0.023244"/>
        <testcase name="Fluent attribution logic creates fluent messages 7" file="Featured Image View (Hyde\Framework\Testing\Unit\Views\FeaturedImageView)::Fluent attribution logic creates fluent messages 7" class="Hyde\Framework\Testing\Unit\Views\FeaturedImageViewTest" classname="Hyde.Framework.Testing.Unit.Views.FeaturedImageViewTest" assertions="1" time="0.023182"/>
      </testsuite>
      <testsuite name="Hyde\Framework\Testing\Unit\Views\HeadComponentViewTest" file="Head Component View (Hyde\Framework\Testing\Unit\Views\HeadComponentView)" tests="9" assertions="9" errors="0" failures="0" skipped="0" time="0.250100">
        <testcase name="Component can be rendered" file="Head Component View (Hyde\Framework\Testing\Unit\Views\HeadComponentView)::Component can be rendered" class="Hyde\Framework\Testing\Unit\Views\HeadComponentViewTest" classname="Hyde.Framework.Testing.Unit.Views.HeadComponentViewTest" assertions="1" time="0.056742"/>
        <testcase name="Title element uses page title" file="Head Component View (Hyde\Framework\Testing\Unit\Views\HeadComponentView)::Title element uses page title" class="Hyde\Framework\Testing\Unit\Views\HeadComponentViewTest" classname="Hyde.Framework.Testing.Unit.Views.HeadComponentViewTest" assertions="1" time="0.027591"/>
        <testcase name="Link to favicon is not added when file does not exist" file="Head Component View (Hyde\Framework\Testing\Unit\Views\HeadComponentView)::Link to favicon is not added when file does not exist" class="Hyde\Framework\Testing\Unit\Views\HeadComponentViewTest" classname="Hyde.Framework.Testing.Unit.Views.HeadComponentViewTest" assertions="1" time="0.023219"/>
        <testcase name="Link to favicon is added when file exists" file="Head Component View (Hyde\Framework\Testing\Unit\Views\HeadComponentView)::Link to favicon is added when file exists" class="Hyde\Framework\Testing\Unit\Views\HeadComponentViewTest" classname="Hyde.Framework.Testing.Unit.Views.HeadComponentViewTest" assertions="1" time="0.024221"/>
        <testcase name="Link to favicon uses relative url" file="Head Component View (Hyde\Framework\Testing\Unit\Views\HeadComponentView)::Link to favicon uses relative url" class="Hyde\Framework\Testing\Unit\Views\HeadComponentViewTest" classname="Hyde.Framework.Testing.Unit.Views.HeadComponentViewTest" assertions="1" time="0.024260"/>
        <testcase name="Component includes meta view" file="Head Component View (Hyde\Framework\Testing\Unit\Views\HeadComponentView)::Component includes meta view" class="Hyde\Framework\Testing\Unit\Views\HeadComponentViewTest" classname="Hyde.Framework.Testing.Unit.Views.HeadComponentViewTest" assertions="1" time="0.023334"/>
        <testcase name="Component includes styles view" file="Head Component View (Hyde\Framework\Testing\Unit\Views\HeadComponentView)::Component includes styles view" class="Hyde\Framework\Testing\Unit\Views\HeadComponentViewTest" classname="Hyde.Framework.Testing.Unit.Views.HeadComponentViewTest" assertions="1" time="0.023216"/>
        <testcase name="Can add head html from config hook" file="Head Component View (Hyde\Framework\Testing\Unit\Views\HeadComponentView)::Can add head html from config hook" class="Hyde\Framework\Testing\Unit\Views\HeadComponentViewTest" classname="Hyde.Framework.Testing.Unit.Views.HeadComponentViewTest" assertions="1" time="0.023501"/>
        <testcase name="Can add head html from html include" file="Head Component View (Hyde\Framework\Testing\Unit\Views\HeadComponentView)::Can add head html from html include" class="Hyde\Framework\Testing\Unit\Views\HeadComponentViewTest" classname="Hyde.Framework.Testing.Unit.Views.HeadComponentViewTest" assertions="1" time="0.024017"/>
      </testsuite>
      <testsuite name="Hyde\Framework\Testing\Unit\Views\LinkComponentTest" file="Link Component (Hyde\Framework\Testing\Unit\Views\LinkComponent)" tests="3" assertions="3" errors="0" failures="0" skipped="0" time="0.095369">
        <testcase name="Link component can be rendered" file="Link Component (Hyde\Framework\Testing\Unit\Views\LinkComponent)::Link component can be rendered" class="Hyde\Framework\Testing\Unit\Views\LinkComponentTest" classname="Hyde.Framework.Testing.Unit.Views.LinkComponentTest" assertions="1" time="0.040989"/>
        <testcase name="Link component can be rendered with route" file="Link Component (Hyde\Framework\Testing\Unit\Views\LinkComponent)::Link component can be rendered with route" class="Hyde\Framework\Testing\Unit\Views\LinkComponentTest" classname="Hyde.Framework.Testing.Unit.Views.LinkComponentTest" assertions="1" time="0.027371"/>
        <testcase name="Link component can be rendered with route for nested pages" file="Link Component (Hyde\Framework\Testing\Unit\Views\LinkComponent)::Link component can be rendered with route for nested pages" class="Hyde\Framework\Testing\Unit\Views\LinkComponentTest" classname="Hyde.Framework.Testing.Unit.Views.LinkComponentTest" assertions="1" time="0.027009"/>
      </testsuite>
      <testsuite name="Hyde\Framework\Testing\Unit\Views\NavigationBrandViewTest" file="Navigation Brand View (Hyde\Framework\Testing\Unit\Views\NavigationBrandView)" tests="2" assertions="3" errors="0" failures="0" skipped="0" time="0.057011">
        <testcase name="Component links to home route" file="Navigation Brand View (Hyde\Framework\Testing\Unit\Views\NavigationBrandView)::Component links to home route" class="Hyde\Framework\Testing\Unit\Views\NavigationBrandViewTest" classname="Hyde.Framework.Testing.Unit.Views.NavigationBrandViewTest" assertions="1" time="0.029964"/>
        <testcase name="Component uses site name" file="Navigation Brand View (Hyde\Framework\Testing\Unit\Views\NavigationBrandView)::Component uses site name" class="Hyde\Framework\Testing\Unit\Views\NavigationBrandViewTest" classname="Hyde.Framework.Testing.Unit.Views.NavigationBrandViewTest" assertions="2" time="0.027047"/>
      </testsuite>
      <testsuite name="Hyde\Framework\Testing\Unit\Views\NavigationLinkViewTest" file="Navigation Link View (Hyde\Framework\Testing\Unit\Views\NavigationLinkView)" tests="4" assertions="4" errors="0" failures="0" skipped="0" time="0.104193">
        <testcase name="Component links to route destination" file="Navigation Link View (Hyde\Framework\Testing\Unit\Views\NavigationLinkView)::Component links to route destination" class="Hyde\Framework\Testing\Unit\Views\NavigationLinkViewTest" classname="Hyde.Framework.Testing.Unit.Views.NavigationLinkViewTest" assertions="1" time="0.026647"/>
        <testcase name="Component uses title" file="Navigation Link View (Hyde\Framework\Testing\Unit\Views\NavigationLinkView)::Component uses title" class="Hyde\Framework\Testing\Unit\Views\NavigationLinkViewTest" classname="Hyde.Framework.Testing.Unit.Views.NavigationLinkViewTest" assertions="1" time="0.022859"/>
        <testcase name="Component is current when current route matches" file="Navigation Link View (Hyde\Framework\Testing\Unit\Views\NavigationLinkView)::Component is current when current route matches" class="Hyde\Framework\Testing\Unit\Views\NavigationLinkViewTest" classname="Hyde.Framework.Testing.Unit.Views.NavigationLinkViewTest" assertions="1" time="0.027134"/>
        <testcase name="Component has aria current when current route matches" file="Navigation Link View (Hyde\Framework\Testing\Unit\Views\NavigationLinkView)::Component has aria current when current route matches" class="Hyde\Framework\Testing\Unit\Views\NavigationLinkViewTest" classname="Hyde.Framework.Testing.Unit.Views.NavigationLinkViewTest" assertions="1" time="0.027554"/>
      </testsuite>
      <testsuite name="Hyde\Framework\Testing\Unit\Views\NavigationMenuViewTest" file="Navigation Menu View (Hyde\Framework\Testing\Unit\Views\NavigationMenuView)" tests="11" assertions="18" errors="0" failures="0" skipped="0" time="0.376414">
        <testcase name="Component can be rendered" file="Navigation Menu View (Hyde\Framework\Testing\Unit\Views\NavigationMenuView)::Component can be rendered" class="Hyde\Framework\Testing\Unit\Views\NavigationMenuViewTest" classname="Hyde.Framework.Testing.Unit.Views.NavigationMenuViewTest" assertions="1" time="0.035156"/>
        <testcase name="Component contains dark mode button" file="Navigation Menu View (Hyde\Framework\Testing\Unit\Views\NavigationMenuView)::Component contains dark mode button" class="Hyde\Framework\Testing\Unit\Views\NavigationMenuViewTest" classname="Hyde.Framework.Testing.Unit.Views.NavigationMenuViewTest" assertions="1" time="0.028496"/>
        <testcase name="Component contains navigation menu toggle button" file="Navigation Menu View (Hyde\Framework\Testing\Unit\Views\NavigationMenuView)::Component contains navigation menu toggle button" class="Hyde\Framework\Testing\Unit\Views\NavigationMenuViewTest" classname="Hyde.Framework.Testing.Unit.Views.NavigationMenuViewTest" assertions="1" time="0.029127"/>
        <testcase name="Component contains main navigation links" file="Navigation Menu View (Hyde\Framework\Testing\Unit\Views\NavigationMenuView)::Component contains main navigation links" class="Hyde\Framework\Testing\Unit\Views\NavigationMenuViewTest" classname="Hyde.Framework.Testing.Unit.Views.NavigationMenuViewTest" assertions="1" time="0.028221"/>
        <testcase name="Component contains index html link" file="Navigation Menu View (Hyde\Framework\Testing\Unit\Views\NavigationMenuView)::Component contains index html link" class="Hyde\Framework\Testing\Unit\Views\NavigationMenuViewTest" classname="Hyde.Framework.Testing.Unit.Views.NavigationMenuViewTest" assertions="1" time="0.028491"/>
        <testcase name="Component not contains 404 html link" file="Navigation Menu View (Hyde\Framework\Testing\Unit\Views\NavigationMenuView)::Component not contains 404 html link" class="Hyde\Framework\Testing\Unit\Views\NavigationMenuViewTest" classname="Hyde.Framework.Testing.Unit.Views.NavigationMenuViewTest" assertions="1" time="0.028783"/>
        <testcase name="Navigation menu with root pages" file="Navigation Menu View (Hyde\Framework\Testing\Unit\Views\NavigationMenuView)::Navigation menu with root pages" class="Hyde\Framework\Testing\Unit\Views\NavigationMenuViewTest" classname="Hyde.Framework.Testing.Unit.Views.NavigationMenuViewTest" assertions="2" time="0.037072"/>
        <testcase name="Navigation menu with dropdown pages" file="Navigation Menu View (Hyde\Framework\Testing\Unit\Views\NavigationMenuView)::Navigation menu with dropdown pages" class="Hyde\Framework\Testing\Unit\Views\NavigationMenuViewTest" classname="Hyde.Framework.Testing.Unit.Views.NavigationMenuViewTest" assertions="4" time="0.040344"/>
        <testcase name="Navigation menu with dropdown pages with root group page" file="Navigation Menu View (Hyde\Framework\Testing\Unit\Views\NavigationMenuView)::Navigation menu with dropdown pages with root group page" class="Hyde\Framework\Testing\Unit\Views\NavigationMenuViewTest" classname="Hyde.Framework.Testing.Unit.Views.NavigationMenuViewTest" assertions="4" time="0.039499"/>
        <testcase name="Navigation menu label can be changed in front matter" file="Navigation Menu View (Hyde\Framework\Testing\Unit\Views\NavigationMenuView)::Navigation menu label can be changed in front matter" class="Hyde\Framework\Testing\Unit\Views\NavigationMenuViewTest" classname="Hyde.Framework.Testing.Unit.Views.NavigationMenuViewTest" assertions="1" time="0.041390"/>
        <testcase name="Navigation menu label can be changed in blade matter" file="Navigation Menu View (Hyde\Framework\Testing\Unit\Views\NavigationMenuView)::Navigation menu label can be changed in blade matter" class="Hyde\Framework\Testing\Unit\Views\NavigationMenuViewTest" classname="Hyde.Framework.Testing.Unit.Views.NavigationMenuViewTest" assertions="1" time="0.039835"/>
      </testsuite>
      <testsuite name="Hyde\Framework\Testing\Unit\Views\ScriptsComponentViewTest" file="Scripts Component View (Hyde\Framework\Testing\Unit\Views\ScriptsComponentView)" tests="7" assertions="9" errors="0" failures="0" skipped="0" time="0.191928">
        <testcase name="Component can be rendered" file="Scripts Component View (Hyde\Framework\Testing\Unit\Views\ScriptsComponentView)::Component can be rendered" class="Hyde\Framework\Testing\Unit\Views\ScriptsComponentViewTest" classname="Hyde.Framework.Testing.Unit.Views.ScriptsComponentViewTest" assertions="1" time="0.040543"/>
        <testcase name="Component has link to app js file when it exists" file="Scripts Component View (Hyde\Framework\Testing\Unit\Views\ScriptsComponentView)::Component has link to app js file when it exists" class="Hyde\Framework\Testing\Unit\Views\ScriptsComponentViewTest" classname="Hyde.Framework.Testing.Unit.Views.ScriptsComponentViewTest" assertions="1" time="0.026194"/>
        <testcase name="Component does not render link to app js when it does not exist" file="Scripts Component View (Hyde\Framework\Testing\Unit\Views\ScriptsComponentView)::Component does not render link to app js when it does not exist" class="Hyde\Framework\Testing\Unit\Views\ScriptsComponentViewTest" classname="Hyde.Framework.Testing.Unit.Views.ScriptsComponentViewTest" assertions="1" time="0.024599"/>
        <testcase name="Component uses relative path to app js file for nested pages" file="Scripts Component View (Hyde\Framework\Testing\Unit\Views\ScriptsComponentView)::Component uses relative path to app js file for nested pages" class="Hyde\Framework\Testing\Unit\Views\ScriptsComponentViewTest" classname="Hyde.Framework.Testing.Unit.Views.ScriptsComponentViewTest" assertions="3" time="0.027025"/>
        <testcase name="Can add scripts html from config hook" file="Scripts Component View (Hyde\Framework\Testing\Unit\Views\ScriptsComponentView)::Can add scripts html from config hook" class="Hyde\Framework\Testing\Unit\Views\ScriptsComponentViewTest" classname="Hyde.Framework.Testing.Unit.Views.ScriptsComponentViewTest" assertions="1" time="0.024530"/>
        <testcase name="Can add scripts html from html include" file="Scripts Component View (Hyde\Framework\Testing\Unit\Views\ScriptsComponentView)::Can add scripts html from html include" class="Hyde\Framework\Testing\Unit\Views\ScriptsComponentViewTest" classname="Hyde.Framework.Testing.Unit.Views.ScriptsComponentViewTest" assertions="1" time="0.024846"/>
        <testcase name="Scripts can be pushed to the component scripts stack" file="Scripts Component View (Hyde\Framework\Testing\Unit\Views\ScriptsComponentView)::Scripts can be pushed to the component scripts stack" class="Hyde\Framework\Testing\Unit\Views\ScriptsComponentViewTest" classname="Hyde.Framework.Testing.Unit.Views.ScriptsComponentViewTest" assertions="1" time="0.024192"/>
      </testsuite>
      <testsuite name="Hyde\Framework\Testing\Unit\Views\StylesComponentViewTest" file="Styles Component View (Hyde\Framework\Testing\Unit\Views\StylesComponentView)" tests="9" assertions="11" errors="0" failures="0" skipped="0" time="0.247312">
        <testcase name="Component can be rendered" file="Styles Component View (Hyde\Framework\Testing\Unit\Views\StylesComponentView)::Component can be rendered" class="Hyde\Framework\Testing\Unit\Views\StylesComponentViewTest" classname="Hyde.Framework.Testing.Unit.Views.StylesComponentViewTest" assertions="1" time="0.035484"/>
        <testcase name="Component has link to app css file" file="Styles Component View (Hyde\Framework\Testing\Unit\Views\StylesComponentView)::Component has link to app css file" class="Hyde\Framework\Testing\Unit\Views\StylesComponentViewTest" classname="Hyde.Framework.Testing.Unit.Views.StylesComponentViewTest" assertions="1" time="0.036659"/>
        <testcase name="Component uses relative path to app css file for nested pages" file="Styles Component View (Hyde\Framework\Testing\Unit\Views\StylesComponentView)::Component uses relative path to app css file for nested pages" class="Hyde\Framework\Testing\Unit\Views\StylesComponentViewTest" classname="Hyde.Framework.Testing.Unit.Views.StylesComponentViewTest" assertions="3" time="0.027314"/>
        <testcase name="Component does not render link to app css when it does not exist" file="Styles Component View (Hyde\Framework\Testing\Unit\Views\StylesComponentView)::Component does not render link to app css when it does not exist" class="Hyde\Framework\Testing\Unit\Views\StylesComponentViewTest" classname="Hyde.Framework.Testing.Unit.Views.StylesComponentViewTest" assertions="1" time="0.024895"/>
        <testcase name="Styles can be pushed to the component styles stack" file="Styles Component View (Hyde\Framework\Testing\Unit\Views\StylesComponentView)::Styles can be pushed to the component styles stack" class="Hyde\Framework\Testing\Unit\Views\StylesComponentViewTest" classname="Hyde.Framework.Testing.Unit.Views.StylesComponentViewTest" assertions="1" time="0.023912"/>
        <testcase name="Component renders tailwind play cdn link when enabled in config" file="Styles Component View (Hyde\Framework\Testing\Unit\Views\StylesComponentView)::Component renders tailwind play cdn link when enabled in config" class="Hyde\Framework\Testing\Unit\Views\StylesComponentViewTest" classname="Hyde.Framework.Testing.Unit.Views.StylesComponentViewTest" assertions="1" time="0.025046"/>
        <testcase name="Component renders app cdn link when enabled in config" file="Styles Component View (Hyde\Framework\Testing\Unit\Views\StylesComponentView)::Component renders app cdn link when enabled in config" class="Hyde\Framework\Testing\Unit\Views\StylesComponentViewTest" classname="Hyde.Framework.Testing.Unit.Views.StylesComponentViewTest" assertions="1" time="0.024427"/>
        <testcase name="Component does not render link to local app css when cdn link is enabled in config" file="Styles Component View (Hyde\Framework\Testing\Unit\Views\StylesComponentView)::Component does not render link to local app css when cdn link is enabled in config" class="Hyde\Framework\Testing\Unit\Views\StylesComponentViewTest" classname="Hyde.Framework.Testing.Unit.Views.StylesComponentViewTest" assertions="1" time="0.024665"/>
        <testcase name="Component does not render cdn link when a local file exists" file="Styles Component View (Hyde\Framework\Testing\Unit\Views\StylesComponentView)::Component does not render cdn link when a local file exists" class="Hyde\Framework\Testing\Unit\Views\StylesComponentViewTest" classname="Hyde.Framework.Testing.Unit.Views.StylesComponentViewTest" assertions="1" time="0.024908"/>
      </testsuite>
    </testsuite>
    <testsuite name="FeatureFramework" tests="1312" assertions="2746" errors="0" failures="0" skipped="0" time="32.123486">
      <testsuite name="Hyde\Framework\Testing\Feature\Actions\AnonymousViewCompilerTest" file="Anonymous View Compiler (Hyde\Framework\Testing\Feature\Actions\AnonymousViewCompiler)" tests="3" assertions="4" errors="0" failures="0" skipped="0" time="0.082520">
        <testcase name="Can compile blade file" file="Anonymous View Compiler (Hyde\Framework\Testing\Feature\Actions\AnonymousViewCompiler)::Can compile blade file" class="Hyde\Framework\Testing\Feature\Actions\AnonymousViewCompilerTest" classname="Hyde.Framework.Testing.Feature.Actions.AnonymousViewCompilerTest" assertions="1" time="0.037070"/>
        <testcase name="Can compile blade file with data" file="Anonymous View Compiler (Hyde\Framework\Testing\Feature\Actions\AnonymousViewCompiler)::Can compile blade file with data" class="Hyde\Framework\Testing\Feature\Actions\AnonymousViewCompilerTest" classname="Hyde.Framework.Testing.Feature.Actions.AnonymousViewCompilerTest" assertions="1" time="0.023265"/>
        <testcase name="With missing view" file="Anonymous View Compiler (Hyde\Framework\Testing\Feature\Actions\AnonymousViewCompiler)::With missing view" class="Hyde\Framework\Testing\Feature\Actions\AnonymousViewCompilerTest" classname="Hyde.Framework.Testing.Feature.Actions.AnonymousViewCompilerTest" assertions="2" time="0.022184"/>
      </testsuite>
      <testsuite name="Hyde\Framework\Testing\Feature\Actions\ConvertsMarkdownToPlainTextTest" file="Converts Markdown To Plain Text (Hyde\Framework\Testing\Feature\Actions\ConvertsMarkdownToPlainText)" tests="28" assertions="28" errors="0" failures="0" skipped="0" time="0.632955">
        <testcase name="It removes headings" file="Converts Markdown To Plain Text (Hyde\Framework\Testing\Feature\Actions\ConvertsMarkdownToPlainText)::It removes headings" class="Hyde\Framework\Testing\Feature\Actions\ConvertsMarkdownToPlainTextTest" classname="Hyde.Framework.Testing.Feature.Actions.ConvertsMarkdownToPlainTextTest" assertions="1" time="0.025960"/>
        <testcase name="It removes headings alternate syntax" file="Converts Markdown To Plain Text (Hyde\Framework\Testing\Feature\Actions\ConvertsMarkdownToPlainText)::It removes headings alternate syntax" class="Hyde\Framework\Testing\Feature\Actions\ConvertsMarkdownToPlainTextTest" classname="Hyde.Framework.Testing.Feature.Actions.ConvertsMarkdownToPlainTextTest" assertions="1" time="0.020939"/>
        <testcase name="It removes paragraphs" file="Converts Markdown To Plain Text (Hyde\Framework\Testing\Feature\Actions\ConvertsMarkdownToPlainText)::It removes paragraphs" class="Hyde\Framework\Testing\Feature\Actions\ConvertsMarkdownToPlainTextTest" classname="Hyde.Framework.Testing.Feature.Actions.ConvertsMarkdownToPlainTextTest" assertions="1" time="0.021554"/>
        <testcase name="It removes paragraphs multiline" file="Converts Markdown To Plain Text (Hyde\Framework\Testing\Feature\Actions\ConvertsMarkdownToPlainText)::It removes paragraphs multiline" class="Hyde\Framework\Testing\Feature\Actions\ConvertsMarkdownToPlainTextTest" classname="Hyde.Framework.Testing.Feature.Actions.ConvertsMarkdownToPlainTextTest" assertions="1" time="0.022119"/>
        <testcase name="It removes linebreaks" file="Converts Markdown To Plain Text (Hyde\Framework\Testing\Feature\Actions\ConvertsMarkdownToPlainText)::It removes linebreaks" class="Hyde\Framework\Testing\Feature\Actions\ConvertsMarkdownToPlainTextTest" classname="Hyde.Framework.Testing.Feature.Actions.ConvertsMarkdownToPlainTextTest" assertions="1" time="0.034098"/>
        <testcase name="It removes bold" file="Converts Markdown To Plain Text (Hyde\Framework\Testing\Feature\Actions\ConvertsMarkdownToPlainText)::It removes bold" class="Hyde\Framework\Testing\Feature\Actions\ConvertsMarkdownToPlainTextTest" classname="Hyde.Framework.Testing.Feature.Actions.ConvertsMarkdownToPlainTextTest" assertions="1" time="0.022107"/>
        <testcase name="It removes italic" file="Converts Markdown To Plain Text (Hyde\Framework\Testing\Feature\Actions\ConvertsMarkdownToPlainText)::It removes italic" class="Hyde\Framework\Testing\Feature\Actions\ConvertsMarkdownToPlainTextTest" classname="Hyde.Framework.Testing.Feature.Actions.ConvertsMarkdownToPlainTextTest" assertions="1" time="0.022099"/>
        <testcase name="It removes bold and italic" file="Converts Markdown To Plain Text (Hyde\Framework\Testing\Feature\Actions\ConvertsMarkdownToPlainText)::It removes bold and italic" class="Hyde\Framework\Testing\Feature\Actions\ConvertsMarkdownToPlainTextTest" classname="Hyde.Framework.Testing.Feature.Actions.ConvertsMarkdownToPlainTextTest" assertions="1" time="0.022962"/>
        <testcase name="It removes blockquotes" file="Converts Markdown To Plain Text (Hyde\Framework\Testing\Feature\Actions\ConvertsMarkdownToPlainText)::It removes blockquotes" class="Hyde\Framework\Testing\Feature\Actions\ConvertsMarkdownToPlainTextTest" classname="Hyde.Framework.Testing.Feature.Actions.ConvertsMarkdownToPlainTextTest" assertions="1" time="0.026649"/>
        <testcase name="It removes blockquotes with multiple paragraphs" file="Converts Markdown To Plain Text (Hyde\Framework\Testing\Feature\Actions\ConvertsMarkdownToPlainText)::It removes blockquotes with multiple paragraphs" class="Hyde\Framework\Testing\Feature\Actions\ConvertsMarkdownToPlainTextTest" classname="Hyde.Framework.Testing.Feature.Actions.ConvertsMarkdownToPlainTextTest" assertions="1" time="0.021945"/>
        <testcase name="It removes ordered lists" file="Converts Markdown To Plain Text (Hyde\Framework\Testing\Feature\Actions\ConvertsMarkdownToPlainText)::It removes ordered lists" class="Hyde\Framework\Testing\Feature\Actions\ConvertsMarkdownToPlainTextTest" classname="Hyde.Framework.Testing.Feature.Actions.ConvertsMarkdownToPlainTextTest" assertions="1" time="0.022155"/>
        <testcase name="It removes unordered lists" file="Converts Markdown To Plain Text (Hyde\Framework\Testing\Feature\Actions\ConvertsMarkdownToPlainText)::It removes unordered lists" class="Hyde\Framework\Testing\Feature\Actions\ConvertsMarkdownToPlainTextTest" classname="Hyde.Framework.Testing.Feature.Actions.ConvertsMarkdownToPlainTextTest" assertions="1" time="0.022083"/>
        <testcase name="It removes code" file="Converts Markdown To Plain Text (Hyde\Framework\Testing\Feature\Actions\ConvertsMarkdownToPlainText)::It removes code" class="Hyde\Framework\Testing\Feature\Actions\ConvertsMarkdownToPlainTextTest" classname="Hyde.Framework.Testing.Feature.Actions.ConvertsMarkdownToPlainTextTest" assertions="1" time="0.021114"/>
        <testcase name="It removes code blocks" file="Converts Markdown To Plain Text (Hyde\Framework\Testing\Feature\Actions\ConvertsMarkdownToPlainText)::It removes code blocks" class="Hyde\Framework\Testing\Feature\Actions\ConvertsMarkdownToPlainTextTest" classname="Hyde.Framework.Testing.Feature.Actions.ConvertsMarkdownToPlainTextTest" assertions="1" time="0.022089"/>
        <testcase name="It removes horizontal rules" file="Converts Markdown To Plain Text (Hyde\Framework\Testing\Feature\Actions\ConvertsMarkdownToPlainText)::It removes horizontal rules" class="Hyde\Framework\Testing\Feature\Actions\ConvertsMarkdownToPlainTextTest" classname="Hyde.Framework.Testing.Feature.Actions.ConvertsMarkdownToPlainTextTest" assertions="1" time="0.022289"/>
        <testcase name="It removes links" file="Converts Markdown To Plain Text (Hyde\Framework\Testing\Feature\Actions\ConvertsMarkdownToPlainText)::It removes links" class="Hyde\Framework\Testing\Feature\Actions\ConvertsMarkdownToPlainTextTest" classname="Hyde.Framework.Testing.Feature.Actions.ConvertsMarkdownToPlainTextTest" assertions="1" time="0.021844"/>
        <testcase name="It removes images" file="Converts Markdown To Plain Text (Hyde\Framework\Testing\Feature\Actions\ConvertsMarkdownToPlainText)::It removes images" class="Hyde\Framework\Testing\Feature\Actions\ConvertsMarkdownToPlainTextTest" classname="Hyde.Framework.Testing.Feature.Actions.ConvertsMarkdownToPlainTextTest" assertions="1" time="0.021440"/>
        <testcase name="It removes linking images" file="Converts Markdown To Plain Text (Hyde\Framework\Testing\Feature\Actions\ConvertsMarkdownToPlainText)::It removes linking images" class="Hyde\Framework\Testing\Feature\Actions\ConvertsMarkdownToPlainTextTest" classname="Hyde.Framework.Testing.Feature.Actions.ConvertsMarkdownToPlainTextTest" assertions="1" time="0.021299"/>
        <testcase name="It removes html" file="Converts Markdown To Plain Text (Hyde\Framework\Testing\Feature\Actions\ConvertsMarkdownToPlainText)::It removes html" class="Hyde\Framework\Testing\Feature\Actions\ConvertsMarkdownToPlainTextTest" classname="Hyde.Framework.Testing.Feature.Actions.ConvertsMarkdownToPlainTextTest" assertions="1" time="0.021857"/>
        <testcase name="It removes footnotes" file="Converts Markdown To Plain Text (Hyde\Framework\Testing\Feature\Actions\ConvertsMarkdownToPlainText)::It removes footnotes" class="Hyde\Framework\Testing\Feature\Actions\ConvertsMarkdownToPlainTextTest" classname="Hyde.Framework.Testing.Feature.Actions.ConvertsMarkdownToPlainTextTest" assertions="1" time="0.022079"/>
        <testcase name="It removes footnotes alternate" file="Converts Markdown To Plain Text (Hyde\Framework\Testing\Feature\Actions\ConvertsMarkdownToPlainText)::It removes footnotes alternate" class="Hyde\Framework\Testing\Feature\Actions\ConvertsMarkdownToPlainTextTest" classname="Hyde.Framework.Testing.Feature.Actions.ConvertsMarkdownToPlainTextTest" assertions="1" time="0.021664"/>
        <testcase name="It replaces consecutively occurring newlines" file="Converts Markdown To Plain Text (Hyde\Framework\Testing\Feature\Actions\ConvertsMarkdownToPlainText)::It replaces consecutively occurring newlines" class="Hyde\Framework\Testing\Feature\Actions\ConvertsMarkdownToPlainTextTest" classname="Hyde.Framework.Testing.Feature.Actions.ConvertsMarkdownToPlainTextTest" assertions="1" time="0.022365"/>
        <testcase name="It removes fenced code blocks" file="Converts Markdown To Plain Text (Hyde\Framework\Testing\Feature\Actions\ConvertsMarkdownToPlainText)::It removes fenced code blocks" class="Hyde\Framework\Testing\Feature\Actions\ConvertsMarkdownToPlainTextTest" classname="Hyde.Framework.Testing.Feature.Actions.ConvertsMarkdownToPlainTextTest" assertions="1" time="0.022292"/>
        <testcase name="It removes fenced code blocks alternate" file="Converts Markdown To Plain Text (Hyde\Framework\Testing\Feature\Actions\ConvertsMarkdownToPlainText)::It removes fenced code blocks alternate" class="Hyde\Framework\Testing\Feature\Actions\ConvertsMarkdownToPlainTextTest" classname="Hyde.Framework.Testing.Feature.Actions.ConvertsMarkdownToPlainTextTest" assertions="1" time="0.021573"/>
        <testcase name="It removes tables" file="Converts Markdown To Plain Text (Hyde\Framework\Testing\Feature\Actions\ConvertsMarkdownToPlainText)::It removes tables" class="Hyde\Framework\Testing\Feature\Actions\ConvertsMarkdownToPlainTextTest" classname="Hyde.Framework.Testing.Feature.Actions.ConvertsMarkdownToPlainTextTest" assertions="1" time="0.021703"/>
        <testcase name="It trims indentation" file="Converts Markdown To Plain Text (Hyde\Framework\Testing\Feature\Actions\ConvertsMarkdownToPlainText)::It trims indentation" class="Hyde\Framework\Testing\Feature\Actions\ConvertsMarkdownToPlainTextTest" classname="Hyde.Framework.Testing.Feature.Actions.ConvertsMarkdownToPlainTextTest" assertions="1" time="0.022132"/>
        <testcase name="With empty string" file="Converts Markdown To Plain Text (Hyde\Framework\Testing\Feature\Actions\ConvertsMarkdownToPlainText)::With empty string" class="Hyde\Framework\Testing\Feature\Actions\ConvertsMarkdownToPlainTextTest" classname="Hyde.Framework.Testing.Feature.Actions.ConvertsMarkdownToPlainTextTest" assertions="1" time="0.021639"/>
        <testcase name="With only empty lines" file="Converts Markdown To Plain Text (Hyde\Framework\Testing\Feature\Actions\ConvertsMarkdownToPlainText)::With only empty lines" class="Hyde\Framework\Testing\Feature\Actions\ConvertsMarkdownToPlainTextTest" classname="Hyde.Framework.Testing.Feature.Actions.ConvertsMarkdownToPlainTextTest" assertions="1" time="0.020904"/>
      </testsuite>
      <testsuite name="Hyde\Framework\Testing\Feature\Actions\CreatesNewPageSourceFileTest" file="Creates New Page Source File (Hyde\Framework\Testing\Feature\Actions\CreatesNewPageSourceFile)" tests="15" assertions="28" errors="0" failures="0" skipped="0" time="0.430347">
        <testcase name="Class can be instantiated" file="Creates New Page Source File (Hyde\Framework\Testing\Feature\Actions\CreatesNewPageSourceFile)::Class can be instantiated" class="Hyde\Framework\Testing\Feature\Actions\CreatesNewPageSourceFileTest" classname="Hyde.Framework.Testing.Feature.Actions.CreatesNewPageSourceFileTest" assertions="1" time="0.107194"/>
        <testcase name="That an exception is thrown for invalid page type" file="Creates New Page Source File (Hyde\Framework\Testing\Feature\Actions\CreatesNewPageSourceFile)::That an exception is thrown for invalid page type" class="Hyde\Framework\Testing\Feature\Actions\CreatesNewPageSourceFileTest" classname="Hyde.Framework.Testing.Feature.Actions.CreatesNewPageSourceFileTest" assertions="2" time="0.021437"/>
        <testcase name="That an exception is thrown if file already exists and overwrite is false" file="Creates New Page Source File (Hyde\Framework\Testing\Feature\Actions\CreatesNewPageSourceFile)::That an exception is thrown if file already exists and overwrite is false" class="Hyde\Framework\Testing\Feature\Actions\CreatesNewPageSourceFileTest" classname="Hyde.Framework.Testing.Feature.Actions.CreatesNewPageSourceFileTest" assertions="3" time="0.022120"/>
        <testcase name="That can save file returns true if file already exists and overwrite is true" file="Creates New Page Source File (Hyde\Framework\Testing\Feature\Actions\CreatesNewPageSourceFile)::That can save file returns true if file already exists and overwrite is true" class="Hyde\Framework\Testing\Feature\Actions\CreatesNewPageSourceFileTest" classname="Hyde.Framework.Testing.Feature.Actions.CreatesNewPageSourceFileTest" assertions="1" time="0.022867"/>
        <testcase name="Exception is thrown for conflicting blade pages" file="Creates New Page Source File (Hyde\Framework\Testing\Feature\Actions\CreatesNewPageSourceFile)::Exception is thrown for conflicting blade pages" class="Hyde\Framework\Testing\Feature\Actions\CreatesNewPageSourceFileTest" classname="Hyde.Framework.Testing.Feature.Actions.CreatesNewPageSourceFileTest" assertions="3" time="0.020913"/>
        <testcase name="Exception is thrown for conflicting documentation pages" file="Creates New Page Source File (Hyde\Framework\Testing\Feature\Actions\CreatesNewPageSourceFile)::Exception is thrown for conflicting documentation pages" class="Hyde\Framework\Testing\Feature\Actions\CreatesNewPageSourceFileTest" classname="Hyde.Framework.Testing.Feature.Actions.CreatesNewPageSourceFileTest" assertions="3" time="0.033072"/>
        <testcase name="That a markdown file can be created and contains expected content" file="Creates New Page Source File (Hyde\Framework\Testing\Feature\Actions\CreatesNewPageSourceFile)::That a markdown file can be created and contains expected content" class="Hyde\Framework\Testing\Feature\Actions\CreatesNewPageSourceFileTest" classname="Hyde.Framework.Testing.Feature.Actions.CreatesNewPageSourceFileTest" assertions="2" time="0.028825"/>
        <testcase name="That a blade file can be created and contains expected content" file="Creates New Page Source File (Hyde\Framework\Testing\Feature\Actions\CreatesNewPageSourceFile)::That a blade file can be created and contains expected content" class="Hyde\Framework\Testing\Feature\Actions\CreatesNewPageSourceFileTest" classname="Hyde.Framework.Testing.Feature.Actions.CreatesNewPageSourceFileTest" assertions="2" time="0.020774"/>
        <testcase name="That a documentation file can be created and contains expected content" file="Creates New Page Source File (Hyde\Framework\Testing\Feature\Actions\CreatesNewPageSourceFile)::That a documentation file can be created and contains expected content" class="Hyde\Framework\Testing\Feature\Actions\CreatesNewPageSourceFileTest" classname="Hyde.Framework.Testing.Feature.Actions.CreatesNewPageSourceFileTest" assertions="2" time="0.022022"/>
        <testcase name="That a markdown file can be created with custom content" file="Creates New Page Source File (Hyde\Framework\Testing\Feature\Actions\CreatesNewPageSourceFile)::That a markdown file can be created with custom content" class="Hyde\Framework\Testing\Feature\Actions\CreatesNewPageSourceFileTest" classname="Hyde.Framework.Testing.Feature.Actions.CreatesNewPageSourceFileTest" assertions="2" time="0.022027"/>
        <testcase name="That a blade file can be created with custom content" file="Creates New Page Source File (Hyde\Framework\Testing\Feature\Actions\CreatesNewPageSourceFile)::That a blade file can be created with custom content" class="Hyde\Framework\Testing\Feature\Actions\CreatesNewPageSourceFileTest" classname="Hyde.Framework.Testing.Feature.Actions.CreatesNewPageSourceFileTest" assertions="2" time="0.020778"/>
        <testcase name="That the file path can be returned" file="Creates New Page Source File (Hyde\Framework\Testing\Feature\Actions\CreatesNewPageSourceFile)::That the file path can be returned" class="Hyde\Framework\Testing\Feature\Actions\CreatesNewPageSourceFileTest" classname="Hyde.Framework.Testing.Feature.Actions.CreatesNewPageSourceFileTest" assertions="2" time="0.022391"/>
        <testcase name="File is created using slug generated from title" file="Creates New Page Source File (Hyde\Framework\Testing\Feature\Actions\CreatesNewPageSourceFile)::File is created using slug generated from title" class="Hyde\Framework\Testing\Feature\Actions\CreatesNewPageSourceFileTest" classname="Hyde.Framework.Testing.Feature.Actions.CreatesNewPageSourceFileTest" assertions="1" time="0.021852"/>
        <testcase name="Action can generate nested pages" file="Creates New Page Source File (Hyde\Framework\Testing\Feature\Actions\CreatesNewPageSourceFile)::Action can generate nested pages" class="Hyde\Framework\Testing\Feature\Actions\CreatesNewPageSourceFileTest" classname="Hyde.Framework.Testing.Feature.Actions.CreatesNewPageSourceFileTest" assertions="1" time="0.021981"/>
        <testcase name="Can create deeply nested pages" file="Creates New Page Source File (Hyde\Framework\Testing\Feature\Actions\CreatesNewPageSourceFile)::Can create deeply nested pages" class="Hyde\Framework\Testing\Feature\Actions\CreatesNewPageSourceFileTest" classname="Hyde.Framework.Testing.Feature.Actions.CreatesNewPageSourceFileTest" assertions="1" time="0.022092"/>
      </testsuite>
      <testsuite name="Hyde\Framework\Testing\Feature\Actions\GeneratesSidebarTableOfContentsTest" file="Generates Sidebar Table Of Contents (Hyde\Framework\Testing\Feature\Actions\GeneratesSidebarTableOfContents)" tests="9" assertions="13" errors="0" failures="0" skipped="0" time="0.069538">
        <testcase name="Can generate table of contents" file="Generates Sidebar Table Of Contents (Hyde\Framework\Testing\Feature\Actions\GeneratesSidebarTableOfContents)::Can generate table of contents" class="Hyde\Framework\Testing\Feature\Actions\GeneratesSidebarTableOfContentsTest" classname="Hyde.Framework.Testing.Feature.Actions.GeneratesSidebarTableOfContentsTest" assertions="4" time="0.026522"/>
        <testcase name="Return string contains expected content" file="Generates Sidebar Table Of Contents (Hyde\Framework\Testing\Feature\Actions\GeneratesSidebarTableOfContents)::Return string contains expected content" class="Hyde\Framework\Testing\Feature\Actions\GeneratesSidebarTableOfContentsTest" classname="Hyde.Framework.Testing.Feature.Actions.GeneratesSidebarTableOfContentsTest" assertions="1" time="0.004349"/>
        <testcase name="Can generate table of contents for document using setext headers" file="Generates Sidebar Table Of Contents (Hyde\Framework\Testing\Feature\Actions\GeneratesSidebarTableOfContents)::Can generate table of contents for document using setext headers" class="Hyde\Framework\Testing\Feature\Actions\GeneratesSidebarTableOfContentsTest" classname="Hyde.Framework.Testing.Feature.Actions.GeneratesSidebarTableOfContentsTest" assertions="2" time="0.009274"/>
        <testcase name="Non heading markdown is removed" file="Generates Sidebar Table Of Contents (Hyde\Framework\Testing\Feature\Actions\GeneratesSidebarTableOfContents)::Non heading markdown is removed" class="Hyde\Framework\Testing\Feature\Actions\GeneratesSidebarTableOfContentsTest" classname="Hyde.Framework.Testing.Feature.Actions.GeneratesSidebarTableOfContentsTest" assertions="1" time="0.006828"/>
        <testcase name="With no level one heading" file="Generates Sidebar Table Of Contents (Hyde\Framework\Testing\Feature\Actions\GeneratesSidebarTableOfContents)::With no level one heading" class="Hyde\Framework\Testing\Feature\Actions\GeneratesSidebarTableOfContentsTest" classname="Hyde.Framework.Testing.Feature.Actions.GeneratesSidebarTableOfContentsTest" assertions="1" time="0.004114"/>
        <testcase name="With multiple nested headings" file="Generates Sidebar Table Of Contents (Hyde\Framework\Testing\Feature\Actions\GeneratesSidebarTableOfContents)::With multiple nested headings" class="Hyde\Framework\Testing\Feature\Actions\GeneratesSidebarTableOfContentsTest" classname="Hyde.Framework.Testing.Feature.Actions.GeneratesSidebarTableOfContentsTest" assertions="1" time="0.006270"/>
        <testcase name="With multiple level one headings" file="Generates Sidebar Table Of Contents (Hyde\Framework\Testing\Feature\Actions\GeneratesSidebarTableOfContents)::With multiple level one headings" class="Hyde\Framework\Testing\Feature\Actions\GeneratesSidebarTableOfContentsTest" classname="Hyde.Framework.Testing.Feature.Actions.GeneratesSidebarTableOfContentsTest" assertions="1" time="0.005082"/>
        <testcase name="With no headings" file="Generates Sidebar Table Of Contents (Hyde\Framework\Testing\Feature\Actions\GeneratesSidebarTableOfContents)::With no headings" class="Hyde\Framework\Testing\Feature\Actions\GeneratesSidebarTableOfContentsTest" classname="Hyde.Framework.Testing.Feature.Actions.GeneratesSidebarTableOfContentsTest" assertions="1" time="0.003825"/>
        <testcase name="With no content" file="Generates Sidebar Table Of Contents (Hyde\Framework\Testing\Feature\Actions\GeneratesSidebarTableOfContents)::With no content" class="Hyde\Framework\Testing\Feature\Actions\GeneratesSidebarTableOfContentsTest" classname="Hyde.Framework.Testing.Feature.Actions.GeneratesSidebarTableOfContentsTest" assertions="1" time="0.003276"/>
      </testsuite>
      <testsuite name="Hyde\Framework\Testing\Feature\AssetServiceTest" file="Asset Service (Hyde\Framework\Testing\Feature\AssetService)" tests="3" assertions="6" errors="0" failures="0" skipped="0" time="0.075045">
        <testcase name="Media link returns media path with cache key" file="Asset Service (Hyde\Framework\Testing\Feature\AssetService)::Media link returns media path with cache key" class="Hyde\Framework\Testing\Feature\AssetServiceTest" classname="Hyde.Framework.Testing.Feature.AssetServiceTest" assertions="2" time="0.033351"/>
        <testcase name="Media link returns media path without cache key if cache busting is disabled" file="Asset Service (Hyde\Framework\Testing\Feature\AssetService)::Media link returns media path without cache key if cache busting is disabled" class="Hyde\Framework\Testing\Feature\AssetServiceTest" classname="Hyde.Framework.Testing.Feature.AssetServiceTest" assertions="2" time="0.020329"/>
        <testcase name="Media link supports custom media directories" file="Asset Service (Hyde\Framework\Testing\Feature\AssetService)::Media link supports custom media directories" class="Hyde\Framework\Testing\Feature\AssetServiceTest" classname="Hyde.Framework.Testing.Feature.AssetServiceTest" assertions="2" time="0.021365"/>
      </testsuite>
      <testsuite name="Hyde\Framework\Testing\Feature\BladeMatterParserTest" file="Blade Matter Parser (Hyde\Framework\Testing\Feature\BladeMatterParser)" tests="15" assertions="38" errors="0" failures="0" skipped="0" time="0.310916">
        <testcase name="Can parse front matter" file="Blade Matter Parser (Hyde\Framework\Testing\Feature\BladeMatterParser)::Can parse front matter" class="Hyde\Framework\Testing\Feature\BladeMatterParserTest" classname="Hyde.Framework.Testing.Feature.BladeMatterParserTest" assertions="1" time="0.024589"/>
        <testcase name="Parse string helper method" file="Blade Matter Parser (Hyde\Framework\Testing\Feature\BladeMatterParser)::Parse string helper method" class="Hyde\Framework\Testing\Feature\BladeMatterParserTest" classname="Hyde.Framework.Testing.Feature.BladeMatterParserTest" assertions="1" time="0.019889"/>
        <testcase name="Parse file helper method" file="Blade Matter Parser (Hyde\Framework\Testing\Feature\BladeMatterParser)::Parse file helper method" class="Hyde\Framework\Testing\Feature\BladeMatterParserTest" classname="Hyde.Framework.Testing.Feature.BladeMatterParserTest" assertions="1" time="0.020566"/>
        <testcase name="Can parse multiple front matter lines" file="Blade Matter Parser (Hyde\Framework\Testing\Feature\BladeMatterParser)::Can parse multiple front matter lines" class="Hyde\Framework\Testing\Feature\BladeMatterParserTest" classname="Hyde.Framework.Testing.Feature.BladeMatterParserTest" assertions="1" time="0.020274"/>
        <testcase name="Can parse front matter with various formats" file="Blade Matter Parser (Hyde\Framework\Testing\Feature\BladeMatterParser)::Can parse front matter with various formats" class="Hyde\Framework\Testing\Feature\BladeMatterParserTest" classname="Hyde.Framework.Testing.Feature.BladeMatterParserTest" assertions="4" time="0.020767"/>
        <testcase name="Can parse front matter with array" file="Blade Matter Parser (Hyde\Framework\Testing\Feature\BladeMatterParser)::Can parse front matter with array" class="Hyde\Framework\Testing\Feature\BladeMatterParserTest" classname="Hyde.Framework.Testing.Feature.BladeMatterParserTest" assertions="1" time="0.020284"/>
        <testcase name="Line matches front matter" file="Blade Matter Parser (Hyde\Framework\Testing\Feature\BladeMatterParser)::Line matches front matter" class="Hyde\Framework\Testing\Feature\BladeMatterParserTest" classname="Hyde.Framework.Testing.Feature.BladeMatterParserTest" assertions="2" time="0.020461"/>
        <testcase name="Directive cannot have leading whitespace" file="Blade Matter Parser (Hyde\Framework\Testing\Feature\BladeMatterParser)::Directive cannot have leading whitespace" class="Hyde\Framework\Testing\Feature\BladeMatterParserTest" classname="Hyde.Framework.Testing.Feature.BladeMatterParserTest" assertions="1" time="0.020314"/>
        <testcase name="Directive signature cannot contain whitespace" file="Blade Matter Parser (Hyde\Framework\Testing\Feature\BladeMatterParser)::Directive signature cannot contain whitespace" class="Hyde\Framework\Testing\Feature\BladeMatterParserTest" classname="Hyde.Framework.Testing.Feature.BladeMatterParserTest" assertions="3" time="0.020363"/>
        <testcase name="Extract key" file="Blade Matter Parser (Hyde\Framework\Testing\Feature\BladeMatterParser)::Extract key" class="Hyde\Framework\Testing\Feature\BladeMatterParserTest" classname="Hyde.Framework.Testing.Feature.BladeMatterParserTest" assertions="1" time="0.020169"/>
        <testcase name="Extract value" file="Blade Matter Parser (Hyde\Framework\Testing\Feature\BladeMatterParser)::Extract value" class="Hyde\Framework\Testing\Feature\BladeMatterParserTest" classname="Hyde.Framework.Testing.Feature.BladeMatterParserTest" assertions="1" time="0.020141"/>
        <testcase name="Get value with type" file="Blade Matter Parser (Hyde\Framework\Testing\Feature\BladeMatterParser)::Get value with type" class="Hyde\Framework\Testing\Feature\BladeMatterParserTest" classname="Hyde.Framework.Testing.Feature.BladeMatterParserTest" assertions="11" time="0.021350"/>
        <testcase name="Parse array string" file="Blade Matter Parser (Hyde\Framework\Testing\Feature\BladeMatterParser)::Parse array string" class="Hyde\Framework\Testing\Feature\BladeMatterParserTest" classname="Hyde.Framework.Testing.Feature.BladeMatterParserTest" assertions="8" time="0.021529"/>
        <testcase name="Parse invalid array string" file="Blade Matter Parser (Hyde\Framework\Testing\Feature\BladeMatterParser)::Parse invalid array string" class="Hyde\Framework\Testing\Feature\BladeMatterParserTest" classname="Hyde.Framework.Testing.Feature.BladeMatterParserTest" assertions="1" time="0.020129"/>
        <testcase name="Parse multidimensional array string" file="Blade Matter Parser (Hyde\Framework\Testing\Feature\BladeMatterParser)::Parse multidimensional array string" class="Hyde\Framework\Testing\Feature\BladeMatterParserTest" classname="Hyde.Framework.Testing.Feature.BladeMatterParserTest" assertions="1" time="0.020092"/>
      </testsuite>
      <testsuite name="Hyde\Framework\Testing\Feature\ColoredBlockquoteShortcodesTest" file="Colored Blockquote Shortcodes (Hyde\Framework\Testing\Feature\ColoredBlockquoteShortcodes)" tests="5" assertions="5" errors="0" failures="0" skipped="0" time="0.032089">
        <testcase name="Signature" file="Colored Blockquote Shortcodes (Hyde\Framework\Testing\Feature\ColoredBlockquoteShortcodes)::Signature" class="Hyde\Framework\Testing\Feature\ColoredBlockquoteShortcodesTest" classname="Hyde.Framework.Testing.Feature.ColoredBlockquoteShortcodesTest" assertions="1" time="0.021536"/>
        <testcase name="Signatures" file="Colored Blockquote Shortcodes (Hyde\Framework\Testing\Feature\ColoredBlockquoteShortcodes)::Signatures" class="Hyde\Framework\Testing\Feature\ColoredBlockquoteShortcodesTest" classname="Hyde.Framework.Testing.Feature.ColoredBlockquoteShortcodesTest" assertions="1" time="0.002130"/>
        <testcase name="Resolve method" file="Colored Blockquote Shortcodes (Hyde\Framework\Testing\Feature\ColoredBlockquoteShortcodes)::Resolve method" class="Hyde\Framework\Testing\Feature\ColoredBlockquoteShortcodesTest" classname="Hyde.Framework.Testing.Feature.ColoredBlockquoteShortcodesTest" assertions="1" time="0.002966"/>
        <testcase name="Can use markdown within blockquote" file="Colored Blockquote Shortcodes (Hyde\Framework\Testing\Feature\ColoredBlockquoteShortcodes)::Can use markdown within blockquote" class="Hyde\Framework\Testing\Feature\ColoredBlockquoteShortcodesTest" classname="Hyde.Framework.Testing.Feature.ColoredBlockquoteShortcodesTest" assertions="1" time="0.003473"/>
        <testcase name="With unrelated class" file="Colored Blockquote Shortcodes (Hyde\Framework\Testing\Feature\ColoredBlockquoteShortcodes)::With unrelated class" class="Hyde\Framework\Testing\Feature\ColoredBlockquoteShortcodesTest" classname="Hyde.Framework.Testing.Feature.ColoredBlockquoteShortcodesTest" assertions="1" time="0.001983"/>
      </testsuite>
      <testsuite name="Hyde\Framework\Testing\Feature\CommandTest" file="Command (Hyde\Framework\Testing\Feature\Command)" tests="23" assertions="31" errors="0" failures="0" skipped="0" time="0.058569">
        <testcase name="User exit constant" file="Command (Hyde\Framework\Testing\Feature\Command)::User exit constant" class="Hyde\Framework\Testing\Feature\CommandTest" classname="Hyde.Framework.Testing.Feature.CommandTest" assertions="1" time="0.007029"/>
        <testcase name="File link helper creates link for existing file" file="Command (Hyde\Framework\Testing\Feature\Command)::File link helper creates link for existing file" class="Hyde\Framework\Testing\Feature\CommandTest" classname="Hyde.Framework.Testing.Feature.CommandTest" assertions="1" time="0.002327"/>
        <testcase name="File link helper creates link for non existing file" file="Command (Hyde\Framework\Testing\Feature\Command)::File link helper creates link for non existing file" class="Hyde\Framework\Testing\Feature\CommandTest" classname="Hyde.Framework.Testing.Feature.CommandTest" assertions="1" time="0.002150"/>
        <testcase name="File link helper with custom label" file="Command (Hyde\Framework\Testing\Feature\Command)::File link helper with custom label" class="Hyde\Framework\Testing\Feature\CommandTest" classname="Hyde.Framework.Testing.Feature.CommandTest" assertions="1" time="0.002131"/>
        <testcase name="File link helper with absolute path input" file="Command (Hyde\Framework\Testing\Feature\Command)::File link helper with absolute path input" class="Hyde\Framework\Testing\Feature\CommandTest" classname="Hyde.Framework.Testing.Feature.CommandTest" assertions="1" time="0.002163"/>
        <testcase name="File link helper with absolute path input and custom label" file="Command (Hyde\Framework\Testing\Feature\Command)::File link helper with absolute path input and custom label" class="Hyde\Framework\Testing\Feature\CommandTest" classname="Hyde.Framework.Testing.Feature.CommandTest" assertions="1" time="0.002182"/>
        <testcase name="File link helper with absolute path and real file" file="Command (Hyde\Framework\Testing\Feature\Command)::File link helper with absolute path and real file" class="Hyde\Framework\Testing\Feature\CommandTest" classname="Hyde.Framework.Testing.Feature.CommandTest" assertions="1" time="0.002293"/>
        <testcase name="Info comment" file="Command (Hyde\Framework\Testing\Feature\Command)::Info comment" class="Hyde\Framework\Testing\Feature\CommandTest" classname="Hyde.Framework.Testing.Feature.CommandTest" assertions="1" time="0.002482"/>
        <testcase name="Info comment with extra info" file="Command (Hyde\Framework\Testing\Feature\Command)::Info comment with extra info" class="Hyde\Framework\Testing\Feature\CommandTest" classname="Hyde.Framework.Testing.Feature.CommandTest" assertions="1" time="0.002400"/>
        <testcase name="Info comment with extra info and comments" file="Command (Hyde\Framework\Testing\Feature\Command)::Info comment with extra info and comments" class="Hyde\Framework\Testing\Feature\CommandTest" classname="Hyde.Framework.Testing.Feature.CommandTest" assertions="1" time="0.002372"/>
        <testcase name="Href" file="Command (Hyde\Framework\Testing\Feature\Command)::Href" class="Hyde\Framework\Testing\Feature\CommandTest" classname="Hyde.Framework.Testing.Feature.CommandTest" assertions="1" time="0.002142"/>
        <testcase name="Inline gray" file="Command (Hyde\Framework\Testing\Feature\Command)::Inline gray" class="Hyde\Framework\Testing\Feature\CommandTest" classname="Hyde.Framework.Testing.Feature.CommandTest" assertions="1" time="0.002207"/>
        <testcase name="Gray" file="Command (Hyde\Framework\Testing\Feature\Command)::Gray" class="Hyde\Framework\Testing\Feature\CommandTest" classname="Hyde.Framework.Testing.Feature.CommandTest" assertions="1" time="0.002407"/>
        <testcase name="Indented line" file="Command (Hyde\Framework\Testing\Feature\Command)::Indented line" class="Hyde\Framework\Testing\Feature\CommandTest" classname="Hyde.Framework.Testing.Feature.CommandTest" assertions="1" time="0.002362"/>
        <testcase name="Indented line with multiple indentations" file="Command (Hyde\Framework\Testing\Feature\Command)::Indented line with multiple indentations" class="Hyde\Framework\Testing\Feature\CommandTest" classname="Hyde.Framework.Testing.Feature.CommandTest" assertions="1" time="0.002405"/>
        <testcase name="Indented line with no indentation" file="Command (Hyde\Framework\Testing\Feature\Command)::Indented line with no indentation" class="Hyde\Framework\Testing\Feature\CommandTest" classname="Hyde.Framework.Testing.Feature.CommandTest" assertions="1" time="0.002423"/>
        <testcase name="Handle calls base safe handle" file="Command (Hyde\Framework\Testing\Feature\Command)::Handle calls base safe handle" class="Hyde\Framework\Testing\Feature\CommandTest" classname="Hyde.Framework.Testing.Feature.CommandTest" assertions="1" time="0.002107"/>
        <testcase name="Handle calls child safe handle" file="Command (Hyde\Framework\Testing\Feature\Command)::Handle calls child safe handle" class="Hyde\Framework\Testing\Feature\CommandTest" classname="Hyde.Framework.Testing.Feature.CommandTest" assertions="1" time="0.002065"/>
        <testcase name="Safe handle exception" file="Command (Hyde\Framework\Testing\Feature\Command)::Safe handle exception" class="Hyde\Framework\Testing\Feature\CommandTest" classname="Hyde.Framework.Testing.Feature.CommandTest" assertions="2" time="0.002701"/>
        <testcase name="Can enable throw on exception" file="Command (Hyde\Framework\Testing\Feature\Command)::Can enable throw on exception" class="Hyde\Framework\Testing\Feature\CommandTest" classname="Hyde.Framework.Testing.Feature.CommandTest" assertions="2" time="0.002557"/>
        <testcase name="Ask for string" file="Command (Hyde\Framework\Testing\Feature\Command)::Ask for string" class="Hyde\Framework\Testing\Feature\CommandTest" classname="Hyde.Framework.Testing.Feature.CommandTest" assertions="3" time="0.002508"/>
        <testcase name="Ask for string with default value" file="Command (Hyde\Framework\Testing\Feature\Command)::Ask for string with default value" class="Hyde\Framework\Testing\Feature\CommandTest" classname="Hyde.Framework.Testing.Feature.CommandTest" assertions="3" time="0.002533"/>
        <testcase name="Ask for string with default value supplying null" file="Command (Hyde\Framework\Testing\Feature\Command)::Ask for string with default value supplying null" class="Hyde\Framework\Testing\Feature\CommandTest" classname="Hyde.Framework.Testing.Feature.CommandTest" assertions="3" time="0.002623"/>
      </testsuite>
      <testsuite name="Hyde\Framework\Testing\Feature\Commands\BuildRssFeedCommandTest" file="Build Rss Feed Command (Hyde\Framework\Testing\Feature\Commands\BuildRssFeedCommand)" tests="2" assertions="8" errors="0" failures="0" skipped="0" time="0.121012">
        <testcase name="Rss feed is generated when conditions are met" file="Build Rss Feed Command (Hyde\Framework\Testing\Feature\Commands\BuildRssFeedCommand)::Rss feed is generated when conditions are met" class="Hyde\Framework\Testing\Feature\Commands\BuildRssFeedCommandTest" classname="Hyde.Framework.Testing.Feature.Commands.BuildRssFeedCommandTest" assertions="3" time="0.090408"/>
        <testcase name="Rss filename can be changed" file="Build Rss Feed Command (Hyde\Framework\Testing\Feature\Commands\BuildRssFeedCommand)::Rss filename can be changed" class="Hyde\Framework\Testing\Feature\Commands\BuildRssFeedCommandTest" classname="Hyde.Framework.Testing.Feature.Commands.BuildRssFeedCommandTest" assertions="5" time="0.030603"/>
      </testsuite>
      <testsuite name="Hyde\Framework\Testing\Feature\Commands\BuildSearchCommandTest" file="Build Search Command (Hyde\Framework\Testing\Feature\Commands\BuildSearchCommand)" tests="8" assertions="22" errors="0" failures="0" skipped="0" time="0.290006">
        <testcase name="It creates the search json file" file="Build Search Command (Hyde\Framework\Testing\Feature\Commands\BuildSearchCommand)::It creates the search json file" class="Hyde\Framework\Testing\Feature\Commands\BuildSearchCommandTest" classname="Hyde.Framework.Testing.Feature.Commands.BuildSearchCommandTest" assertions="3" time="0.047283"/>
        <testcase name="It creates the search page" file="Build Search Command (Hyde\Framework\Testing\Feature\Commands\BuildSearchCommand)::It creates the search page" class="Hyde\Framework\Testing\Feature\Commands\BuildSearchCommandTest" classname="Hyde.Framework.Testing.Feature.Commands.BuildSearchCommandTest" assertions="3" time="0.035967"/>
        <testcase name="It does not create the search page if disabled" file="Build Search Command (Hyde\Framework\Testing\Feature\Commands\BuildSearchCommand)::It does not create the search page if disabled" class="Hyde\Framework\Testing\Feature\Commands\BuildSearchCommandTest" classname="Hyde.Framework.Testing.Feature.Commands.BuildSearchCommandTest" assertions="2" time="0.026929"/>
        <testcase name="It does not display the estimation message when it is less than 1 second" file="Build Search Command (Hyde\Framework\Testing\Feature\Commands\BuildSearchCommand)::It does not display the estimation message when it is less than 1 second" class="Hyde\Framework\Testing\Feature\Commands\BuildSearchCommandTest" classname="Hyde.Framework.Testing.Feature.Commands.BuildSearchCommandTest" assertions="2" time="0.036105"/>
        <testcase name="Search files can be generated for custom docs output directory" file="Build Search Command (Hyde\Framework\Testing\Feature\Commands\BuildSearchCommand)::Search files can be generated for custom docs output directory" class="Hyde\Framework\Testing\Feature\Commands\BuildSearchCommandTest" classname="Hyde.Framework.Testing.Feature.Commands.BuildSearchCommandTest" assertions="3" time="0.035991"/>
        <testcase name="Search files can be generated for custom site output directory" file="Build Search Command (Hyde\Framework\Testing\Feature\Commands\BuildSearchCommand)::Search files can be generated for custom site output directory" class="Hyde\Framework\Testing\Feature\Commands\BuildSearchCommandTest" classname="Hyde.Framework.Testing.Feature.Commands.BuildSearchCommandTest" assertions="3" time="0.035919"/>
        <testcase name="Search files can be generated for custom site and docs output directories" file="Build Search Command (Hyde\Framework\Testing\Feature\Commands\BuildSearchCommand)::Search files can be generated for custom site and docs output directories" class="Hyde\Framework\Testing\Feature\Commands\BuildSearchCommandTest" classname="Hyde.Framework.Testing.Feature.Commands.BuildSearchCommandTest" assertions="3" time="0.035817"/>
        <testcase name="Search files can be generated for custom site and nested docs output directories" file="Build Search Command (Hyde\Framework\Testing\Feature\Commands\BuildSearchCommand)::Search files can be generated for custom site and nested docs output directories" class="Hyde\Framework\Testing\Feature\Commands\BuildSearchCommandTest" classname="Hyde.Framework.Testing.Feature.Commands.BuildSearchCommandTest" assertions="3" time="0.035994"/>
      </testsuite>
      <testsuite name="Hyde\Framework\Testing\Feature\Commands\BuildSitemapCommandTest" file="Build Sitemap Command (Hyde\Framework\Testing\Feature\Commands\BuildSitemapCommand)" tests="2" assertions="9" errors="0" failures="0" skipped="0" time="0.095522">
        <testcase name="Sitemap is generated when conditions are met" file="Build Sitemap Command (Hyde\Framework\Testing\Feature\Commands\BuildSitemapCommand)::Sitemap is generated when conditions are met" class="Hyde\Framework\Testing\Feature\Commands\BuildSitemapCommandTest" classname="Hyde.Framework.Testing.Feature.Commands.BuildSitemapCommandTest" assertions="3" time="0.071648"/>
        <testcase name="Sitemap is not generated when conditions are not met" file="Build Sitemap Command (Hyde\Framework\Testing\Feature\Commands\BuildSitemapCommand)::Sitemap is not generated when conditions are not met" class="Hyde\Framework\Testing\Feature\Commands\BuildSitemapCommandTest" classname="Hyde.Framework.Testing.Feature.Commands.BuildSitemapCommandTest" assertions="6" time="0.023874"/>
      </testsuite>
      <testsuite name="Hyde\Framework\Testing\Feature\Commands\ChangeSourceDirectoryCommandTest" file="Change Source Directory Command (Hyde\Framework\Testing\Feature\Commands\ChangeSourceDirectoryCommand)" tests="6" assertions="38" errors="0" failures="0" skipped="0" time="0.152684">
        <testcase name="Command moves source directories to new supplied directory and updates the configuration file" file="Change Source Directory Command (Hyde\Framework\Testing\Feature\Commands\ChangeSourceDirectoryCommand)::Command moves source directories to new supplied directory and updates the configuration file" class="Hyde\Framework\Testing\Feature\Commands\ChangeSourceDirectoryCommandTest" classname="Hyde.Framework.Testing.Feature.Commands.ChangeSourceDirectoryCommandTest" assertions="15" time="0.030877"/>
        <testcase name="With missing config search string" file="Change Source Directory Command (Hyde\Framework\Testing\Feature\Commands\ChangeSourceDirectoryCommand)::With missing config search string" class="Hyde\Framework\Testing\Feature\Commands\ChangeSourceDirectoryCommandTest" classname="Hyde.Framework.Testing.Feature.Commands.ChangeSourceDirectoryCommandTest" assertions="15" time="0.028587"/>
        <testcase name="With name matching current value" file="Change Source Directory Command (Hyde\Framework\Testing\Feature\Commands\ChangeSourceDirectoryCommand)::With name matching current value" class="Hyde\Framework\Testing\Feature\Commands\ChangeSourceDirectoryCommandTest" classname="Hyde.Framework.Testing.Feature.Commands.ChangeSourceDirectoryCommandTest" assertions="2" time="0.022428"/>
        <testcase name="With existing directory" file="Change Source Directory Command (Hyde\Framework\Testing\Feature\Commands\ChangeSourceDirectoryCommand)::With existing directory" class="Hyde\Framework\Testing\Feature\Commands\ChangeSourceDirectoryCommandTest" classname="Hyde.Framework.Testing.Feature.Commands.ChangeSourceDirectoryCommandTest" assertions="2" time="0.024248"/>
        <testcase name="With target containing subdirectory file" file="Change Source Directory Command (Hyde\Framework\Testing\Feature\Commands\ChangeSourceDirectoryCommand)::With target containing subdirectory file" class="Hyde\Framework\Testing\Feature\Commands\ChangeSourceDirectoryCommandTest" classname="Hyde.Framework.Testing.Feature.Commands.ChangeSourceDirectoryCommandTest" assertions="2" time="0.023694"/>
        <testcase name="With target being file" file="Change Source Directory Command (Hyde\Framework\Testing\Feature\Commands\ChangeSourceDirectoryCommand)::With target being file" class="Hyde\Framework\Testing\Feature\Commands\ChangeSourceDirectoryCommandTest" classname="Hyde.Framework.Testing.Feature.Commands.ChangeSourceDirectoryCommandTest" assertions="2" time="0.022849"/>
      </testsuite>
      <testsuite name="Hyde\Framework\Testing\Feature\Commands\DebugCommandTest" file="Debug Command (Hyde\Framework\Testing\Feature\Commands\DebugCommand)" tests="4" assertions="15" errors="0" failures="0" skipped="0" time="0.107467">
        <testcase name="Debug command can run" file="Debug Command (Hyde\Framework\Testing\Feature\Commands\DebugCommand)::Debug command can run" class="Hyde\Framework\Testing\Feature\Commands\DebugCommandTest" classname="Hyde.Framework.Testing.Feature.Commands.DebugCommandTest" assertions="1" time="0.034045"/>
        <testcase name="It prints debug information" file="Debug Command (Hyde\Framework\Testing\Feature\Commands\DebugCommand)::It prints debug information" class="Hyde\Framework\Testing\Feature\Commands\DebugCommandTest" classname="Hyde.Framework.Testing.Feature.Commands.DebugCommandTest" assertions="7" time="0.025662"/>
        <testcase name="It prints verbose debug information" file="Debug Command (Hyde\Framework\Testing\Feature\Commands\DebugCommand)::It prints verbose debug information" class="Hyde\Framework\Testing\Feature\Commands\DebugCommandTest" classname="Hyde.Framework.Testing.Feature.Commands.DebugCommandTest" assertions="6" time="0.025702"/>
        <testcase name="It prints phar debug information" file="Debug Command (Hyde\Framework\Testing\Feature\Commands\DebugCommand)::It prints phar debug information" class="Hyde\Framework\Testing\Feature\Commands\DebugCommandTest" classname="Hyde.Framework.Testing.Feature.Commands.DebugCommandTest" assertions="1" time="0.022058"/>
      </testsuite>
      <testsuite name="Hyde\Framework\Testing\Feature\Commands\MakePageCommandTest" file="Make Page Command (Hyde\Framework\Testing\Feature\Commands\MakePageCommand)" tests="14" assertions="34" errors="0" failures="0" skipped="0" time="0.371344">
        <testcase name="Command can run" file="Make Page Command (Hyde\Framework\Testing\Feature\Commands\MakePageCommand)::Command can run" class="Hyde\Framework\Testing\Feature\Commands\MakePageCommandTest" classname="Hyde.Framework.Testing.Feature.Commands.MakePageCommandTest" assertions="1" time="0.031452"/>
        <testcase name="Command output" file="Make Page Command (Hyde\Framework\Testing\Feature\Commands\MakePageCommand)::Command output" class="Hyde\Framework\Testing\Feature\Commands\MakePageCommandTest" classname="Hyde.Framework.Testing.Feature.Commands.MakePageCommandTest" assertions="3" time="0.025303"/>
        <testcase name="Command allows user to specify page type" file="Make Page Command (Hyde\Framework\Testing\Feature\Commands\MakePageCommand)::Command allows user to specify page type" class="Hyde\Framework\Testing\Feature\Commands\MakePageCommandTest" classname="Hyde.Framework.Testing.Feature.Commands.MakePageCommandTest" assertions="2" time="0.027668"/>
        <testcase name="Type option is case insensitive" file="Make Page Command (Hyde\Framework\Testing\Feature\Commands\MakePageCommand)::Type option is case insensitive" class="Hyde\Framework\Testing\Feature\Commands\MakePageCommandTest" classname="Hyde.Framework.Testing.Feature.Commands.MakePageCommandTest" assertions="2" time="0.027792"/>
        <testcase name="Command fails if user specifies invalid page type" file="Make Page Command (Hyde\Framework\Testing\Feature\Commands\MakePageCommand)::Command fails if user specifies invalid page type" class="Hyde\Framework\Testing\Feature\Commands\MakePageCommandTest" classname="Hyde.Framework.Testing.Feature.Commands.MakePageCommandTest" assertions="3" time="0.023079"/>
        <testcase name="Command creates markdown file" file="Make Page Command (Hyde\Framework\Testing\Feature\Commands\MakePageCommand)::Command creates markdown file" class="Hyde\Framework\Testing\Feature\Commands\MakePageCommandTest" classname="Hyde.Framework.Testing.Feature.Commands.MakePageCommandTest" assertions="2" time="0.038763"/>
        <testcase name="Command creates blade file" file="Make Page Command (Hyde\Framework\Testing\Feature\Commands\MakePageCommand)::Command creates blade file" class="Hyde\Framework\Testing\Feature\Commands\MakePageCommandTest" classname="Hyde.Framework.Testing.Feature.Commands.MakePageCommandTest" assertions="2" time="0.024787"/>
        <testcase name="Command creates documentation file" file="Make Page Command (Hyde\Framework\Testing\Feature\Commands\MakePageCommand)::Command creates documentation file" class="Hyde\Framework\Testing\Feature\Commands\MakePageCommandTest" classname="Hyde.Framework.Testing.Feature.Commands.MakePageCommandTest" assertions="2" time="0.025191"/>
        <testcase name="Command fails if file already exists" file="Make Page Command (Hyde\Framework\Testing\Feature\Commands\MakePageCommand)::Command fails if file already exists" class="Hyde\Framework\Testing\Feature\Commands\MakePageCommandTest" classname="Hyde.Framework.Testing.Feature.Commands.MakePageCommandTest" assertions="3" time="0.023202"/>
        <testcase name="Command overwrites existing files when force option is used" file="Make Page Command (Hyde\Framework\Testing\Feature\Commands\MakePageCommand)::Command overwrites existing files when force option is used" class="Hyde\Framework\Testing\Feature\Commands\MakePageCommandTest" classname="Hyde.Framework.Testing.Feature.Commands.MakePageCommandTest" assertions="2" time="0.024967"/>
        <testcase name="Command prompts for title if it was not specified" file="Make Page Command (Hyde\Framework\Testing\Feature\Commands\MakePageCommand)::Command prompts for title if it was not specified" class="Hyde\Framework\Testing\Feature\Commands\MakePageCommandTest" classname="Hyde.Framework.Testing.Feature.Commands.MakePageCommandTest" assertions="3" time="0.025399"/>
        <testcase name="Command falls back to default title if user enters nothing" file="Make Page Command (Hyde\Framework\Testing\Feature\Commands\MakePageCommand)::Command falls back to default title if user enters nothing" class="Hyde\Framework\Testing\Feature\Commands\MakePageCommandTest" classname="Hyde.Framework.Testing.Feature.Commands.MakePageCommandTest" assertions="3" time="0.024920"/>
        <testcase name="Page type shorthand can be used to create blade pages" file="Make Page Command (Hyde\Framework\Testing\Feature\Commands\MakePageCommand)::Page type shorthand can be used to create blade pages" class="Hyde\Framework\Testing\Feature\Commands\MakePageCommandTest" classname="Hyde.Framework.Testing.Feature.Commands.MakePageCommandTest" assertions="3" time="0.023698"/>
        <testcase name="Page type shorthand can be used to create documentation pages" file="Make Page Command (Hyde\Framework\Testing\Feature\Commands\MakePageCommand)::Page type shorthand can be used to create documentation pages" class="Hyde\Framework\Testing\Feature\Commands\MakePageCommandTest" classname="Hyde.Framework.Testing.Feature.Commands.MakePageCommandTest" assertions="3" time="0.025123"/>
      </testsuite>
      <testsuite name="Hyde\Framework\Testing\Feature\Commands\MakePostCommandTest" file="Make Post Command (Hyde\Framework\Testing\Feature\Commands\MakePostCommand)" tests="5" assertions="48" errors="0" failures="0" skipped="0" time="0.152170">
        <testcase name="Command has expected output and creates valid file" file="Make Post Command (Hyde\Framework\Testing\Feature\Commands\MakePostCommand)::Command has expected output and creates valid file" class="Hyde\Framework\Testing\Feature\Commands\MakePostCommandTest" classname="Hyde.Framework.Testing.Feature.Commands.MakePostCommandTest" assertions="16" time="0.046544"/>
        <testcase name="That files are not overwritten when force flag is not set" file="Make Post Command (Hyde\Framework\Testing\Feature\Commands\MakePostCommand)::That files are not overwritten when force flag is not set" class="Hyde\Framework\Testing\Feature\Commands\MakePostCommandTest" classname="Hyde.Framework.Testing.Feature.Commands.MakePostCommandTest" assertions="9" time="0.027131"/>
        <testcase name="That files are overwritten when force flag is set" file="Make Post Command (Hyde\Framework\Testing\Feature\Commands\MakePostCommand)::That files are overwritten when force flag is set" class="Hyde\Framework\Testing\Feature\Commands\MakePostCommandTest" classname="Hyde.Framework.Testing.Feature.Commands.MakePostCommandTest" assertions="9" time="0.027332"/>
        <testcase name="That title can be specified in command signature" file="Make Post Command (Hyde\Framework\Testing\Feature\Commands\MakePostCommand)::That title can be specified in command signature" class="Hyde\Framework\Testing\Feature\Commands\MakePostCommandTest" classname="Hyde.Framework.Testing.Feature.Commands.MakePostCommandTest" assertions="6" time="0.026578"/>
        <testcase name="That command can be canceled" file="Make Post Command (Hyde\Framework\Testing\Feature\Commands\MakePostCommand)::That command can be canceled" class="Hyde\Framework\Testing\Feature\Commands\MakePostCommandTest" classname="Hyde.Framework.Testing.Feature.Commands.MakePostCommandTest" assertions="8" time="0.024585"/>
      </testsuite>
      <testsuite name="Hyde\Framework\Testing\Feature\Commands\PackageDiscoverCommandTest" file="Package Discover Command (Hyde\Framework\Testing\Feature\Commands\PackageDiscoverCommand)" tests="1" assertions="3" errors="0" failures="0" skipped="0" time="0.073194">
        <testcase name="Package discover command registers manifest path" file="Package Discover Command (Hyde\Framework\Testing\Feature\Commands\PackageDiscoverCommand)::Package discover command registers manifest path" class="Hyde\Framework\Testing\Feature\Commands\PackageDiscoverCommandTest" classname="Hyde.Framework.Testing.Feature.Commands.PackageDiscoverCommandTest" assertions="3" time="0.073194"/>
      </testsuite>
      <testsuite name="Hyde\Framework\Testing\Feature\Commands\PublishConfigsCommandTest" file="Publish Configs Command (Hyde\Framework\Testing\Feature\Commands\PublishConfigsCommand)" tests="3" assertions="16" errors="0" failures="0" skipped="0" time="0.097369">
        <testcase name="Command has expected output" file="Publish Configs Command (Hyde\Framework\Testing\Feature\Commands\PublishConfigsCommand)::Command has expected output" class="Hyde\Framework\Testing\Feature\Commands\PublishConfigsCommandTest" classname="Hyde.Framework.Testing.Feature.Commands.PublishConfigsCommandTest" assertions="4" time="0.038689"/>
        <testcase name="Config files are published" file="Publish Configs Command (Hyde\Framework\Testing\Feature\Commands\PublishConfigsCommand)::Config files are published" class="Hyde\Framework\Testing\Feature\Commands\PublishConfigsCommandTest" classname="Hyde.Framework.Testing.Feature.Commands.PublishConfigsCommandTest" assertions="8" time="0.029584"/>
        <testcase name="Command overwrites existing files" file="Publish Configs Command (Hyde\Framework\Testing\Feature\Commands\PublishConfigsCommand)::Command overwrites existing files" class="Hyde\Framework\Testing\Feature\Commands\PublishConfigsCommandTest" classname="Hyde.Framework.Testing.Feature.Commands.PublishConfigsCommandTest" assertions="4" time="0.029096"/>
      </testsuite>
      <testsuite name="Hyde\Framework\Testing\Feature\Commands\PublishHomepageCommandTest" file="Publish Homepage Command (Hyde\Framework\Testing\Feature\Commands\PublishHomepageCommand)" tests="9" assertions="28" errors="0" failures="0" skipped="0" time="0.272439">
        <testcase name="There are no default pages" file="Publish Homepage Command (Hyde\Framework\Testing\Feature\Commands\PublishHomepageCommand)::There are no default pages" class="Hyde\Framework\Testing\Feature\Commands\PublishHomepageCommandTest" classname="Hyde.Framework.Testing.Feature.Commands.PublishHomepageCommandTest" assertions="1" time="0.025287"/>
        <testcase name="Command returns expected output" file="Publish Homepage Command (Hyde\Framework\Testing\Feature\Commands\PublishHomepageCommand)::Command returns expected output" class="Hyde\Framework\Testing\Feature\Commands\PublishHomepageCommandTest" classname="Hyde.Framework.Testing.Feature.Commands.PublishHomepageCommandTest" assertions="3" time="0.038933"/>
        <testcase name="Command returns expected output with rebuild" file="Publish Homepage Command (Hyde\Framework\Testing\Feature\Commands\PublishHomepageCommand)::Command returns expected output with rebuild" class="Hyde\Framework\Testing\Feature\Commands\PublishHomepageCommandTest" classname="Hyde.Framework.Testing.Feature.Commands.PublishHomepageCommandTest" assertions="5" time="0.041606"/>
        <testcase name="Command prompts for output" file="Publish Homepage Command (Hyde\Framework\Testing\Feature\Commands\PublishHomepageCommand)::Command prompts for output" class="Hyde\Framework\Testing\Feature\Commands\PublishHomepageCommandTest" classname="Hyde.Framework.Testing.Feature.Commands.PublishHomepageCommandTest" assertions="5" time="0.026871"/>
        <testcase name="Command shows feedback output when supplying a homepage name" file="Publish Homepage Command (Hyde\Framework\Testing\Feature\Commands\PublishHomepageCommand)::Command shows feedback output when supplying a homepage name" class="Hyde\Framework\Testing\Feature\Commands\PublishHomepageCommandTest" classname="Hyde.Framework.Testing.Feature.Commands.PublishHomepageCommandTest" assertions="4" time="0.026730"/>
        <testcase name="Command handles error code 404" file="Publish Homepage Command (Hyde\Framework\Testing\Feature\Commands\PublishHomepageCommand)::Command handles error code 404" class="Hyde\Framework\Testing\Feature\Commands\PublishHomepageCommandTest" classname="Hyde.Framework.Testing.Feature.Commands.PublishHomepageCommandTest" assertions="2" time="0.025097"/>
        <testcase name="Command does not overwrite modified files without force flag" file="Publish Homepage Command (Hyde\Framework\Testing\Feature\Commands\PublishHomepageCommand)::Command does not overwrite modified files without force flag" class="Hyde\Framework\Testing\Feature\Commands\PublishHomepageCommandTest" classname="Hyde.Framework.Testing.Feature.Commands.PublishHomepageCommandTest" assertions="3" time="0.027783"/>
        <testcase name="Command overwrites modified files if force flag is set" file="Publish Homepage Command (Hyde\Framework\Testing\Feature\Commands\PublishHomepageCommand)::Command overwrites modified files if force flag is set" class="Hyde\Framework\Testing\Feature\Commands\PublishHomepageCommandTest" classname="Hyde.Framework.Testing.Feature.Commands.PublishHomepageCommandTest" assertions="3" time="0.026666"/>
        <testcase name="Command does not return 409 if the current file is a default file" file="Publish Homepage Command (Hyde\Framework\Testing\Feature\Commands\PublishHomepageCommand)::Command does not return 409 if the current file is a default file" class="Hyde\Framework\Testing\Feature\Commands\PublishHomepageCommandTest" classname="Hyde.Framework.Testing.Feature.Commands.PublishHomepageCommandTest" assertions="2" time="0.033466"/>
      </testsuite>
      <testsuite name="Hyde\Framework\Testing\Feature\Commands\PublishViewsCommandTest" file="Publish Views Command (Hyde\Framework\Testing\Feature\Commands\PublishViewsCommand)" tests="3" assertions="9" errors="0" failures="0" skipped="0" time="0.123064">
        <testcase name="Command publishes views" file="Publish Views Command (Hyde\Framework\Testing\Feature\Commands\PublishViewsCommand)::Command publishes views" class="Hyde\Framework\Testing\Feature\Commands\PublishViewsCommandTest" classname="Hyde.Framework.Testing.Feature.Commands.PublishViewsCommandTest" assertions="4" time="0.074016"/>
        <testcase name="Can select view" file="Publish Views Command (Hyde\Framework\Testing\Feature\Commands\PublishViewsCommand)::Can select view" class="Hyde\Framework\Testing\Feature\Commands\PublishViewsCommandTest" classname="Hyde.Framework.Testing.Feature.Commands.PublishViewsCommandTest" assertions="3" time="0.025423"/>
        <testcase name="With invalid supplied tag" file="Publish Views Command (Hyde\Framework\Testing\Feature\Commands\PublishViewsCommand)::With invalid supplied tag" class="Hyde\Framework\Testing\Feature\Commands\PublishViewsCommandTest" classname="Hyde.Framework.Testing.Feature.Commands.PublishViewsCommandTest" assertions="2" time="0.023625"/>
      </testsuite>
      <testsuite name="Hyde\Framework\Testing\Feature\Commands\RebuildPageCommandTest" file="Rebuild Page Command (Hyde\Framework\Testing\Feature\Commands\RebuildPageCommand)" tests="6" assertions="12" errors="0" failures="0" skipped="0" time="0.215439">
        <testcase name="Handle is successful with valid path" file="Rebuild Page Command (Hyde\Framework\Testing\Feature\Commands\RebuildPageCommand)::Handle is successful with valid path" class="Hyde\Framework\Testing\Feature\Commands\RebuildPageCommandTest" classname="Hyde.Framework.Testing.Feature.Commands.RebuildPageCommandTest" assertions="2" time="0.045771"/>
        <testcase name="Media files can be transferred" file="Rebuild Page Command (Hyde\Framework\Testing\Feature\Commands\RebuildPageCommand)::Media files can be transferred" class="Hyde\Framework\Testing\Feature\Commands\RebuildPageCommandTest" classname="Hyde.Framework.Testing.Feature.Commands.RebuildPageCommandTest" assertions="2" time="0.045148"/>
        <testcase name="Validate catches bad source directory" file="Rebuild Page Command (Hyde\Framework\Testing\Feature\Commands\RebuildPageCommand)::Validate catches bad source directory" class="Hyde\Framework\Testing\Feature\Commands\RebuildPageCommandTest" classname="Hyde.Framework.Testing.Feature.Commands.RebuildPageCommandTest" assertions="2" time="0.023076"/>
        <testcase name="Validate catches missing file" file="Rebuild Page Command (Hyde\Framework\Testing\Feature\Commands\RebuildPageCommand)::Validate catches missing file" class="Hyde\Framework\Testing\Feature\Commands\RebuildPageCommandTest" classname="Hyde.Framework.Testing.Feature.Commands.RebuildPageCommandTest" assertions="2" time="0.022929"/>
        <testcase name="Rebuild documentation page" file="Rebuild Page Command (Hyde\Framework\Testing\Feature\Commands\RebuildPageCommand)::Rebuild documentation page" class="Hyde\Framework\Testing\Feature\Commands\RebuildPageCommandTest" classname="Hyde.Framework.Testing.Feature.Commands.RebuildPageCommandTest" assertions="2" time="0.041328"/>
        <testcase name="Rebuild blog post" file="Rebuild Page Command (Hyde\Framework\Testing\Feature\Commands\RebuildPageCommand)::Rebuild blog post" class="Hyde\Framework\Testing\Feature\Commands\RebuildPageCommandTest" classname="Hyde.Framework.Testing.Feature.Commands.RebuildPageCommandTest" assertions="2" time="0.037188"/>
      </testsuite>
      <testsuite name="Hyde\Framework\Testing\Feature\Commands\RouteListCommandTest" file="Route List Command (Hyde\Framework\Testing\Feature\Commands\RouteListCommand)" tests="8" assertions="42" errors="0" failures="0" skipped="0" time="0.268502">
        <testcase name="Route list command" file="Route List Command (Hyde\Framework\Testing\Feature\Commands\RouteListCommand)::Route list command" class="Hyde\Framework\Testing\Feature\Commands\RouteListCommandTest" classname="Hyde.Framework.Testing.Feature.Commands.RouteListCommandTest" assertions="7" time="0.068006"/>
        <testcase name="Console route list" file="Route List Command (Hyde\Framework\Testing\Feature\Commands\RouteListCommand)::Console route list" class="Hyde\Framework\Testing\Feature\Commands\RouteListCommandTest" classname="Hyde.Framework.Testing.Feature.Commands.RouteListCommandTest" assertions="6" time="0.029414"/>
        <testcase name="Console route list with clickable output paths" file="Route List Command (Hyde\Framework\Testing\Feature\Commands\RouteListCommand)::Console route list with clickable output paths" class="Hyde\Framework\Testing\Feature\Commands\RouteListCommandTest" classname="Hyde.Framework.Testing.Feature.Commands.RouteListCommandTest" assertions="6" time="0.029601"/>
        <testcase name="Console route list with dynamic pages" file="Route List Command (Hyde\Framework\Testing\Feature\Commands\RouteListCommand)::Console route list with dynamic pages" class="Hyde\Framework\Testing\Feature\Commands\RouteListCommandTest" classname="Hyde.Framework.Testing.Feature.Commands.RouteListCommandTest" assertions="6" time="0.029633"/>
        <testcase name="Console route list with type label" file="Route List Command (Hyde\Framework\Testing\Feature\Commands\RouteListCommand)::Console route list with type label" class="Hyde\Framework\Testing\Feature\Commands\RouteListCommandTest" classname="Hyde.Framework.Testing.Feature.Commands.RouteListCommandTest" assertions="6" time="0.029321"/>
        <testcase name="Console route list with text format option" file="Route List Command (Hyde\Framework\Testing\Feature\Commands\RouteListCommand)::Console route list with text format option" class="Hyde\Framework\Testing\Feature\Commands\RouteListCommandTest" classname="Hyde.Framework.Testing.Feature.Commands.RouteListCommandTest" assertions="7" time="0.029772"/>
        <testcase name="Console route list with json format option" file="Route List Command (Hyde\Framework\Testing\Feature\Commands\RouteListCommand)::Console route list with json format option" class="Hyde\Framework\Testing\Feature\Commands\RouteListCommandTest" classname="Hyde.Framework.Testing.Feature.Commands.RouteListCommandTest" assertions="2" time="0.026184"/>
        <testcase name="Console route list with invalid format option" file="Route List Command (Hyde\Framework\Testing\Feature\Commands\RouteListCommand)::Console route list with invalid format option" class="Hyde\Framework\Testing\Feature\Commands\RouteListCommandTest" classname="Hyde.Framework.Testing.Feature.Commands.RouteListCommandTest" assertions="2" time="0.026570"/>
      </testsuite>
      <testsuite name="Hyde\Framework\Testing\Feature\Commands\ServeCommandTest" file="Serve Command (Hyde\Framework\Testing\Feature\Commands\ServeCommand)" tests="13" assertions="41" errors="0" failures="0" skipped="0" time="0.329828">
        <testcase name="Hyde serve command" file="Serve Command (Hyde\Framework\Testing\Feature\Commands\ServeCommand)::Hyde serve command" class="Hyde\Framework\Testing\Feature\Commands\ServeCommandTest" classname="Hyde.Framework.Testing.Feature.Commands.ServeCommandTest" assertions="3" time="0.035632"/>
        <testcase name="Hyde serve command with port option" file="Serve Command (Hyde\Framework\Testing\Feature\Commands\ServeCommand)::Hyde serve command with port option" class="Hyde\Framework\Testing\Feature\Commands\ServeCommandTest" classname="Hyde.Framework.Testing.Feature.Commands.ServeCommandTest" assertions="3" time="0.022986"/>
        <testcase name="Hyde serve command with host option" file="Serve Command (Hyde\Framework\Testing\Feature\Commands\ServeCommand)::Hyde serve command with host option" class="Hyde\Framework\Testing\Feature\Commands\ServeCommandTest" classname="Hyde.Framework.Testing.Feature.Commands.ServeCommandTest" assertions="3" time="0.022822"/>
        <testcase name="Hyde serve command with port and host option" file="Serve Command (Hyde\Framework\Testing\Feature\Commands\ServeCommand)::Hyde serve command with port and host option" class="Hyde\Framework\Testing\Feature\Commands\ServeCommandTest" classname="Hyde.Framework.Testing.Feature.Commands.ServeCommandTest" assertions="3" time="0.022785"/>
        <testcase name="Hyde serve command with port defined in config" file="Serve Command (Hyde\Framework\Testing\Feature\Commands\ServeCommand)::Hyde serve command with port defined in config" class="Hyde\Framework\Testing\Feature\Commands\ServeCommandTest" classname="Hyde.Framework.Testing.Feature.Commands.ServeCommandTest" assertions="3" time="0.022695"/>
        <testcase name="Hyde serve command with port defined in config and port option" file="Serve Command (Hyde\Framework\Testing\Feature\Commands\ServeCommand)::Hyde serve command with port defined in config and port option" class="Hyde\Framework\Testing\Feature\Commands\ServeCommandTest" classname="Hyde.Framework.Testing.Feature.Commands.ServeCommandTest" assertions="3" time="0.023012"/>
        <testcase name="Hyde serve command with port missing in config and port option" file="Serve Command (Hyde\Framework\Testing\Feature\Commands\ServeCommand)::Hyde serve command with port missing in config and port option" class="Hyde\Framework\Testing\Feature\Commands\ServeCommandTest" classname="Hyde.Framework.Testing.Feature.Commands.ServeCommandTest" assertions="3" time="0.022884"/>
        <testcase name="Hyde serve command with host defined in config" file="Serve Command (Hyde\Framework\Testing\Feature\Commands\ServeCommand)::Hyde serve command with host defined in config" class="Hyde\Framework\Testing\Feature\Commands\ServeCommandTest" classname="Hyde.Framework.Testing.Feature.Commands.ServeCommandTest" assertions="3" time="0.022994"/>
        <testcase name="Hyde serve command with host defined in config and host option" file="Serve Command (Hyde\Framework\Testing\Feature\Commands\ServeCommand)::Hyde serve command with host defined in config and host option" class="Hyde\Framework\Testing\Feature\Commands\ServeCommandTest" classname="Hyde.Framework.Testing.Feature.Commands.ServeCommandTest" assertions="3" time="0.023197"/>
        <testcase name="Hyde serve command with host missing in config and host option" file="Serve Command (Hyde\Framework\Testing\Feature\Commands\ServeCommand)::Hyde serve command with host missing in config and host option" class="Hyde\Framework\Testing\Feature\Commands\ServeCommandTest" classname="Hyde.Framework.Testing.Feature.Commands.ServeCommandTest" assertions="3" time="0.023145"/>
        <testcase name="Hyde serve command with invalid config value" file="Serve Command (Hyde\Framework\Testing\Feature\Commands\ServeCommand)::Hyde serve command with invalid config value" class="Hyde\Framework\Testing\Feature\Commands\ServeCommandTest" classname="Hyde.Framework.Testing.Feature.Commands.ServeCommandTest" assertions="2" time="0.022707"/>
        <testcase name="Hyde serve command passes through process output" file="Serve Command (Hyde\Framework\Testing\Feature\Commands\ServeCommand)::Hyde serve command passes through process output" class="Hyde\Framework\Testing\Feature\Commands\ServeCommandTest" classname="Hyde.Framework.Testing.Feature.Commands.ServeCommandTest" assertions="6" time="0.037396"/>
        <testcase name="With fancy output" file="Serve Command (Hyde\Framework\Testing\Feature\Commands\ServeCommand)::With fancy output" class="Hyde\Framework\Testing\Feature\Commands\ServeCommandTest" classname="Hyde.Framework.Testing.Feature.Commands.ServeCommandTest" assertions="3" time="0.027574"/>
      </testsuite>
      <testsuite name="Hyde\Framework\Testing\Feature\Commands\ValidateCommandTest" file="Validate Command (Hyde\Framework\Testing\Feature\Commands\ValidateCommand)" tests="2" assertions="8" errors="0" failures="0" skipped="0" time="0.095221">
        <testcase name="Validate command can run" file="Validate Command (Hyde\Framework\Testing\Feature\Commands\ValidateCommand)::Validate command can run" class="Hyde\Framework\Testing\Feature\Commands\ValidateCommandTest" classname="Hyde.Framework.Testing.Feature.Commands.ValidateCommandTest" assertions="5" time="0.067098"/>
        <testcase name="Validate command can run with skips" file="Validate Command (Hyde\Framework\Testing\Feature\Commands\ValidateCommand)::Validate command can run with skips" class="Hyde\Framework\Testing\Feature\Commands\ValidateCommandTest" classname="Hyde.Framework.Testing.Feature.Commands.ValidateCommandTest" assertions="3" time="0.028123"/>
      </testsuite>
      <testsuite name="Hyde\Framework\Testing\Feature\Commands\VendorPublishCommandTest" file="Vendor Publish Command (Hyde\Framework\Testing\Feature\Commands\VendorPublishCommand)" tests="5" assertions="13" errors="0" failures="0" skipped="0" time="0.124340">
        <testcase name="Command prompts for provider or tag" file="Vendor Publish Command (Hyde\Framework\Testing\Feature\Commands\VendorPublishCommand)::Command prompts for provider or tag" class="Hyde\Framework\Testing\Feature\Commands\VendorPublishCommandTest" classname="Hyde.Framework.Testing.Feature.Commands.VendorPublishCommandTest" assertions="3" time="0.028614"/>
        <testcase name="Unhelpful publishers are removed" file="Vendor Publish Command (Hyde\Framework\Testing\Feature\Commands\VendorPublishCommand)::Unhelpful publishers are removed" class="Hyde\Framework\Testing\Feature\Commands\VendorPublishCommandTest" classname="Hyde.Framework.Testing.Feature.Commands.VendorPublishCommandTest" assertions="3" time="0.023592"/>
        <testcase name="Config group is renamed to be more helpful" file="Vendor Publish Command (Hyde\Framework\Testing\Feature\Commands\VendorPublishCommand)::Config group is renamed to be more helpful" class="Hyde\Framework\Testing\Feature\Commands\VendorPublishCommandTest" classname="Hyde.Framework.Testing.Feature.Commands.VendorPublishCommandTest" assertions="3" time="0.023464"/>
        <testcase name="Can select default" file="Vendor Publish Command (Hyde\Framework\Testing\Feature\Commands\VendorPublishCommand)::Can select default" class="Hyde\Framework\Testing\Feature\Commands\VendorPublishCommandTest" classname="Hyde.Framework.Testing.Feature.Commands.VendorPublishCommandTest" assertions="3" time="0.023156"/>
        <testcase name="Status method" file="Vendor Publish Command (Hyde\Framework\Testing\Feature\Commands\VendorPublishCommand)::Status method" class="Hyde\Framework\Testing\Feature\Commands\VendorPublishCommandTest" classname="Hyde.Framework.Testing.Feature.Commands.VendorPublishCommandTest" assertions="1" time="0.025514"/>
      </testsuite>
      <testsuite name="Hyde\Framework\Testing\Feature\ConfigurableFeaturesTest" file="Configurable Features (Hyde\Framework\Testing\Feature\ConfigurableFeatures)" tests="14" assertions="70" errors="0" failures="0" skipped="0" time="0.318906">
        <testcase name="Has feature returns false when feature is not enabled" file="Configurable Features (Hyde\Framework\Testing\Feature\ConfigurableFeatures)::Has feature returns false when feature is not enabled" class="Hyde\Framework\Testing\Feature\ConfigurableFeaturesTest" classname="Hyde.Framework.Testing.Feature.ConfigurableFeaturesTest" assertions="9" time="0.028992"/>
        <testcase name="Has feature returns true when feature is enabled" file="Configurable Features (Hyde\Framework\Testing\Feature\ConfigurableFeatures)::Has feature returns true when feature is enabled" class="Hyde\Framework\Testing\Feature\ConfigurableFeaturesTest" classname="Hyde.Framework.Testing.Feature.ConfigurableFeaturesTest" assertions="7" time="0.020742"/>
        <testcase name="Can generate sitemap helper returns true if hyde has base url" file="Configurable Features (Hyde\Framework\Testing\Feature\ConfigurableFeatures)::Can generate sitemap helper returns true if hyde has base url" class="Hyde\Framework\Testing\Feature\ConfigurableFeaturesTest" classname="Hyde.Framework.Testing.Feature.ConfigurableFeaturesTest" assertions="1" time="0.020412"/>
        <testcase name="Can generate sitemap helper returns false if hyde does not have base url" file="Configurable Features (Hyde\Framework\Testing\Feature\ConfigurableFeatures)::Can generate sitemap helper returns false if hyde does not have base url" class="Hyde\Framework\Testing\Feature\ConfigurableFeaturesTest" classname="Hyde.Framework.Testing.Feature.ConfigurableFeaturesTest" assertions="1" time="0.020205"/>
        <testcase name="Can generate sitemap helper returns false if sitemaps are disabled in config" file="Configurable Features (Hyde\Framework\Testing\Feature\ConfigurableFeatures)::Can generate sitemap helper returns false if sitemaps are disabled in config" class="Hyde\Framework\Testing\Feature\ConfigurableFeaturesTest" classname="Hyde.Framework.Testing.Feature.ConfigurableFeaturesTest" assertions="1" time="0.020275"/>
        <testcase name="Has theme toggle buttons returns true when darkmode enabled and config true" file="Configurable Features (Hyde\Framework\Testing\Feature\ConfigurableFeatures)::Has theme toggle buttons returns true when darkmode enabled and config true" class="Hyde\Framework\Testing\Feature\ConfigurableFeaturesTest" classname="Hyde.Framework.Testing.Feature.ConfigurableFeaturesTest" assertions="1" time="0.020227"/>
        <testcase name="Has theme toggle buttons returns false when darkmode disabled" file="Configurable Features (Hyde\Framework\Testing\Feature\ConfigurableFeatures)::Has theme toggle buttons returns false when darkmode disabled" class="Hyde\Framework\Testing\Feature\ConfigurableFeaturesTest" classname="Hyde.Framework.Testing.Feature.ConfigurableFeaturesTest" assertions="1" time="0.020284"/>
        <testcase name="Has theme toggle buttons returns false when config false" file="Configurable Features (Hyde\Framework\Testing\Feature\ConfigurableFeatures)::Has theme toggle buttons returns false when config false" class="Hyde\Framework\Testing\Feature\ConfigurableFeaturesTest" classname="Hyde.Framework.Testing.Feature.ConfigurableFeaturesTest" assertions="1" time="0.033179"/>
        <testcase name="Has theme toggle buttons returns true when darkmode enabled and config not set" file="Configurable Features (Hyde\Framework\Testing\Feature\ConfigurableFeatures)::Has theme toggle buttons returns true when darkmode enabled and config not set" class="Hyde\Framework\Testing\Feature\ConfigurableFeaturesTest" classname="Hyde.Framework.Testing.Feature.ConfigurableFeaturesTest" assertions="1" time="0.020740"/>
        <testcase name="To array method returns method array" file="Configurable Features (Hyde\Framework\Testing\Feature\ConfigurableFeatures)::To array method returns method array" class="Hyde\Framework\Testing\Feature\ConfigurableFeaturesTest" classname="Hyde.Framework.Testing.Feature.ConfigurableFeaturesTest" assertions="29" time="0.027319"/>
        <testcase name="To array method contains all settings" file="Configurable Features (Hyde\Framework\Testing\Feature\ConfigurableFeatures)::To array method contains all settings" class="Hyde\Framework\Testing\Feature\ConfigurableFeaturesTest" classname="Hyde.Framework.Testing.Feature.ConfigurableFeaturesTest" assertions="10" time="0.025743"/>
        <testcase name="Features can be mocked" file="Configurable Features (Hyde\Framework\Testing\Feature\ConfigurableFeatures)::Features can be mocked" class="Hyde\Framework\Testing\Feature\ConfigurableFeaturesTest" classname="Hyde.Framework.Testing.Feature.ConfigurableFeaturesTest" assertions="2" time="0.020099"/>
        <testcase name="Dynamic features can be mocked" file="Configurable Features (Hyde\Framework\Testing\Feature\ConfigurableFeatures)::Dynamic features can be mocked" class="Hyde\Framework\Testing\Feature\ConfigurableFeaturesTest" classname="Hyde.Framework.Testing.Feature.ConfigurableFeaturesTest" assertions="2" time="0.020296"/>
        <testcase name="Multiple features can be mocked" file="Configurable Features (Hyde\Framework\Testing\Feature\ConfigurableFeatures)::Multiple features can be mocked" class="Hyde\Framework\Testing\Feature\ConfigurableFeaturesTest" classname="Hyde.Framework.Testing.Feature.ConfigurableFeaturesTest" assertions="4" time="0.020393"/>
      </testsuite>
      <testsuite name="Hyde\Framework\Testing\Feature\ConfigurableSourceRootsFeatureTest" file="Configurable Source Roots Feature (Hyde\Framework\Testing\Feature\ConfigurableSourceRootsFeature)" tests="4" assertions="5" errors="0" failures="0" skipped="0" time="0.129888">
        <testcase name="Default config value is empty string" file="Configurable Source Roots Feature (Hyde\Framework\Testing\Feature\ConfigurableSourceRootsFeature)::Default config value is empty string" class="Hyde\Framework\Testing\Feature\ConfigurableSourceRootsFeatureTest" classname="Hyde.Framework.Testing.Feature.ConfigurableSourceRootsFeatureTest" assertions="1" time="0.038792"/>
        <testcase name="Files in custom source root can be discovered" file="Configurable Source Roots Feature (Hyde\Framework\Testing\Feature\ConfigurableSourceRootsFeature)::Files in custom source root can be discovered" class="Hyde\Framework\Testing\Feature\ConfigurableSourceRootsFeatureTest" classname="Hyde.Framework.Testing.Feature.ConfigurableSourceRootsFeatureTest" assertions="2" time="0.027218"/>
        <testcase name="Files in custom source root can be compiled" file="Configurable Source Roots Feature (Hyde\Framework\Testing\Feature\ConfigurableSourceRootsFeature)::Files in custom source root can be compiled" class="Hyde\Framework\Testing\Feature\ConfigurableSourceRootsFeatureTest" classname="Hyde.Framework.Testing.Feature.ConfigurableSourceRootsFeatureTest" assertions="1" time="0.042894"/>
        <testcase name="Hyde page path method supports custom source roots" file="Configurable Source Roots Feature (Hyde\Framework\Testing\Feature\ConfigurableSourceRootsFeature)::Hyde page path method supports custom source roots" class="Hyde\Framework\Testing\Feature\ConfigurableSourceRootsFeatureTest" classname="Hyde.Framework.Testing.Feature.ConfigurableSourceRootsFeatureTest" assertions="1" time="0.020983"/>
      </testsuite>
      <testsuite name="Hyde\Framework\Testing\Feature\ConsoleKernelTest" file="Console Kernel (Hyde\Framework\Testing\Feature\ConsoleKernel)" tests="4" assertions="6" errors="0" failures="0" skipped="0" time="0.087742">
        <testcase name="Is instantiable" file="Console Kernel (Hyde\Framework\Testing\Feature\ConsoleKernel)::Is instantiable" class="Hyde\Framework\Testing\Feature\ConsoleKernelTest" classname="Hyde.Framework.Testing.Feature.ConsoleKernelTest" assertions="1" time="0.025704"/>
        <testcase name="Class implements kernel interface" file="Console Kernel (Hyde\Framework\Testing\Feature\ConsoleKernel)::Class implements kernel interface" class="Hyde\Framework\Testing\Feature\ConsoleKernelTest" classname="Hyde.Framework.Testing.Feature.ConsoleKernelTest" assertions="1" time="0.020105"/>
        <testcase name="Laravel zero bootstrappers have not changed" file="Console Kernel (Hyde\Framework\Testing\Feature\ConsoleKernel)::Laravel zero bootstrappers have not changed" class="Hyde\Framework\Testing\Feature\ConsoleKernelTest" classname="Hyde.Framework.Testing.Feature.ConsoleKernelTest" assertions="1" time="0.020690"/>
        <testcase name="Hyde bootstrapper injections" file="Console Kernel (Hyde\Framework\Testing\Feature\ConsoleKernel)::Hyde bootstrapper injections" class="Hyde\Framework\Testing\Feature\ConsoleKernelTest" classname="Hyde.Framework.Testing.Feature.ConsoleKernelTest" assertions="3" time="0.021243"/>
      </testsuite>
      <testsuite name="Hyde\Framework\Testing\Feature\ConvertsArrayToFrontMatterTest" file="Converts Array To Front Matter (Hyde\Framework\Testing\Feature\ConvertsArrayToFrontMatter)" tests="2" assertions="2" errors="0" failures="0" skipped="0" time="0.046556">
        <testcase name="Action converts an array to front matter" file="Converts Array To Front Matter (Hyde\Framework\Testing\Feature\ConvertsArrayToFrontMatter)::Action converts an array to front matter" class="Hyde\Framework\Testing\Feature\ConvertsArrayToFrontMatterTest" classname="Hyde.Framework.Testing.Feature.ConvertsArrayToFrontMatterTest" assertions="1" time="0.026585"/>
        <testcase name="Action returns empty string if array is empty" file="Converts Array To Front Matter (Hyde\Framework\Testing\Feature\ConvertsArrayToFrontMatter)::Action returns empty string if array is empty" class="Hyde\Framework\Testing\Feature\ConvertsArrayToFrontMatterTest" classname="Hyde.Framework.Testing.Feature.ConvertsArrayToFrontMatterTest" assertions="1" time="0.019970"/>
      </testsuite>
      <testsuite name="Hyde\Framework\Testing\Feature\DarkmodeFeatureTest" file="Darkmode Feature (Hyde\Framework\Testing\Feature\DarkmodeFeature)" tests="7" assertions="14" errors="0" failures="0" skipped="0" time="0.226442">
        <testcase name="Has darkmode" file="Darkmode Feature (Hyde\Framework\Testing\Feature\DarkmodeFeature)::Has darkmode" class="Hyde\Framework\Testing\Feature\DarkmodeFeatureTest" classname="Hyde.Framework.Testing.Feature.DarkmodeFeatureTest" assertions="2" time="0.025612"/>
        <testcase name="Layout has toggle button and script when enabled" file="Darkmode Feature (Hyde\Framework\Testing\Feature\DarkmodeFeature)::Layout has toggle button and script when enabled" class="Hyde\Framework\Testing\Feature\DarkmodeFeatureTest" classname="Hyde.Framework.Testing.Feature.DarkmodeFeatureTest" assertions="2" time="0.031444"/>
        <testcase name="Documentation page has toggle button and script when enabled" file="Darkmode Feature (Hyde\Framework\Testing\Feature\DarkmodeFeature)::Documentation page has toggle button and script when enabled" class="Hyde\Framework\Testing\Feature\DarkmodeFeatureTest" classname="Hyde.Framework.Testing.Feature.DarkmodeFeatureTest" assertions="2" time="0.030481"/>
        <testcase name="Dark mode theme button is hidden in layouts when disabled" file="Darkmode Feature (Hyde\Framework\Testing\Feature\DarkmodeFeature)::Dark mode theme button is hidden in layouts when disabled" class="Hyde\Framework\Testing\Feature\DarkmodeFeatureTest" classname="Hyde.Framework.Testing.Feature.DarkmodeFeatureTest" assertions="2" time="0.030891"/>
        <testcase name="Dark mode theme button is hidden in documentation pages when disabled" file="Darkmode Feature (Hyde\Framework\Testing\Feature\DarkmodeFeature)::Dark mode theme button is hidden in documentation pages when disabled" class="Hyde\Framework\Testing\Feature\DarkmodeFeatureTest" classname="Hyde.Framework.Testing.Feature.DarkmodeFeatureTest" assertions="2" time="0.043278"/>
        <testcase name="Dark mode theme button is hidden when theme toggle is disabled" file="Darkmode Feature (Hyde\Framework\Testing\Feature\DarkmodeFeature)::Dark mode theme button is hidden when theme toggle is disabled" class="Hyde\Framework\Testing\Feature\DarkmodeFeatureTest" classname="Hyde.Framework.Testing.Feature.DarkmodeFeatureTest" assertions="2" time="0.031900"/>
        <testcase name="Dark mode theme button is hidden from documentation pages when theme toggle is disabled" file="Darkmode Feature (Hyde\Framework\Testing\Feature\DarkmodeFeature)::Dark mode theme button is hidden from documentation pages when theme toggle is disabled" class="Hyde\Framework\Testing\Feature\DarkmodeFeatureTest" classname="Hyde.Framework.Testing.Feature.DarkmodeFeatureTest" assertions="2" time="0.032836"/>
      </testsuite>
      <testsuite name="Hyde\Framework\Testing\Feature\DataCollectionTest" file="Data Collection (Hyde\Framework\Testing\Feature\DataCollection)" tests="16" assertions="20" errors="0" failures="0" skipped="0" time="0.382299">
        <testcase name="Markdown collections" file="Data Collection (Hyde\Framework\Testing\Feature\DataCollection)::Markdown collections" class="Hyde\Framework\Testing\Feature\DataCollectionTest" classname="Hyde.Framework.Testing.Feature.DataCollectionTest" assertions="1" time="0.033024"/>
        <testcase name="Yaml collections" file="Data Collection (Hyde\Framework\Testing\Feature\DataCollection)::Yaml collections" class="Hyde\Framework\Testing\Feature\DataCollectionTest" classname="Hyde.Framework.Testing.Feature.DataCollectionTest" assertions="1" time="0.023884"/>
        <testcase name="Yaml collections without triple dashes" file="Data Collection (Hyde\Framework\Testing\Feature\DataCollection)::Yaml collections without triple dashes" class="Hyde\Framework\Testing\Feature\DataCollectionTest" classname="Hyde.Framework.Testing.Feature.DataCollectionTest" assertions="1" time="0.022804"/>
        <testcase name="Json collections" file="Data Collection (Hyde\Framework\Testing\Feature\DataCollection)::Json collections" class="Hyde\Framework\Testing\Feature\DataCollectionTest" classname="Hyde.Framework.Testing.Feature.DataCollectionTest" assertions="1" time="0.023792"/>
        <testcase name="Json collections as arrays" file="Data Collection (Hyde\Framework\Testing\Feature\DataCollection)::Json collections as arrays" class="Hyde\Framework\Testing\Feature\DataCollectionTest" classname="Hyde.Framework.Testing.Feature.DataCollectionTest" assertions="1" time="0.023229"/>
        <testcase name="Find markdown files method returns empty array if the specified directory does not exist" file="Data Collection (Hyde\Framework\Testing\Feature\DataCollection)::Find markdown files method returns empty array if the specified directory does not exist" class="Hyde\Framework\Testing\Feature\DataCollectionTest" classname="Hyde.Framework.Testing.Feature.DataCollectionTest" assertions="2" time="0.021677"/>
        <testcase name="Find markdown files method returns empty array if no files are found in specified directory" file="Data Collection (Hyde\Framework\Testing\Feature\DataCollection)::Find markdown files method returns empty array if no files are found in specified directory" class="Hyde\Framework\Testing\Feature\DataCollectionTest" classname="Hyde.Framework.Testing.Feature.DataCollectionTest" assertions="2" time="0.023136"/>
        <testcase name="Find markdown files method returns an array of markdown files in the specified directory" file="Data Collection (Hyde\Framework\Testing\Feature\DataCollection)::Find markdown files method returns an array of markdown files in the specified directory" class="Hyde\Framework\Testing\Feature\DataCollectionTest" classname="Hyde.Framework.Testing.Feature.DataCollectionTest" assertions="1" time="0.023484"/>
        <testcase name="Find markdown files method does not include files in subdirectories" file="Data Collection (Hyde\Framework\Testing\Feature\DataCollection)::Find markdown files method does not include files in subdirectories" class="Hyde\Framework\Testing\Feature\DataCollectionTest" classname="Hyde.Framework.Testing.Feature.DataCollectionTest" assertions="1" time="0.023695"/>
        <testcase name="Find markdown files method does not include files with extensions other than md" file="Data Collection (Hyde\Framework\Testing\Feature\DataCollection)::Find markdown files method does not include files with extensions other than md" class="Hyde\Framework\Testing\Feature\DataCollectionTest" classname="Hyde.Framework.Testing.Feature.DataCollectionTest" assertions="1" time="0.023075"/>
        <testcase name="Find markdown files method does not remove files starting with an underscore" file="Data Collection (Hyde\Framework\Testing\Feature\DataCollection)::Find markdown files method does not remove files starting with an underscore" class="Hyde\Framework\Testing\Feature\DataCollectionTest" classname="Hyde.Framework.Testing.Feature.DataCollectionTest" assertions="1" time="0.023054"/>
        <testcase name="Static markdown helper discovers and parses markdown files in the specified directory" file="Data Collection (Hyde\Framework\Testing\Feature\DataCollection)::Static markdown helper discovers and parses markdown files in the specified directory" class="Hyde\Framework\Testing\Feature\DataCollectionTest" classname="Hyde.Framework.Testing.Feature.DataCollectionTest" assertions="1" time="0.024137"/>
        <testcase name="Static markdown helper doest not ignore files starting with an underscore" file="Data Collection (Hyde\Framework\Testing\Feature\DataCollection)::Static markdown helper doest not ignore files starting with an underscore" class="Hyde\Framework\Testing\Feature\DataCollectionTest" classname="Hyde.Framework.Testing.Feature.DataCollectionTest" assertions="1" time="0.023887"/>
        <testcase name="Source directory can be changed" file="Data Collection (Hyde\Framework\Testing\Feature\DataCollection)::Source directory can be changed" class="Hyde\Framework\Testing\Feature\DataCollectionTest" classname="Hyde.Framework.Testing.Feature.DataCollectionTest" assertions="1" time="0.023724"/>
        <testcase name="Source directory is automatically added if missing" file="Data Collection (Hyde\Framework\Testing\Feature\DataCollection)::Source directory is automatically added if missing" class="Hyde\Framework\Testing\Feature\DataCollectionTest" classname="Hyde.Framework.Testing.Feature.DataCollectionTest" assertions="2" time="0.022568"/>
        <testcase name="Custom source directory is automatically added if missing" file="Data Collection (Hyde\Framework\Testing\Feature\DataCollection)::Custom source directory is automatically added if missing" class="Hyde\Framework\Testing\Feature\DataCollectionTest" classname="Hyde.Framework.Testing.Feature.DataCollectionTest" assertions="2" time="0.023129"/>
      </testsuite>
      <testsuite name="Hyde\Framework\Testing\Feature\DiscoveryServiceTest" file="Discovery Service (Hyde\Framework\Testing\Feature\DiscoveryService)" tests="18" assertions="38" errors="0" failures="0" skipped="0" time="0.115730">
        <testcase name="Get source file list for model method finds default model properties" file="Discovery Service (Hyde\Framework\Testing\Feature\DiscoveryService)::Get source file list for model method finds default model properties" class="Hyde\Framework\Testing\Feature\DiscoveryServiceTest" classname="Hyde.Framework.Testing.Feature.DiscoveryServiceTest" assertions="1" time="0.029845"/>
        <testcase name="Get source file list for model method finds customized source directory" file="Discovery Service (Hyde\Framework\Testing\Feature\DiscoveryService)::Get source file list for model method finds customized source directory" class="Hyde\Framework\Testing\Feature\DiscoveryServiceTest" classname="Hyde.Framework.Testing.Feature.DiscoveryServiceTest" assertions="1" time="0.007608"/>
        <testcase name="Get source file list for model method finds customized file extension" file="Discovery Service (Hyde\Framework\Testing\Feature\DiscoveryService)::Get source file list for model method finds customized file extension" class="Hyde\Framework\Testing\Feature\DiscoveryServiceTest" classname="Hyde.Framework.Testing.Feature.DiscoveryServiceTest" assertions="1" time="0.007650"/>
        <testcase name="Get media asset files" file="Discovery Service (Hyde\Framework\Testing\Feature\DiscoveryService)::Get media asset files" class="Hyde\Framework\Testing\Feature\DiscoveryServiceTest" classname="Hyde.Framework.Testing.Feature.DiscoveryServiceTest" assertions="1" time="0.003192"/>
        <testcase name="Get media asset files discovers files" file="Discovery Service (Hyde\Framework\Testing\Feature\DiscoveryService)::Get media asset files discovers files" class="Hyde\Framework\Testing\Feature\DiscoveryServiceTest" classname="Hyde.Framework.Testing.Feature.DiscoveryServiceTest" assertions="8" time="0.009381"/>
        <testcase name="Get media asset files discovers custom file types" file="Discovery Service (Hyde\Framework\Testing\Feature\DiscoveryService)::Get media asset files discovers custom file types" class="Hyde\Framework\Testing\Feature\DiscoveryServiceTest" classname="Hyde.Framework.Testing.Feature.DiscoveryServiceTest" assertions="2" time="0.003837"/>
        <testcase name="Get media asset files discovers files recursively" file="Discovery Service (Hyde\Framework\Testing\Feature\DiscoveryService)::Get media asset files discovers files recursively" class="Hyde\Framework\Testing\Feature\DiscoveryServiceTest" classname="Hyde.Framework.Testing.Feature.DiscoveryServiceTest" assertions="1" time="0.003993"/>
        <testcase name="Get media asset files discovers files very recursively" file="Discovery Service (Hyde\Framework\Testing\Feature\DiscoveryService)::Get media asset files discovers files very recursively" class="Hyde\Framework\Testing\Feature\DiscoveryServiceTest" classname="Hyde.Framework.Testing.Feature.DiscoveryServiceTest" assertions="1" time="0.004175"/>
        <testcase name="Media asset extensions can be added by comma separated values" file="Discovery Service (Hyde\Framework\Testing\Feature\DiscoveryService)::Media asset extensions can be added by comma separated values" class="Hyde\Framework\Testing\Feature\DiscoveryServiceTest" classname="Hyde.Framework.Testing.Feature.DiscoveryServiceTest" assertions="2" time="0.004021"/>
        <testcase name="Media asset extensions can be added by array" file="Discovery Service (Hyde\Framework\Testing\Feature\DiscoveryService)::Media asset extensions can be added by array" class="Hyde\Framework\Testing\Feature\DiscoveryServiceTest" classname="Hyde.Framework.Testing.Feature.DiscoveryServiceTest" assertions="2" time="0.004032"/>
        <testcase name="Blade page files starting with underscore are ignored" file="Discovery Service (Hyde\Framework\Testing\Feature\DiscoveryService)::Blade page files starting with underscore are ignored" class="Hyde\Framework\Testing\Feature\DiscoveryServiceTest" classname="Hyde.Framework.Testing.Feature.DiscoveryServiceTest" assertions="1" time="0.006807"/>
        <testcase name="Markdown page files starting with underscore are ignored" file="Discovery Service (Hyde\Framework\Testing\Feature\DiscoveryService)::Markdown page files starting with underscore are ignored" class="Hyde\Framework\Testing\Feature\DiscoveryServiceTest" classname="Hyde.Framework.Testing.Feature.DiscoveryServiceTest" assertions="1" time="0.006309"/>
        <testcase name="Post files starting with underscore are ignored" file="Discovery Service (Hyde\Framework\Testing\Feature\DiscoveryService)::Post files starting with underscore are ignored" class="Hyde\Framework\Testing\Feature\DiscoveryServiceTest" classname="Hyde.Framework.Testing.Feature.DiscoveryServiceTest" assertions="1" time="0.006339"/>
        <testcase name="Documentation page files starting with underscore are ignored" file="Discovery Service (Hyde\Framework\Testing\Feature\DiscoveryService)::Documentation page files starting with underscore are ignored" class="Hyde\Framework\Testing\Feature\DiscoveryServiceTest" classname="Hyde.Framework.Testing.Feature.DiscoveryServiceTest" assertions="1" time="0.006374"/>
        <testcase name="Blade page path to identifier helper formats path to identifier" file="Discovery Service (Hyde\Framework\Testing\Feature\DiscoveryService)::Blade page path to identifier helper formats path to identifier" class="Hyde\Framework\Testing\Feature\DiscoveryServiceTest" classname="Hyde.Framework.Testing.Feature.DiscoveryServiceTest" assertions="5" time="0.003247"/>
        <testcase name="Markdown page path to identifier helper formats path to identifier" file="Discovery Service (Hyde\Framework\Testing\Feature\DiscoveryService)::Markdown page path to identifier helper formats path to identifier" class="Hyde\Framework\Testing\Feature\DiscoveryServiceTest" classname="Hyde.Framework.Testing.Feature.DiscoveryServiceTest" assertions="3" time="0.002976"/>
        <testcase name="Markdown post path to identifier helper formats path to identifier" file="Discovery Service (Hyde\Framework\Testing\Feature\DiscoveryService)::Markdown post path to identifier helper formats path to identifier" class="Hyde\Framework\Testing\Feature\DiscoveryServiceTest" classname="Hyde.Framework.Testing.Feature.DiscoveryServiceTest" assertions="3" time="0.002960"/>
        <testcase name="Documentation page path to identifier helper formats path to identifier" file="Discovery Service (Hyde\Framework\Testing\Feature\DiscoveryService)::Documentation page path to identifier helper formats path to identifier" class="Hyde\Framework\Testing\Feature\DiscoveryServiceTest" classname="Hyde.Framework.Testing.Feature.DiscoveryServiceTest" assertions="3" time="0.002985"/>
      </testsuite>
      <testsuite name="Hyde\Framework\Testing\Feature\DocumentationSearchPageTest" file="Documentation Search Page (Hyde\Framework\Testing\Feature\DocumentationSearchPage)" tests="9" assertions="9" errors="0" failures="0" skipped="0" time="0.239913">
        <testcase name="Can create documentation search page instance" file="Documentation Search Page (Hyde\Framework\Testing\Feature\DocumentationSearchPage)::Can create documentation search page instance" class="Hyde\Framework\Testing\Feature\DocumentationSearchPageTest" classname="Hyde.Framework.Testing.Feature.DocumentationSearchPageTest" assertions="1" time="0.042373"/>
        <testcase name="Route key is set to documentation output directory" file="Documentation Search Page (Hyde\Framework\Testing\Feature\DocumentationSearchPage)::Route key is set to documentation output directory" class="Hyde\Framework\Testing\Feature\DocumentationSearchPageTest" classname="Hyde.Framework.Testing.Feature.DocumentationSearchPageTest" assertions="1" time="0.021564"/>
        <testcase name="Route key is set to configured documentation output directory" file="Documentation Search Page (Hyde\Framework\Testing\Feature\DocumentationSearchPage)::Route key is set to configured documentation output directory" class="Hyde\Framework\Testing\Feature\DocumentationSearchPageTest" classname="Hyde.Framework.Testing.Feature.DocumentationSearchPageTest" assertions="1" time="0.020991"/>
        <testcase name="Enabled defaults to true" file="Documentation Search Page (Hyde\Framework\Testing\Feature\DocumentationSearchPage)::Enabled defaults to true" class="Hyde\Framework\Testing\Feature\DocumentationSearchPageTest" classname="Hyde.Framework.Testing.Feature.DocumentationSearchPageTest" assertions="1" time="0.025048"/>
        <testcase name="Enabled is false when disabled" file="Documentation Search Page (Hyde\Framework\Testing\Feature\DocumentationSearchPage)::Enabled is false when disabled" class="Hyde\Framework\Testing\Feature\DocumentationSearchPageTest" classname="Hyde.Framework.Testing.Feature.DocumentationSearchPageTest" assertions="1" time="0.034138"/>
        <testcase name="Enabled is false when route exists" file="Documentation Search Page (Hyde\Framework\Testing\Feature\DocumentationSearchPage)::Enabled is false when route exists" class="Hyde\Framework\Testing\Feature\DocumentationSearchPageTest" classname="Hyde.Framework.Testing.Feature.DocumentationSearchPageTest" assertions="1" time="0.025924"/>
        <testcase name="Enabled is false when disabled and route exists" file="Documentation Search Page (Hyde\Framework\Testing\Feature\DocumentationSearchPage)::Enabled is false when disabled and route exists" class="Hyde\Framework\Testing\Feature\DocumentationSearchPageTest" classname="Hyde.Framework.Testing.Feature.DocumentationSearchPageTest" assertions="1" time="0.025811"/>
        <testcase name="Static route key helper" file="Documentation Search Page (Hyde\Framework\Testing\Feature\DocumentationSearchPage)::Static route key helper" class="Hyde\Framework\Testing\Feature\DocumentationSearchPageTest" classname="Hyde.Framework.Testing.Feature.DocumentationSearchPageTest" assertions="1" time="0.021853"/>
        <testcase name="Static route key helper with custom output directory" file="Documentation Search Page (Hyde\Framework\Testing\Feature\DocumentationSearchPage)::Static route key helper with custom output directory" class="Hyde\Framework\Testing\Feature\DocumentationSearchPageTest" classname="Hyde.Framework.Testing.Feature.DocumentationSearchPageTest" assertions="1" time="0.022212"/>
      </testsuite>
      <testsuite name="Hyde\Framework\Testing\Feature\ExampleTest" file="Example (Hyde\Framework\Testing\Feature\Example)" tests="1" assertions="1" errors="0" failures="0" skipped="0" time="0.034087">
        <testcase name="Example" file="Example (Hyde\Framework\Testing\Feature\Example)::Example" class="Hyde\Framework\Testing\Feature\ExampleTest" classname="Hyde.Framework.Testing.Feature.ExampleTest" assertions="1" time="0.034087"/>
      </testsuite>
      <testsuite name="Hyde\Framework\Testing\Feature\FeaturedImageFactoryTest" file="Featured Image Factory (Hyde\Framework\Testing\Feature\FeaturedImageFactory)" tests="8" assertions="27" errors="0" failures="0" skipped="0" time="0.178467">
        <testcase name="With data from schema" file="Featured Image Factory (Hyde\Framework\Testing\Feature\FeaturedImageFactory)::With data from schema" class="Hyde\Framework\Testing\Feature\FeaturedImageFactoryTest" classname="Hyde.Framework.Testing.Feature.FeaturedImageFactoryTest" assertions="1" time="0.023660"/>
        <testcase name="Make method creates image when path is set" file="Featured Image Factory (Hyde\Framework\Testing\Feature\FeaturedImageFactory)::Make method creates image when path is set" class="Hyde\Framework\Testing\Feature\FeaturedImageFactoryTest" classname="Hyde.Framework.Testing.Feature.FeaturedImageFactoryTest" assertions="2" time="0.023756"/>
        <testcase name="Make method throws exception if no path information is set" file="Featured Image Factory (Hyde\Framework\Testing\Feature\FeaturedImageFactory)::Make method throws exception if no path information is set" class="Hyde\Framework\Testing\Feature\FeaturedImageFactoryTest" classname="Hyde.Framework.Testing.Feature.FeaturedImageFactoryTest" assertions="2" time="0.020911"/>
        <testcase name="Make method can create image from just string" file="Featured Image Factory (Hyde\Framework\Testing\Feature\FeaturedImageFactory)::Make method can create image from just string" class="Hyde\Framework\Testing\Feature\FeaturedImageFactoryTest" classname="Hyde.Framework.Testing.Feature.FeaturedImageFactoryTest" assertions="2" time="0.021695"/>
        <testcase name="Make method can create image from just string with url" file="Featured Image Factory (Hyde\Framework\Testing\Feature\FeaturedImageFactory)::Make method can create image from just string with url" class="Hyde\Framework\Testing\Feature\FeaturedImageFactoryTest" classname="Hyde.Framework.Testing.Feature.FeaturedImageFactoryTest" assertions="2" time="0.020989"/>
        <testcase name="Image paths are normalized" file="Featured Image Factory (Hyde\Framework\Testing\Feature\FeaturedImageFactory)::Image paths are normalized" class="Hyde\Framework\Testing\Feature\FeaturedImageFactoryTest" classname="Hyde.Framework.Testing.Feature.FeaturedImageFactoryTest" assertions="6" time="0.022398"/>
        <testcase name="Image paths are normalized for customized media directory" file="Featured Image Factory (Hyde\Framework\Testing\Feature\FeaturedImageFactory)::Image paths are normalized for customized media directory" class="Hyde\Framework\Testing\Feature\FeaturedImageFactoryTest" classname="Hyde.Framework.Testing.Feature.FeaturedImageFactoryTest" assertions="6" time="0.022506"/>
        <testcase name="Image paths are normalized for customized media directory without underscore" file="Featured Image Factory (Hyde\Framework\Testing\Feature\FeaturedImageFactory)::Image paths are normalized for customized media directory without underscore" class="Hyde\Framework\Testing\Feature\FeaturedImageFactoryTest" classname="Hyde.Framework.Testing.Feature.FeaturedImageFactoryTest" assertions="6" time="0.022553"/>
      </testsuite>
      <testsuite name="Hyde\Framework\Testing\Feature\FeaturedImageTest" file="Featured Image (Hyde\Framework\Testing\Feature\FeaturedImage)" tests="7" assertions="19" errors="0" failures="0" skipped="0" time="0.179516">
        <testcase name="Get metadata array" file="Featured Image (Hyde\Framework\Testing\Feature\FeaturedImage)::Get metadata array" class="Hyde\Framework\Testing\Feature\FeaturedImageTest" classname="Hyde.Framework.Testing.Feature.FeaturedImageTest" assertions="4" time="0.033553"/>
        <testcase name="Can construct featured image" file="Featured Image (Hyde\Framework\Testing\Feature\FeaturedImage)::Can construct featured image" class="Hyde\Framework\Testing\Feature\FeaturedImageTest" classname="Hyde.Framework.Testing.Feature.FeaturedImageTest" assertions="2" time="0.020959"/>
        <testcase name="Featured image get content length" file="Featured Image (Hyde\Framework\Testing\Feature\FeaturedImage)::Featured image get content length" class="Hyde\Framework\Testing\Feature\FeaturedImageTest" classname="Hyde.Framework.Testing.Feature.FeaturedImageTest" assertions="1" time="0.022535"/>
        <testcase name="Featured image get content length with remote source" file="Featured Image (Hyde\Framework\Testing\Feature\FeaturedImage)::Featured image get content length with remote source" class="Hyde\Framework\Testing\Feature\FeaturedImageTest" classname="Hyde.Framework.Testing.Feature.FeaturedImageTest" assertions="1" time="0.033582"/>
        <testcase name="Featured image get content length with remote source and not found response" file="Featured Image (Hyde\Framework\Testing\Feature\FeaturedImage)::Featured image get content length with remote source and not found response" class="Hyde\Framework\Testing\Feature\FeaturedImageTest" classname="Hyde.Framework.Testing.Feature.FeaturedImageTest" assertions="1" time="0.021879"/>
        <testcase name="Featured image get content length with remote source and invalid response" file="Featured Image (Hyde\Framework\Testing\Feature\FeaturedImage)::Featured image get content length with remote source and invalid response" class="Hyde\Framework\Testing\Feature\FeaturedImageTest" classname="Hyde.Framework.Testing.Feature.FeaturedImageTest" assertions="1" time="0.022205"/>
        <testcase name="Get source method" file="Featured Image (Hyde\Framework\Testing\Feature\FeaturedImage)::Get source method" class="Hyde\Framework\Testing\Feature\FeaturedImageTest" classname="Hyde.Framework.Testing.Feature.FeaturedImageTest" assertions="9" time="0.024804"/>
      </testsuite>
      <testsuite name="Hyde\Framework\Testing\Feature\FileCollectionTest" file="File Collection (Hyde\Framework\Testing\Feature\FileCollection)" tests="9" assertions="16" errors="0" failures="0" skipped="0" time="0.243137">
        <testcase name="Boot method creates new page collection and discovers pages automatically" file="File Collection (Hyde\Framework\Testing\Feature\FileCollection)::Boot method creates new page collection and discovers pages automatically" class="Hyde\Framework\Testing\Feature\FileCollectionTest" classname="Hyde.Framework.Testing.Feature.FileCollectionTest" assertions="3" time="0.033758"/>
        <testcase name="Get file returns parsed file object for given file path" file="File Collection (Hyde\Framework\Testing\Feature\FileCollection)::Get file returns parsed file object for given file path" class="Hyde\Framework\Testing\Feature\FileCollectionTest" classname="Hyde.Framework.Testing.Feature.FileCollectionTest" assertions="1" time="0.026210"/>
        <testcase name="Get file throws exception when file is not found" file="File Collection (Hyde\Framework\Testing\Feature\FileCollection)::Get file throws exception when file is not found" class="Hyde\Framework\Testing\Feature\FileCollectionTest" classname="Hyde.Framework.Testing.Feature.FileCollectionTest" assertions="2" time="0.025775"/>
        <testcase name="Get source files returns all discovered source files when no parameter is supplied" file="File Collection (Hyde\Framework\Testing\Feature\FileCollection)::Get source files returns all discovered source files when no parameter is supplied" class="Hyde\Framework\Testing\Feature\FileCollectionTest" classname="Hyde.Framework.Testing.Feature.FileCollectionTest" assertions="1" time="0.025852"/>
        <testcase name="Get source files does not include non page source files" file="File Collection (Hyde\Framework\Testing\Feature\FileCollection)::Get source files does not include non page source files" class="Hyde\Framework\Testing\Feature\FileCollectionTest" classname="Hyde.Framework.Testing.Feature.FileCollectionTest" assertions="1" time="0.024427"/>
        <testcase name="Blade pages are discovered" file="File Collection (Hyde\Framework\Testing\Feature\FileCollection)::Blade pages are discovered" class="Hyde\Framework\Testing\Feature\FileCollectionTest" classname="Hyde.Framework.Testing.Feature.FileCollectionTest" assertions="2" time="0.035874"/>
        <testcase name="Markdown pages are discovered" file="File Collection (Hyde\Framework\Testing\Feature\FileCollection)::Markdown pages are discovered" class="Hyde\Framework\Testing\Feature\FileCollectionTest" classname="Hyde.Framework.Testing.Feature.FileCollectionTest" assertions="2" time="0.023328"/>
        <testcase name="Markdown posts are discovered" file="File Collection (Hyde\Framework\Testing\Feature\FileCollection)::Markdown posts are discovered" class="Hyde\Framework\Testing\Feature\FileCollectionTest" classname="Hyde.Framework.Testing.Feature.FileCollectionTest" assertions="2" time="0.023888"/>
        <testcase name="Documentation pages are discovered" file="File Collection (Hyde\Framework\Testing\Feature\FileCollection)::Documentation pages are discovered" class="Hyde\Framework\Testing\Feature\FileCollectionTest" classname="Hyde.Framework.Testing.Feature.FileCollectionTest" assertions="2" time="0.024025"/>
      </testsuite>
      <testsuite name="Hyde\Framework\Testing\Feature\FilesystemFacadeTest" file="Filesystem Facade (Hyde\Framework\Testing\Feature\FilesystemFacade)" tests="59" assertions="67" errors="0" failures="0" skipped="0" time="1.342089">
        <testcase name="Base path" file="Filesystem Facade (Hyde\Framework\Testing\Feature\FilesystemFacade)::Base path" class="Hyde\Framework\Testing\Feature\FilesystemFacadeTest" classname="Hyde.Framework.Testing.Feature.FilesystemFacadeTest" assertions="1" time="0.035837"/>
        <testcase name="Absolute path" file="Filesystem Facade (Hyde\Framework\Testing\Feature\FilesystemFacade)::Absolute path" class="Hyde\Framework\Testing\Feature\FilesystemFacadeTest" classname="Hyde.Framework.Testing.Feature.FilesystemFacadeTest" assertions="2" time="0.022494"/>
        <testcase name="Relative path" file="Filesystem Facade (Hyde\Framework\Testing\Feature\FilesystemFacade)::Relative path" class="Hyde\Framework\Testing\Feature\FilesystemFacadeTest" classname="Hyde.Framework.Testing.Feature.FilesystemFacadeTest" assertions="3" time="0.022189"/>
        <testcase name="Smart glob" file="Filesystem Facade (Hyde\Framework\Testing\Feature\FilesystemFacade)::Smart glob" class="Hyde\Framework\Testing\Feature\FilesystemFacadeTest" classname="Hyde.Framework.Testing.Feature.FilesystemFacadeTest" assertions="3" time="0.023322"/>
        <testcase name="Touch" file="Filesystem Facade (Hyde\Framework\Testing\Feature\FilesystemFacade)::Touch" class="Hyde\Framework\Testing\Feature\FilesystemFacadeTest" classname="Hyde.Framework.Testing.Feature.FilesystemFacadeTest" assertions="1" time="0.022027"/>
        <testcase name="Unlink" file="Filesystem Facade (Hyde\Framework\Testing\Feature\FilesystemFacade)::Unlink" class="Hyde\Framework\Testing\Feature\FilesystemFacadeTest" classname="Hyde.Framework.Testing.Feature.FilesystemFacadeTest" assertions="1" time="0.022083"/>
        <testcase name="Unlink if exists" file="Filesystem Facade (Hyde\Framework\Testing\Feature\FilesystemFacade)::Unlink if exists" class="Hyde\Framework\Testing\Feature\FilesystemFacadeTest" classname="Hyde.Framework.Testing.Feature.FilesystemFacadeTest" assertions="1" time="0.020902"/>
        <testcase name="Get contents" file="Filesystem Facade (Hyde\Framework\Testing\Feature\FilesystemFacade)::Get contents" class="Hyde\Framework\Testing\Feature\FilesystemFacadeTest" classname="Hyde.Framework.Testing.Feature.FilesystemFacadeTest" assertions="1" time="0.020822"/>
        <testcase name="Put contents" file="Filesystem Facade (Hyde\Framework\Testing\Feature\FilesystemFacade)::Put contents" class="Hyde\Framework\Testing\Feature\FilesystemFacadeTest" classname="Hyde.Framework.Testing.Feature.FilesystemFacadeTest" assertions="1" time="0.020486"/>
        <testcase name="Exists" file="Filesystem Facade (Hyde\Framework\Testing\Feature\FilesystemFacade)::Exists" class="Hyde\Framework\Testing\Feature\FilesystemFacadeTest" classname="Hyde.Framework.Testing.Feature.FilesystemFacadeTest" assertions="1" time="0.020429"/>
        <testcase name="Missing" file="Filesystem Facade (Hyde\Framework\Testing\Feature\FilesystemFacade)::Missing" class="Hyde\Framework\Testing\Feature\FilesystemFacadeTest" classname="Hyde.Framework.Testing.Feature.FilesystemFacadeTest" assertions="1" time="0.020486"/>
        <testcase name="Get" file="Filesystem Facade (Hyde\Framework\Testing\Feature\FilesystemFacade)::Get" class="Hyde\Framework\Testing\Feature\FilesystemFacadeTest" classname="Hyde.Framework.Testing.Feature.FilesystemFacadeTest" assertions="1" time="0.021628"/>
        <testcase name="Shared get" file="Filesystem Facade (Hyde\Framework\Testing\Feature\FilesystemFacade)::Shared get" class="Hyde\Framework\Testing\Feature\FilesystemFacadeTest" classname="Hyde.Framework.Testing.Feature.FilesystemFacadeTest" assertions="1" time="0.022381"/>
        <testcase name="Get require" file="Filesystem Facade (Hyde\Framework\Testing\Feature\FilesystemFacade)::Get require" class="Hyde\Framework\Testing\Feature\FilesystemFacadeTest" classname="Hyde.Framework.Testing.Feature.FilesystemFacadeTest" assertions="1" time="0.022155"/>
        <testcase name="Require once" file="Filesystem Facade (Hyde\Framework\Testing\Feature\FilesystemFacade)::Require once" class="Hyde\Framework\Testing\Feature\FilesystemFacadeTest" classname="Hyde.Framework.Testing.Feature.FilesystemFacadeTest" assertions="1" time="0.021834"/>
        <testcase name="Lines" file="Filesystem Facade (Hyde\Framework\Testing\Feature\FilesystemFacade)::Lines" class="Hyde\Framework\Testing\Feature\FilesystemFacadeTest" classname="Hyde.Framework.Testing.Feature.FilesystemFacadeTest" assertions="1" time="0.023170"/>
        <testcase name="Hash" file="Filesystem Facade (Hyde\Framework\Testing\Feature\FilesystemFacade)::Hash" class="Hyde\Framework\Testing\Feature\FilesystemFacadeTest" classname="Hyde.Framework.Testing.Feature.FilesystemFacadeTest" assertions="1" time="0.021337"/>
        <testcase name="Put" file="Filesystem Facade (Hyde\Framework\Testing\Feature\FilesystemFacade)::Put" class="Hyde\Framework\Testing\Feature\FilesystemFacadeTest" classname="Hyde.Framework.Testing.Feature.FilesystemFacadeTest" assertions="1" time="0.021123"/>
        <testcase name="Replace" file="Filesystem Facade (Hyde\Framework\Testing\Feature\FilesystemFacade)::Replace" class="Hyde\Framework\Testing\Feature\FilesystemFacadeTest" classname="Hyde.Framework.Testing.Feature.FilesystemFacadeTest" assertions="1" time="0.021767"/>
        <testcase name="Replace in file" file="Filesystem Facade (Hyde\Framework\Testing\Feature\FilesystemFacade)::Replace in file" class="Hyde\Framework\Testing\Feature\FilesystemFacadeTest" classname="Hyde.Framework.Testing.Feature.FilesystemFacadeTest" assertions="1" time="0.021532"/>
        <testcase name="Prepend" file="Filesystem Facade (Hyde\Framework\Testing\Feature\FilesystemFacade)::Prepend" class="Hyde\Framework\Testing\Feature\FilesystemFacadeTest" classname="Hyde.Framework.Testing.Feature.FilesystemFacadeTest" assertions="1" time="0.021380"/>
        <testcase name="Append" file="Filesystem Facade (Hyde\Framework\Testing\Feature\FilesystemFacade)::Append" class="Hyde\Framework\Testing\Feature\FilesystemFacadeTest" classname="Hyde.Framework.Testing.Feature.FilesystemFacadeTest" assertions="1" time="0.021108"/>
        <testcase name="Chmod" file="Filesystem Facade (Hyde\Framework\Testing\Feature\FilesystemFacade)::Chmod" class="Hyde\Framework\Testing\Feature\FilesystemFacadeTest" classname="Hyde.Framework.Testing.Feature.FilesystemFacadeTest" assertions="1" time="0.021336"/>
        <testcase name="Delete" file="Filesystem Facade (Hyde\Framework\Testing\Feature\FilesystemFacade)::Delete" class="Hyde\Framework\Testing\Feature\FilesystemFacadeTest" classname="Hyde.Framework.Testing.Feature.FilesystemFacadeTest" assertions="1" time="0.022546"/>
        <testcase name="Delete with array" file="Filesystem Facade (Hyde\Framework\Testing\Feature\FilesystemFacade)::Delete with array" class="Hyde\Framework\Testing\Feature\FilesystemFacadeTest" classname="Hyde.Framework.Testing.Feature.FilesystemFacadeTest" assertions="1" time="0.022143"/>
        <testcase name="Move" file="Filesystem Facade (Hyde\Framework\Testing\Feature\FilesystemFacade)::Move" class="Hyde\Framework\Testing\Feature\FilesystemFacadeTest" classname="Hyde.Framework.Testing.Feature.FilesystemFacadeTest" assertions="1" time="0.035492"/>
        <testcase name="Copy" file="Filesystem Facade (Hyde\Framework\Testing\Feature\FilesystemFacade)::Copy" class="Hyde\Framework\Testing\Feature\FilesystemFacadeTest" classname="Hyde.Framework.Testing.Feature.FilesystemFacadeTest" assertions="1" time="0.022289"/>
        <testcase name="Link" file="Filesystem Facade (Hyde\Framework\Testing\Feature\FilesystemFacade)::Link" class="Hyde\Framework\Testing\Feature\FilesystemFacadeTest" classname="Hyde.Framework.Testing.Feature.FilesystemFacadeTest" assertions="1" time="0.021529"/>
        <testcase name="Relative link" file="Filesystem Facade (Hyde\Framework\Testing\Feature\FilesystemFacade)::Relative link" class="Hyde\Framework\Testing\Feature\FilesystemFacadeTest" classname="Hyde.Framework.Testing.Feature.FilesystemFacadeTest" assertions="1" time="0.022809"/>
        <testcase name="Name" file="Filesystem Facade (Hyde\Framework\Testing\Feature\FilesystemFacade)::Name" class="Hyde\Framework\Testing\Feature\FilesystemFacadeTest" classname="Hyde.Framework.Testing.Feature.FilesystemFacadeTest" assertions="1" time="0.022521"/>
        <testcase name="Basename" file="Filesystem Facade (Hyde\Framework\Testing\Feature\FilesystemFacade)::Basename" class="Hyde\Framework\Testing\Feature\FilesystemFacadeTest" classname="Hyde.Framework.Testing.Feature.FilesystemFacadeTest" assertions="1" time="0.022320"/>
        <testcase name="Dirname" file="Filesystem Facade (Hyde\Framework\Testing\Feature\FilesystemFacade)::Dirname" class="Hyde\Framework\Testing\Feature\FilesystemFacadeTest" classname="Hyde.Framework.Testing.Feature.FilesystemFacadeTest" assertions="1" time="0.022010"/>
        <testcase name="Extension" file="Filesystem Facade (Hyde\Framework\Testing\Feature\FilesystemFacade)::Extension" class="Hyde\Framework\Testing\Feature\FilesystemFacadeTest" classname="Hyde.Framework.Testing.Feature.FilesystemFacadeTest" assertions="1" time="0.022871"/>
        <testcase name="Guess extension" file="Filesystem Facade (Hyde\Framework\Testing\Feature\FilesystemFacade)::Guess extension" class="Hyde\Framework\Testing\Feature\FilesystemFacadeTest" classname="Hyde.Framework.Testing.Feature.FilesystemFacadeTest" assertions="1" time="0.022380"/>
        <testcase name="Type" file="Filesystem Facade (Hyde\Framework\Testing\Feature\FilesystemFacade)::Type" class="Hyde\Framework\Testing\Feature\FilesystemFacadeTest" classname="Hyde.Framework.Testing.Feature.FilesystemFacadeTest" assertions="1" time="0.022425"/>
        <testcase name="Mime type" file="Filesystem Facade (Hyde\Framework\Testing\Feature\FilesystemFacade)::Mime type" class="Hyde\Framework\Testing\Feature\FilesystemFacadeTest" classname="Hyde.Framework.Testing.Feature.FilesystemFacadeTest" assertions="1" time="0.022046"/>
        <testcase name="Size" file="Filesystem Facade (Hyde\Framework\Testing\Feature\FilesystemFacade)::Size" class="Hyde\Framework\Testing\Feature\FilesystemFacadeTest" classname="Hyde.Framework.Testing.Feature.FilesystemFacadeTest" assertions="1" time="0.022013"/>
        <testcase name="Last modified" file="Filesystem Facade (Hyde\Framework\Testing\Feature\FilesystemFacade)::Last modified" class="Hyde\Framework\Testing\Feature\FilesystemFacadeTest" classname="Hyde.Framework.Testing.Feature.FilesystemFacadeTest" assertions="1" time="0.022162"/>
        <testcase name="Is directory" file="Filesystem Facade (Hyde\Framework\Testing\Feature\FilesystemFacade)::Is directory" class="Hyde\Framework\Testing\Feature\FilesystemFacadeTest" classname="Hyde.Framework.Testing.Feature.FilesystemFacadeTest" assertions="1" time="0.022295"/>
        <testcase name="Is empty directory" file="Filesystem Facade (Hyde\Framework\Testing\Feature\FilesystemFacade)::Is empty directory" class="Hyde\Framework\Testing\Feature\FilesystemFacadeTest" classname="Hyde.Framework.Testing.Feature.FilesystemFacadeTest" assertions="1" time="0.022032"/>
        <testcase name="Is readable" file="Filesystem Facade (Hyde\Framework\Testing\Feature\FilesystemFacade)::Is readable" class="Hyde\Framework\Testing\Feature\FilesystemFacadeTest" classname="Hyde.Framework.Testing.Feature.FilesystemFacadeTest" assertions="1" time="0.022110"/>
        <testcase name="Is writable" file="Filesystem Facade (Hyde\Framework\Testing\Feature\FilesystemFacade)::Is writable" class="Hyde\Framework\Testing\Feature\FilesystemFacadeTest" classname="Hyde.Framework.Testing.Feature.FilesystemFacadeTest" assertions="1" time="0.022141"/>
        <testcase name="Has same hash" file="Filesystem Facade (Hyde\Framework\Testing\Feature\FilesystemFacade)::Has same hash" class="Hyde\Framework\Testing\Feature\FilesystemFacadeTest" classname="Hyde.Framework.Testing.Feature.FilesystemFacadeTest" assertions="1" time="0.022019"/>
        <testcase name="Is file" file="Filesystem Facade (Hyde\Framework\Testing\Feature\FilesystemFacade)::Is file" class="Hyde\Framework\Testing\Feature\FilesystemFacadeTest" classname="Hyde.Framework.Testing.Feature.FilesystemFacadeTest" assertions="1" time="0.022242"/>
        <testcase name="Glob" file="Filesystem Facade (Hyde\Framework\Testing\Feature\FilesystemFacade)::Glob" class="Hyde\Framework\Testing\Feature\FilesystemFacadeTest" classname="Hyde.Framework.Testing.Feature.FilesystemFacadeTest" assertions="1" time="0.022924"/>
        <testcase name="Files" file="Filesystem Facade (Hyde\Framework\Testing\Feature\FilesystemFacade)::Files" class="Hyde\Framework\Testing\Feature\FilesystemFacadeTest" classname="Hyde.Framework.Testing.Feature.FilesystemFacadeTest" assertions="1" time="0.021833"/>
        <testcase name="All files" file="Filesystem Facade (Hyde\Framework\Testing\Feature\FilesystemFacade)::All files" class="Hyde\Framework\Testing\Feature\FilesystemFacadeTest" classname="Hyde.Framework.Testing.Feature.FilesystemFacadeTest" assertions="1" time="0.022462"/>
        <testcase name="Directories" file="Filesystem Facade (Hyde\Framework\Testing\Feature\FilesystemFacade)::Directories" class="Hyde\Framework\Testing\Feature\FilesystemFacadeTest" classname="Hyde.Framework.Testing.Feature.FilesystemFacadeTest" assertions="1" time="0.022823"/>
        <testcase name="Ensure directory exists" file="Filesystem Facade (Hyde\Framework\Testing\Feature\FilesystemFacade)::Ensure directory exists" class="Hyde\Framework\Testing\Feature\FilesystemFacadeTest" classname="Hyde.Framework.Testing.Feature.FilesystemFacadeTest" assertions="1" time="0.021946"/>
        <testcase name="Make directory" file="Filesystem Facade (Hyde\Framework\Testing\Feature\FilesystemFacade)::Make directory" class="Hyde\Framework\Testing\Feature\FilesystemFacadeTest" classname="Hyde.Framework.Testing.Feature.FilesystemFacadeTest" assertions="1" time="0.022758"/>
        <testcase name="Move directory" file="Filesystem Facade (Hyde\Framework\Testing\Feature\FilesystemFacade)::Move directory" class="Hyde\Framework\Testing\Feature\FilesystemFacadeTest" classname="Hyde.Framework.Testing.Feature.FilesystemFacadeTest" assertions="1" time="0.022660"/>
        <testcase name="Copy directory" file="Filesystem Facade (Hyde\Framework\Testing\Feature\FilesystemFacade)::Copy directory" class="Hyde\Framework\Testing\Feature\FilesystemFacadeTest" classname="Hyde.Framework.Testing.Feature.FilesystemFacadeTest" assertions="1" time="0.022407"/>
        <testcase name="Delete directory" file="Filesystem Facade (Hyde\Framework\Testing\Feature\FilesystemFacade)::Delete directory" class="Hyde\Framework\Testing\Feature\FilesystemFacadeTest" classname="Hyde.Framework.Testing.Feature.FilesystemFacadeTest" assertions="1" time="0.021734"/>
        <testcase name="Delete directories" file="Filesystem Facade (Hyde\Framework\Testing\Feature\FilesystemFacade)::Delete directories" class="Hyde\Framework\Testing\Feature\FilesystemFacadeTest" classname="Hyde.Framework.Testing.Feature.FilesystemFacadeTest" assertions="1" time="0.022273"/>
        <testcase name="Clean directory" file="Filesystem Facade (Hyde\Framework\Testing\Feature\FilesystemFacade)::Clean directory" class="Hyde\Framework\Testing\Feature\FilesystemFacadeTest" classname="Hyde.Framework.Testing.Feature.FilesystemFacadeTest" assertions="1" time="0.022663"/>
        <testcase name="Method without mocking" file="Filesystem Facade (Hyde\Framework\Testing\Feature\FilesystemFacade)::Method without mocking" class="Hyde\Framework\Testing\Feature\FilesystemFacadeTest" classname="Hyde.Framework.Testing.Feature.FilesystemFacadeTest" assertions="2" time="0.022102"/>
        <testcase name="Method with named arguments" file="Filesystem Facade (Hyde\Framework\Testing\Feature\FilesystemFacade)::Method with named arguments" class="Hyde\Framework\Testing\Feature\FilesystemFacadeTest" classname="Hyde.Framework.Testing.Feature.FilesystemFacadeTest" assertions="2" time="0.022714"/>
        <testcase name="Method with mixed sequential and named arguments" file="Filesystem Facade (Hyde\Framework\Testing\Feature\FilesystemFacade)::Method with mixed sequential and named arguments" class="Hyde\Framework\Testing\Feature\FilesystemFacadeTest" classname="Hyde.Framework.Testing.Feature.FilesystemFacadeTest" assertions="2" time="0.022504"/>
        <testcase name="Method with mixed sequential and named arguments skipping middle one" file="Filesystem Facade (Hyde\Framework\Testing\Feature\FilesystemFacade)::Method with mixed sequential and named arguments skipping middle one" class="Hyde\Framework\Testing\Feature\FilesystemFacadeTest" classname="Hyde.Framework.Testing.Feature.FilesystemFacadeTest" assertions="1" time="0.036064"/>
      </testsuite>
      <testsuite name="Hyde\Framework\Testing\Feature\Foundation\FilesystemTest" file="Filesystem (Hyde\Framework\Testing\Feature\Foundation\Filesystem)" tests="51" assertions="84" errors="0" failures="0" skipped="0" time="0.220008">
        <testcase name="Get base path returns kernels base path" file="Filesystem (Hyde\Framework\Testing\Feature\Foundation\Filesystem)::Get base path returns kernels base path" class="Hyde\Framework\Testing\Feature\Foundation\FilesystemTest" classname="Hyde.Framework.Testing.Feature.Foundation.FilesystemTest" assertions="1" time="0.077863"/>
        <testcase name="Path method exists" file="Filesystem (Hyde\Framework\Testing\Feature\Foundation\Filesystem)::Path method exists" class="Hyde\Framework\Testing\Feature\Foundation\FilesystemTest" classname="Hyde.Framework.Testing.Feature.Foundation.FilesystemTest" assertions="1" time="0.002653"/>
        <testcase name="Path method returns string" file="Filesystem (Hyde\Framework\Testing\Feature\Foundation\Filesystem)::Path method returns string" class="Hyde\Framework\Testing\Feature\Foundation\FilesystemTest" classname="Hyde.Framework.Testing.Feature.Foundation.FilesystemTest" assertions="1" time="0.002553"/>
        <testcase name="Path method returns base path when not supplied with argument" file="Filesystem (Hyde\Framework\Testing\Feature\Foundation\Filesystem)::Path method returns base path when not supplied with argument" class="Hyde\Framework\Testing\Feature\Foundation\FilesystemTest" classname="Hyde.Framework.Testing.Feature.Foundation.FilesystemTest" assertions="1" time="0.002627"/>
        <testcase name="Path method returns path relative to base path when supplied with argument" file="Filesystem (Hyde\Framework\Testing\Feature\Foundation\Filesystem)::Path method returns path relative to base path when supplied with argument" class="Hyde\Framework\Testing\Feature\Foundation\FilesystemTest" classname="Hyde.Framework.Testing.Feature.Foundation.FilesystemTest" assertions="1" time="0.002732"/>
        <testcase name="Path method returns qualified file path when supplied with argument" file="Filesystem (Hyde\Framework\Testing\Feature\Foundation\Filesystem)::Path method returns qualified file path when supplied with argument" class="Hyde\Framework\Testing\Feature\Foundation\FilesystemTest" classname="Hyde.Framework.Testing.Feature.Foundation.FilesystemTest" assertions="1" time="0.002699"/>
        <testcase name="Path method returns expected value for nested path arguments" file="Filesystem (Hyde\Framework\Testing\Feature\Foundation\Filesystem)::Path method returns expected value for nested path arguments" class="Hyde\Framework\Testing\Feature\Foundation\FilesystemTest" classname="Hyde.Framework.Testing.Feature.Foundation.FilesystemTest" assertions="1" time="0.002679"/>
        <testcase name="Path method strips trailing directory separators from argument" file="Filesystem (Hyde\Framework\Testing\Feature\Foundation\Filesystem)::Path method strips trailing directory separators from argument" class="Hyde\Framework\Testing\Feature\Foundation\FilesystemTest" classname="Hyde.Framework.Testing.Feature.Foundation.FilesystemTest" assertions="1" time="0.002721"/>
        <testcase name="Path method returns expected value regardless of trailing directory separators in argument" file="Filesystem (Hyde\Framework\Testing\Feature\Foundation\Filesystem)::Path method returns expected value regardless of trailing directory separators in argument" class="Hyde\Framework\Testing\Feature\Foundation\FilesystemTest" classname="Hyde.Framework.Testing.Feature.Foundation.FilesystemTest" assertions="1" time="0.002729"/>
        <testcase name="Path method resolves already absolute paths" file="Filesystem (Hyde\Framework\Testing\Feature\Foundation\Filesystem)::Path method resolves already absolute paths" class="Hyde\Framework\Testing\Feature\Foundation\FilesystemTest" classname="Hyde.Framework.Testing.Feature.Foundation.FilesystemTest" assertions="1" time="0.002701"/>
        <testcase name="Path method resolves already absolute paths using helper" file="Filesystem (Hyde\Framework\Testing\Feature\Foundation\Filesystem)::Path method resolves already absolute paths using helper" class="Hyde\Framework\Testing\Feature\Foundation\FilesystemTest" classname="Hyde.Framework.Testing.Feature.Foundation.FilesystemTest" assertions="1" time="0.002749"/>
        <testcase name="Path method resolves already absolute paths using helper with trailing slash" file="Filesystem (Hyde\Framework\Testing\Feature\Foundation\Filesystem)::Path method resolves already absolute paths using helper with trailing slash" class="Hyde\Framework\Testing\Feature\Foundation\FilesystemTest" classname="Hyde.Framework.Testing.Feature.Foundation.FilesystemTest" assertions="1" time="0.002742"/>
        <testcase name="Path method does not modify phar paths" file="Filesystem (Hyde\Framework\Testing\Feature\Foundation\Filesystem)::Path method does not modify phar paths" class="Hyde\Framework\Testing\Feature\Foundation\FilesystemTest" classname="Hyde.Framework.Testing.Feature.Foundation.FilesystemTest" assertions="1" time="0.002639"/>
        <testcase name="Hyde path method exists" file="Filesystem (Hyde\Framework\Testing\Feature\Foundation\Filesystem)::Hyde path method exists" class="Hyde\Framework\Testing\Feature\Foundation\FilesystemTest" classname="Hyde.Framework.Testing.Feature.Foundation.FilesystemTest" assertions="1" time="0.002550"/>
        <testcase name="Hyde path string is returned" file="Filesystem (Hyde\Framework\Testing\Feature\Foundation\Filesystem)::Hyde path string is returned" class="Hyde\Framework\Testing\Feature\Foundation\FilesystemTest" classname="Hyde.Framework.Testing.Feature.Foundation.FilesystemTest" assertions="1" time="0.002662"/>
        <testcase name="Hyde path returned directory contains content expected to be in the project directory" file="Filesystem (Hyde\Framework\Testing\Feature\Foundation\Filesystem)::Hyde path returned directory contains content expected to be in the project directory" class="Hyde\Framework\Testing\Feature\Foundation\FilesystemTest" classname="Hyde.Framework.Testing.Feature.Foundation.FilesystemTest" assertions="1" time="0.002743"/>
        <testcase name="Vendor path method exists" file="Filesystem (Hyde\Framework\Testing\Feature\Foundation\Filesystem)::Vendor path method exists" class="Hyde\Framework\Testing\Feature\Foundation\FilesystemTest" classname="Hyde.Framework.Testing.Feature.Foundation.FilesystemTest" assertions="1" time="0.002504"/>
        <testcase name="Vendor path method returns string" file="Filesystem (Hyde\Framework\Testing\Feature\Foundation\Filesystem)::Vendor path method returns string" class="Hyde\Framework\Testing\Feature\Foundation\FilesystemTest" classname="Hyde.Framework.Testing.Feature.Foundation.FilesystemTest" assertions="1" time="0.002756"/>
        <testcase name="Vendor path method returns the vendor path" file="Filesystem (Hyde\Framework\Testing\Feature\Foundation\Filesystem)::Vendor path method returns the vendor path" class="Hyde\Framework\Testing\Feature\Foundation\FilesystemTest" classname="Hyde.Framework.Testing.Feature.Foundation.FilesystemTest" assertions="1" time="0.002817"/>
        <testcase name="Vendor path method returns qualified file path when supplied with argument" file="Filesystem (Hyde\Framework\Testing\Feature\Foundation\Filesystem)::Vendor path method returns qualified file path when supplied with argument" class="Hyde\Framework\Testing\Feature\Foundation\FilesystemTest" classname="Hyde.Framework.Testing.Feature.Foundation.FilesystemTest" assertions="1" time="0.002752"/>
        <testcase name="Vendor path method returns expected value regardless of trailing directory separators in argument" file="Filesystem (Hyde\Framework\Testing\Feature\Foundation\Filesystem)::Vendor path method returns expected value regardless of trailing directory separators in argument" class="Hyde\Framework\Testing\Feature\Foundation\FilesystemTest" classname="Hyde.Framework.Testing.Feature.Foundation.FilesystemTest" assertions="1" time="0.003015"/>
        <testcase name="Vendor path can specify which hyde package to use" file="Filesystem (Hyde\Framework\Testing\Feature\Foundation\Filesystem)::Vendor path can specify which hyde package to use" class="Hyde\Framework\Testing\Feature\Foundation\FilesystemTest" classname="Hyde.Framework.Testing.Feature.Foundation.FilesystemTest" assertions="2" time="0.002963"/>
        <testcase name="Vendor path can run in phar" file="Filesystem (Hyde\Framework\Testing\Feature\Foundation\Filesystem)::Vendor path can run in phar" class="Hyde\Framework\Testing\Feature\Foundation\FilesystemTest" classname="Hyde.Framework.Testing.Feature.Foundation.FilesystemTest" assertions="1" time="0.002874"/>
        <testcase name="Touch helper creates file at given path" file="Filesystem (Hyde\Framework\Testing\Feature\Foundation\Filesystem)::Touch helper creates file at given path" class="Hyde\Framework\Testing\Feature\Foundation\FilesystemTest" classname="Hyde.Framework.Testing.Feature.Foundation.FilesystemTest" assertions="2" time="0.003238"/>
        <testcase name="Touch helper creates multiple files at given paths" file="Filesystem (Hyde\Framework\Testing\Feature\Foundation\Filesystem)::Touch helper creates multiple files at given paths" class="Hyde\Framework\Testing\Feature\Foundation\FilesystemTest" classname="Hyde.Framework.Testing.Feature.Foundation.FilesystemTest" assertions="3" time="0.003326"/>
        <testcase name="Unlink helper deletes file at given path" file="Filesystem (Hyde\Framework\Testing\Feature\Foundation\Filesystem)::Unlink helper deletes file at given path" class="Hyde\Framework\Testing\Feature\Foundation\FilesystemTest" classname="Hyde.Framework.Testing.Feature.Foundation.FilesystemTest" assertions="2" time="0.003091"/>
        <testcase name="Unlink helper deletes multiple files at given paths" file="Filesystem (Hyde\Framework\Testing\Feature\Foundation\Filesystem)::Unlink helper deletes multiple files at given paths" class="Hyde\Framework\Testing\Feature\Foundation\FilesystemTest" classname="Hyde.Framework.Testing.Feature.Foundation.FilesystemTest" assertions="3" time="0.003300"/>
        <testcase name="Unlink if exists helper deletes file at given path" file="Filesystem (Hyde\Framework\Testing\Feature\Foundation\Filesystem)::Unlink if exists helper deletes file at given path" class="Hyde\Framework\Testing\Feature\Foundation\FilesystemTest" classname="Hyde.Framework.Testing.Feature.Foundation.FilesystemTest" assertions="2" time="0.003010"/>
        <testcase name="Unlink if exists handles non existent files gracefully" file="Filesystem (Hyde\Framework\Testing\Feature\Foundation\Filesystem)::Unlink if exists handles non existent files gracefully" class="Hyde\Framework\Testing\Feature\Foundation\FilesystemTest" classname="Hyde.Framework.Testing.Feature.Foundation.FilesystemTest" assertions="1" time="0.002687"/>
        <testcase name="Get model source path method returns path for model classes" file="Filesystem (Hyde\Framework\Testing\Feature\Foundation\Filesystem)::Get model source path method returns path for model classes" class="Hyde\Framework\Testing\Feature\Foundation\FilesystemTest" classname="Hyde.Framework.Testing.Feature.Foundation.FilesystemTest" assertions="5" time="0.003424"/>
        <testcase name="Get model source path method returns path to file for model classes" file="Filesystem (Hyde\Framework\Testing\Feature\Foundation\Filesystem)::Get model source path method returns path to file for model classes" class="Hyde\Framework\Testing\Feature\Foundation\FilesystemTest" classname="Hyde.Framework.Testing.Feature.Foundation.FilesystemTest" assertions="5" time="0.003392"/>
        <testcase name="Helper for blade pages" file="Filesystem (Hyde\Framework\Testing\Feature\Foundation\Filesystem)::Helper for blade pages" class="Hyde\Framework\Testing\Feature\Foundation\FilesystemTest" classname="Hyde.Framework.Testing.Feature.Foundation.FilesystemTest" assertions="1" time="0.002836"/>
        <testcase name="Helper for markdown pages" file="Filesystem (Hyde\Framework\Testing\Feature\Foundation\Filesystem)::Helper for markdown pages" class="Hyde\Framework\Testing\Feature\Foundation\FilesystemTest" classname="Hyde.Framework.Testing.Feature.Foundation.FilesystemTest" assertions="1" time="0.002775"/>
        <testcase name="Helper for markdown posts" file="Filesystem (Hyde\Framework\Testing\Feature\Foundation\Filesystem)::Helper for markdown posts" class="Hyde\Framework\Testing\Feature\Foundation\FilesystemTest" classname="Hyde.Framework.Testing.Feature.Foundation.FilesystemTest" assertions="1" time="0.002785"/>
        <testcase name="Helper for documentation pages" file="Filesystem (Hyde\Framework\Testing\Feature\Foundation\Filesystem)::Helper for documentation pages" class="Hyde\Framework\Testing\Feature\Foundation\FilesystemTest" classname="Hyde.Framework.Testing.Feature.Foundation.FilesystemTest" assertions="1" time="0.002742"/>
        <testcase name="Helper for media path" file="Filesystem (Hyde\Framework\Testing\Feature\Foundation\Filesystem)::Helper for media path" class="Hyde\Framework\Testing\Feature\Foundation\FilesystemTest" classname="Hyde.Framework.Testing.Feature.Foundation.FilesystemTest" assertions="1" time="0.002828"/>
        <testcase name="Helper for media path returns path to file within the directory" file="Filesystem (Hyde\Framework\Testing\Feature\Foundation\Filesystem)::Helper for media path returns path to file within the directory" class="Hyde\Framework\Testing\Feature\Foundation\FilesystemTest" classname="Hyde.Framework.Testing.Feature.Foundation.FilesystemTest" assertions="1" time="0.002782"/>
        <testcase name="Get media path returns absolute path" file="Filesystem (Hyde\Framework\Testing\Feature\Foundation\Filesystem)::Get media path returns absolute path" class="Hyde\Framework\Testing\Feature\Foundation\FilesystemTest" classname="Hyde.Framework.Testing.Feature.Foundation.FilesystemTest" assertions="1" time="0.002717"/>
        <testcase name="Helper for media output path" file="Filesystem (Hyde\Framework\Testing\Feature\Foundation\Filesystem)::Helper for media output path" class="Hyde\Framework\Testing\Feature\Foundation\FilesystemTest" classname="Hyde.Framework.Testing.Feature.Foundation.FilesystemTest" assertions="1" time="0.002737"/>
        <testcase name="Helper for media output path returns path to file within the directory" file="Filesystem (Hyde\Framework\Testing\Feature\Foundation\Filesystem)::Helper for media output path returns path to file within the directory" class="Hyde\Framework\Testing\Feature\Foundation\FilesystemTest" classname="Hyde.Framework.Testing.Feature.Foundation.FilesystemTest" assertions="1" time="0.002770"/>
        <testcase name="Get media output path returns absolute path" file="Filesystem (Hyde\Framework\Testing\Feature\Foundation\Filesystem)::Get media output path returns absolute path" class="Hyde\Framework\Testing\Feature\Foundation\FilesystemTest" classname="Hyde.Framework.Testing.Feature.Foundation.FilesystemTest" assertions="1" time="0.002742"/>
        <testcase name="Helper for site output path" file="Filesystem (Hyde\Framework\Testing\Feature\Foundation\Filesystem)::Helper for site output path" class="Hyde\Framework\Testing\Feature\Foundation\FilesystemTest" classname="Hyde.Framework.Testing.Feature.Foundation.FilesystemTest" assertions="1" time="0.002687"/>
        <testcase name="Helper for site output path returns path to file within the directory" file="Filesystem (Hyde\Framework\Testing\Feature\Foundation\Filesystem)::Helper for site output path returns path to file within the directory" class="Hyde\Framework\Testing\Feature\Foundation\FilesystemTest" classname="Hyde.Framework.Testing.Feature.Foundation.FilesystemTest" assertions="1" time="0.002723"/>
        <testcase name="Get site output path returns absolute path" file="Filesystem (Hyde\Framework\Testing\Feature\Foundation\Filesystem)::Get site output path returns absolute path" class="Hyde\Framework\Testing\Feature\Foundation\FilesystemTest" classname="Hyde.Framework.Testing.Feature.Foundation.FilesystemTest" assertions="1" time="0.002766"/>
        <testcase name="Site output path helper ignores trailing slashes" file="Filesystem (Hyde\Framework\Testing\Feature\Foundation\Filesystem)::Site output path helper ignores trailing slashes" class="Hyde\Framework\Testing\Feature\Foundation\FilesystemTest" classname="Hyde.Framework.Testing.Feature.Foundation.FilesystemTest" assertions="1" time="0.002754"/>
        <testcase name="Path to absolute" file="Filesystem (Hyde\Framework\Testing\Feature\Foundation\Filesystem)::Path to absolute" class="Hyde\Framework\Testing\Feature\Foundation\FilesystemTest" classname="Hyde.Framework.Testing.Feature.Foundation.FilesystemTest" assertions="1" time="0.002696"/>
        <testcase name="Path to absolute helper is alias for path helper" file="Filesystem (Hyde\Framework\Testing\Feature\Foundation\Filesystem)::Path to absolute helper is alias for path helper" class="Hyde\Framework\Testing\Feature\Foundation\FilesystemTest" classname="Hyde.Framework.Testing.Feature.Foundation.FilesystemTest" assertions="1" time="0.002667"/>
        <testcase name="Path to absolute can convert array of paths" file="Filesystem (Hyde\Framework\Testing\Feature\Foundation\Filesystem)::Path to absolute can convert array of paths" class="Hyde\Framework\Testing\Feature\Foundation\FilesystemTest" classname="Hyde.Framework.Testing.Feature.Foundation.FilesystemTest" assertions="1" time="0.002867"/>
        <testcase name="Path to relative helper decodes hyde path into relative" file="Filesystem (Hyde\Framework\Testing\Feature\Foundation\Filesystem)::Path to relative helper decodes hyde path into relative" class="Hyde\Framework\Testing\Feature\Foundation\FilesystemTest" classname="Hyde.Framework.Testing.Feature.Foundation.FilesystemTest" assertions="5" time="0.003227"/>
        <testcase name="Path to relative helper does not modify already relative paths" file="Filesystem (Hyde\Framework\Testing\Feature\Foundation\Filesystem)::Path to relative helper does not modify already relative paths" class="Hyde\Framework\Testing\Feature\Foundation\FilesystemTest" classname="Hyde.Framework.Testing.Feature.Foundation.FilesystemTest" assertions="7" time="0.003261"/>
        <testcase name="Path to relative helper does not modify non project paths" file="Filesystem (Hyde\Framework\Testing\Feature\Foundation\Filesystem)::Path to relative helper does not modify non project paths" class="Hyde\Framework\Testing\Feature\Foundation\FilesystemTest" classname="Hyde.Framework.Testing.Feature.Foundation.FilesystemTest" assertions="8" time="0.003451"/>
      </testsuite>
      <testsuite name="Hyde\Framework\Testing\Feature\Foundation\HyperlinksTest" file="Hyperlinks (Hyde\Framework\Testing\Feature\Foundation\Hyperlinks)" tests="15" assertions="22" errors="0" failures="0" skipped="0" time="0.399856">
        <testcase name="Asset helper gets relative web link to image stored in site media folder" file="Hyperlinks (Hyde\Framework\Testing\Feature\Foundation\Hyperlinks)::Asset helper gets relative web link to image stored in site media folder" class="Hyde\Framework\Testing\Feature\Foundation\HyperlinksTest" classname="Hyde.Framework.Testing.Feature.Foundation.HyperlinksTest" assertions="4" time="0.070305"/>
        <testcase name="Asset helper resolves paths for nested pages" file="Hyperlinks (Hyde\Framework\Testing\Feature\Foundation\Hyperlinks)::Asset helper resolves paths for nested pages" class="Hyde\Framework\Testing\Feature\Foundation\HyperlinksTest" classname="Hyde.Framework.Testing.Feature.Foundation.HyperlinksTest" assertions="4" time="0.025143"/>
        <testcase name="Asset helper returns qualified absolute uri when requested and site has base url" file="Hyperlinks (Hyde\Framework\Testing\Feature\Foundation\Hyperlinks)::Asset helper returns qualified absolute uri when requested and site has base url" class="Hyde\Framework\Testing\Feature\Foundation\HyperlinksTest" classname="Hyde.Framework.Testing.Feature.Foundation.HyperlinksTest" assertions="1" time="0.021697"/>
        <testcase name="Asset helper returns default relative path when qualified absolute uri is requested but site has no base url" file="Hyperlinks (Hyde\Framework\Testing\Feature\Foundation\Hyperlinks)::Asset helper returns default relative path when qualified absolute uri is requested but site has no base url" class="Hyde\Framework\Testing\Feature\Foundation\HyperlinksTest" classname="Hyde.Framework.Testing.Feature.Foundation.HyperlinksTest" assertions="1" time="0.021897"/>
        <testcase name="Asset helper returns default relative path when qualified absolute uri is requested but site base url is localhost" file="Hyperlinks (Hyde\Framework\Testing\Feature\Foundation\Hyperlinks)::Asset helper returns default relative path when qualified absolute uri is requested but site base url is localhost" class="Hyde\Framework\Testing\Feature\Foundation\HyperlinksTest" classname="Hyde.Framework.Testing.Feature.Foundation.HyperlinksTest" assertions="1" time="0.021877"/>
        <testcase name="Asset helper returns input when qualified absolute uri is requested but image is already qualified" file="Hyperlinks (Hyde\Framework\Testing\Feature\Foundation\Hyperlinks)::Asset helper returns input when qualified absolute uri is requested but image is already qualified" class="Hyde\Framework\Testing\Feature\Foundation\HyperlinksTest" classname="Hyde.Framework.Testing.Feature.Foundation.HyperlinksTest" assertions="1" time="0.021478"/>
        <testcase name="Asset helper returns input when qualified absolute uri is requested but image is already qualified regardless of matching the configured url" file="Hyperlinks (Hyde\Framework\Testing\Feature\Foundation\Hyperlinks)::Asset helper returns input when qualified absolute uri is requested but image is already qualified regardless of matching the configured url" class="Hyde\Framework\Testing\Feature\Foundation\HyperlinksTest" classname="Hyde.Framework.Testing.Feature.Foundation.HyperlinksTest" assertions="1" time="0.021573"/>
        <testcase name="Asset helper uses configured media directory" file="Hyperlinks (Hyde\Framework\Testing\Feature\Foundation\Hyperlinks)::Asset helper uses configured media directory" class="Hyde\Framework\Testing\Feature\Foundation\HyperlinksTest" classname="Hyde.Framework.Testing.Feature.Foundation.HyperlinksTest" assertions="1" time="0.021772"/>
        <testcase name="Media link helper" file="Hyperlinks (Hyde\Framework\Testing\Feature\Foundation\Hyperlinks)::Media link helper" class="Hyde\Framework\Testing\Feature\Foundation\HyperlinksTest" classname="Hyde.Framework.Testing.Feature.Foundation.HyperlinksTest" assertions="1" time="0.022020"/>
        <testcase name="Media link helper with relative path" file="Hyperlinks (Hyde\Framework\Testing\Feature\Foundation\Hyperlinks)::Media link helper with relative path" class="Hyde\Framework\Testing\Feature\Foundation\HyperlinksTest" classname="Hyde.Framework.Testing.Feature.Foundation.HyperlinksTest" assertions="1" time="0.023721"/>
        <testcase name="Media link helper uses configured media directory" file="Hyperlinks (Hyde\Framework\Testing\Feature\Foundation\Hyperlinks)::Media link helper uses configured media directory" class="Hyde\Framework\Testing\Feature\Foundation\HyperlinksTest" classname="Hyde.Framework.Testing.Feature.Foundation.HyperlinksTest" assertions="1" time="0.022609"/>
        <testcase name="Media link helper with validation and existing file" file="Hyperlinks (Hyde\Framework\Testing\Feature\Foundation\Hyperlinks)::Media link helper with validation and existing file" class="Hyde\Framework\Testing\Feature\Foundation\HyperlinksTest" classname="Hyde.Framework.Testing.Feature.Foundation.HyperlinksTest" assertions="1" time="0.025398"/>
        <testcase name="Media link helper with validation and non existing file" file="Hyperlinks (Hyde\Framework\Testing\Feature\Foundation\Hyperlinks)::Media link helper with validation and non existing file" class="Hyde\Framework\Testing\Feature\Foundation\HyperlinksTest" classname="Hyde.Framework.Testing.Feature.Foundation.HyperlinksTest" assertions="1" time="0.022637"/>
        <testcase name="Route helper" file="Hyperlinks (Hyde\Framework\Testing\Feature\Foundation\Hyperlinks)::Route helper" class="Hyde\Framework\Testing\Feature\Foundation\HyperlinksTest" classname="Hyde.Framework.Testing.Feature.Foundation.HyperlinksTest" assertions="2" time="0.030230"/>
        <testcase name="Route helper with invalid route" file="Hyperlinks (Hyde\Framework\Testing\Feature\Foundation\Hyperlinks)::Route helper with invalid route" class="Hyde\Framework\Testing\Feature\Foundation\HyperlinksTest" classname="Hyde.Framework.Testing.Feature.Foundation.HyperlinksTest" assertions="1" time="0.027500"/>
      </testsuite>
      <testsuite name="Hyde\Framework\Testing\Feature\GlobalMetadataBagTest" file="Global Metadata Bag (Hyde\Framework\Testing\Feature\GlobalMetadataBag)" tests="9" assertions="10" errors="0" failures="0" skipped="0" time="0.272445">
        <testcase name="Site metadata adds config defined metadata" file="Global Metadata Bag (Hyde\Framework\Testing\Feature\GlobalMetadataBag)::Site metadata adds config defined metadata" class="Hyde\Framework\Testing\Feature\GlobalMetadataBagTest" classname="Hyde.Framework.Testing.Feature.GlobalMetadataBagTest" assertions="2" time="0.059841"/>
        <testcase name="Site metadata automatically adds sitemap when enabled" file="Global Metadata Bag (Hyde\Framework\Testing\Feature\GlobalMetadataBag)::Site metadata automatically adds sitemap when enabled" class="Hyde\Framework\Testing\Feature\GlobalMetadataBagTest" classname="Hyde.Framework.Testing.Feature.GlobalMetadataBagTest" assertions="1" time="0.024911"/>
        <testcase name="Site metadata sitemap uses configured site url" file="Global Metadata Bag (Hyde\Framework\Testing\Feature\GlobalMetadataBag)::Site metadata sitemap uses configured site url" class="Hyde\Framework\Testing\Feature\GlobalMetadataBagTest" classname="Hyde.Framework.Testing.Feature.GlobalMetadataBagTest" assertions="1" time="0.022032"/>
        <testcase name="Site metadata automatically adds rss feed when enabled" file="Global Metadata Bag (Hyde\Framework\Testing\Feature\GlobalMetadataBag)::Site metadata automatically adds rss feed when enabled" class="Hyde\Framework\Testing\Feature\GlobalMetadataBagTest" classname="Hyde.Framework.Testing.Feature.GlobalMetadataBagTest" assertions="1" time="0.028563"/>
        <testcase name="Site metadata rss feed uses configured site url" file="Global Metadata Bag (Hyde\Framework\Testing\Feature\GlobalMetadataBag)::Site metadata rss feed uses configured site url" class="Hyde\Framework\Testing\Feature\GlobalMetadataBagTest" classname="Hyde.Framework.Testing.Feature.GlobalMetadataBagTest" assertions="1" time="0.028948"/>
        <testcase name="Site metadata rss feed uses configured site name" file="Global Metadata Bag (Hyde\Framework\Testing\Feature\GlobalMetadataBag)::Site metadata rss feed uses configured site name" class="Hyde\Framework\Testing\Feature\GlobalMetadataBagTest" classname="Hyde.Framework.Testing.Feature.GlobalMetadataBagTest" assertions="1" time="0.029875"/>
        <testcase name="Site metadata rss feed uses configured rss file name" file="Global Metadata Bag (Hyde\Framework\Testing\Feature\GlobalMetadataBag)::Site metadata rss feed uses configured rss file name" class="Hyde\Framework\Testing\Feature\GlobalMetadataBagTest" classname="Hyde.Framework.Testing.Feature.GlobalMetadataBagTest" assertions="1" time="0.030063"/>
        <testcase name="Metadata existing in the current page is not added" file="Global Metadata Bag (Hyde\Framework\Testing\Feature\GlobalMetadataBag)::Metadata existing in the current page is not added" class="Hyde\Framework\Testing\Feature\GlobalMetadataBagTest" classname="Hyde.Framework.Testing.Feature.GlobalMetadataBagTest" assertions="1" time="0.024356"/>
        <testcase name="Metadata existing in the current page is not added regardless of its value" file="Global Metadata Bag (Hyde\Framework\Testing\Feature\GlobalMetadataBag)::Metadata existing in the current page is not added regardless of its value" class="Hyde\Framework\Testing\Feature\GlobalMetadataBagTest" classname="Hyde.Framework.Testing.Feature.GlobalMetadataBagTest" assertions="1" time="0.023856"/>
      </testsuite>
      <testsuite name="Hyde\Framework\Testing\Feature\HelpersTest" file="Helpers (Hyde\Framework\Testing\Feature\Helpers)" tests="45" assertions="69" errors="0" failures="0" skipped="0" time="1.051169">
        <testcase name="Hyde function exists" file="Helpers (Hyde\Framework\Testing\Feature\Helpers)::Hyde function exists" class="Hyde\Framework\Testing\Feature\HelpersTest" classname="Hyde.Framework.Testing.Feature.HelpersTest" assertions="1" time="0.035591"/>
        <testcase name="Hyde function returns hyde kernel class" file="Helpers (Hyde\Framework\Testing\Feature\Helpers)::Hyde function returns hyde kernel class" class="Hyde\Framework\Testing\Feature\HelpersTest" classname="Hyde.Framework.Testing.Feature.HelpersTest" assertions="1" time="0.022411"/>
        <testcase name="Can call methods on returned hyde class" file="Helpers (Hyde\Framework\Testing\Feature\Helpers)::Can call methods on returned hyde class" class="Hyde\Framework\Testing\Feature\HelpersTest" classname="Hyde.Framework.Testing.Feature.HelpersTest" assertions="1" time="0.022356"/>
        <testcase name="Unslash function exists" file="Helpers (Hyde\Framework\Testing\Feature\Helpers)::Unslash function exists" class="Hyde\Framework\Testing\Feature\HelpersTest" classname="Hyde.Framework.Testing.Feature.HelpersTest" assertions="1" time="0.022134"/>
        <testcase name="Unslash function trims trailing slashes" file="Helpers (Hyde\Framework\Testing\Feature\Helpers)::Unslash function trims trailing slashes" class="Hyde\Framework\Testing\Feature\HelpersTest" classname="Hyde.Framework.Testing.Feature.HelpersTest" assertions="14" time="0.023370"/>
        <testcase name="Asset function" file="Helpers (Hyde\Framework\Testing\Feature\Helpers)::Asset function" class="Hyde\Framework\Testing\Feature\HelpersTest" classname="Hyde.Framework.Testing.Feature.HelpersTest" assertions="2" time="0.023038"/>
        <testcase name="Asset function with qualified url" file="Helpers (Hyde\Framework\Testing\Feature\Helpers)::Asset function with qualified url" class="Hyde\Framework\Testing\Feature\HelpersTest" classname="Hyde.Framework.Testing.Feature.HelpersTest" assertions="2" time="0.022667"/>
        <testcase name="Asset function with qualified url and set base url" file="Helpers (Hyde\Framework\Testing\Feature\Helpers)::Asset function with qualified url and set base url" class="Hyde\Framework\Testing\Feature\HelpersTest" classname="Hyde.Framework.Testing.Feature.HelpersTest" assertions="1" time="0.022309"/>
        <testcase name="Asset function with external url" file="Helpers (Hyde\Framework\Testing\Feature\Helpers)::Asset function with external url" class="Hyde\Framework\Testing\Feature\HelpersTest" classname="Hyde.Framework.Testing.Feature.HelpersTest" assertions="2" time="0.022675"/>
        <testcase name="Asset function with qualified url and no base url" file="Helpers (Hyde\Framework\Testing\Feature\Helpers)::Asset function with qualified url and no base url" class="Hyde\Framework\Testing\Feature\HelpersTest" classname="Hyde.Framework.Testing.Feature.HelpersTest" assertions="1" time="0.022128"/>
        <testcase name="Asset function with qualified url and localhost base url" file="Helpers (Hyde\Framework\Testing\Feature\Helpers)::Asset function with qualified url and localhost base url" class="Hyde\Framework\Testing\Feature\HelpersTest" classname="Hyde.Framework.Testing.Feature.HelpersTest" assertions="1" time="0.022296"/>
        <testcase name="Asset function from nested page" file="Helpers (Hyde\Framework\Testing\Feature\Helpers)::Asset function from nested page" class="Hyde\Framework\Testing\Feature\HelpersTest" classname="Hyde.Framework.Testing.Feature.HelpersTest" assertions="1" time="0.022928"/>
        <testcase name="Asset function from deeply nested page" file="Helpers (Hyde\Framework\Testing\Feature\Helpers)::Asset function from deeply nested page" class="Hyde\Framework\Testing\Feature\HelpersTest" classname="Hyde.Framework.Testing.Feature.HelpersTest" assertions="1" time="0.022580"/>
        <testcase name="Asset function with custom media directory" file="Helpers (Hyde\Framework\Testing\Feature\Helpers)::Asset function with custom media directory" class="Hyde\Framework\Testing\Feature\HelpersTest" classname="Hyde.Framework.Testing.Feature.HelpersTest" assertions="1" time="0.022158"/>
        <testcase name="Route function" file="Helpers (Hyde\Framework\Testing\Feature\Helpers)::Route function" class="Hyde\Framework\Testing\Feature\HelpersTest" classname="Hyde.Framework.Testing.Feature.HelpersTest" assertions="2" time="0.025872"/>
        <testcase name="Route function with invalid route" file="Helpers (Hyde\Framework\Testing\Feature\Helpers)::Route function with invalid route" class="Hyde\Framework\Testing\Feature\HelpersTest" classname="Hyde.Framework.Testing.Feature.HelpersTest" assertions="1" time="0.026206"/>
        <testcase name="Route function returns null for non existent route" file="Helpers (Hyde\Framework\Testing\Feature\Helpers)::Route function returns null for non existent route" class="Hyde\Framework\Testing\Feature\HelpersTest" classname="Hyde.Framework.Testing.Feature.HelpersTest" assertions="1" time="0.026889"/>
        <testcase name="Url function" file="Helpers (Hyde\Framework\Testing\Feature\Helpers)::Url function" class="Hyde\Framework\Testing\Feature\HelpersTest" classname="Hyde.Framework.Testing.Feature.HelpersTest" assertions="1" time="0.022358"/>
        <testcase name="Url function with base url" file="Helpers (Hyde\Framework\Testing\Feature\Helpers)::Url function with base url" class="Hyde\Framework\Testing\Feature\HelpersTest" classname="Hyde.Framework.Testing.Feature.HelpersTest" assertions="1" time="0.036214"/>
        <testcase name="Url function with localhost base url" file="Helpers (Hyde\Framework\Testing\Feature\Helpers)::Url function with localhost base url" class="Hyde\Framework\Testing\Feature\HelpersTest" classname="Hyde.Framework.Testing.Feature.HelpersTest" assertions="1" time="0.023038"/>
        <testcase name="Url function without base url" file="Helpers (Hyde\Framework\Testing\Feature\Helpers)::Url function without base url" class="Hyde\Framework\Testing\Feature\HelpersTest" classname="Hyde.Framework.Testing.Feature.HelpersTest" assertions="1" time="0.022832"/>
        <testcase name="Url function without base url or path" file="Helpers (Hyde\Framework\Testing\Feature\Helpers)::Url function without base url or path" class="Hyde\Framework\Testing\Feature\HelpersTest" classname="Hyde.Framework.Testing.Feature.HelpersTest" assertions="1" time="0.022722"/>
        <testcase name="Url function with localhost base url but no path" file="Helpers (Hyde\Framework\Testing\Feature\Helpers)::Url function with localhost base url but no path" class="Hyde\Framework\Testing\Feature\HelpersTest" classname="Hyde.Framework.Testing.Feature.HelpersTest" assertions="1" time="0.023036"/>
        <testcase name="Url function with already qualified url" file="Helpers (Hyde\Framework\Testing\Feature\Helpers)::Url function with already qualified url" class="Hyde\Framework\Testing\Feature\HelpersTest" classname="Hyde.Framework.Testing.Feature.HelpersTest" assertions="2" time="0.022630"/>
        <testcase name="Url function with already qualified url when site url is set" file="Helpers (Hyde\Framework\Testing\Feature\Helpers)::Url function with already qualified url when site url is set" class="Hyde\Framework\Testing\Feature\HelpersTest" classname="Hyde.Framework.Testing.Feature.HelpersTest" assertions="2" time="0.022843"/>
        <testcase name="Url function with already qualified url when site url is set to something else" file="Helpers (Hyde\Framework\Testing\Feature\Helpers)::Url function with already qualified url when site url is set to something else" class="Hyde\Framework\Testing\Feature\HelpersTest" classname="Hyde.Framework.Testing.Feature.HelpersTest" assertions="2" time="0.023971"/>
        <testcase name="Hyde function exists in hyde namespace" file="Helpers (Hyde\Framework\Testing\Feature\Helpers)::Hyde function exists in hyde namespace" class="Hyde\Framework\Testing\Feature\HelpersTest" classname="Hyde.Framework.Testing.Feature.HelpersTest" assertions="1" time="0.022956"/>
        <testcase name="Namespaced hyde function" file="Helpers (Hyde\Framework\Testing\Feature\Helpers)::Namespaced hyde function" class="Hyde\Framework\Testing\Feature\HelpersTest" classname="Hyde.Framework.Testing.Feature.HelpersTest" assertions="1" time="0.023153"/>
        <testcase name="Unslash function exists in hyde namespace" file="Helpers (Hyde\Framework\Testing\Feature\Helpers)::Unslash function exists in hyde namespace" class="Hyde\Framework\Testing\Feature\HelpersTest" classname="Hyde.Framework.Testing.Feature.HelpersTest" assertions="1" time="0.023131"/>
        <testcase name="Namespaced unslash function" file="Helpers (Hyde\Framework\Testing\Feature\Helpers)::Namespaced unslash function" class="Hyde\Framework\Testing\Feature\HelpersTest" classname="Hyde.Framework.Testing.Feature.HelpersTest" assertions="1" time="0.022213"/>
        <testcase name="Unixsum function" file="Helpers (Hyde\Framework\Testing\Feature\Helpers)::Unixsum function" class="Hyde\Framework\Testing\Feature\HelpersTest" classname="Hyde.Framework.Testing.Feature.HelpersTest" assertions="2" time="0.022113"/>
        <testcase name="Unixsum file function" file="Helpers (Hyde\Framework\Testing\Feature\Helpers)::Unixsum file function" class="Hyde\Framework\Testing\Feature\HelpersTest" classname="Hyde.Framework.Testing.Feature.HelpersTest" assertions="2" time="0.023431"/>
        <testcase name="Hyde make title function" file="Helpers (Hyde\Framework\Testing\Feature\Helpers)::Hyde make title function" class="Hyde\Framework\Testing\Feature\HelpersTest" classname="Hyde.Framework.Testing.Feature.HelpersTest" assertions="1" time="0.023129"/>
        <testcase name="Hyde normalize newlines function" file="Helpers (Hyde\Framework\Testing\Feature\Helpers)::Hyde normalize newlines function" class="Hyde\Framework\Testing\Feature\HelpersTest" classname="Hyde.Framework.Testing.Feature.HelpersTest" assertions="1" time="0.022957"/>
        <testcase name="Hyde strip newlines function" file="Helpers (Hyde\Framework\Testing\Feature\Helpers)::Hyde strip newlines function" class="Hyde\Framework\Testing\Feature\HelpersTest" classname="Hyde.Framework.Testing.Feature.HelpersTest" assertions="1" time="0.023497"/>
        <testcase name="Hyde trim slashes function" file="Helpers (Hyde\Framework\Testing\Feature\Helpers)::Hyde trim slashes function" class="Hyde\Framework\Testing\Feature\HelpersTest" classname="Hyde.Framework.Testing.Feature.HelpersTest" assertions="1" time="0.022553"/>
        <testcase name="Hyde evaluate arrayable function" file="Helpers (Hyde\Framework\Testing\Feature\Helpers)::Hyde evaluate arrayable function" class="Hyde\Framework\Testing\Feature\HelpersTest" classname="Hyde.Framework.Testing.Feature.HelpersTest" assertions="2" time="0.021982"/>
        <testcase name="Hyde yaml encode function" file="Helpers (Hyde\Framework\Testing\Feature\Helpers)::Hyde yaml encode function" class="Hyde\Framework\Testing\Feature\HelpersTest" classname="Hyde.Framework.Testing.Feature.HelpersTest" assertions="1" time="0.021621"/>
        <testcase name="Hyde yaml encode function encodes arrayables" file="Helpers (Hyde\Framework\Testing\Feature\Helpers)::Hyde yaml encode function encodes arrayables" class="Hyde\Framework\Testing\Feature\HelpersTest" classname="Hyde.Framework.Testing.Feature.HelpersTest" assertions="1" time="0.022280"/>
        <testcase name="Hyde yaml encode function accepts parameters" file="Helpers (Hyde\Framework\Testing\Feature\Helpers)::Hyde yaml encode function accepts parameters" class="Hyde\Framework\Testing\Feature\HelpersTest" classname="Hyde.Framework.Testing.Feature.HelpersTest" assertions="1" time="0.021609"/>
        <testcase name="Hyde yaml decode function" file="Helpers (Hyde\Framework\Testing\Feature\Helpers)::Hyde yaml decode function" class="Hyde\Framework\Testing\Feature\HelpersTest" classname="Hyde.Framework.Testing.Feature.HelpersTest" assertions="1" time="0.021773"/>
        <testcase name="Hyde yaml decode function accepts parameters" file="Helpers (Hyde\Framework\Testing\Feature\Helpers)::Hyde yaml decode function accepts parameters" class="Hyde\Framework\Testing\Feature\HelpersTest" classname="Hyde.Framework.Testing.Feature.HelpersTest" assertions="1" time="0.021408"/>
        <testcase name="Hyde path join function" file="Helpers (Hyde\Framework\Testing\Feature\Helpers)::Hyde path join function" class="Hyde\Framework\Testing\Feature\HelpersTest" classname="Hyde.Framework.Testing.Feature.HelpersTest" assertions="1" time="0.021141"/>
        <testcase name="Hyde path join function with multiple paths" file="Helpers (Hyde\Framework\Testing\Feature\Helpers)::Hyde path join function with multiple paths" class="Hyde\Framework\Testing\Feature\HelpersTest" classname="Hyde.Framework.Testing.Feature.HelpersTest" assertions="1" time="0.021651"/>
        <testcase name="Hyde normalize slashes function" file="Helpers (Hyde\Framework\Testing\Feature\Helpers)::Hyde normalize slashes function" class="Hyde\Framework\Testing\Feature\HelpersTest" classname="Hyde.Framework.Testing.Feature.HelpersTest" assertions="2" time="0.021319"/>
      </testsuite>
      <testsuite name="Hyde\Framework\Testing\Feature\HighLevelYamlConfigurationFeatureTest" file="High Level Yaml Configuration Feature (Hyde\Framework\Testing\Feature\HighLevelYamlConfigurationFeature)" tests="1" assertions="9" errors="0" failures="0" skipped="0" time="0.096275">
        <testcase name="Test the yaml configuration feature" file="High Level Yaml Configuration Feature (Hyde\Framework\Testing\Feature\HighLevelYamlConfigurationFeature)::Test the yaml configuration feature" class="Hyde\Framework\Testing\Feature\HighLevelYamlConfigurationFeatureTest" classname="Hyde.Framework.Testing.Feature.HighLevelYamlConfigurationFeatureTest" assertions="9" time="0.096275"/>
      </testsuite>
      <testsuite name="Hyde\Framework\Testing\Feature\HydeCoreExtensionTest" file="Hyde Core Extension (Hyde\Framework\Testing\Feature\HydeCoreExtension)" tests="4" assertions="4" errors="0" failures="0" skipped="0" time="0.010773">
        <testcase name="Class extends extension class" file="Hyde Core Extension (Hyde\Framework\Testing\Feature\HydeCoreExtension)::Class extends extension class" class="Hyde\Framework\Testing\Feature\HydeCoreExtensionTest" classname="Hyde.Framework.Testing.Feature.HydeCoreExtensionTest" assertions="1" time="0.003876"/>
        <testcase name="Class is registered" file="Hyde Core Extension (Hyde\Framework\Testing\Feature\HydeCoreExtension)::Class is registered" class="Hyde\Framework\Testing\Feature\HydeCoreExtensionTest" classname="Hyde.Framework.Testing.Feature.HydeCoreExtensionTest" assertions="1" time="0.002069"/>
        <testcase name="Get page classes" file="Hyde Core Extension (Hyde\Framework\Testing\Feature\HydeCoreExtension)::Get page classes" class="Hyde\Framework\Testing\Feature\HydeCoreExtensionTest" classname="Hyde.Framework.Testing.Feature.HydeCoreExtensionTest" assertions="1" time="0.002385"/>
        <testcase name="Get page classes does not include classes for disabled features" file="Hyde Core Extension (Hyde\Framework\Testing\Feature\HydeCoreExtension)::Get page classes does not include classes for disabled features" class="Hyde\Framework\Testing\Feature\HydeCoreExtensionTest" classname="Hyde.Framework.Testing.Feature.HydeCoreExtensionTest" assertions="1" time="0.002443"/>
      </testsuite>
      <testsuite name="Hyde\Framework\Testing\Feature\HydeExtensionFeatureTest" file="Hyde Extension Feature (Hyde\Framework\Testing\Feature\HydeExtensionFeature)" tests="9" assertions="15" errors="0" failures="0" skipped="0" time="0.237844">
        <testcase name="Handler methods are called by discovery" file="Hyde Extension Feature (Hyde\Framework\Testing\Feature\HydeExtensionFeature)::Handler methods are called by discovery" class="Hyde\Framework\Testing\Feature\HydeExtensionFeatureTest" classname="Hyde.Framework.Testing.Feature.HydeExtensionFeatureTest" assertions="2" time="0.030275"/>
        <testcase name="File handler dependency injection" file="Hyde Extension Feature (Hyde\Framework\Testing\Feature\HydeExtensionFeature)::File handler dependency injection" class="Hyde\Framework\Testing\Feature\HydeExtensionFeatureTest" classname="Hyde.Framework.Testing.Feature.HydeExtensionFeatureTest" assertions="1" time="0.025717"/>
        <testcase name="Page handler dependency injection" file="Hyde Extension Feature (Hyde\Framework\Testing\Feature\HydeExtensionFeature)::Page handler dependency injection" class="Hyde\Framework\Testing\Feature\HydeExtensionFeatureTest" classname="Hyde.Framework.Testing.Feature.HydeExtensionFeatureTest" assertions="1" time="0.025634"/>
        <testcase name="Route handler dependency injection" file="Hyde Extension Feature (Hyde\Framework\Testing\Feature\HydeExtensionFeature)::Route handler dependency injection" class="Hyde\Framework\Testing\Feature\HydeExtensionFeatureTest" classname="Hyde.Framework.Testing.Feature.HydeExtensionFeatureTest" assertions="1" time="0.024305"/>
        <testcase name="Register extension method throws exception when kernel is already booted" file="Hyde Extension Feature (Hyde\Framework\Testing\Feature\HydeExtensionFeature)::Register extension method throws exception when kernel is already booted" class="Hyde\Framework\Testing\Feature\HydeExtensionFeatureTest" classname="Hyde.Framework.Testing.Feature.HydeExtensionFeatureTest" assertions="2" time="0.024396"/>
        <testcase name="Register extension method only accepts instances of hyde extension" file="Hyde Extension Feature (Hyde\Framework\Testing\Feature\HydeExtensionFeature)::Register extension method only accepts instances of hyde extension" class="Hyde\Framework\Testing\Feature\HydeExtensionFeatureTest" classname="Hyde.Framework.Testing.Feature.HydeExtensionFeatureTest" assertions="2" time="0.021400"/>
        <testcase name="Custom registered pages are discovered by the file collection class" file="Hyde Extension Feature (Hyde\Framework\Testing\Feature\HydeExtensionFeature)::Custom registered pages are discovered by the file collection class" class="Hyde\Framework\Testing\Feature\HydeExtensionFeatureTest" classname="Hyde.Framework.Testing.Feature.HydeExtensionFeatureTest" assertions="2" time="0.027950"/>
        <testcase name="Custom registered pages are discovered by the page collection class" file="Hyde Extension Feature (Hyde\Framework\Testing\Feature\HydeExtensionFeature)::Custom registered pages are discovered by the page collection class" class="Hyde\Framework\Testing\Feature\HydeExtensionFeatureTest" classname="Hyde.Framework.Testing.Feature.HydeExtensionFeatureTest" assertions="2" time="0.029103"/>
        <testcase name="Custom registered pages are discovered by the route collection class" file="Hyde Extension Feature (Hyde\Framework\Testing\Feature\HydeExtensionFeature)::Custom registered pages are discovered by the route collection class" class="Hyde\Framework\Testing\Feature\HydeExtensionFeatureTest" classname="Hyde.Framework.Testing.Feature.HydeExtensionFeatureTest" assertions="2" time="0.029064"/>
      </testsuite>
      <testsuite name="Hyde\Framework\Testing\Feature\HydeKernelTest" file="Hyde Kernel (Hyde\Framework\Testing\Feature\HydeKernel)" tests="66" assertions="113" errors="0" failures="0" skipped="0" time="1.575546">
        <testcase name="Kernel singleton can be accessed by service container" file="Hyde Kernel (Hyde\Framework\Testing\Feature\HydeKernel)::Kernel singleton can be accessed by service container" class="Hyde\Framework\Testing\Feature\HydeKernelTest" classname="Hyde.Framework.Testing.Feature.HydeKernelTest" assertions="1" time="0.035245"/>
        <testcase name="Kernel singleton can be accessed by kernel static method" file="Hyde Kernel (Hyde\Framework\Testing\Feature\HydeKernel)::Kernel singleton can be accessed by kernel static method" class="Hyde\Framework\Testing\Feature\HydeKernelTest" classname="Hyde.Framework.Testing.Feature.HydeKernelTest" assertions="1" time="0.020734"/>
        <testcase name="Kernel singleton can be accessed by hyde facade method" file="Hyde Kernel (Hyde\Framework\Testing\Feature\HydeKernel)::Kernel singleton can be accessed by hyde facade method" class="Hyde\Framework\Testing\Feature\HydeKernelTest" classname="Hyde.Framework.Testing.Feature.HydeKernelTest" assertions="1" time="0.021206"/>
        <testcase name="Kernel singleton can be accessed by helper function" file="Hyde Kernel (Hyde\Framework\Testing\Feature\HydeKernel)::Kernel singleton can be accessed by helper function" class="Hyde\Framework\Testing\Feature\HydeKernelTest" classname="Hyde.Framework.Testing.Feature.HydeKernelTest" assertions="1" time="0.021621"/>
        <testcase name="Hyde facade version method returns kernel version" file="Hyde Kernel (Hyde\Framework\Testing\Feature\HydeKernel)::Hyde facade version method returns kernel version" class="Hyde\Framework\Testing\Feature\HydeKernelTest" classname="Hyde.Framework.Testing.Feature.HydeKernelTest" assertions="1" time="0.021175"/>
        <testcase name="Hyde facade get facade root method returns kernel singleton" file="Hyde Kernel (Hyde\Framework\Testing\Feature\HydeKernel)::Hyde facade get facade root method returns kernel singleton" class="Hyde\Framework\Testing\Feature\HydeKernelTest" classname="Hyde.Framework.Testing.Feature.HydeKernelTest" assertions="3" time="0.026126"/>
        <testcase name="Features helper returns new features instance" file="Hyde Kernel (Hyde\Framework\Testing\Feature\HydeKernel)::Features helper returns new features instance" class="Hyde\Framework\Testing\Feature\HydeKernelTest" classname="Hyde.Framework.Testing.Feature.HydeKernelTest" assertions="1" time="0.021546"/>
        <testcase name="Has feature helper calls method on features class" file="Hyde Kernel (Hyde\Framework\Testing\Feature\HydeKernel)::Has feature helper calls method on features class" class="Hyde\Framework\Testing\Feature\HydeKernelTest" classname="Hyde.Framework.Testing.Feature.HydeKernelTest" assertions="2" time="0.022956"/>
        <testcase name="Current page helper returns current page name" file="Hyde Kernel (Hyde\Framework\Testing\Feature\HydeKernel)::Current page helper returns current page name" class="Hyde\Framework\Testing\Feature\HydeKernelTest" classname="Hyde.Framework.Testing.Feature.HydeKernelTest" assertions="1" time="0.022161"/>
        <testcase name="Current route helper returns current route object" file="Hyde Kernel (Hyde\Framework\Testing\Feature\HydeKernel)::Current route helper returns current route object" class="Hyde\Framework\Testing\Feature\HydeKernelTest" classname="Hyde.Framework.Testing.Feature.HydeKernelTest" assertions="2" time="0.022990"/>
        <testcase name="Current page helper returns current page object" file="Hyde Kernel (Hyde\Framework\Testing\Feature\HydeKernel)::Current page helper returns current page object" class="Hyde\Framework\Testing\Feature\HydeKernelTest" classname="Hyde.Framework.Testing.Feature.HydeKernelTest" assertions="2" time="0.022680"/>
        <testcase name="Make title helper returns title from page slug" file="Hyde Kernel (Hyde\Framework\Testing\Feature\HydeKernel)::Make title helper returns title from page slug" class="Hyde\Framework\Testing\Feature\HydeKernelTest" classname="Hyde.Framework.Testing.Feature.HydeKernelTest" assertions="1" time="0.021233"/>
        <testcase name="Normalize newlines replaces carriage returns with unix endings" file="Hyde Kernel (Hyde\Framework\Testing\Feature\HydeKernel)::Normalize newlines replaces carriage returns with unix endings" class="Hyde\Framework\Testing\Feature\HydeKernelTest" classname="Hyde.Framework.Testing.Feature.HydeKernelTest" assertions="1" time="0.021060"/>
        <testcase name="Strip newlines helper removes all newlines" file="Hyde Kernel (Hyde\Framework\Testing\Feature\HydeKernel)::Strip newlines helper removes all newlines" class="Hyde\Framework\Testing\Feature\HydeKernelTest" classname="Hyde.Framework.Testing.Feature.HydeKernelTest" assertions="1" time="0.021196"/>
        <testcase name="Trim slashes function trims trailing slashes" file="Hyde Kernel (Hyde\Framework\Testing\Feature\HydeKernel)::Trim slashes function trims trailing slashes" class="Hyde\Framework\Testing\Feature\HydeKernelTest" classname="Hyde.Framework.Testing.Feature.HydeKernelTest" assertions="14" time="0.023963"/>
        <testcase name="Markdown helper converts markdown to html" file="Hyde Kernel (Hyde\Framework\Testing\Feature\HydeKernel)::Markdown helper converts markdown to html" class="Hyde\Framework\Testing\Feature\HydeKernelTest" classname="Hyde.Framework.Testing.Feature.HydeKernelTest" assertions="1" time="0.023774"/>
        <testcase name="Markdown helper converts indented markdown to html" file="Hyde Kernel (Hyde\Framework\Testing\Feature\HydeKernel)::Markdown helper converts indented markdown to html" class="Hyde\Framework\Testing\Feature\HydeKernelTest" classname="Hyde.Framework.Testing.Feature.HydeKernelTest" assertions="1" time="0.038564"/>
        <testcase name="Format html path helper formats path according to config rules" file="Hyde Kernel (Hyde\Framework\Testing\Feature\HydeKernel)::Format html path helper formats path according to config rules" class="Hyde\Framework\Testing\Feature\HydeKernelTest" classname="Hyde.Framework.Testing.Feature.HydeKernelTest" assertions="4" time="0.022750"/>
        <testcase name="Relative link helper returns relative link to destination" file="Hyde Kernel (Hyde\Framework\Testing\Feature\HydeKernel)::Relative link helper returns relative link to destination" class="Hyde\Framework\Testing\Feature\HydeKernelTest" classname="Hyde.Framework.Testing.Feature.HydeKernelTest" assertions="2" time="0.023504"/>
        <testcase name="Media link helper returns relative link to destination" file="Hyde Kernel (Hyde\Framework\Testing\Feature\HydeKernel)::Media link helper returns relative link to destination" class="Hyde\Framework\Testing\Feature\HydeKernelTest" classname="Hyde.Framework.Testing.Feature.HydeKernelTest" assertions="2" time="0.024068"/>
        <testcase name="Image helper returns image path for given name" file="Hyde Kernel (Hyde\Framework\Testing\Feature\HydeKernel)::Image helper returns image path for given name" class="Hyde\Framework\Testing\Feature\HydeKernelTest" classname="Hyde.Framework.Testing.Feature.HydeKernelTest" assertions="4" time="0.023388"/>
        <testcase name="Image helper trims media prefix" file="Hyde Kernel (Hyde\Framework\Testing\Feature\HydeKernel)::Image helper trims media prefix" class="Hyde\Framework\Testing\Feature\HydeKernelTest" classname="Hyde.Framework.Testing.Feature.HydeKernelTest" assertions="1" time="0.022697"/>
        <testcase name="Image helper supports custom media directories" file="Hyde Kernel (Hyde\Framework\Testing\Feature\HydeKernel)::Image helper supports custom media directories" class="Hyde\Framework\Testing\Feature\HydeKernelTest" classname="Hyde.Framework.Testing.Feature.HydeKernelTest" assertions="1" time="0.022148"/>
        <testcase name="Route helper" file="Hyde Kernel (Hyde\Framework\Testing\Feature\HydeKernel)::Route helper" class="Hyde\Framework\Testing\Feature\HydeKernelTest" classname="Hyde.Framework.Testing.Feature.HydeKernelTest" assertions="2" time="0.026554"/>
        <testcase name="Route helper with invalid route" file="Hyde Kernel (Hyde\Framework\Testing\Feature\HydeKernel)::Route helper with invalid route" class="Hyde\Framework\Testing\Feature\HydeKernelTest" classname="Hyde.Framework.Testing.Feature.HydeKernelTest" assertions="1" time="0.026473"/>
        <testcase name="Has site url helper returns boolean value for when config setting is set" file="Hyde Kernel (Hyde\Framework\Testing\Feature\HydeKernel)::Has site url helper returns boolean value for when config setting is set" class="Hyde\Framework\Testing\Feature\HydeKernelTest" classname="Hyde.Framework.Testing.Feature.HydeKernelTest" assertions="2" time="0.022670"/>
        <testcase name="Url returns qualified url paths" file="Hyde Kernel (Hyde\Framework\Testing\Feature\HydeKernel)::Url returns qualified url paths" class="Hyde\Framework\Testing\Feature\HydeKernelTest" classname="Hyde.Framework.Testing.Feature.HydeKernelTest" assertions="6" time="0.023288"/>
        <testcase name="Filesystem helper returns the kernel filesystem instance" file="Hyde Kernel (Hyde\Framework\Testing\Feature\HydeKernel)::Filesystem helper returns the kernel filesystem instance" class="Hyde\Framework\Testing\Feature\HydeKernelTest" classname="Hyde.Framework.Testing.Feature.HydeKernelTest" assertions="1" time="0.021888"/>
        <testcase name="Path returns qualified path for given path" file="Hyde Kernel (Hyde\Framework\Testing\Feature\HydeKernel)::Path returns qualified path for given path" class="Hyde\Framework\Testing\Feature\HydeKernelTest" classname="Hyde.Framework.Testing.Feature.HydeKernelTest" assertions="2" time="0.022352"/>
        <testcase name="Vendor path returns qualified path for given path" file="Hyde Kernel (Hyde\Framework\Testing\Feature\HydeKernel)::Vendor path returns qualified path for given path" class="Hyde\Framework\Testing\Feature\HydeKernelTest" classname="Hyde.Framework.Testing.Feature.HydeKernelTest" assertions="2" time="0.022339"/>
        <testcase name="Fluent model source path helpers" file="Hyde Kernel (Hyde\Framework\Testing\Feature\HydeKernel)::Fluent model source path helpers" class="Hyde\Framework\Testing\Feature\HydeKernelTest" classname="Hyde.Framework.Testing.Feature.HydeKernelTest" assertions="7" time="0.023545"/>
        <testcase name="Path to relative helper returns relative path for given path" file="Hyde Kernel (Hyde\Framework\Testing\Feature\HydeKernel)::Path to relative helper returns relative path for given path" class="Hyde\Framework\Testing\Feature\HydeKernelTest" classname="Hyde.Framework.Testing.Feature.HydeKernelTest" assertions="1" time="0.022678"/>
        <testcase name="To array method" file="Hyde Kernel (Hyde\Framework\Testing\Feature\HydeKernel)::To array method" class="Hyde\Framework\Testing\Feature\HydeKernelTest" classname="Hyde.Framework.Testing.Feature.HydeKernelTest" assertions="1" time="0.027347"/>
        <testcase name="Json serialize method" file="Hyde Kernel (Hyde\Framework\Testing\Feature\HydeKernel)::Json serialize method" class="Hyde\Framework\Testing\Feature\HydeKernelTest" classname="Hyde.Framework.Testing.Feature.HydeKernelTest" assertions="1" time="0.028753"/>
        <testcase name="To json method" file="Hyde Kernel (Hyde\Framework\Testing\Feature\HydeKernel)::To json method" class="Hyde\Framework\Testing\Feature\HydeKernelTest" classname="Hyde.Framework.Testing.Feature.HydeKernelTest" assertions="1" time="0.028666"/>
        <testcase name="Version constant is a valid semver string" file="Hyde Kernel (Hyde\Framework\Testing\Feature\HydeKernel)::Version constant is a valid semver string" class="Hyde\Framework\Testing\Feature\HydeKernelTest" classname="Hyde.Framework.Testing.Feature.HydeKernelTest" assertions="1" time="0.023385"/>
        <testcase name="Version method returns version constant" file="Hyde Kernel (Hyde\Framework\Testing\Feature\HydeKernel)::Version method returns version constant" class="Hyde\Framework\Testing\Feature\HydeKernelTest" classname="Hyde.Framework.Testing.Feature.HydeKernelTest" assertions="1" time="0.021904"/>
        <testcase name="Can get source root" file="Hyde Kernel (Hyde\Framework\Testing\Feature\HydeKernel)::Can get source root" class="Hyde\Framework\Testing\Feature\HydeKernelTest" classname="Hyde.Framework.Testing.Feature.HydeKernelTest" assertions="1" time="0.021449"/>
        <testcase name="Can set source root" file="Hyde Kernel (Hyde\Framework\Testing\Feature\HydeKernel)::Can set source root" class="Hyde\Framework\Testing\Feature\HydeKernelTest" classname="Hyde.Framework.Testing.Feature.HydeKernelTest" assertions="1" time="0.021490"/>
        <testcase name="Can set source root to absolute project path" file="Hyde Kernel (Hyde\Framework\Testing\Feature\HydeKernel)::Can set source root to absolute project path" class="Hyde\Framework\Testing\Feature\HydeKernelTest" classname="Hyde.Framework.Testing.Feature.HydeKernelTest" assertions="1" time="0.021152"/>
        <testcase name="Set source root trims trailing slashes" file="Hyde Kernel (Hyde\Framework\Testing\Feature\HydeKernel)::Set source root trims trailing slashes" class="Hyde\Framework\Testing\Feature\HydeKernelTest" classname="Hyde.Framework.Testing.Feature.HydeKernelTest" assertions="1" time="0.022141"/>
        <testcase name="Can get output directory" file="Hyde Kernel (Hyde\Framework\Testing\Feature\HydeKernel)::Can get output directory" class="Hyde\Framework\Testing\Feature\HydeKernelTest" classname="Hyde.Framework.Testing.Feature.HydeKernelTest" assertions="1" time="0.022812"/>
        <testcase name="Can set output directory" file="Hyde Kernel (Hyde\Framework\Testing\Feature\HydeKernel)::Can set output directory" class="Hyde\Framework\Testing\Feature\HydeKernelTest" classname="Hyde.Framework.Testing.Feature.HydeKernelTest" assertions="2" time="0.022292"/>
        <testcase name="Can set output directory to absolute project path" file="Hyde Kernel (Hyde\Framework\Testing\Feature\HydeKernel)::Can set output directory to absolute project path" class="Hyde\Framework\Testing\Feature\HydeKernelTest" classname="Hyde.Framework.Testing.Feature.HydeKernelTest" assertions="2" time="0.021922"/>
        <testcase name="Set output directory trims trailing slashes" file="Hyde Kernel (Hyde\Framework\Testing\Feature\HydeKernel)::Set output directory trims trailing slashes" class="Hyde\Framework\Testing\Feature\HydeKernelTest" classname="Hyde.Framework.Testing.Feature.HydeKernelTest" assertions="1" time="0.022675"/>
        <testcase name="Can get media directory" file="Hyde Kernel (Hyde\Framework\Testing\Feature\HydeKernel)::Can get media directory" class="Hyde\Framework\Testing\Feature\HydeKernelTest" classname="Hyde.Framework.Testing.Feature.HydeKernelTest" assertions="1" time="0.023570"/>
        <testcase name="Can set media directory" file="Hyde Kernel (Hyde\Framework\Testing\Feature\HydeKernel)::Can set media directory" class="Hyde\Framework\Testing\Feature\HydeKernelTest" classname="Hyde.Framework.Testing.Feature.HydeKernelTest" assertions="1" time="0.022736"/>
        <testcase name="Set media directory trims trailing slashes" file="Hyde Kernel (Hyde\Framework\Testing\Feature\HydeKernel)::Set media directory trims trailing slashes" class="Hyde\Framework\Testing\Feature\HydeKernelTest" classname="Hyde.Framework.Testing.Feature.HydeKernelTest" assertions="1" time="0.023170"/>
        <testcase name="Can get media output directory name" file="Hyde Kernel (Hyde\Framework\Testing\Feature\HydeKernel)::Can get media output directory name" class="Hyde\Framework\Testing\Feature\HydeKernelTest" classname="Hyde.Framework.Testing.Feature.HydeKernelTest" assertions="1" time="0.023030"/>
        <testcase name="Get media output directory name uses trimmed version of media source directory" file="Hyde Kernel (Hyde\Framework\Testing\Feature\HydeKernel)::Get media output directory name uses trimmed version of media source directory" class="Hyde\Framework\Testing\Feature\HydeKernelTest" classname="Hyde.Framework.Testing.Feature.HydeKernelTest" assertions="1" time="0.022320"/>
        <testcase name="Can get site media output directory" file="Hyde Kernel (Hyde\Framework\Testing\Feature\HydeKernel)::Can get site media output directory" class="Hyde\Framework\Testing\Feature\HydeKernelTest" classname="Hyde.Framework.Testing.Feature.HydeKernelTest" assertions="1" time="0.021628"/>
        <testcase name="Get site media output directory uses trimmed version of media source directory" file="Hyde Kernel (Hyde\Framework\Testing\Feature\HydeKernel)::Get site media output directory uses trimmed version of media source directory" class="Hyde\Framework\Testing\Feature\HydeKernelTest" classname="Hyde.Framework.Testing.Feature.HydeKernelTest" assertions="1" time="0.037459"/>
        <testcase name="Get site media output directory uses configured site output directory" file="Hyde Kernel (Hyde\Framework\Testing\Feature\HydeKernel)::Get site media output directory uses configured site output directory" class="Hyde\Framework\Testing\Feature\HydeKernelTest" classname="Hyde.Framework.Testing.Feature.HydeKernelTest" assertions="1" time="0.022532"/>
        <testcase name="Media output directory can be changed in configuration" file="Hyde Kernel (Hyde\Framework\Testing\Feature\HydeKernel)::Media output directory can be changed in configuration" class="Hyde\Framework\Testing\Feature\HydeKernelTest" classname="Hyde.Framework.Testing.Feature.HydeKernelTest" assertions="2" time="0.022199"/>
        <testcase name="Can access kernel fluently using the facade" file="Hyde Kernel (Hyde\Framework\Testing\Feature\HydeKernel)::Can access kernel fluently using the facade" class="Hyde\Framework\Testing\Feature\HydeKernelTest" classname="Hyde.Framework.Testing.Feature.HydeKernelTest" assertions="2" time="0.021103"/>
        <testcase name="Can access kernel symbols fluently using the facade" file="Hyde Kernel (Hyde\Framework\Testing\Feature\HydeKernel)::Can access kernel symbols fluently using the facade" class="Hyde\Framework\Testing\Feature\HydeKernelTest" classname="Hyde.Framework.Testing.Feature.HydeKernelTest" assertions="1" time="0.021282"/>
        <testcase name="Can register booting callback closure" file="Hyde Kernel (Hyde\Framework\Testing\Feature\HydeKernel)::Can register booting callback closure" class="Hyde\Framework\Testing\Feature\HydeKernelTest" classname="Hyde.Framework.Testing.Feature.HydeKernelTest" assertions="1" time="0.024981"/>
        <testcase name="Can register booted callback closure" file="Hyde Kernel (Hyde\Framework\Testing\Feature\HydeKernel)::Can register booted callback closure" class="Hyde\Framework\Testing\Feature\HydeKernelTest" classname="Hyde.Framework.Testing.Feature.HydeKernelTest" assertions="1" time="0.025261"/>
        <testcase name="Can register booting callback callable" file="Hyde Kernel (Hyde\Framework\Testing\Feature\HydeKernel)::Can register booting callback callable" class="Hyde\Framework\Testing\Feature\HydeKernelTest" classname="Hyde.Framework.Testing.Feature.HydeKernelTest" assertions="1" time="0.025912"/>
        <testcase name="Can register booted callback callable" file="Hyde Kernel (Hyde\Framework\Testing\Feature\HydeKernel)::Can register booted callback callable" class="Hyde\Framework\Testing\Feature\HydeKernelTest" classname="Hyde.Framework.Testing.Feature.HydeKernelTest" assertions="1" time="0.025884"/>
        <testcase name="Booting callback receives kernel instance" file="Hyde Kernel (Hyde\Framework\Testing\Feature\HydeKernel)::Booting callback receives kernel instance" class="Hyde\Framework\Testing\Feature\HydeKernelTest" classname="Hyde.Framework.Testing.Feature.HydeKernelTest" assertions="1" time="0.024900"/>
        <testcase name="Booted callback receives kernel instance" file="Hyde Kernel (Hyde\Framework\Testing\Feature\HydeKernel)::Booted callback receives kernel instance" class="Hyde\Framework\Testing\Feature\HydeKernelTest" classname="Hyde.Framework.Testing.Feature.HydeKernelTest" assertions="1" time="0.026395"/>
        <testcase name="Can use booting callbacks to inject custom pages" file="Hyde Kernel (Hyde\Framework\Testing\Feature\HydeKernel)::Can use booting callbacks to inject custom pages" class="Hyde\Framework\Testing\Feature\HydeKernelTest" classname="Hyde.Framework.Testing.Feature.HydeKernelTest" assertions="2" time="0.027294"/>
        <testcase name="Is booted returns false when not booted" file="Hyde Kernel (Hyde\Framework\Testing\Feature\HydeKernel)::Is booted returns false when not booted" class="Hyde\Framework\Testing\Feature\HydeKernelTest" classname="Hyde.Framework.Testing.Feature.HydeKernelTest" assertions="1" time="0.021266"/>
        <testcase name="Is booted returns true when booted" file="Hyde Kernel (Hyde\Framework\Testing\Feature\HydeKernel)::Is booted returns true when booted" class="Hyde\Framework\Testing\Feature\HydeKernelTest" classname="Hyde.Framework.Testing.Feature.HydeKernelTest" assertions="1" time="0.024080"/>
        <testcase name="Is booted method on the facade" file="Hyde Kernel (Hyde\Framework\Testing\Feature\HydeKernel)::Is booted method on the facade" class="Hyde\Framework\Testing\Feature\HydeKernelTest" classname="Hyde.Framework.Testing.Feature.HydeKernelTest" assertions="2" time="0.023980"/>
      </testsuite>
      <testsuite name="Hyde\Framework\Testing\Feature\HydePageTest" file="Hyde Page (Hyde\Framework\Testing\Feature\HydePage)" tests="154" assertions="245" errors="0" failures="0" skipped="0" time="3.579779">
        <testcase name="Base source directory" file="Hyde Page (Hyde\Framework\Testing\Feature\HydePage)::Base source directory" class="Hyde\Framework\Testing\Feature\HydePageTest" classname="Hyde.Framework.Testing.Feature.HydePageTest" assertions="1" time="0.108648"/>
        <testcase name="Base output directory" file="Hyde Page (Hyde\Framework\Testing\Feature\HydePage)::Base output directory" class="Hyde\Framework\Testing\Feature\HydePageTest" classname="Hyde.Framework.Testing.Feature.HydePageTest" assertions="1" time="0.020456"/>
        <testcase name="Base file extension" file="Hyde Page (Hyde\Framework\Testing\Feature\HydePage)::Base file extension" class="Hyde\Framework\Testing\Feature\HydePageTest" classname="Hyde.Framework.Testing.Feature.HydePageTest" assertions="1" time="0.020274"/>
        <testcase name="Base source path" file="Hyde Page (Hyde\Framework\Testing\Feature\HydePage)::Base source path" class="Hyde\Framework\Testing\Feature\HydePageTest" classname="Hyde.Framework.Testing.Feature.HydePageTest" assertions="1" time="0.020216"/>
        <testcase name="Base output path" file="Hyde Page (Hyde\Framework\Testing\Feature\HydePage)::Base output path" class="Hyde\Framework\Testing\Feature\HydePageTest" classname="Hyde.Framework.Testing.Feature.HydePageTest" assertions="1" time="0.020155"/>
        <testcase name="Base path" file="Hyde Page (Hyde\Framework\Testing\Feature\HydePage)::Base path" class="Hyde\Framework\Testing\Feature\HydePageTest" classname="Hyde.Framework.Testing.Feature.HydePageTest" assertions="1" time="0.020606"/>
        <testcase name="Base path to identifier" file="Hyde Page (Hyde\Framework\Testing\Feature\HydePage)::Base path to identifier" class="Hyde\Framework\Testing\Feature\HydePageTest" classname="Hyde.Framework.Testing.Feature.HydePageTest" assertions="1" time="0.032498"/>
        <testcase name="Base base route key" file="Hyde Page (Hyde\Framework\Testing\Feature\HydePage)::Base base route key" class="Hyde\Framework\Testing\Feature\HydePageTest" classname="Hyde.Framework.Testing.Feature.HydePageTest" assertions="1" time="0.021056"/>
        <testcase name="Base is discoverable" file="Hyde Page (Hyde\Framework\Testing\Feature\HydePage)::Base is discoverable" class="Hyde\Framework\Testing\Feature\HydePageTest" classname="Hyde.Framework.Testing.Feature.HydePageTest" assertions="1" time="0.020694"/>
        <testcase name="Source directory" file="Hyde Page (Hyde\Framework\Testing\Feature\HydePage)::Source directory" class="Hyde\Framework\Testing\Feature\HydePageTest" classname="Hyde.Framework.Testing.Feature.HydePageTest" assertions="1" time="0.020600"/>
        <testcase name="Output directory" file="Hyde Page (Hyde\Framework\Testing\Feature\HydePage)::Output directory" class="Hyde\Framework\Testing\Feature\HydePageTest" classname="Hyde.Framework.Testing.Feature.HydePageTest" assertions="1" time="0.020500"/>
        <testcase name="File extension" file="Hyde Page (Hyde\Framework\Testing\Feature\HydePage)::File extension" class="Hyde\Framework\Testing\Feature\HydePageTest" classname="Hyde.Framework.Testing.Feature.HydePageTest" assertions="1" time="0.020446"/>
        <testcase name="Source path" file="Hyde Page (Hyde\Framework\Testing\Feature\HydePage)::Source path" class="Hyde\Framework\Testing\Feature\HydePageTest" classname="Hyde.Framework.Testing.Feature.HydePageTest" assertions="1" time="0.020443"/>
        <testcase name="Output path" file="Hyde Page (Hyde\Framework\Testing\Feature\HydePage)::Output path" class="Hyde\Framework\Testing\Feature\HydePageTest" classname="Hyde.Framework.Testing.Feature.HydePageTest" assertions="1" time="0.020428"/>
        <testcase name="Path" file="Hyde Page (Hyde\Framework\Testing\Feature\HydePage)::Path" class="Hyde\Framework\Testing\Feature\HydePageTest" classname="Hyde.Framework.Testing.Feature.HydePageTest" assertions="1" time="0.021135"/>
        <testcase name="Base route key" file="Hyde Page (Hyde\Framework\Testing\Feature\HydePage)::Base route key" class="Hyde\Framework\Testing\Feature\HydePageTest" classname="Hyde.Framework.Testing.Feature.HydePageTest" assertions="1" time="0.020964"/>
        <testcase name="Is discoverable" file="Hyde Page (Hyde\Framework\Testing\Feature\HydePage)::Is discoverable" class="Hyde\Framework\Testing\Feature\HydePageTest" classname="Hyde.Framework.Testing.Feature.HydePageTest" assertions="1" time="0.025552"/>
        <testcase name="Get source path" file="Hyde Page (Hyde\Framework\Testing\Feature\HydePage)::Get source path" class="Hyde\Framework\Testing\Feature\HydePageTest" classname="Hyde.Framework.Testing.Feature.HydePageTest" assertions="1" time="0.022190"/>
        <testcase name="Get output path" file="Hyde Page (Hyde\Framework\Testing\Feature\HydePage)::Get output path" class="Hyde\Framework\Testing\Feature\HydePageTest" classname="Hyde.Framework.Testing.Feature.HydePageTest" assertions="1" time="0.021941"/>
        <testcase name="Get link" file="Hyde Page (Hyde\Framework\Testing\Feature\HydePage)::Get link" class="Hyde\Framework\Testing\Feature\HydePageTest" classname="Hyde.Framework.Testing.Feature.HydePageTest" assertions="1" time="0.022120"/>
        <testcase name="Make" file="Hyde Page (Hyde\Framework\Testing\Feature\HydePage)::Make" class="Hyde\Framework\Testing\Feature\HydePageTest" classname="Hyde.Framework.Testing.Feature.HydePageTest" assertions="1" time="0.023025"/>
        <testcase name="Make with data" file="Hyde Page (Hyde\Framework\Testing\Feature\HydePage)::Make with data" class="Hyde\Framework\Testing\Feature\HydePageTest" classname="Hyde.Framework.Testing.Feature.HydePageTest" assertions="1" time="0.024367"/>
        <testcase name="Show in navigation" file="Hyde Page (Hyde\Framework\Testing\Feature\HydePage)::Show in navigation" class="Hyde\Framework\Testing\Feature\HydePageTest" classname="Hyde.Framework.Testing.Feature.HydePageTest" assertions="5" time="0.024818"/>
        <testcase name="Navigation menu priority" file="Hyde Page (Hyde\Framework\Testing\Feature\HydePage)::Navigation menu priority" class="Hyde\Framework\Testing\Feature\HydePageTest" classname="Hyde.Framework.Testing.Feature.HydePageTest" assertions="5" time="0.025143"/>
        <testcase name="Navigation menu label" file="Hyde Page (Hyde\Framework\Testing\Feature\HydePage)::Navigation menu label" class="Hyde\Framework\Testing\Feature\HydePageTest" classname="Hyde.Framework.Testing.Feature.HydePageTest" assertions="5" time="0.025246"/>
        <testcase name="Navigation menu group" file="Hyde Page (Hyde\Framework\Testing\Feature\HydePage)::Navigation menu group" class="Hyde\Framework\Testing\Feature\HydePageTest" classname="Hyde.Framework.Testing.Feature.HydePageTest" assertions="6" time="0.025179"/>
        <testcase name="To array" file="Hyde Page (Hyde\Framework\Testing\Feature\HydePage)::To array" class="Hyde\Framework\Testing\Feature\HydePageTest" classname="Hyde.Framework.Testing.Feature.HydePageTest" assertions="1" time="0.022555"/>
        <testcase name="Get source directory returns static property" file="Hyde Page (Hyde\Framework\Testing\Feature\HydePage)::Get source directory returns static property" class="Hyde\Framework\Testing\Feature\HydePageTest" classname="Hyde.Framework.Testing.Feature.HydePageTest" assertions="1" time="0.021006"/>
        <testcase name="Set source directory trims trailing slashes" file="Hyde Page (Hyde\Framework\Testing\Feature\HydePage)::Set source directory trims trailing slashes" class="Hyde\Framework\Testing\Feature\HydePageTest" classname="Hyde.Framework.Testing.Feature.HydePageTest" assertions="1" time="0.020978"/>
        <testcase name="Get output directory returns static property" file="Hyde Page (Hyde\Framework\Testing\Feature\HydePage)::Get output directory returns static property" class="Hyde\Framework\Testing\Feature\HydePageTest" classname="Hyde.Framework.Testing.Feature.HydePageTest" assertions="1" time="0.021449"/>
        <testcase name="Set output directory trims trailing slashes" file="Hyde Page (Hyde\Framework\Testing\Feature\HydePage)::Set output directory trims trailing slashes" class="Hyde\Framework\Testing\Feature\HydePageTest" classname="Hyde.Framework.Testing.Feature.HydePageTest" assertions="1" time="0.021424"/>
        <testcase name="Get file extension returns static property" file="Hyde Page (Hyde\Framework\Testing\Feature\HydePage)::Get file extension returns static property" class="Hyde\Framework\Testing\Feature\HydePageTest" classname="Hyde.Framework.Testing.Feature.HydePageTest" assertions="1" time="0.021029"/>
        <testcase name="Set file extension forces leading period" file="Hyde Page (Hyde\Framework\Testing\Feature\HydePage)::Set file extension forces leading period" class="Hyde\Framework\Testing\Feature\HydePageTest" classname="Hyde.Framework.Testing.Feature.HydePageTest" assertions="1" time="0.020932"/>
        <testcase name="Set file extension removes trailing period" file="Hyde Page (Hyde\Framework\Testing\Feature\HydePage)::Set file extension removes trailing period" class="Hyde\Framework\Testing\Feature\HydePageTest" classname="Hyde.Framework.Testing.Feature.HydePageTest" assertions="1" time="0.020826"/>
        <testcase name="Get identifier returns identifier property" file="Hyde Page (Hyde\Framework\Testing\Feature\HydePage)::Get identifier returns identifier property" class="Hyde\Framework\Testing\Feature\HydePageTest" classname="Hyde.Framework.Testing.Feature.HydePageTest" assertions="1" time="0.022632"/>
        <testcase name="Set source directory" file="Hyde Page (Hyde\Framework\Testing\Feature\HydePage)::Set source directory" class="Hyde\Framework\Testing\Feature\HydePageTest" classname="Hyde.Framework.Testing.Feature.HydePageTest" assertions="1" time="0.020682"/>
        <testcase name="Set output directory" file="Hyde Page (Hyde\Framework\Testing\Feature\HydePage)::Set output directory" class="Hyde\Framework\Testing\Feature\HydePageTest" classname="Hyde.Framework.Testing.Feature.HydePageTest" assertions="1" time="0.020725"/>
        <testcase name="Set file extension" file="Hyde Page (Hyde\Framework\Testing\Feature\HydePage)::Set file extension" class="Hyde\Framework\Testing\Feature\HydePageTest" classname="Hyde.Framework.Testing.Feature.HydePageTest" assertions="1" time="0.020786"/>
        <testcase name="Static get method returns discovered page" file="Hyde Page (Hyde\Framework\Testing\Feature\HydePage)::Static get method returns discovered page" class="Hyde\Framework\Testing\Feature\HydePageTest" classname="Hyde.Framework.Testing.Feature.HydePageTest" assertions="1" time="0.025920"/>
        <testcase name="Static get method throws exception if page not found" file="Hyde Page (Hyde\Framework\Testing\Feature\HydePage)::Static get method throws exception if page not found" class="Hyde\Framework\Testing\Feature\HydePageTest" classname="Hyde.Framework.Testing.Feature.HydePageTest" assertions="1" time="0.024580"/>
        <testcase name="Parse parses supplied slug into a page model" file="Hyde Page (Hyde\Framework\Testing\Feature\HydePage)::Parse parses supplied slug into a page model" class="Hyde\Framework\Testing\Feature\HydePageTest" classname="Hyde.Framework.Testing.Feature.HydePageTest" assertions="2" time="0.038608"/>
        <testcase name="Files returns array of source files" file="Hyde Page (Hyde\Framework\Testing\Feature\HydePage)::Files returns array of source files" class="Hyde\Framework\Testing\Feature\HydePageTest" classname="Hyde.Framework.Testing.Feature.HydePageTest" assertions="1" time="0.026864"/>
        <testcase name="All returns collection of all parsed source files from page index" file="Hyde Page (Hyde\Framework\Testing\Feature\HydePage)::All returns collection of all parsed source files from page index" class="Hyde\Framework\Testing\Feature\HydePageTest" classname="Hyde.Framework.Testing.Feature.HydePageTest" assertions="2" time="0.027761"/>
        <testcase name="Qualify basename properly expands basename for the model" file="Hyde Page (Hyde\Framework\Testing\Feature\HydePage)::Qualify basename properly expands basename for the model" class="Hyde\Framework\Testing\Feature\HydePageTest" classname="Hyde.Framework.Testing.Feature.HydePageTest" assertions="1" time="0.021309"/>
        <testcase name="Qualify basename trims slashes from input" file="Hyde Page (Hyde\Framework\Testing\Feature\HydePage)::Qualify basename trims slashes from input" class="Hyde\Framework\Testing\Feature\HydePageTest" classname="Hyde.Framework.Testing.Feature.HydePageTest" assertions="1" time="0.020805"/>
        <testcase name="Qualify basename uses the static properties" file="Hyde Page (Hyde\Framework\Testing\Feature\HydePage)::Qualify basename uses the static properties" class="Hyde\Framework\Testing\Feature\HydePageTest" classname="Hyde.Framework.Testing.Feature.HydePageTest" assertions="1" time="0.020952"/>
        <testcase name="Path returns absolute path to source directory when no parameter is supplied" file="Hyde Page (Hyde\Framework\Testing\Feature\HydePage)::Path returns absolute path to source directory when no parameter is supplied" class="Hyde\Framework\Testing\Feature\HydePageTest" classname="Hyde.Framework.Testing.Feature.HydePageTest" assertions="1" time="0.021060"/>
        <testcase name="Path returns absolute path to file in source directory when parameter is supplied" file="Hyde Page (Hyde\Framework\Testing\Feature\HydePage)::Path returns absolute path to file in source directory when parameter is supplied" class="Hyde\Framework\Testing\Feature\HydePageTest" classname="Hyde.Framework.Testing.Feature.HydePageTest" assertions="1" time="0.020983"/>
        <testcase name="Path method removes trailing slashes" file="Hyde Page (Hyde\Framework\Testing\Feature\HydePage)::Path method removes trailing slashes" class="Hyde\Framework\Testing\Feature\HydePageTest" classname="Hyde.Framework.Testing.Feature.HydePageTest" assertions="1" time="0.020679"/>
        <testcase name="Get output location returns the file output path for the supplied basename" file="Hyde Page (Hyde\Framework\Testing\Feature\HydePage)::Get output location returns the file output path for the supplied basename" class="Hyde\Framework\Testing\Feature\HydePageTest" classname="Hyde.Framework.Testing.Feature.HydePageTest" assertions="1" time="0.020686"/>
        <testcase name="Get output location returns the configured location" file="Hyde Page (Hyde\Framework\Testing\Feature\HydePage)::Get output location returns the configured location" class="Hyde\Framework\Testing\Feature\HydePageTest" classname="Hyde.Framework.Testing.Feature.HydePageTest" assertions="1" time="0.020637"/>
        <testcase name="Get output location trims trailing slashes from directory setting" file="Hyde Page (Hyde\Framework\Testing\Feature\HydePage)::Get output location trims trailing slashes from directory setting" class="Hyde\Framework\Testing\Feature\HydePageTest" classname="Hyde.Framework.Testing.Feature.HydePageTest" assertions="1" time="0.020739"/>
        <testcase name="Get output location trims trailing slashes from basename" file="Hyde Page (Hyde\Framework\Testing\Feature\HydePage)::Get output location trims trailing slashes from basename" class="Hyde\Framework\Testing\Feature\HydePageTest" classname="Hyde.Framework.Testing.Feature.HydePageTest" assertions="1" time="0.021103"/>
        <testcase name="Get route key returns output directory and basename" file="Hyde Page (Hyde\Framework\Testing\Feature\HydePage)::Get route key returns output directory and basename" class="Hyde\Framework\Testing\Feature\HydePageTest" classname="Hyde.Framework.Testing.Feature.HydePageTest" assertions="1" time="0.022212"/>
        <testcase name="Get route key returns output directory and basename for configured directory" file="Hyde Page (Hyde\Framework\Testing\Feature\HydePage)::Get route key returns output directory and basename for configured directory" class="Hyde\Framework\Testing\Feature\HydePageTest" classname="Hyde.Framework.Testing.Feature.HydePageTest" assertions="1" time="0.022044"/>
        <testcase name="Get route key trims trailing slashes from directory setting" file="Hyde Page (Hyde\Framework\Testing\Feature\HydePage)::Get route key trims trailing slashes from directory setting" class="Hyde\Framework\Testing\Feature\HydePageTest" classname="Hyde.Framework.Testing.Feature.HydePageTest" assertions="1" time="0.021882"/>
        <testcase name="Get output path returns current page path with html extension appended" file="Hyde Page (Hyde\Framework\Testing\Feature\HydePage)::Get output path returns current page path with html extension appended" class="Hyde\Framework\Testing\Feature\HydePageTest" classname="Hyde.Framework.Testing.Feature.HydePageTest" assertions="1" time="0.022170"/>
        <testcase name="Get source path returns qualified basename" file="Hyde Page (Hyde\Framework\Testing\Feature\HydePage)::Get source path returns qualified basename" class="Hyde\Framework\Testing\Feature\HydePageTest" classname="Hyde.Framework.Testing.Feature.HydePageTest" assertions="1" time="0.022437"/>
        <testcase name="Markdown page implements page contract" file="Hyde Page (Hyde\Framework\Testing\Feature\HydePage)::Markdown page implements page contract" class="Hyde\Framework\Testing\Feature\HydePageTest" classname="Hyde.Framework.Testing.Feature.HydePageTest" assertions="1" time="0.023504"/>
        <testcase name="All page models extend abstract page" file="Hyde Page (Hyde\Framework\Testing\Feature\HydePage)::All page models extend abstract page" class="Hyde\Framework\Testing\Feature\HydePageTest" classname="Hyde.Framework.Testing.Feature.HydePageTest" assertions="6" time="0.026117"/>
        <testcase name="All page models have configured source directory" file="Hyde Page (Hyde\Framework\Testing\Feature\HydePage)::All page models have configured source directory" class="Hyde\Framework\Testing\Feature\HydePageTest" classname="Hyde.Framework.Testing.Feature.HydePageTest" assertions="5" time="0.022834"/>
        <testcase name="All page models have configured output directory" file="Hyde Page (Hyde\Framework\Testing\Feature\HydePage)::All page models have configured output directory" class="Hyde\Framework\Testing\Feature\HydePageTest" classname="Hyde.Framework.Testing.Feature.HydePageTest" assertions="4" time="0.023612"/>
        <testcase name="All page models have configured file extension" file="Hyde Page (Hyde\Framework\Testing\Feature\HydePage)::All page models have configured file extension" class="Hyde\Framework\Testing\Feature\HydePageTest" classname="Hyde.Framework.Testing.Feature.HydePageTest" assertions="4" time="0.023031"/>
        <testcase name="Abstract markdown page extends abstract page" file="Hyde Page (Hyde\Framework\Testing\Feature\HydePage)::Abstract markdown page extends abstract page" class="Hyde\Framework\Testing\Feature\HydePageTest" classname="Hyde.Framework.Testing.Feature.HydePageTest" assertions="1" time="0.025019"/>
        <testcase name="Abstract markdown page implements page contract" file="Hyde Page (Hyde\Framework\Testing\Feature\HydePage)::Abstract markdown page implements page contract" class="Hyde\Framework\Testing\Feature\HydePageTest" classname="Hyde.Framework.Testing.Feature.HydePageTest" assertions="1" time="0.021119"/>
        <testcase name="Abstract markdown page has markdown document property" file="Hyde Page (Hyde\Framework\Testing\Feature\HydePage)::Abstract markdown page has markdown document property" class="Hyde\Framework\Testing\Feature\HydePageTest" classname="Hyde.Framework.Testing.Feature.HydePageTest" assertions="1" time="0.020854"/>
        <testcase name="Abstract markdown page has file extension property" file="Hyde Page (Hyde\Framework\Testing\Feature\HydePage)::Abstract markdown page has file extension property" class="Hyde\Framework\Testing\Feature\HydePageTest" classname="Hyde.Framework.Testing.Feature.HydePageTest" assertions="1" time="0.020784"/>
        <testcase name="Abstract markdown page file extension property is set to md" file="Hyde Page (Hyde\Framework\Testing\Feature\HydePage)::Abstract markdown page file extension property is set to md" class="Hyde\Framework\Testing\Feature\HydePageTest" classname="Hyde.Framework.Testing.Feature.HydePageTest" assertions="1" time="0.020670"/>
        <testcase name="Abstract markdown page constructor arguments are optional" file="Hyde Page (Hyde\Framework\Testing\Feature\HydePage)::Abstract markdown page constructor arguments are optional" class="Hyde\Framework\Testing\Feature\HydePageTest" classname="Hyde.Framework.Testing.Feature.HydePageTest" assertions="1" time="0.021252"/>
        <testcase name="Abstract markdown page constructor assigns markdown document property if set" file="Hyde Page (Hyde\Framework\Testing\Feature\HydePage)::Abstract markdown page constructor assigns markdown document property if set" class="Hyde\Framework\Testing\Feature\HydePageTest" classname="Hyde.Framework.Testing.Feature.HydePageTest" assertions="1" time="0.021975"/>
        <testcase name="Abstract markdown page constructor creates new markdown document if no markdown document is set" file="Hyde Page (Hyde\Framework\Testing\Feature\HydePage)::Abstract markdown page constructor creates new markdown document if no markdown document is set" class="Hyde\Framework\Testing\Feature\HydePageTest" classname="Hyde.Framework.Testing.Feature.HydePageTest" assertions="1" time="0.021562"/>
        <testcase name="Abstract markdown page markdown helper returns the markdown document instance" file="Hyde Page (Hyde\Framework\Testing\Feature\HydePage)::Abstract markdown page markdown helper returns the markdown document instance" class="Hyde\Framework\Testing\Feature\HydePageTest" classname="Hyde.Framework.Testing.Feature.HydePageTest" assertions="1" time="0.021410"/>
        <testcase name="Abstract markdown page markdown helper returns the configured markdown document instance" file="Hyde Page (Hyde\Framework\Testing\Feature\HydePage)::Abstract markdown page markdown helper returns the configured markdown document instance" class="Hyde\Framework\Testing\Feature\HydePageTest" classname="Hyde.Framework.Testing.Feature.HydePageTest" assertions="1" time="0.021594"/>
        <testcase name="Abstract markdown page make helper constructs dynamic title automatically" file="Hyde Page (Hyde\Framework\Testing\Feature\HydePage)::Abstract markdown page make helper constructs dynamic title automatically" class="Hyde\Framework\Testing\Feature\HydePageTest" classname="Hyde.Framework.Testing.Feature.HydePageTest" assertions="1" time="0.035460"/>
        <testcase name="Markdown based pages extend abstract markdown page" file="Hyde Page (Hyde\Framework\Testing\Feature\HydePage)::Markdown based pages extend abstract markdown page" class="Hyde\Framework\Testing\Feature\HydePageTest" classname="Hyde.Framework.Testing.Feature.HydePageTest" assertions="3" time="0.023358"/>
        <testcase name="Blade pages do not extend abstract markdown page" file="Hyde Page (Hyde\Framework\Testing\Feature\HydePage)::Blade pages do not extend abstract markdown page" class="Hyde\Framework\Testing\Feature\HydePageTest" classname="Hyde.Framework.Testing.Feature.HydePageTest" assertions="1" time="0.021589"/>
        <testcase name="Get route returns page route" file="Hyde Page (Hyde\Framework\Testing\Feature\HydePage)::Get route returns page route" class="Hyde\Framework\Testing\Feature\HydePageTest" classname="Hyde.Framework.Testing.Feature.HydePageTest" assertions="1" time="0.025570"/>
        <testcase name="Get route returns the route object from the router index" file="Hyde Page (Hyde\Framework\Testing\Feature\HydePage)::Get route returns the route object from the router index" class="Hyde\Framework\Testing\Feature\HydePageTest" classname="Hyde.Framework.Testing.Feature.HydePageTest" assertions="1" time="0.027421"/>
        <testcase name="Html title returns site name plus page title" file="Hyde Page (Hyde\Framework\Testing\Feature\HydePage)::Html title returns site name plus page title" class="Hyde\Framework\Testing\Feature\HydePageTest" classname="Hyde.Framework.Testing.Feature.HydePageTest" assertions="1" time="0.021975"/>
        <testcase name="Html title uses configured site name" file="Hyde Page (Hyde\Framework\Testing\Feature\HydePage)::Html title uses configured site name" class="Hyde\Framework\Testing\Feature\HydePageTest" classname="Hyde.Framework.Testing.Feature.HydePageTest" assertions="1" time="0.021544"/>
        <testcase name="Body helper returns markdown document body in markdown pages" file="Hyde Page (Hyde\Framework\Testing\Feature\HydePage)::Body helper returns markdown document body in markdown pages" class="Hyde\Framework\Testing\Feature\HydePageTest" classname="Hyde.Framework.Testing.Feature.HydePageTest" assertions="1" time="0.021407"/>
        <testcase name="Show in navigation returns false for markdown post" file="Hyde Page (Hyde\Framework\Testing\Feature\HydePage)::Show in navigation returns false for markdown post" class="Hyde\Framework\Testing\Feature\HydePageTest" classname="Hyde.Framework.Testing.Feature.HydePageTest" assertions="1" time="0.021677"/>
        <testcase name="Show in navigation returns true for documentation page if slug is index" file="Hyde Page (Hyde\Framework\Testing\Feature\HydePage)::Show in navigation returns true for documentation page if slug is index" class="Hyde\Framework\Testing\Feature\HydePageTest" classname="Hyde.Framework.Testing.Feature.HydePageTest" assertions="1" time="0.021415"/>
        <testcase name="Show in navigation returns true for documentation page if slug is not index" file="Hyde Page (Hyde\Framework\Testing\Feature\HydePage)::Show in navigation returns true for documentation page if slug is not index" class="Hyde\Framework\Testing\Feature\HydePageTest" classname="Hyde.Framework.Testing.Feature.HydePageTest" assertions="1" time="0.021410"/>
        <testcase name="Show in navigation returns false for abstract markdown page if matter navigation hidden is true" file="Hyde Page (Hyde\Framework\Testing\Feature\HydePage)::Show in navigation returns false for abstract markdown page if matter navigation hidden is true" class="Hyde\Framework\Testing\Feature\HydePageTest" classname="Hyde.Framework.Testing.Feature.HydePageTest" assertions="1" time="0.021402"/>
        <testcase name="Show in navigation returns true for abstract markdown page if matter navigation visible is true" file="Hyde Page (Hyde\Framework\Testing\Feature\HydePage)::Show in navigation returns true for abstract markdown page if matter navigation visible is true" class="Hyde\Framework\Testing\Feature\HydePageTest" classname="Hyde.Framework.Testing.Feature.HydePageTest" assertions="1" time="0.021513"/>
        <testcase name="Show in navigation returns true for abstract markdown page if matter navigation hidden is false" file="Hyde Page (Hyde\Framework\Testing\Feature\HydePage)::Show in navigation returns true for abstract markdown page if matter navigation hidden is false" class="Hyde\Framework\Testing\Feature\HydePageTest" classname="Hyde.Framework.Testing.Feature.HydePageTest" assertions="1" time="0.021529"/>
        <testcase name="Show in navigation returns true for abstract markdown page if matter navigation hidden is not set" file="Hyde Page (Hyde\Framework\Testing\Feature\HydePage)::Show in navigation returns true for abstract markdown page if matter navigation hidden is not set" class="Hyde\Framework\Testing\Feature\HydePageTest" classname="Hyde.Framework.Testing.Feature.HydePageTest" assertions="1" time="0.021520"/>
        <testcase name="Show in navigation returns false if slug is present in config hyde navigation exclude" file="Hyde Page (Hyde\Framework\Testing\Feature\HydePage)::Show in navigation returns false if slug is present in config hyde navigation exclude" class="Hyde\Framework\Testing\Feature\HydePageTest" classname="Hyde.Framework.Testing.Feature.HydePageTest" assertions="2" time="0.021905"/>
        <testcase name="Show in navigation returns false if slug is 404" file="Hyde Page (Hyde\Framework\Testing\Feature\HydePage)::Show in navigation returns false if slug is 404" class="Hyde\Framework\Testing\Feature\HydePageTest" classname="Hyde.Framework.Testing.Feature.HydePageTest" assertions="1" time="0.021442"/>
        <testcase name="Show in navigation defaults to true if all checks pass" file="Hyde Page (Hyde\Framework\Testing\Feature\HydePage)::Show in navigation defaults to true if all checks pass" class="Hyde\Framework\Testing\Feature\HydePageTest" classname="Hyde.Framework.Testing.Feature.HydePageTest" assertions="1" time="0.021422"/>
        <testcase name="Navigation menu priority returns front matter value of navigation priority if abstract markdown page and not null" file="Hyde Page (Hyde\Framework\Testing\Feature\HydePage)::Navigation menu priority returns front matter value of navigation priority if abstract markdown page and not null" class="Hyde\Framework\Testing\Feature\HydePageTest" classname="Hyde.Framework.Testing.Feature.HydePageTest" assertions="1" time="0.021407"/>
        <testcase name="Navigation menu priority can be set using order property" file="Hyde Page (Hyde\Framework\Testing\Feature\HydePage)::Navigation menu priority can be set using order property" class="Hyde\Framework\Testing\Feature\HydePageTest" classname="Hyde.Framework.Testing.Feature.HydePageTest" assertions="1" time="0.021368"/>
        <testcase name="Navigation menu priority returns specified config value if slug exists in config hyde navigation order" file="Hyde Page (Hyde\Framework\Testing\Feature\HydePage)::Navigation menu priority returns specified config value if slug exists in config hyde navigation order" class="Hyde\Framework\Testing\Feature\HydePageTest" classname="Hyde.Framework.Testing.Feature.HydePageTest" assertions="2" time="0.022116"/>
        <testcase name="Navigation menu priority gives precedence to front matter over config hyde navigation order" file="Hyde Page (Hyde\Framework\Testing\Feature\HydePage)::Navigation menu priority gives precedence to front matter over config hyde navigation order" class="Hyde\Framework\Testing\Feature\HydePageTest" classname="Hyde.Framework.Testing.Feature.HydePageTest" assertions="2" time="0.021855"/>
        <testcase name="Navigation menu priority returns 999 for documentation page" file="Hyde Page (Hyde\Framework\Testing\Feature\HydePage)::Navigation menu priority returns 999 for documentation page" class="Hyde\Framework\Testing\Feature\HydePageTest" classname="Hyde.Framework.Testing.Feature.HydePageTest" assertions="1" time="0.021539"/>
        <testcase name="Navigation menu priority returns 0 if slug is index" file="Hyde Page (Hyde\Framework\Testing\Feature\HydePage)::Navigation menu priority returns 0 if slug is index" class="Hyde\Framework\Testing\Feature\HydePageTest" classname="Hyde.Framework.Testing.Feature.HydePageTest" assertions="1" time="0.021495"/>
        <testcase name="Navigation menu priority returns 10 if slug is posts" file="Hyde Page (Hyde\Framework\Testing\Feature\HydePage)::Navigation menu priority returns 10 if slug is posts" class="Hyde\Framework\Testing\Feature\HydePageTest" classname="Hyde.Framework.Testing.Feature.HydePageTest" assertions="1" time="0.021372"/>
        <testcase name="Navigation menu priority defaults to 999 if no other conditions are met" file="Hyde Page (Hyde\Framework\Testing\Feature\HydePage)::Navigation menu priority defaults to 999 if no other conditions are met" class="Hyde\Framework\Testing\Feature\HydePageTest" classname="Hyde.Framework.Testing.Feature.HydePageTest" assertions="1" time="0.021400"/>
        <testcase name="Navigation menu title returns navigation title matter if set" file="Hyde Page (Hyde\Framework\Testing\Feature\HydePage)::Navigation menu title returns navigation title matter if set" class="Hyde\Framework\Testing\Feature\HydePageTest" classname="Hyde.Framework.Testing.Feature.HydePageTest" assertions="1" time="0.021524"/>
        <testcase name="Navigation menu title returns title matter if set" file="Hyde Page (Hyde\Framework\Testing\Feature\HydePage)::Navigation menu title returns title matter if set" class="Hyde\Framework\Testing\Feature\HydePageTest" classname="Hyde.Framework.Testing.Feature.HydePageTest" assertions="1" time="0.021516"/>
        <testcase name="Navigation menu title navigation title has precedence over title" file="Hyde Page (Hyde\Framework\Testing\Feature\HydePage)::Navigation menu title navigation title has precedence over title" class="Hyde\Framework\Testing\Feature\HydePageTest" classname="Hyde.Framework.Testing.Feature.HydePageTest" assertions="1" time="0.021764"/>
        <testcase name="Navigation menu title returns docs if slug is index and model is documentation page" file="Hyde Page (Hyde\Framework\Testing\Feature\HydePage)::Navigation menu title returns docs if slug is index and model is documentation page" class="Hyde\Framework\Testing\Feature\HydePageTest" classname="Hyde.Framework.Testing.Feature.HydePageTest" assertions="1" time="0.021651"/>
        <testcase name="Navigation menu title returns home if slug is index and model is not documentation page" file="Hyde Page (Hyde\Framework\Testing\Feature\HydePage)::Navigation menu title returns home if slug is index and model is not documentation page" class="Hyde\Framework\Testing\Feature\HydePageTest" classname="Hyde.Framework.Testing.Feature.HydePageTest" assertions="1" time="0.021521"/>
        <testcase name="Navigation menu title returns title if title is set and not empty" file="Hyde Page (Hyde\Framework\Testing\Feature\HydePage)::Navigation menu title returns title if title is set and not empty" class="Hyde\Framework\Testing\Feature\HydePageTest" classname="Hyde.Framework.Testing.Feature.HydePageTest" assertions="1" time="0.021304"/>
        <testcase name="Navigation menu title falls back to hyde make title from slug" file="Hyde Page (Hyde\Framework\Testing\Feature\HydePage)::Navigation menu title falls back to hyde make title from slug" class="Hyde\Framework\Testing\Feature\HydePageTest" classname="Hyde.Framework.Testing.Feature.HydePageTest" assertions="1" time="0.021446"/>
        <testcase name="Navigation menu title can be set in configuration" file="Hyde Page (Hyde\Framework\Testing\Feature\HydePage)::Navigation menu title can be set in configuration" class="Hyde\Framework\Testing\Feature\HydePageTest" classname="Hyde.Framework.Testing.Feature.HydePageTest" assertions="1" time="0.021409"/>
        <testcase name="Documentation page can be hidden from navigation using config" file="Hyde Page (Hyde\Framework\Testing\Feature\HydePage)::Documentation page can be hidden from navigation using config" class="Hyde\Framework\Testing\Feature\HydePageTest" classname="Hyde.Framework.Testing.Feature.HydePageTest" assertions="1" time="0.035689"/>
        <testcase name="Get canonical url returns url for top level page" file="Hyde Page (Hyde\Framework\Testing\Feature\HydePage)::Get canonical url returns url for top level page" class="Hyde\Framework\Testing\Feature\HydePageTest" classname="Hyde.Framework.Testing.Feature.HydePageTest" assertions="1" time="0.022160"/>
        <testcase name="Get canonical url returns pretty url for top level page" file="Hyde Page (Hyde\Framework\Testing\Feature\HydePage)::Get canonical url returns pretty url for top level page" class="Hyde\Framework\Testing\Feature\HydePageTest" classname="Hyde.Framework.Testing.Feature.HydePageTest" assertions="1" time="0.021781"/>
        <testcase name="Get canonical url returns url for nested page" file="Hyde Page (Hyde\Framework\Testing\Feature\HydePage)::Get canonical url returns url for nested page" class="Hyde\Framework\Testing\Feature\HydePageTest" classname="Hyde.Framework.Testing.Feature.HydePageTest" assertions="1" time="0.021728"/>
        <testcase name="Get canonical url returns url for deeply nested page" file="Hyde Page (Hyde\Framework\Testing\Feature\HydePage)::Get canonical url returns url for deeply nested page" class="Hyde\Framework\Testing\Feature\HydePageTest" classname="Hyde.Framework.Testing.Feature.HydePageTest" assertions="1" time="0.021818"/>
        <testcase name="Canonical url is not set when identifier is null" file="Hyde Page (Hyde\Framework\Testing\Feature\HydePage)::Canonical url is not set when identifier is null" class="Hyde\Framework\Testing\Feature\HydePageTest" classname="Hyde.Framework.Testing.Feature.HydePageTest" assertions="3" time="0.021573"/>
        <testcase name="Canonical url is not set when site url is null" file="Hyde Page (Hyde\Framework\Testing\Feature\HydePage)::Canonical url is not set when site url is null" class="Hyde\Framework\Testing\Feature\HydePageTest" classname="Hyde.Framework.Testing.Feature.HydePageTest" assertions="3" time="0.021677"/>
        <testcase name="Custom canonical link can be set in front matter" file="Hyde Page (Hyde\Framework\Testing\Feature\HydePage)::Custom canonical link can be set in front matter" class="Hyde\Framework\Testing\Feature\HydePageTest" classname="Hyde.Framework.Testing.Feature.HydePageTest" assertions="2" time="0.021411"/>
        <testcase name="Can create canonical url using base url from config" file="Hyde Page (Hyde\Framework\Testing\Feature\HydePage)::Can create canonical url using base url from config" class="Hyde\Framework\Testing\Feature\HydePageTest" classname="Hyde.Framework.Testing.Feature.HydePageTest" assertions="1" time="0.021719"/>
        <testcase name="Can create canonical url using base url from config using pretty urls" file="Hyde Page (Hyde\Framework\Testing\Feature\HydePage)::Can create canonical url using base url from config using pretty urls" class="Hyde\Framework\Testing\Feature\HydePageTest" classname="Hyde.Framework.Testing.Feature.HydePageTest" assertions="1" time="0.021666"/>
        <testcase name="Canonical url is null when no base url is set" file="Hyde Page (Hyde\Framework\Testing\Feature\HydePage)::Canonical url is null when no base url is set" class="Hyde\Framework\Testing\Feature\HydePageTest" classname="Hyde.Framework.Testing.Feature.HydePageTest" assertions="1" time="0.021382"/>
        <testcase name="Render page metadata returns string" file="Hyde Page (Hyde\Framework\Testing\Feature\HydePage)::Render page metadata returns string" class="Hyde\Framework\Testing\Feature\HydePageTest" classname="Hyde.Framework.Testing.Feature.HydePageTest" assertions="1" time="0.021309"/>
        <testcase name="Has method returns true if page has standard property" file="Hyde Page (Hyde\Framework\Testing\Feature\HydePage)::Has method returns true if page has standard property" class="Hyde\Framework\Testing\Feature\HydePageTest" classname="Hyde.Framework.Testing.Feature.HydePageTest" assertions="1" time="0.021519"/>
        <testcase name="Has method returns false if page does not have standard property" file="Hyde Page (Hyde\Framework\Testing\Feature\HydePage)::Has method returns false if page does not have standard property" class="Hyde\Framework\Testing\Feature\HydePageTest" classname="Hyde.Framework.Testing.Feature.HydePageTest" assertions="1" time="0.021422"/>
        <testcase name="Has method returns true if page has dynamic property" file="Hyde Page (Hyde\Framework\Testing\Feature\HydePage)::Has method returns true if page has dynamic property" class="Hyde\Framework\Testing\Feature\HydePageTest" classname="Hyde.Framework.Testing.Feature.HydePageTest" assertions="1" time="0.022159"/>
        <testcase name="Has method returns false if page does not have dynamic property" file="Hyde Page (Hyde\Framework\Testing\Feature\HydePage)::Has method returns false if page does not have dynamic property" class="Hyde\Framework\Testing\Feature\HydePageTest" classname="Hyde.Framework.Testing.Feature.HydePageTest" assertions="1" time="0.021426"/>
        <testcase name="Has method returns true if page has property set in front matter" file="Hyde Page (Hyde\Framework\Testing\Feature\HydePage)::Has method returns true if page has property set in front matter" class="Hyde\Framework\Testing\Feature\HydePageTest" classname="Hyde.Framework.Testing.Feature.HydePageTest" assertions="1" time="0.021327"/>
        <testcase name="Has method returns false if page does not have property set in front matter" file="Hyde Page (Hyde\Framework\Testing\Feature\HydePage)::Has method returns false if page does not have property set in front matter" class="Hyde\Framework\Testing\Feature\HydePageTest" classname="Hyde.Framework.Testing.Feature.HydePageTest" assertions="1" time="0.021298"/>
        <testcase name="Has method returns false if property exists but is blank" file="Hyde Page (Hyde\Framework\Testing\Feature\HydePage)::Has method returns false if property exists but is blank" class="Hyde\Framework\Testing\Feature\HydePageTest" classname="Hyde.Framework.Testing.Feature.HydePageTest" assertions="2" time="0.021923"/>
        <testcase name="Has method returns true if page has blank property set in front matter" file="Hyde Page (Hyde\Framework\Testing\Feature\HydePage)::Has method returns true if page has blank property set in front matter" class="Hyde\Framework\Testing\Feature\HydePageTest" classname="Hyde.Framework.Testing.Feature.HydePageTest" assertions="2" time="0.021744"/>
        <testcase name="Markdown pages can be saved to disk" file="Hyde Page (Hyde\Framework\Testing\Feature\HydePage)::Markdown pages can be saved to disk" class="Hyde\Framework\Testing\Feature\HydePageTest" classname="Hyde.Framework.Testing.Feature.HydePageTest" assertions="1" time="0.022226"/>
        <testcase name="Save method converts front matter array to yaml block" file="Hyde Page (Hyde\Framework\Testing\Feature\HydePage)::Save method converts front matter array to yaml block" class="Hyde\Framework\Testing\Feature\HydePageTest" classname="Hyde.Framework.Testing.Feature.HydePageTest" assertions="1" time="0.023498"/>
        <testcase name="Save method writes page body to file" file="Hyde Page (Hyde\Framework\Testing\Feature\HydePage)::Save method writes page body to file" class="Hyde\Framework\Testing\Feature\HydePageTest" classname="Hyde.Framework.Testing.Feature.HydePageTest" assertions="1" time="0.022733"/>
        <testcase name="Save method writes page body to file with front matter" file="Hyde Page (Hyde\Framework\Testing\Feature\HydePage)::Save method writes page body to file with front matter" class="Hyde\Framework\Testing\Feature\HydePageTest" classname="Hyde.Framework.Testing.Feature.HydePageTest" assertions="1" time="0.022472"/>
        <testcase name="New markdown pages can be saved" file="Hyde Page (Hyde\Framework\Testing\Feature\HydePage)::New markdown pages can be saved" class="Hyde\Framework\Testing\Feature\HydePageTest" classname="Hyde.Framework.Testing.Feature.HydePageTest" assertions="2" time="0.022218"/>
        <testcase name="Existing parsed markdown pages can be saved" file="Hyde Page (Hyde\Framework\Testing\Feature\HydePage)::Existing parsed markdown pages can be saved" class="Hyde\Framework\Testing\Feature\HydePageTest" classname="Hyde.Framework.Testing.Feature.HydePageTest" assertions="4" time="0.027060"/>
        <testcase name="Save method creates source directory if it does not exist" file="Hyde Page (Hyde\Framework\Testing\Feature\HydePage)::Save method creates source directory if it does not exist" class="Hyde\Framework\Testing\Feature\HydePageTest" classname="Hyde.Framework.Testing.Feature.HydePageTest" assertions="3" time="0.022497"/>
        <testcase name="Save method creates source directory recursively if it does not exist" file="Hyde Page (Hyde\Framework\Testing\Feature\HydePage)::Save method creates source directory recursively if it does not exist" class="Hyde\Framework\Testing\Feature\HydePageTest" classname="Hyde.Framework.Testing.Feature.HydePageTest" assertions="4" time="0.022831"/>
        <testcase name="Markdown posts can be saved" file="Hyde Page (Hyde\Framework\Testing\Feature\HydePage)::Markdown posts can be saved" class="Hyde\Framework\Testing\Feature\HydePageTest" classname="Hyde.Framework.Testing.Feature.HydePageTest" assertions="1" time="0.022809"/>
        <testcase name="Documentation pages can be saved" file="Hyde Page (Hyde\Framework\Testing\Feature\HydePage)::Documentation pages can be saved" class="Hyde\Framework\Testing\Feature\HydePageTest" classname="Hyde.Framework.Testing.Feature.HydePageTest" assertions="1" time="0.022694"/>
        <testcase name="Get method can access data from page" file="Hyde Page (Hyde\Framework\Testing\Feature\HydePage)::Get method can access data from page" class="Hyde\Framework\Testing\Feature\HydePageTest" classname="Hyde.Framework.Testing.Feature.HydePageTest" assertions="1" time="0.021796"/>
        <testcase name="Get method can access nested data from page" file="Hyde Page (Hyde\Framework\Testing\Feature\HydePage)::Get method can access nested data from page" class="Hyde\Framework\Testing\Feature\HydePageTest" classname="Hyde.Framework.Testing.Feature.HydePageTest" assertions="1" time="0.021866"/>
        <testcase name="Get method can access nested data from page with dot notation" file="Hyde Page (Hyde\Framework\Testing\Feature\HydePage)::Get method can access nested data from page with dot notation" class="Hyde\Framework\Testing\Feature\HydePageTest" classname="Hyde.Framework.Testing.Feature.HydePageTest" assertions="1" time="0.022140"/>
        <testcase name="Get link with pretty urls" file="Hyde Page (Hyde\Framework\Testing\Feature\HydePage)::Get link with pretty urls" class="Hyde\Framework\Testing\Feature\HydePageTest" classname="Hyde.Framework.Testing.Feature.HydePageTest" assertions="1" time="0.021931"/>
        <testcase name="Get link uses hyperlinks helper" file="Hyde Page (Hyde\Framework\Testing\Feature\HydePage)::Get link uses hyperlinks helper" class="Hyde\Framework\Testing\Feature\HydePageTest" classname="Hyde.Framework.Testing.Feature.HydePageTest" assertions="1" time="0.037340"/>
        <testcase name="Path helpers return same result as fluent filesystem helpers" file="Hyde Page (Hyde\Framework\Testing\Feature\HydePage)::Path helpers return same result as fluent filesystem helpers" class="Hyde\Framework\Testing\Feature\HydePageTest" classname="Hyde.Framework.Testing.Feature.HydePageTest" assertions="4" time="0.021573"/>
        <testcase name="All pages are routable" file="Hyde Page (Hyde\Framework\Testing\Feature\HydePage)::All pages are routable" class="Hyde\Framework\Testing\Feature\HydePageTest" classname="Hyde.Framework.Testing.Feature.HydePageTest" assertions="25" time="0.055436"/>
        <testcase name="Navigation data factory hides page from navigation when in a subdirectory" file="Hyde Page (Hyde\Framework\Testing\Feature\HydePage)::Navigation data factory hides page from navigation when in a subdirectory" class="Hyde\Framework\Testing\Feature\HydePageTest" classname="Hyde.Framework.Testing.Feature.HydePageTest" assertions="2" time="0.022066"/>
        <testcase name="Navigation data factory hides page from navigation when in a and config is set to hidden" file="Hyde Page (Hyde\Framework\Testing\Feature\HydePage)::Navigation data factory hides page from navigation when in a and config is set to hidden" class="Hyde\Framework\Testing\Feature\HydePageTest" classname="Hyde.Framework.Testing.Feature.HydePageTest" assertions="2" time="0.021989"/>
        <testcase name="Navigation data factory does not hide page from navigation when in a subdirectory and allowed in configuration" file="Hyde Page (Hyde\Framework\Testing\Feature\HydePage)::Navigation data factory does not hide page from navigation when in a subdirectory and allowed in configuration" class="Hyde\Framework\Testing\Feature\HydePageTest" classname="Hyde.Framework.Testing.Feature.HydePageTest" assertions="2" time="0.022367"/>
        <testcase name="Navigation data factory allows show in navigation and sets group when dropdown is selected in config" file="Hyde Page (Hyde\Framework\Testing\Feature\HydePage)::Navigation data factory allows show in navigation and sets group when dropdown is selected in config" class="Hyde\Framework\Testing\Feature\HydePageTest" classname="Hyde.Framework.Testing.Feature.HydePageTest" assertions="2" time="0.023282"/>
        <testcase name="Is discoverable method returns true for discoverable pages" file="Hyde Page (Hyde\Framework\Testing\Feature\HydePage)::Is discoverable method returns true for discoverable pages" class="Hyde\Framework\Testing\Feature\HydePageTest" classname="Hyde.Framework.Testing.Feature.HydePageTest" assertions="1" time="0.021344"/>
        <testcase name="Is discoverable method returns false for non discoverable pages" file="Hyde Page (Hyde\Framework\Testing\Feature\HydePage)::Is discoverable method returns false for non discoverable pages" class="Hyde\Framework\Testing\Feature\HydePageTest" classname="Hyde.Framework.Testing.Feature.HydePageTest" assertions="1" time="0.021447"/>
        <testcase name="Is discoverable method requires all required data to be present" file="Hyde Page (Hyde\Framework\Testing\Feature\HydePage)::Is discoverable method requires all required data to be present" class="Hyde\Framework\Testing\Feature\HydePageTest" classname="Hyde.Framework.Testing.Feature.HydePageTest" assertions="1" time="0.021060"/>
        <testcase name="Is discoverable method requires source directory to be filled" file="Hyde Page (Hyde\Framework\Testing\Feature\HydePage)::Is discoverable method requires source directory to be filled" class="Hyde\Framework\Testing\Feature\HydePageTest" classname="Hyde.Framework.Testing.Feature.HydePageTest" assertions="1" time="0.021530"/>
        <testcase name="All core extension pages are discoverable" file="Hyde Page (Hyde\Framework\Testing\Feature\HydePage)::All core extension pages are discoverable" class="Hyde\Framework\Testing\Feature\HydePageTest" classname="Hyde.Framework.Testing.Feature.HydePageTest" assertions="5" time="0.021796"/>
        <testcase name="Nested index pages show up in navigation" file="Hyde Page (Hyde\Framework\Testing\Feature\HydePage)::Nested index pages show up in navigation" class="Hyde\Framework\Testing\Feature\HydePageTest" classname="Hyde.Framework.Testing.Feature.HydePageTest" assertions="2" time="0.022312"/>
      </testsuite>
      <testsuite name="Hyde\Framework\Testing\Feature\HydeServiceProviderTest" file="Hyde Service Provider (Hyde\Framework\Testing\Feature\HydeServiceProvider)" tests="21" assertions="95" errors="0" failures="0" skipped="0" time="0.682436">
        <testcase name="Provider is constructed" file="Hyde Service Provider (Hyde\Framework\Testing\Feature\HydeServiceProvider)::Provider is constructed" class="Hyde\Framework\Testing\Feature\HydeServiceProviderTest" classname="Hyde.Framework.Testing.Feature.HydeServiceProviderTest" assertions="1" time="0.239815"/>
        <testcase name="Provider has register method" file="Hyde Service Provider (Hyde\Framework\Testing\Feature\HydeServiceProvider)::Provider has register method" class="Hyde\Framework\Testing\Feature\HydeServiceProviderTest" classname="Hyde.Framework.Testing.Feature.HydeServiceProviderTest" assertions="1" time="0.020287"/>
        <testcase name="Provider has boot method" file="Hyde Service Provider (Hyde\Framework\Testing\Feature\HydeServiceProvider)::Provider has boot method" class="Hyde\Framework\Testing\Feature\HydeServiceProviderTest" classname="Hyde.Framework.Testing.Feature.HydeServiceProviderTest" assertions="1" time="0.020732"/>
        <testcase name="Provider registers asset service as singleton" file="Hyde Service Provider (Hyde\Framework\Testing\Feature\HydeServiceProvider)::Provider registers asset service as singleton" class="Hyde\Framework\Testing\Feature\HydeServiceProviderTest" classname="Hyde.Framework.Testing.Feature.HydeServiceProviderTest" assertions="3" time="0.020850"/>
        <testcase name="Provider registers build task service as singleton" file="Hyde Service Provider (Hyde\Framework\Testing\Feature\HydeServiceProvider)::Provider registers build task service as singleton" class="Hyde\Framework\Testing\Feature\HydeServiceProviderTest" classname="Hyde.Framework.Testing.Feature.HydeServiceProviderTest" assertions="3" time="0.025047"/>
        <testcase name="Provider registers source directories" file="Hyde Service Provider (Hyde\Framework\Testing\Feature\HydeServiceProvider)::Provider registers source directories" class="Hyde\Framework\Testing\Feature\HydeServiceProviderTest" classname="Hyde.Framework.Testing.Feature.HydeServiceProviderTest" assertions="8" time="0.021867"/>
        <testcase name="Provider registers output directories" file="Hyde Service Provider (Hyde\Framework\Testing\Feature\HydeServiceProvider)::Provider registers output directories" class="Hyde\Framework\Testing\Feature\HydeServiceProviderTest" classname="Hyde.Framework.Testing.Feature.HydeServiceProviderTest" assertions="8" time="0.021869"/>
        <testcase name="Custom source roots are applied to the page models" file="Hyde Service Provider (Hyde\Framework\Testing\Feature\HydeServiceProvider)::Custom source roots are applied to the page models" class="Hyde\Framework\Testing\Feature\HydeServiceProviderTest" classname="Hyde.Framework.Testing.Feature.HydeServiceProviderTest" assertions="8" time="0.022012"/>
        <testcase name="Source root set in config is assigned" file="Hyde Service Provider (Hyde\Framework\Testing\Feature\HydeServiceProvider)::Source root set in config is assigned" class="Hyde\Framework\Testing\Feature\HydeServiceProviderTest" classname="Hyde.Framework.Testing.Feature.HydeServiceProviderTest" assertions="3" time="0.021583"/>
        <testcase name="Provider registers site output directory" file="Hyde Service Provider (Hyde\Framework\Testing\Feature\HydeServiceProvider)::Provider registers site output directory" class="Hyde\Framework\Testing\Feature\HydeServiceProviderTest" classname="Hyde.Framework.Testing.Feature.HydeServiceProviderTest" assertions="2" time="0.022242"/>
        <testcase name="Provider registers media directory" file="Hyde Service Provider (Hyde\Framework\Testing\Feature\HydeServiceProvider)::Provider registers media directory" class="Hyde\Framework\Testing\Feature\HydeServiceProviderTest" classname="Hyde.Framework.Testing.Feature.HydeServiceProviderTest" assertions="3" time="0.022063"/>
        <testcase name="Provider registers blade view discovery location for configured blade view path" file="Hyde Service Provider (Hyde\Framework\Testing\Feature\HydeServiceProvider)::Provider registers blade view discovery location for configured blade view path" class="Hyde\Framework\Testing\Feature\HydeServiceProviderTest" classname="Hyde.Framework.Testing.Feature.HydeServiceProviderTest" assertions="2" time="0.021659"/>
        <testcase name="Blade view locations are only registered once per key" file="Hyde Service Provider (Hyde\Framework\Testing\Feature\HydeServiceProvider)::Blade view locations are only registered once per key" class="Hyde\Framework\Testing\Feature\HydeServiceProviderTest" classname="Hyde.Framework.Testing.Feature.HydeServiceProviderTest" assertions="2" time="0.022204"/>
        <testcase name="Provider registers console commands" file="Hyde Service Provider (Hyde\Framework\Testing\Feature\HydeServiceProvider)::Provider registers console commands" class="Hyde\Framework\Testing\Feature\HydeServiceProviderTest" classname="Hyde.Framework.Testing.Feature.HydeServiceProviderTest" assertions="18" time="0.029256"/>
        <testcase name="Provider registers additional module service providers" file="Hyde Service Provider (Hyde\Framework\Testing\Feature\HydeServiceProvider)::Provider registers additional module service providers" class="Hyde\Framework\Testing\Feature\HydeServiceProviderTest" classname="Hyde.Framework.Testing.Feature.HydeServiceProviderTest" assertions="1" time="0.021252"/>
        <testcase name="Provider registers all page model source paths" file="Hyde Service Provider (Hyde\Framework\Testing\Feature\HydeServiceProvider)::Provider registers all page model source paths" class="Hyde\Framework\Testing\Feature\HydeServiceProviderTest" classname="Hyde.Framework.Testing.Feature.HydeServiceProviderTest" assertions="6" time="0.022199"/>
        <testcase name="Provider registers all page model output paths" file="Hyde Service Provider (Hyde\Framework\Testing\Feature\HydeServiceProvider)::Provider registers all page model output paths" class="Hyde\Framework\Testing\Feature\HydeServiceProviderTest" classname="Hyde.Framework.Testing.Feature.HydeServiceProviderTest" assertions="5" time="0.021900"/>
        <testcase name="Provider registers source directories using options in configuration" file="Hyde Service Provider (Hyde\Framework\Testing\Feature\HydeServiceProvider)::Provider registers source directories using options in configuration" class="Hyde\Framework\Testing\Feature\HydeServiceProviderTest" classname="Hyde.Framework.Testing.Feature.HydeServiceProviderTest" assertions="5" time="0.021388"/>
        <testcase name="Source directories can be set using kebab case class names" file="Hyde Service Provider (Hyde\Framework\Testing\Feature\HydeServiceProvider)::Source directories can be set using kebab case class names" class="Hyde\Framework\Testing\Feature\HydeServiceProviderTest" classname="Hyde.Framework.Testing.Feature.HydeServiceProviderTest" assertions="5" time="0.021325"/>
        <testcase name="Provider registers output directories using options in configuration" file="Hyde Service Provider (Hyde\Framework\Testing\Feature\HydeServiceProvider)::Provider registers output directories using options in configuration" class="Hyde\Framework\Testing\Feature\HydeServiceProviderTest" classname="Hyde.Framework.Testing.Feature.HydeServiceProviderTest" assertions="5" time="0.021562"/>
        <testcase name="Output directories can be set using kebab case class names" file="Hyde Service Provider (Hyde\Framework\Testing\Feature\HydeServiceProvider)::Output directories can be set using kebab case class names" class="Hyde\Framework\Testing\Feature\HydeServiceProviderTest" classname="Hyde.Framework.Testing.Feature.HydeServiceProviderTest" assertions="5" time="0.021325"/>
      </testsuite>
      <testsuite name="Hyde\Framework\Testing\Feature\IncludesFacadeTest" file="Includes Facade (Hyde\Framework\Testing\Feature\IncludesFacade)" tests="14" assertions="19" errors="0" failures="0" skipped="0" time="0.340996">
        <testcase name="Path returns the includes directory" file="Includes Facade (Hyde\Framework\Testing\Feature\IncludesFacade)::Path returns the includes directory" class="Hyde\Framework\Testing\Feature\IncludesFacadeTest" classname="Hyde.Framework.Testing.Feature.IncludesFacadeTest" assertions="1" time="0.049889"/>
        <testcase name="Path returns a partial within the includes directory" file="Includes Facade (Hyde\Framework\Testing\Feature\IncludesFacade)::Path returns a partial within the includes directory" class="Hyde\Framework\Testing\Feature\IncludesFacadeTest" classname="Hyde.Framework.Testing.Feature.IncludesFacadeTest" assertions="1" time="0.020150"/>
        <testcase name="Path creates directory if it does not exist" file="Includes Facade (Hyde\Framework\Testing\Feature\IncludesFacade)::Path creates directory if it does not exist" class="Hyde\Framework\Testing\Feature\IncludesFacadeTest" classname="Hyde.Framework.Testing.Feature.IncludesFacadeTest" assertions="2" time="0.020812"/>
        <testcase name="Get returns partial" file="Includes Facade (Hyde\Framework\Testing\Feature\IncludesFacade)::Get returns partial" class="Hyde\Framework\Testing\Feature\IncludesFacadeTest" classname="Hyde.Framework.Testing.Feature.IncludesFacadeTest" assertions="1" time="0.020662"/>
        <testcase name="Get returns default value when not found" file="Includes Facade (Hyde\Framework\Testing\Feature\IncludesFacade)::Get returns default value when not found" class="Hyde\Framework\Testing\Feature\IncludesFacadeTest" classname="Hyde.Framework.Testing.Feature.IncludesFacadeTest" assertions="2" time="0.020547"/>
        <testcase name="Html returns rendered partial" file="Includes Facade (Hyde\Framework\Testing\Feature\IncludesFacade)::Html returns rendered partial" class="Hyde\Framework\Testing\Feature\IncludesFacadeTest" classname="Hyde.Framework.Testing.Feature.IncludesFacadeTest" assertions="1" time="0.020470"/>
        <testcase name="Html returns efault value when not found" file="Includes Facade (Hyde\Framework\Testing\Feature\IncludesFacade)::Html returns efault value when not found" class="Hyde\Framework\Testing\Feature\IncludesFacadeTest" classname="Hyde.Framework.Testing.Feature.IncludesFacadeTest" assertions="2" time="0.034307"/>
        <testcase name="Html with and without extension" file="Includes Facade (Hyde\Framework\Testing\Feature\IncludesFacade)::Html with and without extension" class="Hyde\Framework\Testing\Feature\IncludesFacadeTest" classname="Hyde.Framework.Testing.Feature.IncludesFacadeTest" assertions="1" time="0.021125"/>
        <testcase name="Markdown returns rendered partial" file="Includes Facade (Hyde\Framework\Testing\Feature\IncludesFacade)::Markdown returns rendered partial" class="Hyde\Framework\Testing\Feature\IncludesFacadeTest" classname="Hyde.Framework.Testing.Feature.IncludesFacadeTest" assertions="1" time="0.022262"/>
        <testcase name="Markdown returns rendered default value when not found" file="Includes Facade (Hyde\Framework\Testing\Feature\IncludesFacade)::Markdown returns rendered default value when not found" class="Hyde\Framework\Testing\Feature\IncludesFacadeTest" classname="Hyde.Framework.Testing.Feature.IncludesFacadeTest" assertions="2" time="0.022085"/>
        <testcase name="Markdown with and without extension" file="Includes Facade (Hyde\Framework\Testing\Feature\IncludesFacade)::Markdown with and without extension" class="Hyde\Framework\Testing\Feature\IncludesFacadeTest" classname="Hyde.Framework.Testing.Feature.IncludesFacadeTest" assertions="1" time="0.022727"/>
        <testcase name="Blade returns rendered partial" file="Includes Facade (Hyde\Framework\Testing\Feature\IncludesFacade)::Blade returns rendered partial" class="Hyde\Framework\Testing\Feature\IncludesFacadeTest" classname="Hyde.Framework.Testing.Feature.IncludesFacadeTest" assertions="1" time="0.021891"/>
        <testcase name="Blade with and without extension" file="Includes Facade (Hyde\Framework\Testing\Feature\IncludesFacade)::Blade with and without extension" class="Hyde\Framework\Testing\Feature\IncludesFacadeTest" classname="Hyde.Framework.Testing.Feature.IncludesFacadeTest" assertions="1" time="0.022117"/>
        <testcase name="Blade returns rendered default value when not found" file="Includes Facade (Hyde\Framework\Testing\Feature\IncludesFacade)::Blade returns rendered default value when not found" class="Hyde\Framework\Testing\Feature\IncludesFacadeTest" classname="Hyde.Framework.Testing.Feature.IncludesFacadeTest" assertions="2" time="0.021953"/>
      </testsuite>
      <testsuite name="Hyde\Framework\Testing\Feature\MarkdownFileParserTest" file="Markdown File Parser (Hyde\Framework\Testing\Feature\MarkdownFileParser)" tests="4" assertions="13" errors="0" failures="0" skipped="0" time="0.031921">
        <testcase name="Can parse markdown file" file="Markdown File Parser (Hyde\Framework\Testing\Feature\MarkdownFileParser)::Can parse markdown file" class="Hyde\Framework\Testing\Feature\MarkdownFileParserTest" classname="Hyde.Framework.Testing.Feature.MarkdownFileParserTest" assertions="3" time="0.021538"/>
        <testcase name="Can parse markdown file with front matter" file="Markdown File Parser (Hyde\Framework\Testing\Feature\MarkdownFileParser)::Can parse markdown file with front matter" class="Hyde\Framework\Testing\Feature\MarkdownFileParserTest" classname="Hyde.Framework.Testing.Feature.MarkdownFileParserTest" assertions="3" time="0.003545"/>
        <testcase name="Parsed markdown post contains valid front matter" file="Markdown File Parser (Hyde\Framework\Testing\Feature\MarkdownFileParser)::Parsed markdown post contains valid front matter" class="Hyde\Framework\Testing\Feature\MarkdownFileParserTest" classname="Hyde.Framework.Testing.Feature.MarkdownFileParserTest" assertions="3" time="0.003386"/>
        <testcase name="Can parse markdown file with front matter and no markdown body" file="Markdown File Parser (Hyde\Framework\Testing\Feature\MarkdownFileParser)::Can parse markdown file with front matter and no markdown body" class="Hyde\Framework\Testing\Feature\MarkdownFileParserTest" classname="Hyde.Framework.Testing.Feature.MarkdownFileParserTest" assertions="4" time="0.003452"/>
      </testsuite>
      <testsuite name="Hyde\Framework\Testing\Feature\MarkdownPostTest" file="Markdown Post (Hyde\Framework\Testing\Feature\MarkdownPost)" tests="9" assertions="22" errors="0" failures="0" skipped="0" time="0.200580">
        <testcase name="Constructor can create a new author instance from username string" file="Markdown Post (Hyde\Framework\Testing\Feature\MarkdownPost)::Constructor can create a new author instance from username string" class="Hyde\Framework\Testing\Feature\MarkdownPostTest" classname="Hyde.Framework.Testing.Feature.MarkdownPostTest" assertions="4" time="0.027118"/>
        <testcase name="Constructor can create a new author instance from user array" file="Markdown Post (Hyde\Framework\Testing\Feature\MarkdownPost)::Constructor can create a new author instance from user array" class="Hyde\Framework\Testing\Feature\MarkdownPostTest" classname="Hyde.Framework.Testing.Feature.MarkdownPostTest" assertions="4" time="0.021707"/>
        <testcase name="Constructor can create a new image instance from a string" file="Markdown Post (Hyde\Framework\Testing\Feature\MarkdownPost)::Constructor can create a new image instance from a string" class="Hyde\Framework\Testing\Feature\MarkdownPostTest" classname="Hyde.Framework.Testing.Feature.MarkdownPostTest" assertions="2" time="0.021584"/>
        <testcase name="Constructor can create a new image instance from an array" file="Markdown Post (Hyde\Framework\Testing\Feature\MarkdownPost)::Constructor can create a new image instance from an array" class="Hyde\Framework\Testing\Feature\MarkdownPostTest" classname="Hyde.Framework.Testing.Feature.MarkdownPostTest" assertions="2" time="0.021735"/>
        <testcase name="Constructor can create a new date string instance from matter" file="Markdown Post (Hyde\Framework\Testing\Feature\MarkdownPost)::Constructor can create a new date string instance from matter" class="Hyde\Framework\Testing\Feature\MarkdownPostTest" classname="Hyde.Framework.Testing.Feature.MarkdownPostTest" assertions="2" time="0.021549"/>
        <testcase name="Featured image can be constructed returns null when no image is set in the page matter" file="Markdown Post (Hyde\Framework\Testing\Feature\MarkdownPost)::Featured image can be constructed returns null when no image is set in the page matter" class="Hyde\Framework\Testing\Feature\MarkdownPostTest" classname="Hyde.Framework.Testing.Feature.MarkdownPostTest" assertions="1" time="0.021296"/>
        <testcase name="Featured image can be constructed returns image object with local path when matter is string" file="Markdown Post (Hyde\Framework\Testing\Feature\MarkdownPost)::Featured image can be constructed returns image object with local path when matter is string" class="Hyde\Framework\Testing\Feature\MarkdownPostTest" classname="Hyde.Framework.Testing.Feature.MarkdownPostTest" assertions="2" time="0.022059"/>
        <testcase name="Featured image can be constructed returns image object with remote path when matter is string" file="Markdown Post (Hyde\Framework\Testing\Feature\MarkdownPost)::Featured image can be constructed returns image object with remote path when matter is string" class="Hyde\Framework\Testing\Feature\MarkdownPostTest" classname="Hyde.Framework.Testing.Feature.MarkdownPostTest" assertions="2" time="0.021548"/>
        <testcase name="Featured image can be constructed returns image object with supplied data when matter is array" file="Markdown Post (Hyde\Framework\Testing\Feature\MarkdownPost)::Featured image can be constructed returns image object with supplied data when matter is array" class="Hyde\Framework\Testing\Feature\MarkdownPostTest" classname="Hyde.Framework.Testing.Feature.MarkdownPostTest" assertions="3" time="0.021983"/>
      </testsuite>
      <testsuite name="Hyde\Framework\Testing\Feature\MarkdownServiceTest" file="Markdown Service (Hyde\Framework\Testing\Feature\MarkdownService)" tests="31" assertions="38" errors="0" failures="0" skipped="0" time="0.711598">
        <testcase name="Service can parse markdown to html" file="Markdown Service (Hyde\Framework\Testing\Feature\MarkdownService)::Service can parse markdown to html" class="Hyde\Framework\Testing\Feature\MarkdownServiceTest" classname="Hyde.Framework.Testing.Feature.MarkdownServiceTest" assertions="2" time="0.034450"/>
        <testcase name="Service can parse markdown to html with permalinks" file="Markdown Service (Hyde\Framework\Testing\Feature\MarkdownService)::Service can parse markdown to html with permalinks" class="Hyde\Framework\Testing\Feature\MarkdownServiceTest" classname="Hyde.Framework.Testing.Feature.MarkdownServiceTest" assertions="2" time="0.022401"/>
        <testcase name="Torchlight extension is not enabled by default" file="Markdown Service (Hyde\Framework\Testing\Feature\MarkdownService)::Torchlight extension is not enabled by default" class="Hyde\Framework\Testing\Feature\MarkdownServiceTest" classname="Hyde.Framework.Testing.Feature.MarkdownServiceTest" assertions="1" time="0.021872"/>
        <testcase name="Torchlight extension is enabled automatically when has torchlight feature" file="Markdown Service (Hyde\Framework\Testing\Feature\MarkdownService)::Torchlight extension is enabled automatically when has torchlight feature" class="Hyde\Framework\Testing\Feature\MarkdownServiceTest" classname="Hyde.Framework.Testing.Feature.MarkdownServiceTest" assertions="1" time="0.023003"/>
        <testcase name="Torchlight integration injects attribution" file="Markdown Service (Hyde\Framework\Testing\Feature\MarkdownService)::Torchlight integration injects attribution" class="Hyde\Framework\Testing\Feature\MarkdownServiceTest" classname="Hyde.Framework.Testing.Feature.MarkdownServiceTest" assertions="1" time="0.036717"/>
        <testcase name="Bladedown is not enabled by default" file="Markdown Service (Hyde\Framework\Testing\Feature\MarkdownService)::Bladedown is not enabled by default" class="Hyde\Framework\Testing\Feature\MarkdownServiceTest" classname="Hyde.Framework.Testing.Feature.MarkdownServiceTest" assertions="1" time="0.023225"/>
        <testcase name="Bladedown can be enabled" file="Markdown Service (Hyde\Framework\Testing\Feature\MarkdownService)::Bladedown can be enabled" class="Hyde\Framework\Testing\Feature\MarkdownServiceTest" classname="Hyde.Framework.Testing.Feature.MarkdownServiceTest" assertions="1" time="0.037785"/>
        <testcase name="Raw html tags are stripped by default" file="Markdown Service (Hyde\Framework\Testing\Feature\MarkdownService)::Raw html tags are stripped by default" class="Hyde\Framework\Testing\Feature\MarkdownServiceTest" classname="Hyde.Framework.Testing.Feature.MarkdownServiceTest" assertions="1" time="0.022767"/>
        <testcase name="Raw html tags are not stripped when explicitly enabled" file="Markdown Service (Hyde\Framework\Testing\Feature\MarkdownService)::Raw html tags are not stripped when explicitly enabled" class="Hyde\Framework\Testing\Feature\MarkdownServiceTest" classname="Hyde.Framework.Testing.Feature.MarkdownServiceTest" assertions="1" time="0.022336"/>
        <testcase name="Has features array" file="Markdown Service (Hyde\Framework\Testing\Feature\MarkdownService)::Has features array" class="Hyde\Framework\Testing\Feature\MarkdownServiceTest" classname="Hyde.Framework.Testing.Feature.MarkdownServiceTest" assertions="1" time="0.021132"/>
        <testcase name="The features array is empty by default" file="Markdown Service (Hyde\Framework\Testing\Feature\MarkdownService)::The features array is empty by default" class="Hyde\Framework\Testing\Feature\MarkdownServiceTest" classname="Hyde.Framework.Testing.Feature.MarkdownServiceTest" assertions="1" time="0.021489"/>
        <testcase name="Features can be added to the array" file="Markdown Service (Hyde\Framework\Testing\Feature\MarkdownService)::Features can be added to the array" class="Hyde\Framework\Testing\Feature\MarkdownServiceTest" classname="Hyde.Framework.Testing.Feature.MarkdownServiceTest" assertions="1" time="0.020731"/>
        <testcase name="Features can be removed from the array" file="Markdown Service (Hyde\Framework\Testing\Feature\MarkdownService)::Features can be removed from the array" class="Hyde\Framework\Testing\Feature\MarkdownServiceTest" classname="Hyde.Framework.Testing.Feature.MarkdownServiceTest" assertions="1" time="0.020575"/>
        <testcase name="Method chaining can be used to programmatically add features to the array" file="Markdown Service (Hyde\Framework\Testing\Feature\MarkdownService)::Method chaining can be used to programmatically add features to the array" class="Hyde\Framework\Testing\Feature\MarkdownServiceTest" classname="Hyde.Framework.Testing.Feature.MarkdownServiceTest" assertions="2" time="0.020652"/>
        <testcase name="Method chaining can be used to programmatically remove features from the array" file="Markdown Service (Hyde\Framework\Testing\Feature\MarkdownService)::Method chaining can be used to programmatically remove features from the array" class="Hyde\Framework\Testing\Feature\MarkdownServiceTest" classname="Hyde.Framework.Testing.Feature.MarkdownServiceTest" assertions="2" time="0.020572"/>
        <testcase name="Method with table of contents method chain adds the table of contents feature" file="Markdown Service (Hyde\Framework\Testing\Feature\MarkdownService)::Method with table of contents method chain adds the table of contents feature" class="Hyde\Framework\Testing\Feature\MarkdownServiceTest" classname="Hyde.Framework.Testing.Feature.MarkdownServiceTest" assertions="1" time="0.021117"/>
        <testcase name="Method with permalinks method chain adds the permalinks feature" file="Markdown Service (Hyde\Framework\Testing\Feature\MarkdownService)::Method with permalinks method chain adds the permalinks feature" class="Hyde\Framework\Testing\Feature\MarkdownServiceTest" classname="Hyde.Framework.Testing.Feature.MarkdownServiceTest" assertions="1" time="0.021017"/>
        <testcase name="Has feature returns true if the feature is in the array" file="Markdown Service (Hyde\Framework\Testing\Feature\MarkdownService)::Has feature returns true if the feature is in the array" class="Hyde\Framework\Testing\Feature\MarkdownServiceTest" classname="Hyde.Framework.Testing.Feature.MarkdownServiceTest" assertions="1" time="0.020510"/>
        <testcase name="Has feature returns false if the feature is not in the array" file="Markdown Service (Hyde\Framework\Testing\Feature\MarkdownService)::Has feature returns false if the feature is not in the array" class="Hyde\Framework\Testing\Feature\MarkdownServiceTest" classname="Hyde.Framework.Testing.Feature.MarkdownServiceTest" assertions="1" time="0.020295"/>
        <testcase name="Method can enable permalinks returns true if the permalinks feature is in the array" file="Markdown Service (Hyde\Framework\Testing\Feature\MarkdownService)::Method can enable permalinks returns true if the permalinks feature is in the array" class="Hyde\Framework\Testing\Feature\MarkdownServiceTest" classname="Hyde.Framework.Testing.Feature.MarkdownServiceTest" assertions="1" time="0.020354"/>
        <testcase name="Method can enable permalinks is automatically for documentation pages" file="Markdown Service (Hyde\Framework\Testing\Feature\MarkdownService)::Method can enable permalinks is automatically for documentation pages" class="Hyde\Framework\Testing\Feature\MarkdownServiceTest" classname="Hyde.Framework.Testing.Feature.MarkdownServiceTest" assertions="1" time="0.020378"/>
        <testcase name="Method can enable permalinks returns false if the permalinks feature is not in the array" file="Markdown Service (Hyde\Framework\Testing\Feature\MarkdownService)::Method can enable permalinks returns false if the permalinks feature is not in the array" class="Hyde\Framework\Testing\Feature\MarkdownServiceTest" classname="Hyde.Framework.Testing.Feature.MarkdownServiceTest" assertions="1" time="0.020178"/>
        <testcase name="Method can enable torchlight returns true if the torchlight feature is in the array" file="Markdown Service (Hyde\Framework\Testing\Feature\MarkdownService)::Method can enable torchlight returns true if the torchlight feature is in the array" class="Hyde\Framework\Testing\Feature\MarkdownServiceTest" classname="Hyde.Framework.Testing.Feature.MarkdownServiceTest" assertions="1" time="0.020157"/>
        <testcase name="Method can enable torchlight returns false if the torchlight feature is not in the array" file="Markdown Service (Hyde\Framework\Testing\Feature\MarkdownService)::Method can enable torchlight returns false if the torchlight feature is not in the array" class="Hyde\Framework\Testing\Feature\MarkdownServiceTest" classname="Hyde.Framework.Testing.Feature.MarkdownServiceTest" assertions="1" time="0.020313"/>
        <testcase name="Strip indentation method with unindented markdown" file="Markdown Service (Hyde\Framework\Testing\Feature\MarkdownService)::Strip indentation method with unindented markdown" class="Hyde\Framework\Testing\Feature\MarkdownServiceTest" classname="Hyde.Framework.Testing.Feature.MarkdownServiceTest" assertions="1" time="0.020379"/>
        <testcase name="Strip indentation method with indented markdown" file="Markdown Service (Hyde\Framework\Testing\Feature\MarkdownService)::Strip indentation method with indented markdown" class="Hyde\Framework\Testing\Feature\MarkdownServiceTest" classname="Hyde.Framework.Testing.Feature.MarkdownServiceTest" assertions="3" time="0.020396"/>
        <testcase name="Strip indentation method with tab indented markdown" file="Markdown Service (Hyde\Framework\Testing\Feature\MarkdownService)::Strip indentation method with tab indented markdown" class="Hyde\Framework\Testing\Feature\MarkdownServiceTest" classname="Hyde.Framework.Testing.Feature.MarkdownServiceTest" assertions="1" time="0.020174"/>
        <testcase name="Strip indentation method with carriage return line feed" file="Markdown Service (Hyde\Framework\Testing\Feature\MarkdownService)::Strip indentation method with carriage return line feed" class="Hyde\Framework\Testing\Feature\MarkdownServiceTest" classname="Hyde.Framework.Testing.Feature.MarkdownServiceTest" assertions="1" time="0.020207"/>
        <testcase name="Strip indentation method with code indentation" file="Markdown Service (Hyde\Framework\Testing\Feature\MarkdownService)::Strip indentation method with code indentation" class="Hyde\Framework\Testing\Feature\MarkdownServiceTest" classname="Hyde.Framework.Testing.Feature.MarkdownServiceTest" assertions="1" time="0.020248"/>
        <testcase name="Strip indentation method with empty newlines" file="Markdown Service (Hyde\Framework\Testing\Feature\MarkdownService)::Strip indentation method with empty newlines" class="Hyde\Framework\Testing\Feature\MarkdownServiceTest" classname="Hyde.Framework.Testing.Feature.MarkdownServiceTest" assertions="2" time="0.020496"/>
        <testcase name="Strip indentation method with trailing newline" file="Markdown Service (Hyde\Framework\Testing\Feature\MarkdownService)::Strip indentation method with trailing newline" class="Hyde\Framework\Testing\Feature\MarkdownServiceTest" classname="Hyde.Framework.Testing.Feature.MarkdownServiceTest" assertions="1" time="0.035676"/>
      </testsuite>
      <testsuite name="Hyde\Framework\Testing\Feature\MetadataHelperTest" file="Metadata Helper (Hyde\Framework\Testing\Feature\MetadataHelper)" tests="9" assertions="9" errors="0" failures="0" skipped="0" time="0.242168">
        <testcase name="Name method returns a valid html meta string" file="Metadata Helper (Hyde\Framework\Testing\Feature\MetadataHelper)::Name method returns a valid html meta string" class="Hyde\Framework\Testing\Feature\MetadataHelperTest" classname="Hyde.Framework.Testing.Feature.MetadataHelperTest" assertions="1" time="0.065765"/>
        <testcase name="Property method returns a valid html meta string" file="Metadata Helper (Hyde\Framework\Testing\Feature\MetadataHelper)::Property method returns a valid html meta string" class="Hyde\Framework\Testing\Feature\MetadataHelperTest" classname="Hyde.Framework.Testing.Feature.MetadataHelperTest" assertions="1" time="0.020852"/>
        <testcase name="Property method accepts property with og prefix" file="Metadata Helper (Hyde\Framework\Testing\Feature\MetadataHelper)::Property method accepts property with og prefix" class="Hyde\Framework\Testing\Feature\MetadataHelperTest" classname="Hyde.Framework.Testing.Feature.MetadataHelperTest" assertions="1" time="0.020748"/>
        <testcase name="Property method accepts property without og prefix" file="Metadata Helper (Hyde\Framework\Testing\Feature\MetadataHelper)::Property method accepts property without og prefix" class="Hyde\Framework\Testing\Feature\MetadataHelperTest" classname="Hyde.Framework.Testing.Feature.MetadataHelperTest" assertions="1" time="0.021030"/>
        <testcase name="Link method returns a valid html link string" file="Metadata Helper (Hyde\Framework\Testing\Feature\MetadataHelper)::Link method returns a valid html link string" class="Hyde\Framework\Testing\Feature\MetadataHelperTest" classname="Hyde.Framework.Testing.Feature.MetadataHelperTest" assertions="1" time="0.022241"/>
        <testcase name="Link method returns a valid html link string with attributes" file="Metadata Helper (Hyde\Framework\Testing\Feature\MetadataHelper)::Link method returns a valid html link string with attributes" class="Hyde\Framework\Testing\Feature\MetadataHelperTest" classname="Hyde.Framework.Testing.Feature.MetadataHelperTest" assertions="1" time="0.023157"/>
        <testcase name="Link method returns a valid html link string with multiple attributes" file="Metadata Helper (Hyde\Framework\Testing\Feature\MetadataHelper)::Link method returns a valid html link string with multiple attributes" class="Hyde\Framework\Testing\Feature\MetadataHelperTest" classname="Hyde.Framework.Testing.Feature.MetadataHelperTest" assertions="1" time="0.022857"/>
        <testcase name="Get method returns global metadata bag" file="Metadata Helper (Hyde\Framework\Testing\Feature\MetadataHelper)::Get method returns global metadata bag" class="Hyde\Framework\Testing\Feature\MetadataHelperTest" classname="Hyde.Framework.Testing.Feature.MetadataHelperTest" assertions="1" time="0.023047"/>
        <testcase name="Render method renders global metadata bag" file="Metadata Helper (Hyde\Framework\Testing\Feature\MetadataHelper)::Render method renders global metadata bag" class="Hyde\Framework\Testing\Feature\MetadataHelperTest" classname="Hyde.Framework.Testing.Feature.MetadataHelperTest" assertions="1" time="0.022472"/>
      </testsuite>
      <testsuite name="Hyde\Framework\Testing\Feature\MetadataTest" file="Metadata (Hyde\Framework\Testing\Feature\Metadata)" tests="48" assertions="55" errors="0" failures="0" skipped="0" time="1.220853">
        <testcase name="Metadata object is generated automatically" file="Metadata (Hyde\Framework\Testing\Feature\Metadata)::Metadata object is generated automatically" class="Hyde\Framework\Testing\Feature\MetadataTest" classname="Hyde.Framework.Testing.Feature.MetadataTest" assertions="3" time="0.037183"/>
        <testcase name="Link item model" file="Metadata (Hyde\Framework\Testing\Feature\Metadata)::Link item model" class="Hyde\Framework\Testing\Feature\MetadataTest" classname="Hyde.Framework.Testing.Feature.MetadataTest" assertions="3" time="0.022236"/>
        <testcase name="Metadata item model" file="Metadata (Hyde\Framework\Testing\Feature\Metadata)::Metadata item model" class="Hyde\Framework\Testing\Feature\MetadataTest" classname="Hyde.Framework.Testing.Feature.MetadataTest" assertions="2" time="0.022634"/>
        <testcase name="Open graph item model" file="Metadata (Hyde\Framework\Testing\Feature\Metadata)::Open graph item model" class="Hyde\Framework\Testing\Feature\MetadataTest" classname="Hyde.Framework.Testing.Feature.MetadataTest" assertions="3" time="0.022460"/>
        <testcase name="Link item can be added" file="Metadata (Hyde\Framework\Testing\Feature\Metadata)::Link item can be added" class="Hyde\Framework\Testing\Feature\MetadataTest" classname="Hyde.Framework.Testing.Feature.MetadataTest" assertions="1" time="0.024417"/>
        <testcase name="Metadata item can be added" file="Metadata (Hyde\Framework\Testing\Feature\Metadata)::Metadata item can be added" class="Hyde\Framework\Testing\Feature\MetadataTest" classname="Hyde.Framework.Testing.Feature.MetadataTest" assertions="1" time="0.025337"/>
        <testcase name="Open graph item can be added" file="Metadata (Hyde\Framework\Testing\Feature\Metadata)::Open graph item can be added" class="Hyde\Framework\Testing\Feature\MetadataTest" classname="Hyde.Framework.Testing.Feature.MetadataTest" assertions="1" time="0.026099"/>
        <testcase name="Generic item can be added" file="Metadata (Hyde\Framework\Testing\Feature\Metadata)::Generic item can be added" class="Hyde\Framework\Testing\Feature\MetadataTest" classname="Hyde.Framework.Testing.Feature.MetadataTest" assertions="1" time="0.027886"/>
        <testcase name="Multiple items can be accessed with get method" file="Metadata (Hyde\Framework\Testing\Feature\Metadata)::Multiple items can be accessed with get method" class="Hyde\Framework\Testing\Feature\MetadataTest" classname="Hyde.Framework.Testing.Feature.MetadataTest" assertions="1" time="0.028536"/>
        <testcase name="Multiple items of same key and type only keeps latest" file="Metadata (Hyde\Framework\Testing\Feature\Metadata)::Multiple items of same key and type only keeps latest" class="Hyde\Framework\Testing\Feature\MetadataTest" classname="Hyde.Framework.Testing.Feature.MetadataTest" assertions="1" time="0.028257"/>
        <testcase name="Render returns html string of imploded metadata arrays" file="Metadata (Hyde\Framework\Testing\Feature\Metadata)::Render returns html string of imploded metadata arrays" class="Hyde\Framework\Testing\Feature\MetadataTest" classname="Hyde.Framework.Testing.Feature.MetadataTest" assertions="1" time="0.028776"/>
        <testcase name="Custom metadata overrides config defined metadata" file="Metadata (Hyde\Framework\Testing\Feature\Metadata)::Custom metadata overrides config defined metadata" class="Hyde\Framework\Testing\Feature\MetadataTest" classname="Hyde.Framework.Testing.Feature.MetadataTest" assertions="1" time="0.029133"/>
        <testcase name="Dynamic metadata overrides config defined metadata" file="Metadata (Hyde\Framework\Testing\Feature\Metadata)::Dynamic metadata overrides config defined metadata" class="Hyde\Framework\Testing\Feature\MetadataTest" classname="Hyde.Framework.Testing.Feature.MetadataTest" assertions="1" time="0.028556"/>
        <testcase name="Does not add canonical link when base url is not set" file="Metadata (Hyde\Framework\Testing\Feature\Metadata)::Does not add canonical link when base url is not set" class="Hyde\Framework\Testing\Feature\MetadataTest" classname="Hyde.Framework.Testing.Feature.MetadataTest" assertions="1" time="0.031220"/>
        <testcase name="Does not add canonical link when identifier is not set" file="Metadata (Hyde\Framework\Testing\Feature\Metadata)::Does not add canonical link when identifier is not set" class="Hyde\Framework\Testing\Feature\MetadataTest" classname="Hyde.Framework.Testing.Feature.MetadataTest" assertions="1" time="0.028043"/>
        <testcase name="Adds canonical link when base url and identifier is set" file="Metadata (Hyde\Framework\Testing\Feature\Metadata)::Adds canonical link when base url and identifier is set" class="Hyde\Framework\Testing\Feature\MetadataTest" classname="Hyde.Framework.Testing.Feature.MetadataTest" assertions="1" time="0.027445"/>
        <testcase name="Canonical link uses clean url setting" file="Metadata (Hyde\Framework\Testing\Feature\Metadata)::Canonical link uses clean url setting" class="Hyde\Framework\Testing\Feature\MetadataTest" classname="Hyde.Framework.Testing.Feature.MetadataTest" assertions="1" time="0.038792"/>
        <testcase name="Can override canonical link with front matter" file="Metadata (Hyde\Framework\Testing\Feature\Metadata)::Can override canonical link with front matter" class="Hyde\Framework\Testing\Feature\MetadataTest" classname="Hyde.Framework.Testing.Feature.MetadataTest" assertions="1" time="0.024183"/>
        <testcase name="Adds twitter and open graph title when title is set" file="Metadata (Hyde\Framework\Testing\Feature\Metadata)::Adds twitter and open graph title when title is set" class="Hyde\Framework\Testing\Feature\MetadataTest" classname="Hyde.Framework.Testing.Feature.MetadataTest" assertions="1" time="0.023913"/>
        <testcase name="Does not add twitter and open graph title when no title is set" file="Metadata (Hyde\Framework\Testing\Feature\Metadata)::Does not add twitter and open graph title when no title is set" class="Hyde\Framework\Testing\Feature\MetadataTest" classname="Hyde.Framework.Testing.Feature.MetadataTest" assertions="1" time="0.023568"/>
        <testcase name="Adds description when description is set in post" file="Metadata (Hyde\Framework\Testing\Feature\Metadata)::Adds description when description is set in post" class="Hyde\Framework\Testing\Feature\MetadataTest" classname="Hyde.Framework.Testing.Feature.MetadataTest" assertions="1" time="0.023888"/>
        <testcase name="Does not add description when description is not set in post" file="Metadata (Hyde\Framework\Testing\Feature\Metadata)::Does not add description when description is not set in post" class="Hyde\Framework\Testing\Feature\MetadataTest" classname="Hyde.Framework.Testing.Feature.MetadataTest" assertions="1" time="0.023428"/>
        <testcase name="Adds author when author is set in post" file="Metadata (Hyde\Framework\Testing\Feature\Metadata)::Adds author when author is set in post" class="Hyde\Framework\Testing\Feature\MetadataTest" classname="Hyde.Framework.Testing.Feature.MetadataTest" assertions="1" time="0.023928"/>
        <testcase name="Does not add author when author is not set in post" file="Metadata (Hyde\Framework\Testing\Feature\Metadata)::Does not add author when author is not set in post" class="Hyde\Framework\Testing\Feature\MetadataTest" classname="Hyde.Framework.Testing.Feature.MetadataTest" assertions="1" time="0.023949"/>
        <testcase name="Adds keywords when category is set in post" file="Metadata (Hyde\Framework\Testing\Feature\Metadata)::Adds keywords when category is set in post" class="Hyde\Framework\Testing\Feature\MetadataTest" classname="Hyde.Framework.Testing.Feature.MetadataTest" assertions="1" time="0.023936"/>
        <testcase name="Does not add keywords when category is not set in post" file="Metadata (Hyde\Framework\Testing\Feature\Metadata)::Does not add keywords when category is not set in post" class="Hyde\Framework\Testing\Feature\MetadataTest" classname="Hyde.Framework.Testing.Feature.MetadataTest" assertions="1" time="0.024437"/>
        <testcase name="Adds url property when canonical url is set in post" file="Metadata (Hyde\Framework\Testing\Feature\Metadata)::Adds url property when canonical url is set in post" class="Hyde\Framework\Testing\Feature\MetadataTest" classname="Hyde.Framework.Testing.Feature.MetadataTest" assertions="1" time="0.023887"/>
        <testcase name="Does not add url property when canonical url is not set in post" file="Metadata (Hyde\Framework\Testing\Feature\Metadata)::Does not add url property when canonical url is not set in post" class="Hyde\Framework\Testing\Feature\MetadataTest" classname="Hyde.Framework.Testing.Feature.MetadataTest" assertions="1" time="0.023687"/>
        <testcase name="Does not add url property when canonical url is null" file="Metadata (Hyde\Framework\Testing\Feature\Metadata)::Does not add url property when canonical url is null" class="Hyde\Framework\Testing\Feature\MetadataTest" classname="Hyde.Framework.Testing.Feature.MetadataTest" assertions="1" time="0.023627"/>
        <testcase name="Adds title property when title is set in post" file="Metadata (Hyde\Framework\Testing\Feature\Metadata)::Adds title property when title is set in post" class="Hyde\Framework\Testing\Feature\MetadataTest" classname="Hyde.Framework.Testing.Feature.MetadataTest" assertions="1" time="0.023576"/>
        <testcase name="Does not add title property when title is not set in post" file="Metadata (Hyde\Framework\Testing\Feature\Metadata)::Does not add title property when title is not set in post" class="Hyde\Framework\Testing\Feature\MetadataTest" classname="Hyde.Framework.Testing.Feature.MetadataTest" assertions="1" time="0.023451"/>
        <testcase name="Adds published time property when date is set in post" file="Metadata (Hyde\Framework\Testing\Feature\Metadata)::Adds published time property when date is set in post" class="Hyde\Framework\Testing\Feature\MetadataTest" classname="Hyde.Framework.Testing.Feature.MetadataTest" assertions="1" time="0.023759"/>
        <testcase name="Does not add published time property when date is not set in post" file="Metadata (Hyde\Framework\Testing\Feature\Metadata)::Does not add published time property when date is not set in post" class="Hyde\Framework\Testing\Feature\MetadataTest" classname="Hyde.Framework.Testing.Feature.MetadataTest" assertions="1" time="0.024043"/>
        <testcase name="Adds image property when image is set in post" file="Metadata (Hyde\Framework\Testing\Feature\Metadata)::Adds image property when image is set in post" class="Hyde\Framework\Testing\Feature\MetadataTest" classname="Hyde.Framework.Testing.Feature.MetadataTest" assertions="1" time="0.024906"/>
        <testcase name="Does not add image property when image is not set in post" file="Metadata (Hyde\Framework\Testing\Feature\Metadata)::Does not add image property when image is not set in post" class="Hyde\Framework\Testing\Feature\MetadataTest" classname="Hyde.Framework.Testing.Feature.MetadataTest" assertions="1" time="0.023929"/>
        <testcase name="Adds type property automatically" file="Metadata (Hyde\Framework\Testing\Feature\Metadata)::Adds type property automatically" class="Hyde\Framework\Testing\Feature\MetadataTest" classname="Hyde.Framework.Testing.Feature.MetadataTest" assertions="1" time="0.023362"/>
        <testcase name="Dynamic post meta properties returns base array when initialized with empty front matter" file="Metadata (Hyde\Framework\Testing\Feature\Metadata)::Dynamic post meta properties returns base array when initialized with empty front matter" class="Hyde\Framework\Testing\Feature\MetadataTest" classname="Hyde.Framework.Testing.Feature.MetadataTest" assertions="1" time="0.023974"/>
        <testcase name="Dynamic post meta properties contains image metadata when featured image set to string" file="Metadata (Hyde\Framework\Testing\Feature\Metadata)::Dynamic post meta properties contains image metadata when featured image set to string" class="Hyde\Framework\Testing\Feature\MetadataTest" classname="Hyde.Framework.Testing.Feature.MetadataTest" assertions="1" time="0.024756"/>
        <testcase name="Dynamic post meta properties contains image link that is always relative" file="Metadata (Hyde\Framework\Testing\Feature\Metadata)::Dynamic post meta properties contains image link that is always relative" class="Hyde\Framework\Testing\Feature\MetadataTest" classname="Hyde.Framework.Testing.Feature.MetadataTest" assertions="1" time="0.024348"/>
        <testcase name="Dynamic post meta properties contains image link that is always relative for nested posts" file="Metadata (Hyde\Framework\Testing\Feature\Metadata)::Dynamic post meta properties contains image link that is always relative for nested posts" class="Hyde\Framework\Testing\Feature\MetadataTest" classname="Hyde.Framework.Testing.Feature.MetadataTest" assertions="1" time="0.024424"/>
        <testcase name="Dynamic post meta properties contains image link that is always relative for nested output directories" file="Metadata (Hyde\Framework\Testing\Feature\Metadata)::Dynamic post meta properties contains image link that is always relative for nested output directories" class="Hyde\Framework\Testing\Feature\MetadataTest" classname="Hyde.Framework.Testing.Feature.MetadataTest" assertions="1" time="0.024035"/>
        <testcase name="Dynamic post meta properties contains image link that is always relative for nested posts and nested output directories" file="Metadata (Hyde\Framework\Testing\Feature\Metadata)::Dynamic post meta properties contains image link that is always relative for nested posts and nested output directories" class="Hyde\Framework\Testing\Feature\MetadataTest" classname="Hyde.Framework.Testing.Feature.MetadataTest" assertions="1" time="0.024366"/>
        <testcase name="Dynamic post meta properties contains image link that uses the configured media directory" file="Metadata (Hyde\Framework\Testing\Feature\Metadata)::Dynamic post meta properties contains image link that uses the configured media directory" class="Hyde\Framework\Testing\Feature\MetadataTest" classname="Hyde.Framework.Testing.Feature.MetadataTest" assertions="1" time="0.023880"/>
        <testcase name="Dynamic post meta properties contains image metadata when featured image set to array with path" file="Metadata (Hyde\Framework\Testing\Feature\Metadata)::Dynamic post meta properties contains image metadata when featured image set to array with path" class="Hyde\Framework\Testing\Feature\MetadataTest" classname="Hyde.Framework.Testing.Feature.MetadataTest" assertions="1" time="0.023758"/>
        <testcase name="Dynamic post meta properties contains image metadata when featured image set to array with url" file="Metadata (Hyde\Framework\Testing\Feature\Metadata)::Dynamic post meta properties contains image metadata when featured image set to array with url" class="Hyde\Framework\Testing\Feature\MetadataTest" classname="Hyde.Framework.Testing.Feature.MetadataTest" assertions="1" time="0.024035"/>
        <testcase name="Dynamic post author returns author name when author set to array using username" file="Metadata (Hyde\Framework\Testing\Feature\Metadata)::Dynamic post author returns author name when author set to array using username" class="Hyde\Framework\Testing\Feature\MetadataTest" classname="Hyde.Framework.Testing.Feature.MetadataTest" assertions="1" time="0.023915"/>
        <testcase name="Dynamic post author returns author name when author set to array using name" file="Metadata (Hyde\Framework\Testing\Feature\Metadata)::Dynamic post author returns author name when author set to array using name" class="Hyde\Framework\Testing\Feature\MetadataTest" classname="Hyde.Framework.Testing.Feature.MetadataTest" assertions="1" time="0.023993"/>
        <testcase name="No author is set when author set to array without name or username" file="Metadata (Hyde\Framework\Testing\Feature\Metadata)::No author is set when author set to array without name or username" class="Hyde\Framework\Testing\Feature\MetadataTest" classname="Hyde.Framework.Testing.Feature.MetadataTest" assertions="1" time="0.024903"/>
      </testsuite>
      <testsuite name="Hyde\Framework\Testing\Feature\NavigationDataTest" file="Navigation Data (Hyde\Framework\Testing\Feature\NavigationData)" tests="6" assertions="12" errors="0" failures="0" skipped="0" time="0.097775">
        <testcase name="Class matches schema" file="Navigation Data (Hyde\Framework\Testing\Feature\NavigationData)::Class matches schema" class="Hyde\Framework\Testing\Feature\NavigationDataTest" classname="Hyde.Framework.Testing.Feature.NavigationDataTest" assertions="1" time="0.085725"/>
        <testcase name="Construct" file="Navigation Data (Hyde\Framework\Testing\Feature\NavigationData)::Construct" class="Hyde\Framework\Testing\Feature\NavigationDataTest" classname="Hyde.Framework.Testing.Feature.NavigationDataTest" assertions="4" time="0.002388"/>
        <testcase name="Construct with different data" file="Navigation Data (Hyde\Framework\Testing\Feature\NavigationData)::Construct with different data" class="Hyde\Framework\Testing\Feature\NavigationDataTest" classname="Hyde.Framework.Testing.Feature.NavigationDataTest" assertions="4" time="0.002360"/>
        <testcase name="Make" file="Navigation Data (Hyde\Framework\Testing\Feature\NavigationData)::Make" class="Hyde\Framework\Testing\Feature\NavigationDataTest" classname="Hyde.Framework.Testing.Feature.NavigationDataTest" assertions="1" time="0.002646"/>
        <testcase name="To array" file="Navigation Data (Hyde\Framework\Testing\Feature\NavigationData)::To array" class="Hyde\Framework\Testing\Feature\NavigationDataTest" classname="Hyde.Framework.Testing.Feature.NavigationDataTest" assertions="1" time="0.002203"/>
        <testcase name="Json serialize" file="Navigation Data (Hyde\Framework\Testing\Feature\NavigationData)::Json serialize" class="Hyde\Framework\Testing\Feature\NavigationDataTest" classname="Hyde.Framework.Testing.Feature.NavigationDataTest" assertions="1" time="0.002453"/>
      </testsuite>
      <testsuite name="Hyde\Framework\Testing\Feature\NavigationMenuTest" file="Navigation Menu (Hyde\Framework\Testing\Feature\NavigationMenu)" tests="32" assertions="52" errors="0" failures="0" skipped="0" time="0.952752">
        <testcase name="Constructor" file="Navigation Menu (Hyde\Framework\Testing\Feature\NavigationMenu)::Constructor" class="Hyde\Framework\Testing\Feature\NavigationMenuTest" classname="Hyde.Framework.Testing.Feature.NavigationMenuTest" assertions="1" time="0.034952"/>
        <testcase name="Generate method creates collection of nav items" file="Navigation Menu (Hyde\Framework\Testing\Feature\NavigationMenu)::Generate method creates collection of nav items" class="Hyde\Framework\Testing\Feature\NavigationMenuTest" classname="Hyde.Framework.Testing.Feature.NavigationMenuTest" assertions="1" time="0.026650"/>
        <testcase name="Get items returns items" file="Navigation Menu (Hyde\Framework\Testing\Feature\NavigationMenu)::Get items returns items" class="Hyde\Framework\Testing\Feature\NavigationMenuTest" classname="Hyde.Framework.Testing.Feature.NavigationMenuTest" assertions="1" time="0.027333"/>
        <testcase name="Items are sorted by priority" file="Navigation Menu (Hyde\Framework\Testing\Feature\NavigationMenu)::Items are sorted by priority" class="Hyde\Framework\Testing\Feature\NavigationMenuTest" classname="Hyde.Framework.Testing.Feature.NavigationMenuTest" assertions="1" time="0.028736"/>
        <testcase name="Items with hidden property set to true are not added" file="Navigation Menu (Hyde\Framework\Testing\Feature\NavigationMenu)::Items with hidden property set to true are not added" class="Hyde\Framework\Testing\Feature\NavigationMenuTest" classname="Hyde.Framework.Testing.Feature.NavigationMenuTest" assertions="1" time="0.028162"/>
        <testcase name="Created collection is sorted by navigation menu priority" file="Navigation Menu (Hyde\Framework\Testing\Feature\NavigationMenu)::Created collection is sorted by navigation menu priority" class="Hyde\Framework\Testing\Feature\NavigationMenuTest" classname="Hyde.Framework.Testing.Feature.NavigationMenuTest" assertions="2" time="0.033218"/>
        <testcase name="Is sorted automatically when using navigation menu create" file="Navigation Menu (Hyde\Framework\Testing\Feature\NavigationMenu)::Is sorted automatically when using navigation menu create" class="Hyde\Framework\Testing\Feature\NavigationMenuTest" classname="Hyde.Framework.Testing.Feature.NavigationMenuTest" assertions="2" time="0.030728"/>
        <testcase name="Collection only contains nav items" file="Navigation Menu (Hyde\Framework\Testing\Feature\NavigationMenu)::Collection only contains nav items" class="Hyde\Framework\Testing\Feature\NavigationMenuTest" classname="Hyde.Framework.Testing.Feature.NavigationMenuTest" assertions="1" time="0.028333"/>
        <testcase name="External link can be added in config" file="Navigation Menu (Hyde\Framework\Testing\Feature\NavigationMenu)::External link can be added in config" class="Hyde\Framework\Testing\Feature\NavigationMenuTest" classname="Hyde.Framework.Testing.Feature.NavigationMenuTest" assertions="2" time="0.028968"/>
        <testcase name="Path link can be added in config" file="Navigation Menu (Hyde\Framework\Testing\Feature\NavigationMenu)::Path link can be added in config" class="Hyde\Framework\Testing\Feature\NavigationMenuTest" classname="Hyde.Framework.Testing.Feature.NavigationMenuTest" assertions="2" time="0.028865"/>
        <testcase name="Duplicates are removed when adding in config" file="Navigation Menu (Hyde\Framework\Testing\Feature\NavigationMenu)::Duplicates are removed when adding in config" class="Hyde\Framework\Testing\Feature\NavigationMenuTest" classname="Hyde.Framework.Testing.Feature.NavigationMenuTest" assertions="2" time="0.028938"/>
        <testcase name="Duplicates are removed when adding in config regardless of destination" file="Navigation Menu (Hyde\Framework\Testing\Feature\NavigationMenu)::Duplicates are removed when adding in config regardless of destination" class="Hyde\Framework\Testing\Feature\NavigationMenuTest" classname="Hyde.Framework.Testing.Feature.NavigationMenuTest" assertions="2" time="0.028721"/>
        <testcase name="Config items take precedence over generated items" file="Navigation Menu (Hyde\Framework\Testing\Feature\NavigationMenu)::Config items take precedence over generated items" class="Hyde\Framework\Testing\Feature\NavigationMenuTest" classname="Hyde.Framework.Testing.Feature.NavigationMenuTest" assertions="2" time="0.029905"/>
        <testcase name="Documentation pages that are not index are not added to the menu" file="Navigation Menu (Hyde\Framework\Testing\Feature\NavigationMenu)::Documentation pages that are not index are not added to the menu" class="Hyde\Framework\Testing\Feature\NavigationMenuTest" classname="Hyde.Framework.Testing.Feature.NavigationMenuTest" assertions="2" time="0.033786"/>
        <testcase name="Pages in subdirectories are not added to the navigation menu" file="Navigation Menu (Hyde\Framework\Testing\Feature\NavigationMenu)::Pages in subdirectories are not added to the navigation menu" class="Hyde\Framework\Testing\Feature\NavigationMenuTest" classname="Hyde.Framework.Testing.Feature.NavigationMenuTest" assertions="2" time="0.029715"/>
        <testcase name="Pages in subdirectories can be added to the navigation menu with config flat setting" file="Navigation Menu (Hyde\Framework\Testing\Feature\NavigationMenu)::Pages in subdirectories can be added to the navigation menu with config flat setting" class="Hyde\Framework\Testing\Feature\NavigationMenuTest" classname="Hyde.Framework.Testing.Feature.NavigationMenuTest" assertions="2" time="0.029816"/>
        <testcase name="Pages in subdirectories are not added to the navigation menu with config dropdown setting" file="Navigation Menu (Hyde\Framework\Testing\Feature\NavigationMenu)::Pages in subdirectories are not added to the navigation menu with config dropdown setting" class="Hyde\Framework\Testing\Feature\NavigationMenuTest" classname="Hyde.Framework.Testing.Feature.NavigationMenuTest" assertions="2" time="0.029433"/>
        <testcase name="Has dropdowns returns false when there are no dropdowns" file="Navigation Menu (Hyde\Framework\Testing\Feature\NavigationMenu)::Has dropdowns returns false when there are no dropdowns" class="Hyde\Framework\Testing\Feature\NavigationMenuTest" classname="Hyde.Framework.Testing.Feature.NavigationMenuTest" assertions="1" time="0.027350"/>
        <testcase name="Has dropdowns returns true when there are dropdowns" file="Navigation Menu (Hyde\Framework\Testing\Feature\NavigationMenu)::Has dropdowns returns true when there are dropdowns" class="Hyde\Framework\Testing\Feature\NavigationMenuTest" classname="Hyde.Framework.Testing.Feature.NavigationMenuTest" assertions="1" time="0.027818"/>
        <testcase name="Has dropdowns always returns false when dropdowns are disabled" file="Navigation Menu (Hyde\Framework\Testing\Feature\NavigationMenu)::Has dropdowns always returns false when dropdowns are disabled" class="Hyde\Framework\Testing\Feature\NavigationMenuTest" classname="Hyde.Framework.Testing.Feature.NavigationMenuTest" assertions="1" time="0.026810"/>
        <testcase name="Get dropdowns returns empty array there are no dropdowns" file="Navigation Menu (Hyde\Framework\Testing\Feature\NavigationMenu)::Get dropdowns returns empty array there are no dropdowns" class="Hyde\Framework\Testing\Feature\NavigationMenuTest" classname="Hyde.Framework.Testing.Feature.NavigationMenuTest" assertions="2" time="0.026255"/>
        <testcase name="Get dropdowns returns correct array when there are dropdowns" file="Navigation Menu (Hyde\Framework\Testing\Feature\NavigationMenu)::Get dropdowns returns correct array when there are dropdowns" class="Hyde\Framework\Testing\Feature\NavigationMenuTest" classname="Hyde.Framework.Testing.Feature.NavigationMenuTest" assertions="2" time="0.028219"/>
        <testcase name="Get dropdowns with multiple items" file="Navigation Menu (Hyde\Framework\Testing\Feature\NavigationMenu)::Get dropdowns with multiple items" class="Hyde\Framework\Testing\Feature\NavigationMenuTest" classname="Hyde.Framework.Testing.Feature.NavigationMenuTest" assertions="2" time="0.029689"/>
        <testcase name="Get dropdowns with multiple dropdowns" file="Navigation Menu (Hyde\Framework\Testing\Feature\NavigationMenu)::Get dropdowns with multiple dropdowns" class="Hyde\Framework\Testing\Feature\NavigationMenuTest" classname="Hyde.Framework.Testing.Feature.NavigationMenuTest" assertions="2" time="0.046297"/>
        <testcase name="Get dropdowns throws exception when disabled" file="Navigation Menu (Hyde\Framework\Testing\Feature\NavigationMenu)::Get dropdowns throws exception when disabled" class="Hyde\Framework\Testing\Feature\NavigationMenuTest" classname="Hyde.Framework.Testing.Feature.NavigationMenuTest" assertions="2" time="0.027346"/>
        <testcase name="Documentation pages do not get added to dropdowns" file="Navigation Menu (Hyde\Framework\Testing\Feature\NavigationMenu)::Documentation pages do not get added to dropdowns" class="Hyde\Framework\Testing\Feature\NavigationMenuTest" classname="Hyde.Framework.Testing.Feature.NavigationMenuTest" assertions="2" time="0.028199"/>
        <testcase name="Blog posts do not get added to dropdowns" file="Navigation Menu (Hyde\Framework\Testing\Feature\NavigationMenu)::Blog posts do not get added to dropdowns" class="Hyde\Framework\Testing\Feature\NavigationMenuTest" classname="Hyde.Framework.Testing.Feature.NavigationMenuTest" assertions="2" time="0.029808"/>
        <testcase name="Pages in dropdowns do not get added to the main navigation" file="Navigation Menu (Hyde\Framework\Testing\Feature\NavigationMenu)::Pages in dropdowns do not get added to the main navigation" class="Hyde\Framework\Testing\Feature\NavigationMenuTest" classname="Hyde.Framework.Testing.Feature.NavigationMenuTest" assertions="2" time="0.031137"/>
        <testcase name="Dropdown menu items are sorted by priority" file="Navigation Menu (Hyde\Framework\Testing\Feature\NavigationMenu)::Dropdown menu items are sorted by priority" class="Hyde\Framework\Testing\Feature\NavigationMenuTest" classname="Hyde.Framework.Testing.Feature.NavigationMenuTest" assertions="1" time="0.029364"/>
        <testcase name="Has dropdowns returns true when group is explicitly set in front matter" file="Navigation Menu (Hyde\Framework\Testing\Feature\NavigationMenu)::Has dropdowns returns true when group is explicitly set in front matter" class="Hyde\Framework\Testing\Feature\NavigationMenuTest" classname="Hyde.Framework.Testing.Feature.NavigationMenuTest" assertions="1" time="0.028765"/>
        <testcase name="Get dropdowns returns correct array when group is explicitly set in front matter" file="Navigation Menu (Hyde\Framework\Testing\Feature\NavigationMenu)::Get dropdowns returns correct array when group is explicitly set in front matter" class="Hyde\Framework\Testing\Feature\NavigationMenuTest" classname="Hyde.Framework.Testing.Feature.NavigationMenuTest" assertions="2" time="0.030893"/>
        <testcase name="Has dropdowns returns false when group is not explicitly set in front matter" file="Navigation Menu (Hyde\Framework\Testing\Feature\NavigationMenu)::Has dropdowns returns false when group is not explicitly set in front matter" class="Hyde\Framework\Testing\Feature\NavigationMenuTest" classname="Hyde.Framework.Testing.Feature.NavigationMenuTest" assertions="1" time="0.028542"/>
      </testsuite>
      <testsuite name="Hyde\Framework\Testing\Feature\PageCollectionTest" file="Page Collection (Hyde\Framework\Testing\Feature\PageCollection)" tests="12" assertions="38" errors="0" failures="0" skipped="0" time="0.419848">
        <testcase name="Boot method creates new page collection and discovers pages automatically" file="Page Collection (Hyde\Framework\Testing\Feature\PageCollection)::Boot method creates new page collection and discovers pages automatically" class="Hyde\Framework\Testing\Feature\PageCollectionTest" classname="Hyde.Framework.Testing.Feature.PageCollectionTest" assertions="3" time="0.074768"/>
        <testcase name="Blade pages are discovered" file="Page Collection (Hyde\Framework\Testing\Feature\PageCollection)::Blade pages are discovered" class="Hyde\Framework\Testing\Feature\PageCollectionTest" classname="Hyde.Framework.Testing.Feature.PageCollectionTest" assertions="2" time="0.029432"/>
        <testcase name="Markdown pages are discovered" file="Page Collection (Hyde\Framework\Testing\Feature\PageCollection)::Markdown pages are discovered" class="Hyde\Framework\Testing\Feature\PageCollectionTest" classname="Hyde.Framework.Testing.Feature.PageCollectionTest" assertions="2" time="0.029985"/>
        <testcase name="Markdown posts are discovered" file="Page Collection (Hyde\Framework\Testing\Feature\PageCollection)::Markdown posts are discovered" class="Hyde\Framework\Testing\Feature\PageCollectionTest" classname="Hyde.Framework.Testing.Feature.PageCollectionTest" assertions="2" time="0.033555"/>
        <testcase name="Documentation pages are discovered" file="Page Collection (Hyde\Framework\Testing\Feature\PageCollection)::Documentation pages are discovered" class="Hyde\Framework\Testing\Feature\PageCollectionTest" classname="Hyde.Framework.Testing.Feature.PageCollectionTest" assertions="2" time="0.033051"/>
        <testcase name="Get page returns parsed page object for given source path" file="Page Collection (Hyde\Framework\Testing\Feature\PageCollection)::Get page returns parsed page object for given source path" class="Hyde\Framework\Testing\Feature\PageCollectionTest" classname="Hyde.Framework.Testing.Feature.PageCollectionTest" assertions="1" time="0.029168"/>
        <testcase name="Get pages returns collection of pages of given class" file="Page Collection (Hyde\Framework\Testing\Feature\PageCollection)::Get pages returns collection of pages of given class" class="Hyde\Framework\Testing\Feature\PageCollectionTest" classname="Hyde.Framework.Testing.Feature.PageCollectionTest" assertions="11" time="0.042088"/>
        <testcase name="Get pages returns all pages when not supplied with class string" file="Page Collection (Hyde\Framework\Testing\Feature\PageCollection)::Get pages returns all pages when not supplied with class string" class="Hyde\Framework\Testing\Feature\PageCollectionTest" classname="Hyde.Framework.Testing.Feature.PageCollectionTest" assertions="6" time="0.038154"/>
        <testcase name="Get pages returns empty collection when no pages are discovered" file="Page Collection (Hyde\Framework\Testing\Feature\PageCollection)::Get pages returns empty collection when no pages are discovered" class="Hyde\Framework\Testing\Feature\PageCollectionTest" classname="Hyde.Framework.Testing.Feature.PageCollectionTest" assertions="1" time="0.023425"/>
        <testcase name="Pages are not discovered for disabled features" file="Page Collection (Hyde\Framework\Testing\Feature\PageCollection)::Pages are not discovered for disabled features" class="Hyde\Framework\Testing\Feature\PageCollectionTest" classname="Hyde.Framework.Testing.Feature.PageCollectionTest" assertions="1" time="0.022594"/>
        <testcase name="Pages with custom source directories are discovered properly" file="Page Collection (Hyde\Framework\Testing\Feature\PageCollection)::Pages with custom source directories are discovered properly" class="Hyde\Framework\Testing\Feature\PageCollectionTest" classname="Hyde.Framework.Testing.Feature.PageCollectionTest" assertions="5" time="0.037879"/>
        <testcase name="Get file throws exception when file is not found" file="Page Collection (Hyde\Framework\Testing\Feature\PageCollection)::Get file throws exception when file is not found" class="Hyde\Framework\Testing\Feature\PageCollectionTest" classname="Hyde.Framework.Testing.Feature.PageCollectionTest" assertions="2" time="0.025749"/>
      </testsuite>
      <testsuite name="Hyde\Framework\Testing\Feature\PageModelConstructorsTest" file="Page Model Constructors (Hyde\Framework\Testing\Feature\PageModelConstructors)" tests="5" assertions="5" errors="0" failures="0" skipped="0" time="0.155387">
        <testcase name="Dynamic data constructor can find title from front matter" file="Page Model Constructors (Hyde\Framework\Testing\Feature\PageModelConstructors)::Dynamic data constructor can find title from front matter" class="Hyde\Framework\Testing\Feature\PageModelConstructorsTest" classname="Hyde.Framework.Testing.Feature.PageModelConstructorsTest" assertions="1" time="0.041435"/>
        <testcase name="Dynamic data constructor can find title from h 1 tag" file="Page Model Constructors (Hyde\Framework\Testing\Feature\PageModelConstructors)::Dynamic data constructor can find title from h 1 tag" class="Hyde\Framework\Testing\Feature\PageModelConstructorsTest" classname="Hyde.Framework.Testing.Feature.PageModelConstructorsTest" assertions="1" time="0.039480"/>
        <testcase name="Dynamic data constructor can find title from slug" file="Page Model Constructors (Hyde\Framework\Testing\Feature\PageModelConstructors)::Dynamic data constructor can find title from slug" class="Hyde\Framework\Testing\Feature\PageModelConstructorsTest" classname="Hyde.Framework.Testing.Feature.PageModelConstructorsTest" assertions="1" time="0.024303"/>
        <testcase name="Documentation page parser can get group from front matter" file="Page Model Constructors (Hyde\Framework\Testing\Feature\PageModelConstructors)::Documentation page parser can get group from front matter" class="Hyde\Framework\Testing\Feature\PageModelConstructorsTest" classname="Hyde.Framework.Testing.Feature.PageModelConstructorsTest" assertions="1" time="0.025245"/>
        <testcase name="Documentation page parser can get group automatically from nested page" file="Page Model Constructors (Hyde\Framework\Testing\Feature\PageModelConstructors)::Documentation page parser can get group automatically from nested page" class="Hyde\Framework\Testing\Feature\PageModelConstructorsTest" classname="Hyde.Framework.Testing.Feature.PageModelConstructorsTest" assertions="1" time="0.024923"/>
      </testsuite>
      <testsuite name="Hyde\Framework\Testing\Feature\PaginatorTest" file="Paginator (Hyde\Framework\Testing\Feature\Paginator)" tests="32" assertions="60" errors="0" failures="0" skipped="0" time="0.752372">
        <testcase name="It can be instantiated" file="Paginator (Hyde\Framework\Testing\Feature\Paginator)::It can be instantiated" class="Hyde\Framework\Testing\Feature\PaginatorTest" classname="Hyde.Framework.Testing.Feature.PaginatorTest" assertions="1" time="0.053806"/>
        <testcase name="Get paginated page collection" file="Paginator (Hyde\Framework\Testing\Feature\Paginator)::Get paginated page collection" class="Hyde\Framework\Testing\Feature\PaginatorTest" classname="Hyde.Framework.Testing.Feature.PaginatorTest" assertions="1" time="0.021682"/>
        <testcase name="Get paginated page collection with pages" file="Paginator (Hyde\Framework\Testing\Feature\Paginator)::Get paginated page collection with pages" class="Hyde\Framework\Testing\Feature\PaginatorTest" classname="Hyde.Framework.Testing.Feature.PaginatorTest" assertions="4" time="0.022846"/>
        <testcase name="Collection is chunked by specified setting value" file="Paginator (Hyde\Framework\Testing\Feature\Paginator)::Collection is chunked by specified setting value" class="Hyde\Framework\Testing\Feature\PaginatorTest" classname="Hyde.Framework.Testing.Feature.PaginatorTest" assertions="3" time="0.020958"/>
        <testcase name="Get items for page returns the correct chunk" file="Paginator (Hyde\Framework\Testing\Feature\Paginator)::Get items for page returns the correct chunk" class="Hyde\Framework\Testing\Feature\PaginatorTest" classname="Hyde.Framework.Testing.Feature.PaginatorTest" assertions="10" time="0.023161"/>
        <testcase name="Can get current page number" file="Paginator (Hyde\Framework\Testing\Feature\Paginator)::Can get current page number" class="Hyde\Framework\Testing\Feature\PaginatorTest" classname="Hyde.Framework.Testing.Feature.PaginatorTest" assertions="1" time="0.021312"/>
        <testcase name="Can set current page number" file="Paginator (Hyde\Framework\Testing\Feature\Paginator)::Can set current page number" class="Hyde\Framework\Testing\Feature\PaginatorTest" classname="Hyde.Framework.Testing.Feature.PaginatorTest" assertions="1" time="0.021948"/>
        <testcase name="Set current page number requires integer to be greater than nought" file="Paginator (Hyde\Framework\Testing\Feature\Paginator)::Set current page number requires integer to be greater than nought" class="Hyde\Framework\Testing\Feature\PaginatorTest" classname="Hyde.Framework.Testing.Feature.PaginatorTest" assertions="1" time="0.021663"/>
        <testcase name="Set current page number requires integer to be greater than nought" file="Paginator (Hyde\Framework\Testing\Feature\Paginator)::Set current page number requires integer to be greater than nought" class="Hyde\Framework\Testing\Feature\PaginatorTest" classname="Hyde.Framework.Testing.Feature.PaginatorTest" assertions="1" time="0.021176"/>
        <testcase name="Set current page number requires integer to be less than total pages" file="Paginator (Hyde\Framework\Testing\Feature\Paginator)::Set current page number requires integer to be less than total pages" class="Hyde\Framework\Testing\Feature\PaginatorTest" classname="Hyde.Framework.Testing.Feature.PaginatorTest" assertions="2" time="0.021834"/>
        <testcase name="Cannot set invalid current page number in constructor" file="Paginator (Hyde\Framework\Testing\Feature\Paginator)::Cannot set invalid current page number in constructor" class="Hyde\Framework\Testing\Feature\PaginatorTest" classname="Hyde.Framework.Testing.Feature.PaginatorTest" assertions="1" time="0.021725"/>
        <testcase name="Last page returns the last page number" file="Paginator (Hyde\Framework\Testing\Feature\Paginator)::Last page returns the last page number" class="Hyde\Framework\Testing\Feature\PaginatorTest" classname="Hyde.Framework.Testing.Feature.PaginatorTest" assertions="1" time="0.021992"/>
        <testcase name="Total pages returns the total number of pages" file="Paginator (Hyde\Framework\Testing\Feature\Paginator)::Total pages returns the total number of pages" class="Hyde\Framework\Testing\Feature\PaginatorTest" classname="Hyde.Framework.Testing.Feature.PaginatorTest" assertions="1" time="0.022483"/>
        <testcase name="Per page returns the number of items to be shown per page" file="Paginator (Hyde\Framework\Testing\Feature\Paginator)::Per page returns the number of items to be shown per page" class="Hyde\Framework\Testing\Feature\PaginatorTest" classname="Hyde.Framework.Testing.Feature.PaginatorTest" assertions="1" time="0.022264"/>
        <testcase name="Has multiple pages returns true if there are enough items to split into multiple pages" file="Paginator (Hyde\Framework\Testing\Feature\Paginator)::Has multiple pages returns true if there are enough items to split into multiple pages" class="Hyde\Framework\Testing\Feature\PaginatorTest" classname="Hyde.Framework.Testing.Feature.PaginatorTest" assertions="1" time="0.021971"/>
        <testcase name="Has pages returns false if there are not enough items to split into multiple pages" file="Paginator (Hyde\Framework\Testing\Feature\Paginator)::Has pages returns false if there are not enough items to split into multiple pages" class="Hyde\Framework\Testing\Feature\PaginatorTest" classname="Hyde.Framework.Testing.Feature.PaginatorTest" assertions="1" time="0.020920"/>
        <testcase name="Has more pages returns true if cursor can navigate forward" file="Paginator (Hyde\Framework\Testing\Feature\Paginator)::Has more pages returns true if cursor can navigate forward" class="Hyde\Framework\Testing\Feature\PaginatorTest" classname="Hyde.Framework.Testing.Feature.PaginatorTest" assertions="1" time="0.021670"/>
        <testcase name="Has more pages returns false if cursor cannot navigate forward" file="Paginator (Hyde\Framework\Testing\Feature\Paginator)::Has more pages returns false if cursor cannot navigate forward" class="Hyde\Framework\Testing\Feature\PaginatorTest" classname="Hyde.Framework.Testing.Feature.PaginatorTest" assertions="1" time="0.021337"/>
        <testcase name="Has fewer pages returns true if cursor can navigate back" file="Paginator (Hyde\Framework\Testing\Feature\Paginator)::Has fewer pages returns true if cursor can navigate back" class="Hyde\Framework\Testing\Feature\PaginatorTest" classname="Hyde.Framework.Testing.Feature.PaginatorTest" assertions="1" time="0.037497"/>
        <testcase name="Has fewer pages returns false if cursor cannot navigate back" file="Paginator (Hyde\Framework\Testing\Feature\Paginator)::Has fewer pages returns false if cursor cannot navigate back" class="Hyde\Framework\Testing\Feature\PaginatorTest" classname="Hyde.Framework.Testing.Feature.PaginatorTest" assertions="1" time="0.021926"/>
        <testcase name="Previous method without fewer pages returns false" file="Paginator (Hyde\Framework\Testing\Feature\Paginator)::Previous method without fewer pages returns false" class="Hyde\Framework\Testing\Feature\PaginatorTest" classname="Hyde.Framework.Testing.Feature.PaginatorTest" assertions="1" time="0.021788"/>
        <testcase name="Next method without more pages returns false" file="Paginator (Hyde\Framework\Testing\Feature\Paginator)::Next method without more pages returns false" class="Hyde\Framework\Testing\Feature\PaginatorTest" classname="Hyde.Framework.Testing.Feature.PaginatorTest" assertions="1" time="0.021006"/>
        <testcase name="Previous method returns previous page link when no base route is set" file="Paginator (Hyde\Framework\Testing\Feature\Paginator)::Previous method returns previous page link when no base route is set" class="Hyde\Framework\Testing\Feature\PaginatorTest" classname="Hyde.Framework.Testing.Feature.PaginatorTest" assertions="1" time="0.020933"/>
        <testcase name="Next method returns next page link when no base route is set" file="Paginator (Hyde\Framework\Testing\Feature\Paginator)::Next method returns next page link when no base route is set" class="Hyde\Framework\Testing\Feature\PaginatorTest" classname="Hyde.Framework.Testing.Feature.PaginatorTest" assertions="1" time="0.021650"/>
        <testcase name="Previous and next methods with base route set" file="Paginator (Hyde\Framework\Testing\Feature\Paginator)::Previous and next methods with base route set" class="Hyde\Framework\Testing\Feature\PaginatorTest" classname="Hyde.Framework.Testing.Feature.PaginatorTest" assertions="6" time="0.028568"/>
        <testcase name="Previous number without fewer pages returns false" file="Paginator (Hyde\Framework\Testing\Feature\Paginator)::Previous number without fewer pages returns false" class="Hyde\Framework\Testing\Feature\PaginatorTest" classname="Hyde.Framework.Testing.Feature.PaginatorTest" assertions="1" time="0.021335"/>
        <testcase name="Next number without more pages returns false" file="Paginator (Hyde\Framework\Testing\Feature\Paginator)::Next number without more pages returns false" class="Hyde\Framework\Testing\Feature\PaginatorTest" classname="Hyde.Framework.Testing.Feature.PaginatorTest" assertions="1" time="0.020894"/>
        <testcase name="Previous number returns the previous page number when there is one" file="Paginator (Hyde\Framework\Testing\Feature\Paginator)::Previous number returns the previous page number when there is one" class="Hyde\Framework\Testing\Feature\PaginatorTest" classname="Hyde.Framework.Testing.Feature.PaginatorTest" assertions="1" time="0.021051"/>
        <testcase name="Next number returns the next page number when there is one" file="Paginator (Hyde\Framework\Testing\Feature\Paginator)::Next number returns the next page number when there is one" class="Hyde\Framework\Testing\Feature\PaginatorTest" classname="Hyde.Framework.Testing.Feature.PaginatorTest" assertions="1" time="0.021753"/>
        <testcase name="Get page links" file="Paginator (Hyde\Framework\Testing\Feature\Paginator)::Get page links" class="Hyde\Framework\Testing\Feature\PaginatorTest" classname="Hyde.Framework.Testing.Feature.PaginatorTest" assertions="1" time="0.021257"/>
        <testcase name="Get page links with base route" file="Paginator (Hyde\Framework\Testing\Feature\Paginator)::Get page links with base route" class="Hyde\Framework\Testing\Feature\PaginatorTest" classname="Hyde.Framework.Testing.Feature.PaginatorTest" assertions="1" time="0.026716"/>
        <testcase name="First item number on page" file="Paginator (Hyde\Framework\Testing\Feature\Paginator)::First item number on page" class="Hyde\Framework\Testing\Feature\PaginatorTest" classname="Hyde.Framework.Testing.Feature.PaginatorTest" assertions="9" time="0.021251"/>
      </testsuite>
      <testsuite name="Hyde\Framework\Testing\Feature\PharSupportTest" file="Phar Support (Hyde\Framework\Testing\Feature\PharSupport)" tests="6" assertions="8" errors="0" failures="0" skipped="0" time="0.165272">
        <testcase name="Active" file="Phar Support (Hyde\Framework\Testing\Feature\PharSupport)::Active" class="Hyde\Framework\Testing\Feature\PharSupportTest" classname="Hyde.Framework.Testing.Feature.PharSupportTest" assertions="1" time="0.065733"/>
        <testcase name="Mock active" file="Phar Support (Hyde\Framework\Testing\Feature\PharSupport)::Mock active" class="Hyde\Framework\Testing\Feature\PharSupportTest" classname="Hyde.Framework.Testing.Feature.PharSupportTest" assertions="2" time="0.019841"/>
        <testcase name="Has vendor directory" file="Phar Support (Hyde\Framework\Testing\Feature\PharSupport)::Has vendor directory" class="Hyde\Framework\Testing\Feature\PharSupportTest" classname="Hyde.Framework.Testing.Feature.PharSupportTest" assertions="1" time="0.019820"/>
        <testcase name="Mock has vendor directory" file="Phar Support (Hyde\Framework\Testing\Feature\PharSupport)::Mock has vendor directory" class="Hyde\Framework\Testing\Feature\PharSupportTest" classname="Hyde.Framework.Testing.Feature.PharSupportTest" assertions="2" time="0.020036"/>
        <testcase name="Vendor path can run in phar" file="Phar Support (Hyde\Framework\Testing\Feature\PharSupport)::Vendor path can run in phar" class="Hyde\Framework\Testing\Feature\PharSupportTest" classname="Hyde.Framework.Testing.Feature.PharSupportTest" assertions="1" time="0.019892"/>
        <testcase name="Vendor path can run in phar with path argument" file="Phar Support (Hyde\Framework\Testing\Feature\PharSupport)::Vendor path can run in phar with path argument" class="Hyde\Framework\Testing\Feature\PharSupportTest" classname="Hyde.Framework.Testing.Feature.PharSupportTest" assertions="1" time="0.019950"/>
      </testsuite>
      <testsuite name="Hyde\Framework\Testing\Feature\PostsAuthorIntegrationTest" file="Posts Author Integration (Hyde\Framework\Testing\Feature\PostsAuthorIntegration)" tests="3" assertions="13" errors="0" failures="0" skipped="0" time="0.142155">
        <testcase name="Create post with undefined author" file="Posts Author Integration (Hyde\Framework\Testing\Feature\PostsAuthorIntegration)::Create post with undefined author" class="Hyde\Framework\Testing\Feature\PostsAuthorIntegrationTest" classname="Hyde.Framework.Testing.Feature.PostsAuthorIntegrationTest" assertions="4" time="0.048646"/>
        <testcase name="Create post with defined author with name" file="Posts Author Integration (Hyde\Framework\Testing\Feature\PostsAuthorIntegration)::Create post with defined author with name" class="Hyde\Framework\Testing\Feature\PostsAuthorIntegrationTest" classname="Hyde.Framework.Testing.Feature.PostsAuthorIntegrationTest" assertions="4" time="0.039272"/>
        <testcase name="Create post with defined author with website" file="Posts Author Integration (Hyde\Framework\Testing\Feature\PostsAuthorIntegration)::Create post with defined author with website" class="Hyde\Framework\Testing\Feature\PostsAuthorIntegrationTest" classname="Hyde.Framework.Testing.Feature.PostsAuthorIntegrationTest" assertions="5" time="0.054236"/>
      </testsuite>
      <testsuite name="Hyde\Framework\Testing\Feature\ReadingTimeTest" file="Reading Time (Hyde\Framework\Testing\Feature\ReadingTime)" tests="12" assertions="38" errors="0" failures="0" skipped="0" time="0.043599">
        <testcase name="Construct" file="Reading Time (Hyde\Framework\Testing\Feature\ReadingTime)::Construct" class="Hyde\Framework\Testing\Feature\ReadingTimeTest" classname="Hyde.Framework.Testing.Feature.ReadingTimeTest" assertions="1" time="0.017965"/>
        <testcase name="To string" file="Reading Time (Hyde\Framework\Testing\Feature\ReadingTime)::To string" class="Hyde\Framework\Testing\Feature\ReadingTimeTest" classname="Hyde.Framework.Testing.Feature.ReadingTimeTest" assertions="1" time="0.002079"/>
        <testcase name="Get word count" file="Reading Time (Hyde\Framework\Testing\Feature\ReadingTime)::Get word count" class="Hyde\Framework\Testing\Feature\ReadingTimeTest" classname="Hyde.Framework.Testing.Feature.ReadingTimeTest" assertions="4" time="0.002291"/>
        <testcase name="Get minutes" file="Reading Time (Hyde\Framework\Testing\Feature\ReadingTime)::Get minutes" class="Hyde\Framework\Testing\Feature\ReadingTimeTest" classname="Hyde.Framework.Testing.Feature.ReadingTimeTest" assertions="4" time="0.002258"/>
        <testcase name="Get seconds" file="Reading Time (Hyde\Framework\Testing\Feature\ReadingTime)::Get seconds" class="Hyde\Framework\Testing\Feature\ReadingTimeTest" classname="Hyde.Framework.Testing.Feature.ReadingTimeTest" assertions="4" time="0.002306"/>
        <testcase name="Get seconds over" file="Reading Time (Hyde\Framework\Testing\Feature\ReadingTime)::Get seconds over" class="Hyde\Framework\Testing\Feature\ReadingTimeTest" classname="Hyde.Framework.Testing.Feature.ReadingTimeTest" assertions="4" time="0.002281"/>
        <testcase name="Get formatted" file="Reading Time (Hyde\Framework\Testing\Feature\ReadingTime)::Get formatted" class="Hyde\Framework\Testing\Feature\ReadingTimeTest" classname="Hyde.Framework.Testing.Feature.ReadingTimeTest" assertions="4" time="0.002256"/>
        <testcase name="Get formatted with custom formatting" file="Reading Time (Hyde\Framework\Testing\Feature\ReadingTime)::Get formatted with custom formatting" class="Hyde\Framework\Testing\Feature\ReadingTimeTest" classname="Hyde.Framework.Testing.Feature.ReadingTimeTest" assertions="4" time="0.002293"/>
        <testcase name="Get formatted formats up to one minute when round up is set" file="Reading Time (Hyde\Framework\Testing\Feature\ReadingTime)::Get formatted formats up to one minute when round up is set" class="Hyde\Framework\Testing\Feature\ReadingTimeTest" classname="Hyde.Framework.Testing.Feature.ReadingTimeTest" assertions="4" time="0.002318"/>
        <testcase name="Format using closure" file="Reading Time (Hyde\Framework\Testing\Feature\ReadingTime)::Format using closure" class="Hyde\Framework\Testing\Feature\ReadingTimeTest" classname="Hyde.Framework.Testing.Feature.ReadingTimeTest" assertions="4" time="0.002292"/>
        <testcase name="From string" file="Reading Time (Hyde\Framework\Testing\Feature\ReadingTime)::From string" class="Hyde\Framework\Testing\Feature\ReadingTimeTest" classname="Hyde.Framework.Testing.Feature.ReadingTimeTest" assertions="2" time="0.002166"/>
        <testcase name="From file" file="Reading Time (Hyde\Framework\Testing\Feature\ReadingTime)::From file" class="Hyde\Framework\Testing\Feature\ReadingTimeTest" classname="Hyde.Framework.Testing.Feature.ReadingTimeTest" assertions="2" time="0.003094"/>
      </testsuite>
      <testsuite name="Hyde\Framework\Testing\Feature\RedirectTest" file="Redirect (Hyde\Framework\Testing\Feature\Redirect)" tests="4" assertions="12" errors="0" failures="0" skipped="0" time="0.115926">
        <testcase name="Can create a redirect" file="Redirect (Hyde\Framework\Testing\Feature\Redirect)::Can create a redirect" class="Hyde\Framework\Testing\Feature\RedirectTest" classname="Hyde.Framework.Testing.Feature.RedirectTest" assertions="7" time="0.044631"/>
        <testcase name="Path parameter is normalized" file="Redirect (Hyde\Framework\Testing\Feature\Redirect)::Path parameter is normalized" class="Hyde\Framework\Testing\Feature\RedirectTest" classname="Hyde.Framework.Testing.Feature.RedirectTest" assertions="1" time="0.022300"/>
        <testcase name="Text can be disabled" file="Redirect (Hyde\Framework\Testing\Feature\Redirect)::Text can be disabled" class="Hyde\Framework\Testing\Feature\RedirectTest" classname="Hyde.Framework.Testing.Feature.RedirectTest" assertions="2" time="0.023177"/>
        <testcase name="Redirect pages can be compilable by static site though manual discovery" file="Redirect (Hyde\Framework\Testing\Feature\Redirect)::Redirect pages can be compilable by static site though manual discovery" class="Hyde\Framework\Testing\Feature\RedirectTest" classname="Hyde.Framework.Testing.Feature.RedirectTest" assertions="2" time="0.025819"/>
      </testsuite>
      <testsuite name="Hyde\Framework\Testing\Feature\RouteCollectionTest" file="Route Collection (Hyde\Framework\Testing\Feature\RouteCollection)" tests="7" assertions="19" errors="0" failures="0" skipped="0" time="0.217365">
        <testcase name="Boot method discovers all pages" file="Route Collection (Hyde\Framework\Testing\Feature\RouteCollection)::Boot method discovers all pages" class="Hyde\Framework\Testing\Feature\RouteCollectionTest" classname="Hyde.Framework.Testing.Feature.RouteCollectionTest" assertions="3" time="0.032099"/>
        <testcase name="Boot method discovers all page types" file="Route Collection (Hyde\Framework\Testing\Feature\RouteCollection)::Boot method discovers all page types" class="Hyde\Framework\Testing\Feature\RouteCollectionTest" classname="Hyde.Framework.Testing.Feature.RouteCollectionTest" assertions="3" time="0.040604"/>
        <testcase name="Get routes returns all routes" file="Route Collection (Hyde\Framework\Testing\Feature\RouteCollection)::Get routes returns all routes" class="Hyde\Framework\Testing\Feature\RouteCollectionTest" classname="Hyde.Framework.Testing.Feature.RouteCollectionTest" assertions="1" time="0.030296"/>
        <testcase name="Get routes for model returns collection of routes of given class" file="Route Collection (Hyde\Framework\Testing\Feature\RouteCollection)::Get routes for model returns collection of routes of given class" class="Hyde\Framework\Testing\Feature\RouteCollectionTest" classname="Hyde.Framework.Testing.Feature.RouteCollectionTest" assertions="6" time="0.037390"/>
        <testcase name="Add route adds new route" file="Route Collection (Hyde\Framework\Testing\Feature\RouteCollection)::Add route adds new route" class="Hyde\Framework\Testing\Feature\RouteCollectionTest" classname="Hyde.Framework.Testing.Feature.RouteCollectionTest" assertions="3" time="0.026593"/>
        <testcase name="Get route" file="Route Collection (Hyde\Framework\Testing\Feature\RouteCollection)::Get route" class="Hyde\Framework\Testing\Feature\RouteCollectionTest" classname="Hyde.Framework.Testing.Feature.RouteCollectionTest" assertions="1" time="0.025759"/>
        <testcase name="Get route with non existing route" file="Route Collection (Hyde\Framework\Testing\Feature\RouteCollection)::Get route with non existing route" class="Hyde\Framework\Testing\Feature\RouteCollectionTest" classname="Hyde.Framework.Testing.Feature.RouteCollectionTest" assertions="2" time="0.024623"/>
      </testsuite>
      <testsuite name="Hyde\Framework\Testing\Feature\Services\BladeDownProcessorTest" file="Blade Down Processor (Hyde\Framework\Testing\Feature\Services\BladeDownProcessor)" tests="9" assertions="9" errors="0" failures="0" skipped="0" time="0.229116">
        <testcase name="It renders blade echo syntax" file="Blade Down Processor (Hyde\Framework\Testing\Feature\Services\BladeDownProcessor)::It renders blade echo syntax" class="Hyde\Framework\Testing\Feature\Services\BladeDownProcessorTest" classname="Hyde.Framework.Testing.Feature.Services.BladeDownProcessorTest" assertions="1" time="0.032404"/>
        <testcase name="It renders blade within multiline markdown" file="Blade Down Processor (Hyde\Framework\Testing\Feature\Services\BladeDownProcessor)::It renders blade within multiline markdown" class="Hyde\Framework\Testing\Feature\Services\BladeDownProcessorTest" classname="Hyde.Framework.Testing.Feature.Services.BladeDownProcessorTest" assertions="1" time="0.022886"/>
        <testcase name="It renders blade views" file="Blade Down Processor (Hyde\Framework\Testing\Feature\Services\BladeDownProcessor)::It renders blade views" class="Hyde\Framework\Testing\Feature\Services\BladeDownProcessorTest" classname="Hyde.Framework.Testing.Feature.Services.BladeDownProcessorTest" assertions="1" time="0.023022"/>
        <testcase name="Directive is case insensitive" file="Blade Down Processor (Hyde\Framework\Testing\Feature\Services\BladeDownProcessor)::Directive is case insensitive" class="Hyde\Framework\Testing\Feature\Services\BladeDownProcessorTest" classname="Hyde.Framework.Testing.Feature.Services.BladeDownProcessorTest" assertions="1" time="0.038263"/>
        <testcase name="Directive is ignored if it is not at the start of a line" file="Blade Down Processor (Hyde\Framework\Testing\Feature\Services\BladeDownProcessor)::Directive is ignored if it is not at the start of a line" class="Hyde\Framework\Testing\Feature\Services\BladeDownProcessorTest" classname="Hyde.Framework.Testing.Feature.Services.BladeDownProcessorTest" assertions="1" time="0.022037"/>
        <testcase name="It renders blade echo syntax with variables" file="Blade Down Processor (Hyde\Framework\Testing\Feature\Services\BladeDownProcessor)::It renders blade echo syntax with variables" class="Hyde\Framework\Testing\Feature\Services\BladeDownProcessorTest" classname="Hyde.Framework.Testing.Feature.Services.BladeDownProcessorTest" assertions="1" time="0.023065"/>
        <testcase name="It renders blade views with variables" file="Blade Down Processor (Hyde\Framework\Testing\Feature\Services\BladeDownProcessor)::It renders blade views with variables" class="Hyde\Framework\Testing\Feature\Services\BladeDownProcessorTest" classname="Hyde.Framework.Testing.Feature.Services.BladeDownProcessorTest" assertions="1" time="0.023477"/>
        <testcase name="Preprocess method expands shortcode" file="Blade Down Processor (Hyde\Framework\Testing\Feature\Services\BladeDownProcessor)::Preprocess method expands shortcode" class="Hyde\Framework\Testing\Feature\Services\BladeDownProcessorTest" classname="Hyde.Framework.Testing.Feature.Services.BladeDownProcessorTest" assertions="1" time="0.021844"/>
        <testcase name="Process method renders shortcode" file="Blade Down Processor (Hyde\Framework\Testing\Feature\Services\BladeDownProcessor)::Process method renders shortcode" class="Hyde\Framework\Testing\Feature\Services\BladeDownProcessorTest" classname="Hyde.Framework.Testing.Feature.Services.BladeDownProcessorTest" assertions="1" time="0.022119"/>
      </testsuite>
      <testsuite name="Hyde\Framework\Testing\Feature\Services\BuildTaskServiceTest" file="Build Task Service (Hyde\Framework\Testing\Feature\Services\BuildTaskService)" tests="8" assertions="11" errors="0" failures="0" skipped="0" time="0.234736">
        <testcase name="Build command can run build tasks" file="Build Task Service (Hyde\Framework\Testing\Feature\Services\BuildTaskService)::Build command can run build tasks" class="Hyde\Framework\Testing\Feature\Services\BuildTaskServiceTest" classname="Hyde.Framework.Testing.Feature.Services.BuildTaskServiceTest" assertions="4" time="0.054963"/>
        <testcase name="Run post build tasks runs configured tasks does nothing if no tasks are configured" file="Build Task Service (Hyde\Framework\Testing\Feature\Services\BuildTaskService)::Run post build tasks runs configured tasks does nothing if no tasks are configured" class="Hyde\Framework\Testing\Feature\Services\BuildTaskServiceTest" classname="Hyde.Framework.Testing.Feature.Services.BuildTaskServiceTest" assertions="1" time="0.026382"/>
        <testcase name="Get post build tasks returns array merged with config" file="Build Task Service (Hyde\Framework\Testing\Feature\Services\BuildTaskService)::Get post build tasks returns array merged with config" class="Hyde\Framework\Testing\Feature\Services\BuildTaskServiceTest" classname="Hyde.Framework.Testing.Feature.Services.BuildTaskServiceTest" assertions="1" time="0.025023"/>
        <testcase name="Get post build tasks merges duplicate keys" file="Build Task Service (Hyde\Framework\Testing\Feature\Services\BuildTaskService)::Get post build tasks merges duplicate keys" class="Hyde\Framework\Testing\Feature\Services\BuildTaskServiceTest" classname="Hyde.Framework.Testing.Feature.Services.BuildTaskServiceTest" assertions="1" time="0.025936"/>
        <testcase name="Run post build tasks runs configured tasks" file="Build Task Service (Hyde\Framework\Testing\Feature\Services\BuildTaskService)::Run post build tasks runs configured tasks" class="Hyde\Framework\Testing\Feature\Services\BuildTaskServiceTest" classname="Hyde.Framework.Testing.Feature.Services.BuildTaskServiceTest" assertions="1" time="0.027744"/>
        <testcase name="Exception handler shows error message and exits with code 1 without throwing exception" file="Build Task Service (Hyde\Framework\Testing\Feature\Services\BuildTaskService)::Exception handler shows error message and exits with code 1 without throwing exception" class="Hyde\Framework\Testing\Feature\Services\BuildTaskServiceTest" classname="Hyde.Framework.Testing.Feature.Services.BuildTaskServiceTest" assertions="1" time="0.021146"/>
        <testcase name="Find tasks in app directory method discovers tasks in app directory" file="Build Task Service (Hyde\Framework\Testing\Feature\Services\BuildTaskService)::Find tasks in app directory method discovers tasks in app directory" class="Hyde\Framework\Testing\Feature\Services\BuildTaskServiceTest" classname="Hyde.Framework.Testing.Feature.Services.BuildTaskServiceTest" assertions="1" time="0.026426"/>
        <testcase name="Automatically discovered tasks can be executed" file="Build Task Service (Hyde\Framework\Testing\Feature\Services\BuildTaskService)::Automatically discovered tasks can be executed" class="Hyde\Framework\Testing\Feature\Services\BuildTaskServiceTest" classname="Hyde.Framework.Testing.Feature.Services.BuildTaskServiceTest" assertions="1" time="0.027115"/>
      </testsuite>
      <testsuite name="Hyde\Framework\Testing\Feature\Services\DocumentationSearchServiceTest" file="Documentation Search Service (Hyde\Framework\Testing\Feature\Services\DocumentationSearchService)" tests="10" assertions="10" errors="0" failures="0" skipped="0" time="0.095601">
        <testcase name="It generates a json file with a search index" file="Documentation Search Service (Hyde\Framework\Testing\Feature\Services\DocumentationSearchService)::It generates a json file with a search index" class="Hyde\Framework\Testing\Feature\Services\DocumentationSearchServiceTest" classname="Hyde.Framework.Testing.Feature.Services.DocumentationSearchServiceTest" assertions="1" time="0.019431"/>
        <testcase name="It adds all files to search index" file="Documentation Search Service (Hyde\Framework\Testing\Feature\Services\DocumentationSearchService)::It adds all files to search index" class="Hyde\Framework\Testing\Feature\Services\DocumentationSearchServiceTest" classname="Hyde.Framework.Testing.Feature.Services.DocumentationSearchServiceTest" assertions="1" time="0.010909"/>
        <testcase name="It handles generation even when there are no pages" file="Documentation Search Service (Hyde\Framework\Testing\Feature\Services\DocumentationSearchService)::It handles generation even when there are no pages" class="Hyde\Framework\Testing\Feature\Services\DocumentationSearchServiceTest" classname="Hyde.Framework.Testing.Feature.Services.DocumentationSearchServiceTest" assertions="1" time="0.006800"/>
        <testcase name="Save method saves the file to the correct location" file="Documentation Search Service (Hyde\Framework\Testing\Feature\Services\DocumentationSearchService)::Save method saves the file to the correct location" class="Hyde\Framework\Testing\Feature\Services\DocumentationSearchServiceTest" classname="Hyde.Framework.Testing.Feature.Services.DocumentationSearchServiceTest" assertions="1" time="0.006794"/>
        <testcase name="It generates a valid j s o n" file="Documentation Search Service (Hyde\Framework\Testing\Feature\Services\DocumentationSearchService)::It generates a valid j s o n" class="Hyde\Framework\Testing\Feature\Services\DocumentationSearchServiceTest" classname="Hyde.Framework.Testing.Feature.Services.DocumentationSearchServiceTest" assertions="1" time="0.009528"/>
        <testcase name="It strips markdown" file="Documentation Search Service (Hyde\Framework\Testing\Feature\Services\DocumentationSearchService)::It strips markdown" class="Hyde\Framework\Testing\Feature\Services\DocumentationSearchServiceTest" classname="Hyde.Framework.Testing.Feature.Services.DocumentationSearchServiceTest" assertions="1" time="0.008299"/>
        <testcase name="Get destination for slug returns empty string for index when pretty url is enabled" file="Documentation Search Service (Hyde\Framework\Testing\Feature\Services\DocumentationSearchService)::Get destination for slug returns empty string for index when pretty url is enabled" class="Hyde\Framework\Testing\Feature\Services\DocumentationSearchServiceTest" classname="Hyde.Framework.Testing.Feature.Services.DocumentationSearchServiceTest" assertions="1" time="0.008353"/>
        <testcase name="Get destination for slug returns pretty url when enabled" file="Documentation Search Service (Hyde\Framework\Testing\Feature\Services\DocumentationSearchService)::Get destination for slug returns pretty url when enabled" class="Hyde\Framework\Testing\Feature\Services\DocumentationSearchServiceTest" classname="Hyde.Framework.Testing.Feature.Services.DocumentationSearchServiceTest" assertions="1" time="0.008328"/>
        <testcase name="Excluded pages are not present in the search index" file="Documentation Search Service (Hyde\Framework\Testing\Feature\Services\DocumentationSearchService)::Excluded pages are not present in the search index" class="Hyde\Framework\Testing\Feature\Services\DocumentationSearchServiceTest" classname="Hyde.Framework.Testing.Feature.Services.DocumentationSearchServiceTest" assertions="1" time="0.008226"/>
        <testcase name="Nested source files do not retain directory name in search index" file="Documentation Search Service (Hyde\Framework\Testing\Feature\Services\DocumentationSearchService)::Nested source files do not retain directory name in search index" class="Hyde\Framework\Testing\Feature\Services\DocumentationSearchServiceTest" classname="Hyde.Framework.Testing.Feature.Services.DocumentationSearchServiceTest" assertions="1" time="0.008932"/>
      </testsuite>
      <testsuite name="Hyde\Framework\Testing\Feature\Services\DocumentationSidebarTest" file="Documentation Sidebar (Hyde\Framework\Testing\Feature\Services\DocumentationSidebar)" tests="36" assertions="51" errors="0" failures="0" skipped="0" time="1.049629">
        <testcase name="Sidebar can be created" file="Documentation Sidebar (Hyde\Framework\Testing\Feature\Services\DocumentationSidebar)::Sidebar can be created" class="Hyde\Framework\Testing\Feature\Services\DocumentationSidebarTest" classname="Hyde.Framework.Testing.Feature.Services.DocumentationSidebarTest" assertions="1" time="0.040267"/>
        <testcase name="Sidebar items are added automatically" file="Documentation Sidebar (Hyde\Framework\Testing\Feature\Services\DocumentationSidebar)::Sidebar items are added automatically" class="Hyde\Framework\Testing\Feature\Services\DocumentationSidebarTest" classname="Hyde.Framework.Testing.Feature.Services.DocumentationSidebarTest" assertions="1" time="0.031150"/>
        <testcase name="Index page is removed from sidebar" file="Documentation Sidebar (Hyde\Framework\Testing\Feature\Services\DocumentationSidebar)::Index page is removed from sidebar" class="Hyde\Framework\Testing\Feature\Services\DocumentationSidebarTest" classname="Hyde.Framework.Testing.Feature.Services.DocumentationSidebarTest" assertions="1" time="0.031678"/>
        <testcase name="Files with front matter hidden set to true are removed from sidebar" file="Documentation Sidebar (Hyde\Framework\Testing\Feature\Services\DocumentationSidebar)::Files with front matter hidden set to true are removed from sidebar" class="Hyde\Framework\Testing\Feature\Services\DocumentationSidebarTest" classname="Hyde.Framework.Testing.Feature.Services.DocumentationSidebarTest" assertions="1" time="0.032334"/>
        <testcase name="Sidebar is ordered alphabetically when no order is set in config" file="Documentation Sidebar (Hyde\Framework\Testing\Feature\Services\DocumentationSidebar)::Sidebar is ordered alphabetically when no order is set in config" class="Hyde\Framework\Testing\Feature\Services\DocumentationSidebarTest" classname="Hyde.Framework.Testing.Feature.Services.DocumentationSidebarTest" assertions="1" time="0.030839"/>
        <testcase name="Sidebar is ordered by priority when priority is set in config" file="Documentation Sidebar (Hyde\Framework\Testing\Feature\Services\DocumentationSidebar)::Sidebar is ordered by priority when priority is set in config" class="Hyde\Framework\Testing\Feature\Services\DocumentationSidebarTest" classname="Hyde.Framework.Testing.Feature.Services.DocumentationSidebarTest" assertions="1" time="0.030872"/>
        <testcase name="Sidebar item priority can be set in front matter" file="Documentation Sidebar (Hyde\Framework\Testing\Feature\Services\DocumentationSidebar)::Sidebar item priority can be set in front matter" class="Hyde\Framework\Testing\Feature\Services\DocumentationSidebarTest" classname="Hyde.Framework.Testing.Feature.Services.DocumentationSidebarTest" assertions="1" time="0.027207"/>
        <testcase name="Sidebar item priority set in config overrides front matter" file="Documentation Sidebar (Hyde\Framework\Testing\Feature\Services\DocumentationSidebar)::Sidebar item priority set in config overrides front matter" class="Hyde\Framework\Testing\Feature\Services\DocumentationSidebarTest" classname="Hyde.Framework.Testing.Feature.Services.DocumentationSidebarTest" assertions="1" time="0.026639"/>
        <testcase name="Sidebar priorities can be set in both front matter and config" file="Documentation Sidebar (Hyde\Framework\Testing\Feature\Services\DocumentationSidebar)::Sidebar priorities can be set in both front matter and config" class="Hyde\Framework\Testing\Feature\Services\DocumentationSidebarTest" classname="Hyde.Framework.Testing.Feature.Services.DocumentationSidebarTest" assertions="1" time="0.044430"/>
        <testcase name="Group can be set in front matter" file="Documentation Sidebar (Hyde\Framework\Testing\Feature\Services\DocumentationSidebar)::Group can be set in front matter" class="Hyde\Framework\Testing\Feature\Services\DocumentationSidebarTest" classname="Hyde.Framework.Testing.Feature.Services.DocumentationSidebarTest" assertions="1" time="0.026757"/>
        <testcase name="Has groups returns false when there are no groups" file="Documentation Sidebar (Hyde\Framework\Testing\Feature\Services\DocumentationSidebar)::Has groups returns false when there are no groups" class="Hyde\Framework\Testing\Feature\Services\DocumentationSidebarTest" classname="Hyde.Framework.Testing.Feature.Services.DocumentationSidebarTest" assertions="1" time="0.024594"/>
        <testcase name="Has groups returns true when there are groups" file="Documentation Sidebar (Hyde\Framework\Testing\Feature\Services\DocumentationSidebar)::Has groups returns true when there are groups" class="Hyde\Framework\Testing\Feature\Services\DocumentationSidebarTest" classname="Hyde.Framework.Testing.Feature.Services.DocumentationSidebarTest" assertions="1" time="0.026244"/>
        <testcase name="Has groups returns true when there are multiple groups" file="Documentation Sidebar (Hyde\Framework\Testing\Feature\Services\DocumentationSidebar)::Has groups returns true when there are multiple groups" class="Hyde\Framework\Testing\Feature\Services\DocumentationSidebarTest" classname="Hyde.Framework.Testing.Feature.Services.DocumentationSidebarTest" assertions="1" time="0.027403"/>
        <testcase name="Has groups returns true when there are multiple groups mixed with defaults" file="Documentation Sidebar (Hyde\Framework\Testing\Feature\Services\DocumentationSidebar)::Has groups returns true when there are multiple groups mixed with defaults" class="Hyde\Framework\Testing\Feature\Services\DocumentationSidebarTest" classname="Hyde.Framework.Testing.Feature.Services.DocumentationSidebarTest" assertions="1" time="0.028617"/>
        <testcase name="Get groups returns empty array when there are no groups" file="Documentation Sidebar (Hyde\Framework\Testing\Feature\Services\DocumentationSidebar)::Get groups returns empty array when there are no groups" class="Hyde\Framework\Testing\Feature\Services\DocumentationSidebarTest" classname="Hyde.Framework.Testing.Feature.Services.DocumentationSidebarTest" assertions="1" time="0.024628"/>
        <testcase name="Get groups returns array of groups when there are groups" file="Documentation Sidebar (Hyde\Framework\Testing\Feature\Services\DocumentationSidebar)::Get groups returns array of groups when there are groups" class="Hyde\Framework\Testing\Feature\Services\DocumentationSidebarTest" classname="Hyde.Framework.Testing.Feature.Services.DocumentationSidebarTest" assertions="1" time="0.026345"/>
        <testcase name="Get groups returns array with no duplicates" file="Documentation Sidebar (Hyde\Framework\Testing\Feature\Services\DocumentationSidebar)::Get groups returns array with no duplicates" class="Hyde\Framework\Testing\Feature\Services\DocumentationSidebarTest" classname="Hyde.Framework.Testing.Feature.Services.DocumentationSidebarTest" assertions="1" time="0.028872"/>
        <testcase name="Groups are sorted by lowest found priority in each group" file="Documentation Sidebar (Hyde\Framework\Testing\Feature\Services\DocumentationSidebar)::Groups are sorted by lowest found priority in each group" class="Hyde\Framework\Testing\Feature\Services\DocumentationSidebarTest" classname="Hyde.Framework.Testing.Feature.Services.DocumentationSidebarTest" assertions="1" time="0.028793"/>
        <testcase name="Get items in group returns empty collection when there are no items" file="Documentation Sidebar (Hyde\Framework\Testing\Feature\Services\DocumentationSidebar)::Get items in group returns empty collection when there are no items" class="Hyde\Framework\Testing\Feature\Services\DocumentationSidebarTest" classname="Hyde.Framework.Testing.Feature.Services.DocumentationSidebarTest" assertions="1" time="0.024405"/>
        <testcase name="Get items in group returns collection of items in group" file="Documentation Sidebar (Hyde\Framework\Testing\Feature\Services\DocumentationSidebar)::Get items in group returns collection of items in group" class="Hyde\Framework\Testing\Feature\Services\DocumentationSidebarTest" classname="Hyde.Framework.Testing.Feature.Services.DocumentationSidebarTest" assertions="2" time="0.030404"/>
        <testcase name="Get items in group normalizes group name to slug format" file="Documentation Sidebar (Hyde\Framework\Testing\Feature\Services\DocumentationSidebar)::Get items in group normalizes group name to slug format" class="Hyde\Framework\Testing\Feature\Services\DocumentationSidebarTest" classname="Hyde.Framework.Testing.Feature.Services.DocumentationSidebarTest" assertions="1" time="0.030300"/>
        <testcase name="Get items in group does not include items with hidden front matter" file="Documentation Sidebar (Hyde\Framework\Testing\Feature\Services\DocumentationSidebar)::Get items in group does not include items with hidden front matter" class="Hyde\Framework\Testing\Feature\Services\DocumentationSidebarTest" classname="Hyde.Framework.Testing.Feature.Services.DocumentationSidebarTest" assertions="1" time="0.027327"/>
        <testcase name="Get items in group does not include docs index" file="Documentation Sidebar (Hyde\Framework\Testing\Feature\Services\DocumentationSidebar)::Get items in group does not include docs index" class="Hyde\Framework\Testing\Feature\Services\DocumentationSidebarTest" classname="Hyde.Framework.Testing.Feature.Services.DocumentationSidebarTest" assertions="1" time="0.027349"/>
        <testcase name="Is group active returns false when supplied group is not active" file="Documentation Sidebar (Hyde\Framework\Testing\Feature\Services\DocumentationSidebar)::Is group active returns false when supplied group is not active" class="Hyde\Framework\Testing\Feature\Services\DocumentationSidebarTest" classname="Hyde.Framework.Testing.Feature.Services.DocumentationSidebarTest" assertions="1" time="0.030724"/>
        <testcase name="Is group active returns true when supplied group is active" file="Documentation Sidebar (Hyde\Framework\Testing\Feature\Services\DocumentationSidebar)::Is group active returns true when supplied group is active" class="Hyde\Framework\Testing\Feature\Services\DocumentationSidebarTest" classname="Hyde.Framework.Testing.Feature.Services.DocumentationSidebarTest" assertions="1" time="0.038937"/>
        <testcase name="Is group active returns true for differing casing" file="Documentation Sidebar (Hyde\Framework\Testing\Feature\Services\DocumentationSidebar)::Is group active returns true for differing casing" class="Hyde\Framework\Testing\Feature\Services\DocumentationSidebarTest" classname="Hyde.Framework.Testing.Feature.Services.DocumentationSidebarTest" assertions="1" time="0.024745"/>
        <testcase name="Is group active returns true first group of index page" file="Documentation Sidebar (Hyde\Framework\Testing\Feature\Services\DocumentationSidebar)::Is group active returns true first group of index page" class="Hyde\Framework\Testing\Feature\Services\DocumentationSidebarTest" classname="Hyde.Framework.Testing.Feature.Services.DocumentationSidebarTest" assertions="3" time="0.031209"/>
        <testcase name="Is group active returns true first sorted group of index page" file="Documentation Sidebar (Hyde\Framework\Testing\Feature\Services\DocumentationSidebar)::Is group active returns true first sorted group of index page" class="Hyde\Framework\Testing\Feature\Services\DocumentationSidebarTest" classname="Hyde.Framework.Testing.Feature.Services.DocumentationSidebarTest" assertions="3" time="0.031413"/>
        <testcase name="Automatic index page group expansion respects custom navigation menu settings" file="Documentation Sidebar (Hyde\Framework\Testing\Feature\Services\DocumentationSidebar)::Automatic index page group expansion respects custom navigation menu settings" class="Hyde\Framework\Testing\Feature\Services\DocumentationSidebarTest" classname="Hyde.Framework.Testing.Feature.Services.DocumentationSidebarTest" assertions="3" time="0.031361"/>
        <testcase name="Make group title turns group key into title" file="Documentation Sidebar (Hyde\Framework\Testing\Feature\Services\DocumentationSidebar)::Make group title turns group key into title" class="Hyde\Framework\Testing\Feature\Services\DocumentationSidebarTest" classname="Hyde.Framework.Testing.Feature.Services.DocumentationSidebarTest" assertions="4" time="0.024990"/>
        <testcase name="Make group title uses configured sidebar group labels when available" file="Documentation Sidebar (Hyde\Framework\Testing\Feature\Services\DocumentationSidebar)::Make group title uses configured sidebar group labels when available" class="Hyde\Framework\Testing\Feature\Services\DocumentationSidebarTest" classname="Hyde.Framework.Testing.Feature.Services.DocumentationSidebarTest" assertions="2" time="0.024302"/>
        <testcase name="Can have multiple grouped pages with the same name labels" file="Documentation Sidebar (Hyde\Framework\Testing\Feature\Services\DocumentationSidebar)::Can have multiple grouped pages with the same name labels" class="Hyde\Framework\Testing\Feature\Services\DocumentationSidebarTest" classname="Hyde.Framework.Testing.Feature.Services.DocumentationSidebarTest" assertions="2" time="0.027654"/>
        <testcase name="Duplicate labels within the same group is removed" file="Documentation Sidebar (Hyde\Framework\Testing\Feature\Services\DocumentationSidebar)::Duplicate labels within the same group is removed" class="Hyde\Framework\Testing\Feature\Services\DocumentationSidebarTest" classname="Hyde.Framework.Testing.Feature.Services.DocumentationSidebarTest" assertions="2" time="0.027414"/>
        <testcase name="Is group active for index page with no groups" file="Documentation Sidebar (Hyde\Framework\Testing\Feature\Services\DocumentationSidebar)::Is group active for index page with no groups" class="Hyde\Framework\Testing\Feature\Services\DocumentationSidebarTest" classname="Hyde.Framework.Testing.Feature.Services.DocumentationSidebarTest" assertions="1" time="0.026117"/>
        <testcase name="Index page added to sidebar when it is the only page" file="Documentation Sidebar (Hyde\Framework\Testing\Feature\Services\DocumentationSidebar)::Index page added to sidebar when it is the only page" class="Hyde\Framework\Testing\Feature\Services\DocumentationSidebarTest" classname="Hyde.Framework.Testing.Feature.Services.DocumentationSidebarTest" assertions="2" time="0.026259"/>
        <testcase name="Index page not added to sidebar when other pages exist" file="Documentation Sidebar (Hyde\Framework\Testing\Feature\Services\DocumentationSidebar)::Index page not added to sidebar when other pages exist" class="Hyde\Framework\Testing\Feature\Services\DocumentationSidebarTest" classname="Hyde.Framework.Testing.Feature.Services.DocumentationSidebarTest" assertions="2" time="0.027049"/>
      </testsuite>
      <testsuite name="Hyde\Framework\Testing\Feature\Services\HydeSmartDocsTest" file="Hyde Smart Docs (Hyde\Framework\Testing\Feature\Services\HydeSmartDocs)" tests="19" assertions="33" errors="0" failures="0" skipped="0" time="0.564963">
        <testcase name="Class tokenizes document" file="Hyde Smart Docs (Hyde\Framework\Testing\Feature\Services\HydeSmartDocs)::Class tokenizes document" class="Hyde\Framework\Testing\Feature\Services\HydeSmartDocsTest" classname="Hyde.Framework.Testing.Feature.Services.HydeSmartDocsTest" assertions="2" time="0.071807"/>
        <testcase name="Class can handle document with no header" file="Hyde Smart Docs (Hyde\Framework\Testing\Feature\Services\HydeSmartDocs)::Class can handle document with no header" class="Hyde\Framework\Testing\Feature\Services\HydeSmartDocsTest" classname="Hyde.Framework.Testing.Feature.Services.HydeSmartDocsTest" assertions="2" time="0.024638"/>
        <testcase name="Class can handle document with only header" file="Hyde Smart Docs (Hyde\Framework\Testing\Feature\Services\HydeSmartDocs)::Class can handle document with only header" class="Hyde\Framework\Testing\Feature\Services\HydeSmartDocsTest" classname="Hyde.Framework.Testing.Feature.Services.HydeSmartDocsTest" assertions="2" time="0.033149"/>
        <testcase name="Class can handle empty document" file="Hyde Smart Docs (Hyde\Framework\Testing\Feature\Services\HydeSmartDocs)::Class can handle empty document" class="Hyde\Framework\Testing\Feature\Services\HydeSmartDocsTest" classname="Hyde.Framework.Testing.Feature.Services.HydeSmartDocsTest" assertions="2" time="0.024701"/>
        <testcase name="Rendered content is htmlable" file="Hyde Smart Docs (Hyde\Framework\Testing\Feature\Services\HydeSmartDocs)::Rendered content is htmlable" class="Hyde\Framework\Testing\Feature\Services\HydeSmartDocsTest" classname="Hyde.Framework.Testing.Feature.Services.HydeSmartDocsTest" assertions="3" time="0.025491"/>
        <testcase name="Create helper creates new instance and processes it" file="Hyde Smart Docs (Hyde\Framework\Testing\Feature\Services\HydeSmartDocs)::Create helper creates new instance and processes it" class="Hyde\Framework\Testing\Feature\Services\HydeSmartDocsTest" classname="Hyde.Framework.Testing.Feature.Services.HydeSmartDocsTest" assertions="2" time="0.025342"/>
        <testcase name="Render header returns the extracted header" file="Hyde Smart Docs (Hyde\Framework\Testing\Feature\Services\HydeSmartDocs)::Render header returns the extracted header" class="Hyde\Framework\Testing\Feature\Services\HydeSmartDocsTest" classname="Hyde.Framework.Testing.Feature.Services.HydeSmartDocsTest" assertions="1" time="0.024859"/>
        <testcase name="Render header returns the extracted header with varying newlines" file="Hyde Smart Docs (Hyde\Framework\Testing\Feature\Services\HydeSmartDocs)::Render header returns the extracted header with varying newlines" class="Hyde\Framework\Testing\Feature\Services\HydeSmartDocsTest" classname="Hyde.Framework.Testing.Feature.Services.HydeSmartDocsTest" assertions="3" time="0.031550"/>
        <testcase name="Render body returns the extracted body" file="Hyde Smart Docs (Hyde\Framework\Testing\Feature\Services\HydeSmartDocs)::Render body returns the extracted body" class="Hyde\Framework\Testing\Feature\Services\HydeSmartDocsTest" classname="Hyde.Framework.Testing.Feature.Services.HydeSmartDocsTest" assertions="1" time="0.024645"/>
        <testcase name="Render body returns the extracted body with varying newlines" file="Hyde Smart Docs (Hyde\Framework\Testing\Feature\Services\HydeSmartDocs)::Render body returns the extracted body with varying newlines" class="Hyde\Framework\Testing\Feature\Services\HydeSmartDocsTest" classname="Hyde.Framework.Testing.Feature.Services.HydeSmartDocsTest" assertions="3" time="0.031651"/>
        <testcase name="Render footer is empty by default" file="Hyde Smart Docs (Hyde\Framework\Testing\Feature\Services\HydeSmartDocs)::Render footer is empty by default" class="Hyde\Framework\Testing\Feature\Services\HydeSmartDocsTest" classname="Hyde.Framework.Testing.Feature.Services.HydeSmartDocsTest" assertions="1" time="0.024929"/>
        <testcase name="Add dynamic header content adds source link when conditions are met" file="Hyde Smart Docs (Hyde\Framework\Testing\Feature\Services\HydeSmartDocs)::Add dynamic header content adds source link when conditions are met" class="Hyde\Framework\Testing\Feature\Services\HydeSmartDocsTest" classname="Hyde.Framework.Testing.Feature.Services.HydeSmartDocsTest" assertions="1" time="0.025949"/>
        <testcase name="Edit source link is added to footer when conditions are met" file="Hyde Smart Docs (Hyde\Framework\Testing\Feature\Services\HydeSmartDocs)::Edit source link is added to footer when conditions are met" class="Hyde\Framework\Testing\Feature\Services\HydeSmartDocsTest" classname="Hyde.Framework.Testing.Feature.Services.HydeSmartDocsTest" assertions="1" time="0.025344"/>
        <testcase name="Edit source link can be added to both header and footer" file="Hyde Smart Docs (Hyde\Framework\Testing\Feature\Services\HydeSmartDocs)::Edit source link can be added to both header and footer" class="Hyde\Framework\Testing\Feature\Services\HydeSmartDocsTest" classname="Hyde.Framework.Testing.Feature.Services.HydeSmartDocsTest" assertions="2" time="0.040442"/>
        <testcase name="Edit source link text can be customized in header" file="Hyde Smart Docs (Hyde\Framework\Testing\Feature\Services\HydeSmartDocs)::Edit source link text can be customized in header" class="Hyde\Framework\Testing\Feature\Services\HydeSmartDocsTest" classname="Hyde.Framework.Testing.Feature.Services.HydeSmartDocsTest" assertions="1" time="0.026179"/>
        <testcase name="Edit source link text can be customized in footer" file="Hyde Smart Docs (Hyde\Framework\Testing\Feature\Services\HydeSmartDocs)::Edit source link text can be customized in footer" class="Hyde\Framework\Testing\Feature\Services\HydeSmartDocsTest" classname="Hyde.Framework.Testing.Feature.Services.HydeSmartDocsTest" assertions="1" time="0.026133"/>
        <testcase name="Add dynamic footer content adds torchlight attribution when conditions are met" file="Hyde Smart Docs (Hyde\Framework\Testing\Feature\Services\HydeSmartDocs)::Add dynamic footer content adds torchlight attribution when conditions are met" class="Hyde\Framework\Testing\Feature\Services\HydeSmartDocsTest" classname="Hyde.Framework.Testing.Feature.Services.HydeSmartDocsTest" assertions="1" time="0.026475"/>
        <testcase name="The documentation article view" file="Hyde Smart Docs (Hyde\Framework\Testing\Feature\Services\HydeSmartDocs)::The documentation article view" class="Hyde\Framework\Testing\Feature\Services\HydeSmartDocsTest" classname="Hyde.Framework.Testing.Feature.Services.HydeSmartDocsTest" assertions="2" time="0.025911"/>
        <testcase name="The documentation article view with existing variable" file="Hyde Smart Docs (Hyde\Framework\Testing\Feature\Services\HydeSmartDocs)::The documentation article view with existing variable" class="Hyde\Framework\Testing\Feature\Services\HydeSmartDocsTest" classname="Hyde.Framework.Testing.Feature.Services.HydeSmartDocsTest" assertions="2" time="0.025767"/>
      </testsuite>
      <testsuite name="Hyde\Framework\Testing\Feature\Services\Markdown\CodeblockFilepathProcessorTest" file="Codeblock Filepath Processor (Hyde\Framework\Testing\Feature\Services\Markdown\CodeblockFilepathProcessor)" tests="13" assertions="30" errors="0" failures="0" skipped="0" time="0.295008">
        <testcase name="Preprocess expands filepath" file="Codeblock Filepath Processor (Hyde\Framework\Testing\Feature\Services\Markdown\CodeblockFilepathProcessor)::Preprocess expands filepath" class="Hyde\Framework\Testing\Feature\Services\Markdown\CodeblockFilepathProcessorTest" classname="Hyde.Framework.Testing.Feature.Services.Markdown.CodeblockFilepathProcessorTest" assertions="1" time="0.044788"/>
        <testcase name="Preprocess accepts multiple filepath formats" file="Codeblock Filepath Processor (Hyde\Framework\Testing\Feature\Services\Markdown\CodeblockFilepathProcessor)::Preprocess accepts multiple filepath formats" class="Hyde\Framework\Testing\Feature\Services\Markdown\CodeblockFilepathProcessorTest" classname="Hyde.Framework.Testing.Feature.Services.Markdown.CodeblockFilepathProcessorTest" assertions="8" time="0.021013"/>
        <testcase name="Filepath pattern is case insensitive" file="Codeblock Filepath Processor (Hyde\Framework\Testing\Feature\Services\Markdown\CodeblockFilepathProcessor)::Filepath pattern is case insensitive" class="Hyde\Framework\Testing\Feature\Services\Markdown\CodeblockFilepathProcessorTest" classname="Hyde.Framework.Testing.Feature.Services.Markdown.CodeblockFilepathProcessorTest" assertions="4" time="0.020651"/>
        <testcase name="Preprocess can use html comments" file="Codeblock Filepath Processor (Hyde\Framework\Testing\Feature\Services\Markdown\CodeblockFilepathProcessor)::Preprocess can use html comments" class="Hyde\Framework\Testing\Feature\Services\Markdown\CodeblockFilepathProcessorTest" classname="Hyde.Framework.Testing.Feature.Services.Markdown.CodeblockFilepathProcessorTest" assertions="1" time="0.020102"/>
        <testcase name="Preprocess can use html comments with different patterns" file="Codeblock Filepath Processor (Hyde\Framework\Testing\Feature\Services\Markdown\CodeblockFilepathProcessor)::Preprocess can use html comments with different patterns" class="Hyde\Framework\Testing\Feature\Services\Markdown\CodeblockFilepathProcessorTest" classname="Hyde.Framework.Testing.Feature.Services.Markdown.CodeblockFilepathProcessorTest" assertions="4" time="0.020610"/>
        <testcase name="Preprocess accepts multiple languages" file="Codeblock Filepath Processor (Hyde\Framework\Testing\Feature\Services\Markdown\CodeblockFilepathProcessor)::Preprocess accepts multiple languages" class="Hyde\Framework\Testing\Feature\Services\Markdown\CodeblockFilepathProcessorTest" classname="Hyde.Framework.Testing.Feature.Services.Markdown.CodeblockFilepathProcessorTest" assertions="5" time="0.020755"/>
        <testcase name="Preprocess accepts multiple input blocks" file="Codeblock Filepath Processor (Hyde\Framework\Testing\Feature\Services\Markdown\CodeblockFilepathProcessor)::Preprocess accepts multiple input blocks" class="Hyde\Framework\Testing\Feature\Services\Markdown\CodeblockFilepathProcessorTest" classname="Hyde.Framework.Testing.Feature.Services.Markdown.CodeblockFilepathProcessorTest" assertions="1" time="0.020403"/>
        <testcase name="Preprocess accepts multi line codeblocks" file="Codeblock Filepath Processor (Hyde\Framework\Testing\Feature\Services\Markdown\CodeblockFilepathProcessor)::Preprocess accepts multi line codeblocks" class="Hyde\Framework\Testing\Feature\Services\Markdown\CodeblockFilepathProcessorTest" classname="Hyde.Framework.Testing.Feature.Services.Markdown.CodeblockFilepathProcessorTest" assertions="1" time="0.020634"/>
        <testcase name="Space after filepath is optional" file="Codeblock Filepath Processor (Hyde\Framework\Testing\Feature\Services\Markdown\CodeblockFilepathProcessor)::Space after filepath is optional" class="Hyde\Framework\Testing\Feature\Services\Markdown\CodeblockFilepathProcessorTest" classname="Hyde.Framework.Testing.Feature.Services.Markdown.CodeblockFilepathProcessorTest" assertions="1" time="0.020988"/>
        <testcase name="Processor expands filepath directive in standard codeblock" file="Codeblock Filepath Processor (Hyde\Framework\Testing\Feature\Services\Markdown\CodeblockFilepathProcessor)::Processor expands filepath directive in standard codeblock" class="Hyde\Framework\Testing\Feature\Services\Markdown\CodeblockFilepathProcessorTest" classname="Hyde.Framework.Testing.Feature.Services.Markdown.CodeblockFilepathProcessorTest" assertions="1" time="0.021855"/>
        <testcase name="Processor expands filepath directive in torchlight codeblock" file="Codeblock Filepath Processor (Hyde\Framework\Testing\Feature\Services\Markdown\CodeblockFilepathProcessor)::Processor expands filepath directive in torchlight codeblock" class="Hyde\Framework\Testing\Feature\Services\Markdown\CodeblockFilepathProcessorTest" classname="Hyde.Framework.Testing.Feature.Services.Markdown.CodeblockFilepathProcessorTest" assertions="1" time="0.021249"/>
        <testcase name="Processor escapes html by default" file="Codeblock Filepath Processor (Hyde\Framework\Testing\Feature\Services\Markdown\CodeblockFilepathProcessor)::Processor escapes html by default" class="Hyde\Framework\Testing\Feature\Services\Markdown\CodeblockFilepathProcessorTest" classname="Hyde.Framework.Testing.Feature.Services.Markdown.CodeblockFilepathProcessorTest" assertions="1" time="0.020927"/>
        <testcase name="Processor does not escape html if configured" file="Codeblock Filepath Processor (Hyde\Framework\Testing\Feature\Services\Markdown\CodeblockFilepathProcessor)::Processor does not escape html if configured" class="Hyde\Framework\Testing\Feature\Services\Markdown\CodeblockFilepathProcessorTest" classname="Hyde.Framework.Testing.Feature.Services.Markdown.CodeblockFilepathProcessorTest" assertions="1" time="0.021033"/>
      </testsuite>
      <testsuite name="Hyde\Framework\Testing\Feature\Services\Markdown\ShortcodeProcessorTest" file="Shortcode Processor (Hyde\Framework\Testing\Feature\Services\Markdown\ShortcodeProcessor)" tests="6" assertions="9" errors="0" failures="0" skipped="0" time="0.031663">
        <testcase name="Constructor discovers default shortcodes" file="Shortcode Processor (Hyde\Framework\Testing\Feature\Services\Markdown\ShortcodeProcessor)::Constructor discovers default shortcodes" class="Hyde\Framework\Testing\Feature\Services\Markdown\ShortcodeProcessorTest" classname="Hyde.Framework.Testing.Feature.Services.Markdown.ShortcodeProcessorTest" assertions="2" time="0.019230"/>
        <testcase name="Discovered shortcodes are used to process input" file="Shortcode Processor (Hyde\Framework\Testing\Feature\Services\Markdown\ShortcodeProcessor)::Discovered shortcodes are used to process input" class="Hyde\Framework\Testing\Feature\Services\Markdown\ShortcodeProcessorTest" classname="Hyde.Framework.Testing.Feature.Services.Markdown.ShortcodeProcessorTest" assertions="1" time="0.003133"/>
        <testcase name="String without shortcode is not modified" file="Shortcode Processor (Hyde\Framework\Testing\Feature\Services\Markdown\ShortcodeProcessor)::String without shortcode is not modified" class="Hyde\Framework\Testing\Feature\Services\Markdown\ShortcodeProcessorTest" classname="Hyde.Framework.Testing.Feature.Services.Markdown.ShortcodeProcessorTest" assertions="1" time="0.002065"/>
        <testcase name="Process static shorthand" file="Shortcode Processor (Hyde\Framework\Testing\Feature\Services\Markdown\ShortcodeProcessor)::Process static shorthand" class="Hyde\Framework\Testing\Feature\Services\Markdown\ShortcodeProcessorTest" classname="Hyde.Framework.Testing.Feature.Services.Markdown.ShortcodeProcessorTest" assertions="1" time="0.002935"/>
        <testcase name="Shortcodes can be added to processor" file="Shortcode Processor (Hyde\Framework\Testing\Feature\Services\Markdown\ShortcodeProcessor)::Shortcodes can be added to processor" class="Hyde\Framework\Testing\Feature\Services\Markdown\ShortcodeProcessorTest" classname="Hyde.Framework.Testing.Feature.Services.Markdown.ShortcodeProcessorTest" assertions="2" time="0.002152"/>
        <testcase name="Shortcodes can be added to processor using array" file="Shortcode Processor (Hyde\Framework\Testing\Feature\Services\Markdown\ShortcodeProcessor)::Shortcodes can be added to processor using array" class="Hyde\Framework\Testing\Feature\Services\Markdown\ShortcodeProcessorTest" classname="Hyde.Framework.Testing.Feature.Services.Markdown.ShortcodeProcessorTest" assertions="2" time="0.002147"/>
      </testsuite>
      <testsuite name="Hyde\Framework\Testing\Feature\Services\RssFeedServiceTest" file="Rss Feed Service (Hyde\Framework\Testing\Feature\Services\RssFeedService)" tests="12" assertions="35" errors="0" failures="0" skipped="0" time="0.302644">
        <testcase name="Service instantiates xml element" file="Rss Feed Service (Hyde\Framework\Testing\Feature\Services\RssFeedService)::Service instantiates xml element" class="Hyde\Framework\Testing\Feature\Services\RssFeedServiceTest" classname="Hyde.Framework.Testing.Feature.Services.RssFeedServiceTest" assertions="1" time="0.027512"/>
        <testcase name="Xml root element is set to rss 20" file="Rss Feed Service (Hyde\Framework\Testing\Feature\Services\RssFeedService)::Xml root element is set to rss 20" class="Hyde\Framework\Testing\Feature\Services\RssFeedServiceTest" classname="Hyde.Framework.Testing.Feature.Services.RssFeedServiceTest" assertions="2" time="0.035935"/>
        <testcase name="Xml element has channel element" file="Rss Feed Service (Hyde\Framework\Testing\Feature\Services\RssFeedService)::Xml element has channel element" class="Hyde\Framework\Testing\Feature\Services\RssFeedServiceTest" classname="Hyde.Framework.Testing.Feature.Services.RssFeedServiceTest" assertions="1" time="0.021352"/>
        <testcase name="Xml channel element has required elements" file="Rss Feed Service (Hyde\Framework\Testing\Feature\Services\RssFeedService)::Xml channel element has required elements" class="Hyde\Framework\Testing\Feature\Services\RssFeedServiceTest" classname="Hyde.Framework.Testing.Feature.Services.RssFeedServiceTest" assertions="6" time="0.021282"/>
        <testcase name="Xml channel element has additional elements" file="Rss Feed Service (Hyde\Framework\Testing\Feature\Services\RssFeedService)::Xml channel element has additional elements" class="Hyde\Framework\Testing\Feature\Services\RssFeedServiceTest" classname="Hyde.Framework.Testing.Feature.Services.RssFeedServiceTest" assertions="6" time="0.020990"/>
        <testcase name="Xml channel data can be customized" file="Rss Feed Service (Hyde\Framework\Testing\Feature\Services\RssFeedService)::Xml channel data can be customized" class="Hyde\Framework\Testing\Feature\Services\RssFeedServiceTest" classname="Hyde.Framework.Testing.Feature.Services.RssFeedServiceTest" assertions="3" time="0.021309"/>
        <testcase name="Markdown blog posts are added to rss feed through autodiscovery" file="Rss Feed Service (Hyde\Framework\Testing\Feature\Services\RssFeedService)::Markdown blog posts are added to rss feed through autodiscovery" class="Hyde\Framework\Testing\Feature\Services\RssFeedServiceTest" classname="Hyde.Framework.Testing.Feature.Services.RssFeedServiceTest" assertions="11" time="0.038461"/>
        <testcase name="Get xml method returns xml string" file="Rss Feed Service (Hyde\Framework\Testing\Feature\Services\RssFeedService)::Get xml method returns xml string" class="Hyde\Framework\Testing\Feature\Services\RssFeedServiceTest" classname="Hyde.Framework.Testing.Feature.Services.RssFeedServiceTest" assertions="1" time="0.020851"/>
        <testcase name="Generate feed helper returns xml string" file="Rss Feed Service (Hyde\Framework\Testing\Feature\Services\RssFeedService)::Generate feed helper returns xml string" class="Hyde\Framework\Testing\Feature\Services\RssFeedServiceTest" classname="Hyde.Framework.Testing.Feature.Services.RssFeedServiceTest" assertions="1" time="0.025124"/>
        <testcase name="Can generate feed helper returns true if hyde has base url" file="Rss Feed Service (Hyde\Framework\Testing\Feature\Services\RssFeedService)::Can generate feed helper returns true if hyde has base url" class="Hyde\Framework\Testing\Feature\Services\RssFeedServiceTest" classname="Hyde.Framework.Testing.Feature.Services.RssFeedServiceTest" assertions="1" time="0.027241"/>
        <testcase name="Can generate feed helper returns false if hyde does not have base url" file="Rss Feed Service (Hyde\Framework\Testing\Feature\Services\RssFeedService)::Can generate feed helper returns false if hyde does not have base url" class="Hyde\Framework\Testing\Feature\Services\RssFeedServiceTest" classname="Hyde.Framework.Testing.Feature.Services.RssFeedServiceTest" assertions="1" time="0.021387"/>
        <testcase name="Can generate feed helper returns false if feeds are disabled in config" file="Rss Feed Service (Hyde\Framework\Testing\Feature\Services\RssFeedService)::Can generate feed helper returns false if feeds are disabled in config" class="Hyde\Framework\Testing\Feature\Services\RssFeedServiceTest" classname="Hyde.Framework.Testing.Feature.Services.RssFeedServiceTest" assertions="1" time="0.021200"/>
      </testsuite>
      <testsuite name="Hyde\Framework\Testing\Feature\Services\SitemapServiceTest" file="Sitemap Service (Hyde\Framework\Testing\Feature\Services\SitemapService)" tests="12" assertions="23" errors="0" failures="0" skipped="0" time="0.331007">
        <testcase name="Service instantiates xml element" file="Sitemap Service (Hyde\Framework\Testing\Feature\Services\SitemapService)::Service instantiates xml element" class="Hyde\Framework\Testing\Feature\Services\SitemapServiceTest" classname="Hyde.Framework.Testing.Feature.Services.SitemapServiceTest" assertions="1" time="0.039562"/>
        <testcase name="Generate adds default pages to xml" file="Sitemap Service (Hyde\Framework\Testing\Feature\Services\SitemapService)::Generate adds default pages to xml" class="Hyde\Framework\Testing\Feature\Services\SitemapServiceTest" classname="Hyde.Framework.Testing.Feature.Services.SitemapServiceTest" assertions="1" time="0.025546"/>
        <testcase name="Generate adds markdown pages to xml" file="Sitemap Service (Hyde\Framework\Testing\Feature\Services\SitemapService)::Generate adds markdown pages to xml" class="Hyde\Framework\Testing\Feature\Services\SitemapServiceTest" classname="Hyde.Framework.Testing.Feature.Services.SitemapServiceTest" assertions="1" time="0.026520"/>
        <testcase name="Generate adds markdown posts to xml" file="Sitemap Service (Hyde\Framework\Testing\Feature\Services\SitemapService)::Generate adds markdown posts to xml" class="Hyde\Framework\Testing\Feature\Services\SitemapServiceTest" classname="Hyde.Framework.Testing.Feature.Services.SitemapServiceTest" assertions="1" time="0.026835"/>
        <testcase name="Generate adds documentation pages to xml" file="Sitemap Service (Hyde\Framework\Testing\Feature\Services\SitemapService)::Generate adds documentation pages to xml" class="Hyde\Framework\Testing\Feature\Services\SitemapServiceTest" classname="Hyde.Framework.Testing.Feature.Services.SitemapServiceTest" assertions="1" time="0.026608"/>
        <testcase name="Get xml returns xml string" file="Sitemap Service (Hyde\Framework\Testing\Feature\Services\SitemapService)::Get xml returns xml string" class="Hyde\Framework\Testing\Feature\Services\SitemapServiceTest" classname="Hyde.Framework.Testing.Feature.Services.SitemapServiceTest" assertions="2" time="0.025450"/>
        <testcase name="Generate sitemap shorthand method returns xml string" file="Sitemap Service (Hyde\Framework\Testing\Feature\Services\SitemapService)::Generate sitemap shorthand method returns xml string" class="Hyde\Framework\Testing\Feature\Services\SitemapServiceTest" classname="Hyde.Framework.Testing.Feature.Services.SitemapServiceTest" assertions="2" time="0.025410"/>
        <testcase name="Url item is generated correctly" file="Sitemap Service (Hyde\Framework\Testing\Feature\Services\SitemapService)::Url item is generated correctly" class="Hyde\Framework\Testing\Feature\Services\SitemapServiceTest" classname="Hyde.Framework.Testing.Feature.Services.SitemapServiceTest" assertions="3" time="0.027090"/>
        <testcase name="Url item is generated with pretty urls if enabled" file="Sitemap Service (Hyde\Framework\Testing\Feature\Services\SitemapService)::Url item is generated with pretty urls if enabled" class="Hyde\Framework\Testing\Feature\Services\SitemapServiceTest" classname="Hyde.Framework.Testing.Feature.Services.SitemapServiceTest" assertions="1" time="0.026804"/>
        <testcase name="All route types are discovered" file="Sitemap Service (Hyde\Framework\Testing\Feature\Services\SitemapService)::All route types are discovered" class="Hyde\Framework\Testing\Feature\Services\SitemapServiceTest" classname="Hyde.Framework.Testing.Feature.Services.SitemapServiceTest" assertions="6" time="0.030572"/>
        <testcase name="Links fallback to relative links when a site url is not set" file="Sitemap Service (Hyde\Framework\Testing\Feature\Services\SitemapService)::Links fallback to relative links when a site url is not set" class="Hyde\Framework\Testing\Feature\Services\SitemapServiceTest" classname="Hyde.Framework.Testing.Feature.Services.SitemapServiceTest" assertions="2" time="0.025406"/>
        <testcase name="Links fallback to relative links when site url is localhost" file="Sitemap Service (Hyde\Framework\Testing\Feature\Services\SitemapService)::Links fallback to relative links when site url is localhost" class="Hyde\Framework\Testing\Feature\Services\SitemapServiceTest" classname="Hyde.Framework.Testing.Feature.Services.SitemapServiceTest" assertions="2" time="0.025203"/>
      </testsuite>
      <testsuite name="Hyde\Framework\Testing\Feature\Services\ValidationServiceTest" file="Validation Service (Hyde\Framework\Testing\Feature\Services\ValidationService)" tests="24" assertions="63" errors="0" failures="0" skipped="0" time="0.557360">
        <testcase name="Checks returns an array of validation check methods" file="Validation Service (Hyde\Framework\Testing\Feature\Services\ValidationService)::Checks returns an array of validation check methods" class="Hyde\Framework\Testing\Feature\Services\ValidationServiceTest" classname="Hyde.Framework.Testing.Feature.Services.ValidationServiceTest" assertions="17" time="0.037812"/>
        <testcase name="Check validators can run" file="Validation Service (Hyde\Framework\Testing\Feature\Services\ValidationService)::Check validators can run" class="Hyde\Framework\Testing\Feature\Services\ValidationServiceTest" classname="Hyde.Framework.Testing.Feature.Services.ValidationServiceTest" assertions="2" time="0.020304"/>
        <testcase name="Check site has a 404 page can pass" file="Validation Service (Hyde\Framework\Testing\Feature\Services\ValidationService)::Check site has a 404 page can pass" class="Hyde\Framework\Testing\Feature\Services\ValidationServiceTest" classname="Hyde.Framework.Testing.Feature.Services.ValidationServiceTest" assertions="2" time="0.020421"/>
        <testcase name="Check site has a 404 page can fail" file="Validation Service (Hyde\Framework\Testing\Feature\Services\ValidationService)::Check site has a 404 page can fail" class="Hyde\Framework\Testing\Feature\Services\ValidationServiceTest" classname="Hyde.Framework.Testing.Feature.Services.ValidationServiceTest" assertions="2" time="0.035031"/>
        <testcase name="Check documentation site has an index page can pass" file="Validation Service (Hyde\Framework\Testing\Feature\Services\ValidationService)::Check documentation site has an index page can pass" class="Hyde\Framework\Testing\Feature\Services\ValidationServiceTest" classname="Hyde.Framework.Testing.Feature.Services.ValidationServiceTest" assertions="2" time="0.025923"/>
        <testcase name="Check documentation site has an index page can pass with warning when only finding readme" file="Validation Service (Hyde\Framework\Testing\Feature\Services\ValidationService)::Check documentation site has an index page can pass with warning when only finding readme" class="Hyde\Framework\Testing\Feature\Services\ValidationServiceTest" classname="Hyde.Framework.Testing.Feature.Services.ValidationServiceTest" assertions="3" time="0.025699"/>
        <testcase name="Check documentation site has an index page can fail" file="Validation Service (Hyde\Framework\Testing\Feature\Services\ValidationService)::Check documentation site has an index page can fail" class="Hyde\Framework\Testing\Feature\Services\ValidationServiceTest" classname="Hyde.Framework.Testing.Feature.Services.ValidationServiceTest" assertions="2" time="0.025262"/>
        <testcase name="Check documentation site has an index page be skipped" file="Validation Service (Hyde\Framework\Testing\Feature\Services\ValidationService)::Check documentation site has an index page be skipped" class="Hyde\Framework\Testing\Feature\Services\ValidationServiceTest" classname="Hyde.Framework.Testing.Feature.Services.ValidationServiceTest" assertions="2" time="0.024991"/>
        <testcase name="Check site has an index page can pass" file="Validation Service (Hyde\Framework\Testing\Feature\Services\ValidationService)::Check site has an index page can pass" class="Hyde\Framework\Testing\Feature\Services\ValidationServiceTest" classname="Hyde.Framework.Testing.Feature.Services.ValidationServiceTest" assertions="2" time="0.021247"/>
        <testcase name="Check site has an index page can fail" file="Validation Service (Hyde\Framework\Testing\Feature\Services\ValidationService)::Check site has an index page can fail" class="Hyde\Framework\Testing\Feature\Services\ValidationServiceTest" classname="Hyde.Framework.Testing.Feature.Services.ValidationServiceTest" assertions="2" time="0.020700"/>
        <testcase name="Check site has an app css stylesheet can pass" file="Validation Service (Hyde\Framework\Testing\Feature\Services\ValidationService)::Check site has an app css stylesheet can pass" class="Hyde\Framework\Testing\Feature\Services\ValidationServiceTest" classname="Hyde.Framework.Testing.Feature.Services.ValidationServiceTest" assertions="2" time="0.020753"/>
        <testcase name="Check site has an app css stylesheet can fail" file="Validation Service (Hyde\Framework\Testing\Feature\Services\ValidationService)::Check site has an app css stylesheet can fail" class="Hyde\Framework\Testing\Feature\Services\ValidationServiceTest" classname="Hyde.Framework.Testing.Feature.Services.ValidationServiceTest" assertions="2" time="0.020740"/>
        <testcase name="Check site has a base url set can pass" file="Validation Service (Hyde\Framework\Testing\Feature\Services\ValidationService)::Check site has a base url set can pass" class="Hyde\Framework\Testing\Feature\Services\ValidationServiceTest" classname="Hyde.Framework.Testing.Feature.Services.ValidationServiceTest" assertions="2" time="0.020693"/>
        <testcase name="Check site has a base url set can fail" file="Validation Service (Hyde\Framework\Testing\Feature\Services\ValidationService)::Check site has a base url set can fail" class="Hyde\Framework\Testing\Feature\Services\ValidationServiceTest" classname="Hyde.Framework.Testing.Feature.Services.ValidationServiceTest" assertions="2" time="0.020570"/>
        <testcase name="Check a torchlight api token is set can skip" file="Validation Service (Hyde\Framework\Testing\Feature\Services\ValidationService)::Check a torchlight api token is set can skip" class="Hyde\Framework\Testing\Feature\Services\ValidationServiceTest" classname="Hyde.Framework.Testing.Feature.Services.ValidationServiceTest" assertions="2" time="0.020491"/>
        <testcase name="Check a torchlight api token is set can pass" file="Validation Service (Hyde\Framework\Testing\Feature\Services\ValidationService)::Check a torchlight api token is set can pass" class="Hyde\Framework\Testing\Feature\Services\ValidationServiceTest" classname="Hyde.Framework.Testing.Feature.Services.ValidationServiceTest" assertions="2" time="0.020521"/>
        <testcase name="Check a torchlight api token is set can fail" file="Validation Service (Hyde\Framework\Testing\Feature\Services\ValidationService)::Check a torchlight api token is set can fail" class="Hyde\Framework\Testing\Feature\Services\ValidationServiceTest" classname="Hyde.Framework.Testing.Feature.Services.ValidationServiceTest" assertions="2" time="0.020703"/>
        <testcase name="Check for conflicts between blade and markdown pages can pass" file="Validation Service (Hyde\Framework\Testing\Feature\Services\ValidationService)::Check for conflicts between blade and markdown pages can pass" class="Hyde\Framework\Testing\Feature\Services\ValidationServiceTest" classname="Hyde.Framework.Testing.Feature.Services.ValidationServiceTest" assertions="2" time="0.024478"/>
        <testcase name="Check for conflicts between blade and markdown pages can fail" file="Validation Service (Hyde\Framework\Testing\Feature\Services\ValidationService)::Check for conflicts between blade and markdown pages can fail" class="Hyde\Framework\Testing\Feature\Services\ValidationServiceTest" classname="Hyde.Framework.Testing.Feature.Services.ValidationServiceTest" assertions="2" time="0.025440"/>
        <testcase name="Validation result message returns message" file="Validation Service (Hyde\Framework\Testing\Feature\Services\ValidationService)::Validation result message returns message" class="Hyde\Framework\Testing\Feature\Services\ValidationServiceTest" classname="Hyde.Framework.Testing.Feature.Services.ValidationServiceTest" assertions="1" time="0.020275"/>
        <testcase name="Validation result passed returns true when passed is true" file="Validation Service (Hyde\Framework\Testing\Feature\Services\ValidationService)::Validation result passed returns true when passed is true" class="Hyde\Framework\Testing\Feature\Services\ValidationServiceTest" classname="Hyde.Framework.Testing.Feature.Services.ValidationServiceTest" assertions="2" time="0.023269"/>
        <testcase name="Validation result failed returns true when passed is false" file="Validation Service (Hyde\Framework\Testing\Feature\Services\ValidationService)::Validation result failed returns true when passed is false" class="Hyde\Framework\Testing\Feature\Services\ValidationServiceTest" classname="Hyde.Framework.Testing.Feature.Services.ValidationServiceTest" assertions="2" time="0.020864"/>
        <testcase name="Validation result skipped returns true when skipped is true" file="Validation Service (Hyde\Framework\Testing\Feature\Services\ValidationService)::Validation result skipped returns true when skipped is true" class="Hyde\Framework\Testing\Feature\Services\ValidationServiceTest" classname="Hyde.Framework.Testing.Feature.Services.ValidationServiceTest" assertions="2" time="0.020624"/>
        <testcase name="Validation result tip returns message when set" file="Validation Service (Hyde\Framework\Testing\Feature\Services\ValidationService)::Validation result tip returns message when set" class="Hyde\Framework\Testing\Feature\Services\ValidationServiceTest" classname="Hyde.Framework.Testing.Feature.Services.ValidationServiceTest" assertions="2" time="0.020548"/>
      </testsuite>
      <testsuite name="Hyde\Framework\Testing\Feature\SiteTest" file="Site (Hyde\Framework\Testing\Feature\Site)" tests="4" assertions="10" errors="0" failures="0" skipped="0" time="0.115870">
        <testcase name="Url" file="Site (Hyde\Framework\Testing\Feature\Site)::Url" class="Hyde\Framework\Testing\Feature\SiteTest" classname="Hyde.Framework.Testing.Feature.SiteTest" assertions="3" time="0.054622"/>
        <testcase name="Name" file="Site (Hyde\Framework\Testing\Feature\Site)::Name" class="Hyde\Framework\Testing\Feature\SiteTest" classname="Hyde.Framework.Testing.Feature.SiteTest" assertions="3" time="0.020149"/>
        <testcase name="Language" file="Site (Hyde\Framework\Testing\Feature\Site)::Language" class="Hyde\Framework\Testing\Feature\SiteTest" classname="Hyde.Framework.Testing.Feature.SiteTest" assertions="3" time="0.020260"/>
        <testcase name="Metadata" file="Site (Hyde\Framework\Testing\Feature\Site)::Metadata" class="Hyde\Framework\Testing\Feature\SiteTest" classname="Hyde.Framework.Testing.Feature.SiteTest" assertions="1" time="0.020838"/>
      </testsuite>
      <testsuite name="Hyde\Framework\Testing\Feature\SitesWithoutBaseUrlAreHandledGracefullyTest" file="Sites Without Base Url Are Handled Gracefully (Hyde\Framework\Testing\Feature\SitesWithoutBaseUrlAreHandledGracefully)" tests="12" assertions="12" errors="0" failures="0" skipped="0" time="0.225553">
        <testsuite name="Hyde\Framework\Testing\Feature\SitesWithoutBaseUrlAreHandledGracefullyTest::testLocalhostLinksAreNotAddedToCompiledHtmlWhenBaseUrlIsNull" tests="3" assertions="3" errors="0" failures="0" skipped="0" time="0.071150">
          <testcase name="Localhost links are not added to compiled html when base url is null with data set #0" file="Sites Without Base Url Are Handled Gracefully (Hyde\Framework\Testing\Feature\SitesWithoutBaseUrlAreHandledGracefully)::Localhost links are not added to compiled html when base url is null with data set #0" class="Hyde\Framework\Testing\Feature\SitesWithoutBaseUrlAreHandledGracefullyTest" classname="Hyde.Framework.Testing.Feature.SitesWithoutBaseUrlAreHandledGracefullyTest" assertions="1" time="0.035464"/>
          <testcase name="Localhost links are not added to compiled html when base url is null with data set #1" file="Sites Without Base Url Are Handled Gracefully (Hyde\Framework\Testing\Feature\SitesWithoutBaseUrlAreHandledGracefully)::Localhost links are not added to compiled html when base url is null with data set #1" class="Hyde\Framework\Testing\Feature\SitesWithoutBaseUrlAreHandledGracefullyTest" classname="Hyde.Framework.Testing.Feature.SitesWithoutBaseUrlAreHandledGracefullyTest" assertions="1" time="0.017782"/>
          <testcase name="Localhost links are not added to compiled html when base url is null with data set #2" file="Sites Without Base Url Are Handled Gracefully (Hyde\Framework\Testing\Feature\SitesWithoutBaseUrlAreHandledGracefully)::Localhost links are not added to compiled html when base url is null with data set #2" class="Hyde\Framework\Testing\Feature\SitesWithoutBaseUrlAreHandledGracefullyTest" classname="Hyde.Framework.Testing.Feature.SitesWithoutBaseUrlAreHandledGracefullyTest" assertions="1" time="0.017903"/>
        </testsuite>
        <testsuite name="Hyde\Framework\Testing\Feature\SitesWithoutBaseUrlAreHandledGracefullyTest::testLocalhostLinksAreNotAddedToCompiledHtmlWhenBaseUrlIsNotSet" tests="3" assertions="3" errors="0" failures="0" skipped="0" time="0.051386">
          <testcase name="Localhost links are not added to compiled html when base url is not set with data set #0" file="Sites Without Base Url Are Handled Gracefully (Hyde\Framework\Testing\Feature\SitesWithoutBaseUrlAreHandledGracefully)::Localhost links are not added to compiled html when base url is not set with data set #0" class="Hyde\Framework\Testing\Feature\SitesWithoutBaseUrlAreHandledGracefullyTest" classname="Hyde.Framework.Testing.Feature.SitesWithoutBaseUrlAreHandledGracefullyTest" assertions="1" time="0.016700"/>
          <testcase name="Localhost links are not added to compiled html when base url is not set with data set #1" file="Sites Without Base Url Are Handled Gracefully (Hyde\Framework\Testing\Feature\SitesWithoutBaseUrlAreHandledGracefully)::Localhost links are not added to compiled html when base url is not set with data set #1" class="Hyde\Framework\Testing\Feature\SitesWithoutBaseUrlAreHandledGracefullyTest" classname="Hyde.Framework.Testing.Feature.SitesWithoutBaseUrlAreHandledGracefullyTest" assertions="1" time="0.016994"/>
          <testcase name="Localhost links are not added to compiled html when base url is not set with data set #2" file="Sites Without Base Url Are Handled Gracefully (Hyde\Framework\Testing\Feature\SitesWithoutBaseUrlAreHandledGracefully)::Localhost links are not added to compiled html when base url is not set with data set #2" class="Hyde\Framework\Testing\Feature\SitesWithoutBaseUrlAreHandledGracefullyTest" classname="Hyde.Framework.Testing.Feature.SitesWithoutBaseUrlAreHandledGracefullyTest" assertions="1" time="0.017691"/>
        </testsuite>
        <testsuite name="Hyde\Framework\Testing\Feature\SitesWithoutBaseUrlAreHandledGracefullyTest::testLocalhostLinksAreNotAddedToCompiledHtmlWhenBaseUrlIsSetToLocalhost" tests="3" assertions="3" errors="0" failures="0" skipped="0" time="0.050950">
          <testcase name="Localhost links are not added to compiled html when base url is set to localhost with data set #0" file="Sites Without Base Url Are Handled Gracefully (Hyde\Framework\Testing\Feature\SitesWithoutBaseUrlAreHandledGracefully)::Localhost links are not added to compiled html when base url is set to localhost with data set #0" class="Hyde\Framework\Testing\Feature\SitesWithoutBaseUrlAreHandledGracefullyTest" classname="Hyde.Framework.Testing.Feature.SitesWithoutBaseUrlAreHandledGracefullyTest" assertions="1" time="0.016537"/>
          <testcase name="Localhost links are not added to compiled html when base url is set to localhost with data set #1" file="Sites Without Base Url Are Handled Gracefully (Hyde\Framework\Testing\Feature\SitesWithoutBaseUrlAreHandledGracefully)::Localhost links are not added to compiled html when base url is set to localhost with data set #1" class="Hyde\Framework\Testing\Feature\SitesWithoutBaseUrlAreHandledGracefullyTest" classname="Hyde.Framework.Testing.Feature.SitesWithoutBaseUrlAreHandledGracefullyTest" assertions="1" time="0.016837"/>
          <testcase name="Localhost links are not added to compiled html when base url is set to localhost with data set #2" file="Sites Without Base Url Are Handled Gracefully (Hyde\Framework\Testing\Feature\SitesWithoutBaseUrlAreHandledGracefully)::Localhost links are not added to compiled html when base url is set to localhost with data set #2" class="Hyde\Framework\Testing\Feature\SitesWithoutBaseUrlAreHandledGracefullyTest" classname="Hyde.Framework.Testing.Feature.SitesWithoutBaseUrlAreHandledGracefullyTest" assertions="1" time="0.017576"/>
        </testsuite>
        <testsuite name="Hyde\Framework\Testing\Feature\SitesWithoutBaseUrlAreHandledGracefullyTest::testSiteUrlLinksAreAddedToCompiledHtmlWhenBaseUrlIsSetToValidUrl" tests="3" assertions="3" errors="0" failures="0" skipped="0" time="0.052068">
          <testcase name="Site url links are added to compiled html when base url is set to valid url with data set #0" file="Sites Without Base Url Are Handled Gracefully (Hyde\Framework\Testing\Feature\SitesWithoutBaseUrlAreHandledGracefully)::Site url links are added to compiled html when base url is set to valid url with data set #0" class="Hyde\Framework\Testing\Feature\SitesWithoutBaseUrlAreHandledGracefullyTest" classname="Hyde.Framework.Testing.Feature.SitesWithoutBaseUrlAreHandledGracefullyTest" assertions="1" time="0.016884"/>
          <testcase name="Site url links are added to compiled html when base url is set to valid url with data set #1" file="Sites Without Base Url Are Handled Gracefully (Hyde\Framework\Testing\Feature\SitesWithoutBaseUrlAreHandledGracefully)::Site url links are added to compiled html when base url is set to valid url with data set #1" class="Hyde\Framework\Testing\Feature\SitesWithoutBaseUrlAreHandledGracefullyTest" classname="Hyde.Framework.Testing.Feature.SitesWithoutBaseUrlAreHandledGracefullyTest" assertions="1" time="0.017297"/>
          <testcase name="Site url links are added to compiled html when base url is set to valid url with data set #2" file="Sites Without Base Url Are Handled Gracefully (Hyde\Framework\Testing\Feature\SitesWithoutBaseUrlAreHandledGracefully)::Site url links are added to compiled html when base url is set to valid url with data set #2" class="Hyde\Framework\Testing\Feature\SitesWithoutBaseUrlAreHandledGracefullyTest" classname="Hyde.Framework.Testing.Feature.SitesWithoutBaseUrlAreHandledGracefullyTest" assertions="1" time="0.017887"/>
        </testsuite>
      </testsuite>
      <testsuite name="Hyde\Framework\Testing\Feature\SourceDirectoriesCanBeChangedTest" file="Source Directories Can Be Changed (Hyde\Framework\Testing\Feature\SourceDirectoriesCanBeChanged)" tests="6" assertions="18" errors="0" failures="0" skipped="0" time="0.167837">
        <testcase name="Baselines" file="Source Directories Can Be Changed (Hyde\Framework\Testing\Feature\SourceDirectoriesCanBeChanged)::Baselines" class="Hyde\Framework\Testing\Feature\SourceDirectoriesCanBeChangedTest" classname="Hyde.Framework.Testing.Feature.SourceDirectoriesCanBeChangedTest" assertions="5" time="0.039485"/>
        <testcase name="Source directories can be changed programmatically" file="Source Directories Can Be Changed (Hyde\Framework\Testing\Feature\SourceDirectoriesCanBeChanged)::Source directories can be changed programmatically" class="Hyde\Framework\Testing\Feature\SourceDirectoriesCanBeChangedTest" classname="Hyde.Framework.Testing.Feature.SourceDirectoriesCanBeChangedTest" assertions="5" time="0.020428"/>
        <testcase name="Source directories can be changed in config" file="Source Directories Can Be Changed (Hyde\Framework\Testing\Feature\SourceDirectoriesCanBeChanged)::Source directories can be changed in config" class="Hyde\Framework\Testing\Feature\SourceDirectoriesCanBeChangedTest" classname="Hyde.Framework.Testing.Feature.SourceDirectoriesCanBeChangedTest" assertions="5" time="0.034878"/>
        <testcase name="Build service recognizes changed directory" file="Source Directories Can Be Changed (Hyde\Framework\Testing\Feature\SourceDirectoriesCanBeChanged)::Build service recognizes changed directory" class="Hyde\Framework\Testing\Feature\SourceDirectoriesCanBeChangedTest" classname="Hyde.Framework.Testing.Feature.SourceDirectoriesCanBeChangedTest" assertions="1" time="0.020502"/>
        <testcase name="Autodiscovery discovers posts in custom directory" file="Source Directories Can Be Changed (Hyde\Framework\Testing\Feature\SourceDirectoriesCanBeChanged)::Autodiscovery discovers posts in custom directory" class="Hyde\Framework\Testing\Feature\SourceDirectoriesCanBeChangedTest" classname="Hyde.Framework.Testing.Feature.SourceDirectoriesCanBeChangedTest" assertions="1" time="0.026420"/>
        <testcase name="Autodiscovery discovers posts in custom subdirectory" file="Source Directories Can Be Changed (Hyde\Framework\Testing\Feature\SourceDirectoriesCanBeChanged)::Autodiscovery discovers posts in custom subdirectory" class="Hyde\Framework\Testing\Feature\SourceDirectoriesCanBeChangedTest" classname="Hyde.Framework.Testing.Feature.SourceDirectoriesCanBeChangedTest" assertions="1" time="0.026123"/>
      </testsuite>
      <testsuite name="Hyde\Framework\Testing\Feature\SourceFileParserTest" file="Source File Parser (Hyde\Framework\Testing\Feature\SourceFileParser)" tests="8" assertions="23" errors="0" failures="0" skipped="0" time="0.186434">
        <testcase name="Blade page parser" file="Source File Parser (Hyde\Framework\Testing\Feature\SourceFileParser)::Blade page parser" class="Hyde\Framework\Testing\Feature\SourceFileParserTest" classname="Hyde.Framework.Testing.Feature.SourceFileParserTest" assertions="2" time="0.030356"/>
        <testcase name="Markdown page parser" file="Source File Parser (Hyde\Framework\Testing\Feature\SourceFileParser)::Markdown page parser" class="Hyde\Framework\Testing\Feature\SourceFileParserTest" classname="Hyde.Framework.Testing.Feature.SourceFileParserTest" assertions="5" time="0.022513"/>
        <testcase name="Markdown post parser" file="Source File Parser (Hyde\Framework\Testing\Feature\SourceFileParser)::Markdown post parser" class="Hyde\Framework\Testing\Feature\SourceFileParserTest" classname="Hyde.Framework.Testing.Feature.SourceFileParserTest" assertions="5" time="0.022885"/>
        <testcase name="Documentation page parser" file="Source File Parser (Hyde\Framework\Testing\Feature\SourceFileParser)::Documentation page parser" class="Hyde\Framework\Testing\Feature\SourceFileParserTest" classname="Hyde.Framework.Testing.Feature.SourceFileParserTest" assertions="5" time="0.022542"/>
        <testcase name="Html page parser" file="Source File Parser (Hyde\Framework\Testing\Feature\SourceFileParser)::Html page parser" class="Hyde\Framework\Testing\Feature\SourceFileParserTest" classname="Hyde.Framework.Testing.Feature.SourceFileParserTest" assertions="3" time="0.022117"/>
        <testcase name="Parsed page is run through dynamic constructor" file="Source File Parser (Hyde\Framework\Testing\Feature\SourceFileParser)::Parsed page is run through dynamic constructor" class="Hyde\Framework\Testing\Feature\SourceFileParserTest" classname="Hyde.Framework.Testing.Feature.SourceFileParserTest" assertions="1" time="0.022190"/>
        <testcase name="Blade page data is parsed to front matter" file="Source File Parser (Hyde\Framework\Testing\Feature\SourceFileParser)::Blade page data is parsed to front matter" class="Hyde\Framework\Testing\Feature\SourceFileParserTest" classname="Hyde.Framework.Testing.Feature.SourceFileParserTest" assertions="1" time="0.021984"/>
        <testcase name="Blade page matter is used for the page title" file="Source File Parser (Hyde\Framework\Testing\Feature\SourceFileParser)::Blade page matter is used for the page title" class="Hyde\Framework\Testing\Feature\SourceFileParserTest" classname="Hyde.Framework.Testing.Feature.SourceFileParserTest" assertions="1" time="0.021848"/>
      </testsuite>
      <testsuite name="Hyde\Framework\Testing\Feature\StaticPageBuilderTest" file="Static Page Builder (Hyde\Framework\Testing\Feature\StaticPageBuilder)" tests="13" assertions="73" errors="0" failures="0" skipped="0" time="0.455888">
        <testcase name="Can build blade page" file="Static Page Builder (Hyde\Framework\Testing\Feature\StaticPageBuilder)::Can build blade page" class="Hyde\Framework\Testing\Feature\StaticPageBuilderTest" classname="Hyde.Framework.Testing.Feature.StaticPageBuilderTest" assertions="3" time="0.038210"/>
        <testcase name="Can build markdown post" file="Static Page Builder (Hyde\Framework\Testing\Feature\StaticPageBuilder)::Can build markdown post" class="Hyde\Framework\Testing\Feature\StaticPageBuilderTest" classname="Hyde.Framework.Testing.Feature.StaticPageBuilderTest" assertions="10" time="0.035463"/>
        <testcase name="Can build markdown page" file="Static Page Builder (Hyde\Framework\Testing\Feature\StaticPageBuilder)::Can build markdown page" class="Hyde\Framework\Testing\Feature\StaticPageBuilderTest" classname="Hyde.Framework.Testing.Feature.StaticPageBuilderTest" assertions="10" time="0.033851"/>
        <testcase name="Can build documentation page" file="Static Page Builder (Hyde\Framework\Testing\Feature\StaticPageBuilder)::Can build documentation page" class="Hyde\Framework\Testing\Feature\StaticPageBuilderTest" classname="Hyde.Framework.Testing.Feature.StaticPageBuilderTest" assertions="10" time="0.035859"/>
        <testcase name="Can build html page" file="Static Page Builder (Hyde\Framework\Testing\Feature\StaticPageBuilder)::Can build html page" class="Hyde\Framework\Testing\Feature\StaticPageBuilderTest" classname="Hyde.Framework.Testing.Feature.StaticPageBuilderTest" assertions="3" time="0.026906"/>
        <testcase name="Can build nested html page" file="Static Page Builder (Hyde\Framework\Testing\Feature\StaticPageBuilder)::Can build nested html page" class="Hyde\Framework\Testing\Feature\StaticPageBuilderTest" classname="Hyde.Framework.Testing.Feature.StaticPageBuilderTest" assertions="3" time="0.032659"/>
        <testcase name="Creates custom documentation directory" file="Static Page Builder (Hyde\Framework\Testing\Feature\StaticPageBuilder)::Creates custom documentation directory" class="Hyde\Framework\Testing\Feature\StaticPageBuilderTest" classname="Hyde.Framework.Testing.Feature.StaticPageBuilderTest" assertions="10" time="0.037130"/>
        <testcase name="Site directory can be customized" file="Static Page Builder (Hyde\Framework\Testing\Feature\StaticPageBuilder)::Site directory can be customized" class="Hyde\Framework\Testing\Feature\StaticPageBuilderTest" classname="Hyde.Framework.Testing.Feature.StaticPageBuilderTest" assertions="10" time="0.035058"/>
        <testcase name="Site directory can be customized with nested pages" file="Static Page Builder (Hyde\Framework\Testing\Feature\StaticPageBuilder)::Site directory can be customized with nested pages" class="Hyde\Framework\Testing\Feature\StaticPageBuilderTest" classname="Hyde.Framework.Testing.Feature.StaticPageBuilderTest" assertions="10" time="0.050086"/>
        <testcase name="Can rebuild blade page" file="Static Page Builder (Hyde\Framework\Testing\Feature\StaticPageBuilder)::Can rebuild blade page" class="Hyde\Framework\Testing\Feature\StaticPageBuilderTest" classname="Hyde.Framework.Testing.Feature.StaticPageBuilderTest" assertions="1" time="0.026915"/>
        <testcase name="Can rebuild markdown page" file="Static Page Builder (Hyde\Framework\Testing\Feature\StaticPageBuilder)::Can rebuild markdown page" class="Hyde\Framework\Testing\Feature\StaticPageBuilderTest" classname="Hyde.Framework.Testing.Feature.StaticPageBuilderTest" assertions="1" time="0.034768"/>
        <testcase name="Can rebuild markdown post" file="Static Page Builder (Hyde\Framework\Testing\Feature\StaticPageBuilder)::Can rebuild markdown post" class="Hyde\Framework\Testing\Feature\StaticPageBuilderTest" classname="Hyde.Framework.Testing.Feature.StaticPageBuilderTest" assertions="1" time="0.034878"/>
        <testcase name="Can rebuild documentation page" file="Static Page Builder (Hyde\Framework\Testing\Feature\StaticPageBuilder)::Can rebuild documentation page" class="Hyde\Framework\Testing\Feature\StaticPageBuilderTest" classname="Hyde.Framework.Testing.Feature.StaticPageBuilderTest" assertions="1" time="0.034105"/>
      </testsuite>
      <testsuite name="Hyde\Framework\Testing\Feature\StaticSiteBuilderDocumentationModuleTest" file="Static Site Builder Documentation Module (Hyde\Framework\Testing\Feature\StaticSiteBuilderDocumentationModule)" tests="3" assertions="7" errors="0" failures="0" skipped="0" time="0.125139">
        <testcase name="Can create page" file="Static Site Builder Documentation Module (Hyde\Framework\Testing\Feature\StaticSiteBuilderDocumentationModule)::Can create page" class="Hyde\Framework\Testing\Feature\StaticSiteBuilderDocumentationModuleTest" classname="Hyde.Framework.Testing.Feature.StaticSiteBuilderDocumentationModuleTest" assertions="1" time="0.052768"/>
        <testcase name="Page contains expected content" file="Static Site Builder Documentation Module (Hyde\Framework\Testing\Feature\StaticSiteBuilderDocumentationModule)::Page contains expected content" class="Hyde\Framework\Testing\Feature\StaticSiteBuilderDocumentationModuleTest" classname="Hyde.Framework.Testing.Feature.StaticSiteBuilderDocumentationModuleTest" assertions="3" time="0.035419"/>
        <testcase name="Can compile page to root output directory" file="Static Site Builder Documentation Module (Hyde\Framework\Testing\Feature\StaticSiteBuilderDocumentationModule)::Can compile page to root output directory" class="Hyde\Framework\Testing\Feature\StaticSiteBuilderDocumentationModuleTest" classname="Hyde.Framework.Testing.Feature.StaticSiteBuilderDocumentationModuleTest" assertions="3" time="0.036953"/>
      </testsuite>
      <testsuite name="Hyde\Framework\Testing\Feature\StaticSiteBuilderPostModuleTest" file="Static Site Builder Post Module (Hyde\Framework\Testing\Feature\StaticSiteBuilderPostModule)" tests="7" assertions="38" errors="0" failures="0" skipped="0" time="0.268258">
        <testcase name="Can create post" file="Static Site Builder Post Module (Hyde\Framework\Testing\Feature\StaticSiteBuilderPostModule)::Can create post" class="Hyde\Framework\Testing\Feature\StaticSiteBuilderPostModuleTest" classname="Hyde.Framework.Testing.Feature.StaticSiteBuilderPostModuleTest" assertions="1" time="0.039857"/>
        <testcase name="Post contains expected content" file="Static Site Builder Post Module (Hyde\Framework\Testing\Feature\StaticSiteBuilderPostModule)::Post contains expected content" class="Hyde\Framework\Testing\Feature\StaticSiteBuilderPostModuleTest" classname="Hyde.Framework.Testing.Feature.StaticSiteBuilderPostModuleTest" assertions="6" time="0.035582"/>
        <testcase name="Post contains expected elements" file="Static Site Builder Post Module (Hyde\Framework\Testing\Feature\StaticSiteBuilderPostModule)::Post contains expected elements" class="Hyde\Framework\Testing\Feature\StaticSiteBuilderPostModuleTest" classname="Hyde.Framework.Testing.Feature.StaticSiteBuilderPostModuleTest" assertions="11" time="0.036054"/>
        <testcase name="Post contains expected meta tags" file="Static Site Builder Post Module (Hyde\Framework\Testing\Feature\StaticSiteBuilderPostModule)::Post contains expected meta tags" class="Hyde\Framework\Testing\Feature\StaticSiteBuilderPostModuleTest" classname="Hyde.Framework.Testing.Feature.StaticSiteBuilderPostModuleTest" assertions="6" time="0.049592"/>
        <testcase name="Post contains expected itemprops" file="Static Site Builder Post Module (Hyde\Framework\Testing\Feature\StaticSiteBuilderPostModule)::Post contains expected itemprops" class="Hyde\Framework\Testing\Feature\StaticSiteBuilderPostModuleTest" classname="Hyde.Framework.Testing.Feature.StaticSiteBuilderPostModuleTest" assertions="8" time="0.036539"/>
        <testcase name="Post contains expected aria support" file="Static Site Builder Post Module (Hyde\Framework\Testing\Feature\StaticSiteBuilderPostModule)::Post contains expected aria support" class="Hyde\Framework\Testing\Feature\StaticSiteBuilderPostModuleTest" classname="Hyde.Framework.Testing.Feature.StaticSiteBuilderPostModuleTest" assertions="3" time="0.035350"/>
        <testcase name="Post image is resolved relatively" file="Static Site Builder Post Module (Hyde\Framework\Testing\Feature\StaticSiteBuilderPostModule)::Post image is resolved relatively" class="Hyde\Framework\Testing\Feature\StaticSiteBuilderPostModuleTest" classname="Hyde.Framework.Testing.Feature.StaticSiteBuilderPostModuleTest" assertions="3" time="0.035283"/>
      </testsuite>
      <testsuite name="Hyde\Framework\Testing\Feature\StaticSiteServiceTest" file="Static Site Service (Hyde\Framework\Testing\Feature\StaticSiteService)" tests="23" assertions="82" errors="0" failures="0" skipped="0" time="1.033793">
        <testcase name="Build command contains expected output" file="Static Site Service (Hyde\Framework\Testing\Feature\StaticSiteService)::Build command contains expected output" class="Hyde\Framework\Testing\Feature\StaticSiteServiceTest" classname="Hyde.Framework.Testing.Feature.StaticSiteServiceTest" assertions="4" time="0.048284"/>
        <testcase name="Build command creates html files" file="Static Site Service (Hyde\Framework\Testing\Feature\StaticSiteService)::Build command creates html files" class="Hyde\Framework\Testing\Feature\StaticSiteServiceTest" classname="Hyde.Framework.Testing.Feature.StaticSiteServiceTest" assertions="3" time="0.047598"/>
        <testcase name="Build command transfers media asset files" file="Static Site Service (Hyde\Framework\Testing\Feature\StaticSiteService)::Build command transfers media asset files" class="Hyde\Framework\Testing\Feature\StaticSiteServiceTest" classname="Hyde.Framework.Testing.Feature.StaticSiteServiceTest" assertions="3" time="0.036193"/>
        <testcase name="Build command transfers media asset files recursively" file="Static Site Service (Hyde\Framework\Testing\Feature\StaticSiteService)::Build command transfers media asset files recursively" class="Hyde\Framework\Testing\Feature\StaticSiteServiceTest" classname="Hyde.Framework.Testing.Feature.StaticSiteServiceTest" assertions="4" time="0.037187"/>
        <testcase name="All page types can be compiled" file="Static Site Service (Hyde\Framework\Testing\Feature\StaticSiteService)::All page types can be compiled" class="Hyde\Framework\Testing\Feature\StaticSiteServiceTest" classname="Hyde.Framework.Testing.Feature.StaticSiteServiceTest" assertions="12" time="0.091196"/>
        <testcase name="Only progress bars for types with pages are shown" file="Static Site Service (Hyde\Framework\Testing\Feature\StaticSiteService)::Only progress bars for types with pages are shown" class="Hyde\Framework\Testing\Feature\StaticSiteServiceTest" classname="Hyde.Framework.Testing.Feature.StaticSiteServiceTest" assertions="9" time="0.061441"/>
        <testcase name="Print initial information allows api to be disabled" file="Static Site Service (Hyde\Framework\Testing\Feature\StaticSiteService)::Print initial information allows api to be disabled" class="Hyde\Framework\Testing\Feature\StaticSiteServiceTest" classname="Hyde.Framework.Testing.Feature.StaticSiteServiceTest" assertions="2" time="0.037740"/>
        <testcase name="Node action outputs" file="Static Site Service (Hyde\Framework\Testing\Feature\StaticSiteService)::Node action outputs" class="Hyde\Framework\Testing\Feature\StaticSiteServiceTest" classname="Hyde.Framework.Testing.Feature.StaticSiteServiceTest" assertions="7" time="0.041186"/>
        <testcase name="Pretty urls option output" file="Static Site Service (Hyde\Framework\Testing\Feature\StaticSiteService)::Pretty urls option output" class="Hyde\Framework\Testing\Feature\StaticSiteServiceTest" classname="Hyde.Framework.Testing.Feature.StaticSiteServiceTest" assertions="2" time="0.055323"/>
        <testcase name="Sitemap is not generated when conditions are not met" file="Static Site Service (Hyde\Framework\Testing\Feature\StaticSiteService)::Sitemap is not generated when conditions are not met" class="Hyde\Framework\Testing\Feature\StaticSiteServiceTest" classname="Hyde.Framework.Testing.Feature.StaticSiteServiceTest" assertions="2" time="0.038729"/>
        <testcase name="Sitemap is generated when conditions are met" file="Static Site Service (Hyde\Framework\Testing\Feature\StaticSiteService)::Sitemap is generated when conditions are met" class="Hyde\Framework\Testing\Feature\StaticSiteServiceTest" classname="Hyde.Framework.Testing.Feature.StaticSiteServiceTest" assertions="1" time="0.039642"/>
        <testcase name="Rss feed is not generated when conditions are not met" file="Static Site Service (Hyde\Framework\Testing\Feature\StaticSiteService)::Rss feed is not generated when conditions are not met" class="Hyde\Framework\Testing\Feature\StaticSiteServiceTest" classname="Hyde.Framework.Testing.Feature.StaticSiteServiceTest" assertions="2" time="0.038615"/>
        <testcase name="Rss feed is generated when conditions are met" file="Static Site Service (Hyde\Framework\Testing\Feature\StaticSiteService)::Rss feed is generated when conditions are met" class="Hyde\Framework\Testing\Feature\StaticSiteServiceTest" classname="Hyde.Framework.Testing.Feature.StaticSiteServiceTest" assertions="1" time="0.054235"/>
        <testcase name="Does not generate search files when conditions are not met" file="Static Site Service (Hyde\Framework\Testing\Feature\StaticSiteService)::Does not generate search files when conditions are not met" class="Hyde\Framework\Testing\Feature\StaticSiteServiceTest" classname="Hyde.Framework.Testing.Feature.StaticSiteServiceTest" assertions="3" time="0.038353"/>
        <testcase name="Generates search files when conditions are met" file="Static Site Service (Hyde\Framework\Testing\Feature\StaticSiteService)::Generates search files when conditions are met" class="Hyde\Framework\Testing\Feature\StaticSiteServiceTest" classname="Hyde.Framework.Testing.Feature.StaticSiteServiceTest" assertions="1" time="0.064454"/>
        <testcase name="Site directory is emptied before build" file="Static Site Service (Hyde\Framework\Testing\Feature\StaticSiteService)::Site directory is emptied before build" class="Hyde\Framework\Testing\Feature\StaticSiteServiceTest" classname="Hyde.Framework.Testing.Feature.StaticSiteServiceTest" assertions="3" time="0.038312"/>
        <testcase name="Output directory is not emptied if disabled in config" file="Static Site Service (Hyde\Framework\Testing\Feature\StaticSiteService)::Output directory is not emptied if disabled in config" class="Hyde\Framework\Testing\Feature\StaticSiteServiceTest" classname="Hyde.Framework.Testing.Feature.StaticSiteServiceTest" assertions="3" time="0.036508"/>
        <testcase name="Aborts when non standard directory is emptied" file="Static Site Service (Hyde\Framework\Testing\Feature\StaticSiteService)::Aborts when non standard directory is emptied" class="Hyde\Framework\Testing\Feature\StaticSiteServiceTest" classname="Hyde.Framework.Testing.Feature.StaticSiteServiceTest" assertions="5" time="0.037262"/>
        <testcase name="Without warnings" file="Static Site Service (Hyde\Framework\Testing\Feature\StaticSiteService)::Without warnings" class="Hyde\Framework\Testing\Feature\StaticSiteServiceTest" classname="Hyde.Framework.Testing.Feature.StaticSiteServiceTest" assertions="2" time="0.036460"/>
        <testcase name="With warnings" file="Static Site Service (Hyde\Framework\Testing\Feature\StaticSiteService)::With warnings" class="Hyde\Framework\Testing\Feature\StaticSiteServiceTest" classname="Hyde.Framework.Testing.Feature.StaticSiteServiceTest" assertions="3" time="0.037508"/>
        <testcase name="With warnings and verbose" file="Static Site Service (Hyde\Framework\Testing\Feature\StaticSiteService)::With warnings and verbose" class="Hyde\Framework\Testing\Feature\StaticSiteServiceTest" classname="Hyde.Framework.Testing.Feature.StaticSiteServiceTest" assertions="4" time="0.037947"/>
        <testcase name="With warnings but warnings are disabled" file="Static Site Service (Hyde\Framework\Testing\Feature\StaticSiteService)::With warnings but warnings are disabled" class="Hyde\Framework\Testing\Feature\StaticSiteServiceTest" classname="Hyde.Framework.Testing.Feature.StaticSiteServiceTest" assertions="2" time="0.036592"/>
        <testcase name="With warnings converted to exceptions" file="Static Site Service (Hyde\Framework\Testing\Feature\StaticSiteService)::With warnings converted to exceptions" class="Hyde\Framework\Testing\Feature\StaticSiteServiceTest" classname="Hyde.Framework.Testing.Feature.StaticSiteServiceTest" assertions="4" time="0.043030"/>
      </testsuite>
      <testsuite name="Hyde\Framework\Testing\Feature\Support\MediaFileTest" file="Media File (Hyde\Framework\Testing\Feature\Support\MediaFile)" tests="26" assertions="33" errors="0" failures="0" skipped="0" time="0.594295">
        <testcase name="Can construct" file="Media File (Hyde\Framework\Testing\Feature\Support\MediaFile)::Can construct" class="Hyde\Framework\Testing\Feature\Support\MediaFileTest" classname="Hyde.Framework.Testing.Feature.Support.MediaFileTest" assertions="2" time="0.050096"/>
        <testcase name="Can make" file="Media File (Hyde\Framework\Testing\Feature\Support\MediaFile)::Can make" class="Hyde\Framework\Testing\Feature\Support\MediaFileTest" classname="Hyde.Framework.Testing.Feature.Support.MediaFileTest" assertions="1" time="0.034008"/>
        <testcase name="Can construct with nested paths" file="Media File (Hyde\Framework\Testing\Feature\Support\MediaFile)::Can construct with nested paths" class="Hyde\Framework\Testing\Feature\Support\MediaFileTest" classname="Hyde.Framework.Testing.Feature.Support.MediaFileTest" assertions="1" time="0.020764"/>
        <testcase name="Absolute path is normalized to relative" file="Media File (Hyde\Framework\Testing\Feature\Support\MediaFile)::Absolute path is normalized to relative" class="Hyde\Framework\Testing\Feature\Support\MediaFileTest" classname="Hyde.Framework.Testing.Feature.Support.MediaFileTest" assertions="1" time="0.020305"/>
        <testcase name="Get name returns name of file" file="Media File (Hyde\Framework\Testing\Feature\Support\MediaFile)::Get name returns name of file" class="Hyde\Framework\Testing\Feature\Support\MediaFileTest" classname="Hyde.Framework.Testing.Feature.Support.MediaFileTest" assertions="2" time="0.020234"/>
        <testcase name="Get path returns path of file" file="Media File (Hyde\Framework\Testing\Feature\Support\MediaFile)::Get path returns path of file" class="Hyde\Framework\Testing\Feature\Support\MediaFileTest" classname="Hyde.Framework.Testing.Feature.Support.MediaFileTest" assertions="2" time="0.020240"/>
        <testcase name="Get absolute path returns absolute path of file" file="Media File (Hyde\Framework\Testing\Feature\Support\MediaFile)::Get absolute path returns absolute path of file" class="Hyde\Framework\Testing\Feature\Support\MediaFileTest" classname="Hyde.Framework.Testing.Feature.Support.MediaFileTest" assertions="2" time="0.020587"/>
        <testcase name="Get contents returns contents of file" file="Media File (Hyde\Framework\Testing\Feature\Support\MediaFile)::Get contents returns contents of file" class="Hyde\Framework\Testing\Feature\Support\MediaFileTest" classname="Hyde.Framework.Testing.Feature.Support.MediaFileTest" assertions="1" time="0.020775"/>
        <testcase name="Get extension returns extension of file" file="Media File (Hyde\Framework\Testing\Feature\Support\MediaFile)::Get extension returns extension of file" class="Hyde\Framework\Testing\Feature\Support\MediaFileTest" classname="Hyde.Framework.Testing.Feature.Support.MediaFileTest" assertions="2" time="0.029942"/>
        <testcase name="To array returns array of file properties" file="Media File (Hyde\Framework\Testing\Feature\Support\MediaFile)::To array returns array of file properties" class="Hyde\Framework\Testing\Feature\Support\MediaFileTest" classname="Hyde.Framework.Testing.Feature.Support.MediaFileTest" assertions="1" time="0.021222"/>
        <testcase name="To array with empty file with no extension" file="Media File (Hyde\Framework\Testing\Feature\Support\MediaFile)::To array with empty file with no extension" class="Hyde\Framework\Testing\Feature\Support\MediaFileTest" classname="Hyde.Framework.Testing.Feature.Support.MediaFileTest" assertions="1" time="0.022558"/>
        <testcase name="To array with file in subdirectory" file="Media File (Hyde\Framework\Testing\Feature\Support\MediaFile)::To array with file in subdirectory" class="Hyde\Framework\Testing\Feature\Support\MediaFileTest" classname="Hyde.Framework.Testing.Feature.Support.MediaFileTest" assertions="1" time="0.021082"/>
        <testcase name="Get content length" file="Media File (Hyde\Framework\Testing\Feature\Support\MediaFile)::Get content length" class="Hyde\Framework\Testing\Feature\Support\MediaFileTest" classname="Hyde.Framework.Testing.Feature.Support.MediaFileTest" assertions="1" time="0.021004"/>
        <testcase name="Get content length with empty file" file="Media File (Hyde\Framework\Testing\Feature\Support\MediaFile)::Get content length with empty file" class="Hyde\Framework\Testing\Feature\Support\MediaFileTest" classname="Hyde.Framework.Testing.Feature.Support.MediaFileTest" assertions="1" time="0.020788"/>
        <testcase name="Get content length with directory" file="Media File (Hyde\Framework\Testing\Feature\Support\MediaFile)::Get content length with directory" class="Hyde\Framework\Testing\Feature\Support\MediaFileTest" classname="Hyde.Framework.Testing.Feature.Support.MediaFileTest" assertions="2" time="0.021084"/>
        <testcase name="Get content length with non existent file" file="Media File (Hyde\Framework\Testing\Feature\Support\MediaFile)::Get content length with non existent file" class="Hyde\Framework\Testing\Feature\Support\MediaFileTest" classname="Hyde.Framework.Testing.Feature.Support.MediaFileTest" assertions="2" time="0.020561"/>
        <testcase name="Get mime type" file="Media File (Hyde\Framework\Testing\Feature\Support\MediaFile)::Get mime type" class="Hyde\Framework\Testing\Feature\Support\MediaFileTest" classname="Hyde.Framework.Testing.Feature.Support.MediaFileTest" assertions="1" time="0.020628"/>
        <testcase name="Get mime type without extension" file="Media File (Hyde\Framework\Testing\Feature\Support\MediaFile)::Get mime type without extension" class="Hyde\Framework\Testing\Feature\Support\MediaFileTest" classname="Hyde.Framework.Testing.Feature.Support.MediaFileTest" assertions="1" time="0.021596"/>
        <testcase name="Get mime type with empty file" file="Media File (Hyde\Framework\Testing\Feature\Support\MediaFile)::Get mime type with empty file" class="Hyde\Framework\Testing\Feature\Support\MediaFileTest" classname="Hyde.Framework.Testing.Feature.Support.MediaFileTest" assertions="1" time="0.020942"/>
        <testcase name="Get mime type with directory" file="Media File (Hyde\Framework\Testing\Feature\Support\MediaFile)::Get mime type with directory" class="Hyde\Framework\Testing\Feature\Support\MediaFileTest" classname="Hyde.Framework.Testing.Feature.Support.MediaFileTest" assertions="1" time="0.021092"/>
        <testcase name="Get mime type with non existent file" file="Media File (Hyde\Framework\Testing\Feature\Support\MediaFile)::Get mime type with non existent file" class="Hyde\Framework\Testing\Feature\Support\MediaFileTest" classname="Hyde.Framework.Testing.Feature.Support.MediaFileTest" assertions="1" time="0.020275"/>
        <testcase name="All helper returns all media files" file="Media File (Hyde\Framework\Testing\Feature\Support\MediaFile)::All helper returns all media files" class="Hyde\Framework\Testing\Feature\Support\MediaFileTest" classname="Hyde.Framework.Testing.Feature.Support.MediaFileTest" assertions="1" time="0.020690"/>
        <testcase name="All helper does not include non media files" file="Media File (Hyde\Framework\Testing\Feature\Support\MediaFile)::All helper does not include non media files" class="Hyde\Framework\Testing\Feature\Support\MediaFileTest" classname="Hyde.Framework.Testing.Feature.Support.MediaFileTest" assertions="1" time="0.022118"/>
        <testcase name="Files helper returns all media files" file="Media File (Hyde\Framework\Testing\Feature\Support\MediaFile)::Files helper returns all media files" class="Hyde\Framework\Testing\Feature\Support\MediaFileTest" classname="Hyde.Framework.Testing.Feature.Support.MediaFileTest" assertions="1" time="0.021432"/>
        <testcase name="Get identifier returns identifier" file="Media File (Hyde\Framework\Testing\Feature\Support\MediaFile)::Get identifier returns identifier" class="Hyde\Framework\Testing\Feature\Support\MediaFileTest" classname="Hyde.Framework.Testing.Feature.Support.MediaFileTest" assertions="1" time="0.020175"/>
        <testcase name="Get identifier with subdirectory" file="Media File (Hyde\Framework\Testing\Feature\Support\MediaFile)::Get identifier with subdirectory" class="Hyde\Framework\Testing\Feature\Support\MediaFileTest" classname="Hyde.Framework.Testing.Feature.Support.MediaFileTest" assertions="1" time="0.020094"/>
      </testsuite>
      <testsuite name="Hyde\Framework\Testing\Feature\Support\ProjectFileTest" file="Project File (Hyde\Framework\Testing\Feature\Support\ProjectFile)" tests="12" assertions="17" errors="0" failures="0" skipped="0" time="0.296162">
        <testcase name="Can construct" file="Project File (Hyde\Framework\Testing\Feature\Support\ProjectFile)::Can construct" class="Hyde\Framework\Testing\Feature\Support\ProjectFileTest" classname="Hyde.Framework.Testing.Feature.Support.ProjectFileTest" assertions="2" time="0.054415"/>
        <testcase name="Can make" file="Project File (Hyde\Framework\Testing\Feature\Support\ProjectFile)::Can make" class="Hyde\Framework\Testing\Feature\Support\ProjectFileTest" classname="Hyde.Framework.Testing.Feature.Support.ProjectFileTest" assertions="1" time="0.019893"/>
        <testcase name="Can construct with nested paths" file="Project File (Hyde\Framework\Testing\Feature\Support\ProjectFile)::Can construct with nested paths" class="Hyde\Framework\Testing\Feature\Support\ProjectFileTest" classname="Hyde.Framework.Testing.Feature.Support.ProjectFileTest" assertions="1" time="0.019955"/>
        <testcase name="Absolute path is normalized to relative" file="Project File (Hyde\Framework\Testing\Feature\Support\ProjectFile)::Absolute path is normalized to relative" class="Hyde\Framework\Testing\Feature\Support\ProjectFileTest" classname="Hyde.Framework.Testing.Feature.Support.ProjectFileTest" assertions="1" time="0.035428"/>
        <testcase name="Get name returns name of file" file="Project File (Hyde\Framework\Testing\Feature\Support\ProjectFile)::Get name returns name of file" class="Hyde\Framework\Testing\Feature\Support\ProjectFileTest" classname="Hyde.Framework.Testing.Feature.Support.ProjectFileTest" assertions="2" time="0.020930"/>
        <testcase name="Get path returns path of file" file="Project File (Hyde\Framework\Testing\Feature\Support\ProjectFile)::Get path returns path of file" class="Hyde\Framework\Testing\Feature\Support\ProjectFileTest" classname="Hyde.Framework.Testing.Feature.Support.ProjectFileTest" assertions="2" time="0.020189"/>
        <testcase name="Get absolute path returns absolute path of file" file="Project File (Hyde\Framework\Testing\Feature\Support\ProjectFile)::Get absolute path returns absolute path of file" class="Hyde\Framework\Testing\Feature\Support\ProjectFileTest" classname="Hyde.Framework.Testing.Feature.Support.ProjectFileTest" assertions="2" time="0.020273"/>
        <testcase name="Get contents returns contents of file" file="Project File (Hyde\Framework\Testing\Feature\Support\ProjectFile)::Get contents returns contents of file" class="Hyde\Framework\Testing\Feature\Support\ProjectFileTest" classname="Hyde.Framework.Testing.Feature.Support.ProjectFileTest" assertions="1" time="0.020921"/>
        <testcase name="Get extension returns extension of file" file="Project File (Hyde\Framework\Testing\Feature\Support\ProjectFile)::Get extension returns extension of file" class="Hyde\Framework\Testing\Feature\Support\ProjectFileTest" classname="Hyde.Framework.Testing.Feature.Support.ProjectFileTest" assertions="2" time="0.021214"/>
        <testcase name="To array returns array of file properties" file="Project File (Hyde\Framework\Testing\Feature\Support\ProjectFile)::To array returns array of file properties" class="Hyde\Framework\Testing\Feature\Support\ProjectFileTest" classname="Hyde.Framework.Testing.Feature.Support.ProjectFileTest" assertions="1" time="0.020939"/>
        <testcase name="To array with empty file with no extension" file="Project File (Hyde\Framework\Testing\Feature\Support\ProjectFile)::To array with empty file with no extension" class="Hyde\Framework\Testing\Feature\Support\ProjectFileTest" classname="Hyde.Framework.Testing.Feature.Support.ProjectFileTest" assertions="1" time="0.020827"/>
        <testcase name="To array with file in subdirectory" file="Project File (Hyde\Framework\Testing\Feature\Support\ProjectFile)::To array with file in subdirectory" class="Hyde\Framework\Testing\Feature\Support\ProjectFileTest" classname="Hyde.Framework.Testing.Feature.Support.ProjectFileTest" assertions="1" time="0.021177"/>
      </testsuite>
      <testsuite name="Hyde\Framework\Testing\Feature\Support\SourceFileTest" file="Source File (Hyde\Framework\Testing\Feature\Support\SourceFile)" tests="14" assertions="22" errors="0" failures="0" skipped="0" time="0.303824">
        <testcase name="Can construct" file="Source File (Hyde\Framework\Testing\Feature\Support\SourceFile)::Can construct" class="Hyde\Framework\Testing\Feature\Support\SourceFileTest" classname="Hyde.Framework.Testing.Feature.Support.SourceFileTest" assertions="3" time="0.036581"/>
        <testcase name="Can construct with model class" file="Source File (Hyde\Framework\Testing\Feature\Support\SourceFile)::Can construct with model class" class="Hyde\Framework\Testing\Feature\Support\SourceFileTest" classname="Hyde.Framework.Testing.Feature.Support.SourceFileTest" assertions="3" time="0.020124"/>
        <testcase name="Can make" file="Source File (Hyde\Framework\Testing\Feature\Support\SourceFile)::Can make" class="Hyde\Framework\Testing\Feature\Support\SourceFileTest" classname="Hyde.Framework.Testing.Feature.Support.SourceFileTest" assertions="1" time="0.020123"/>
        <testcase name="Can make with model class" file="Source File (Hyde\Framework\Testing\Feature\Support\SourceFile)::Can make with model class" class="Hyde\Framework\Testing\Feature\Support\SourceFileTest" classname="Hyde.Framework.Testing.Feature.Support.SourceFileTest" assertions="1" time="0.020100"/>
        <testcase name="Can construct with nested paths" file="Source File (Hyde\Framework\Testing\Feature\Support\SourceFile)::Can construct with nested paths" class="Hyde\Framework\Testing\Feature\Support\SourceFileTest" classname="Hyde.Framework.Testing.Feature.Support.SourceFileTest" assertions="1" time="0.020015"/>
        <testcase name="Absolute path is normalized to relative" file="Source File (Hyde\Framework\Testing\Feature\Support\SourceFile)::Absolute path is normalized to relative" class="Hyde\Framework\Testing\Feature\Support\SourceFileTest" classname="Hyde.Framework.Testing.Feature.Support.SourceFileTest" assertions="1" time="0.019947"/>
        <testcase name="Get name returns name of file" file="Source File (Hyde\Framework\Testing\Feature\Support\SourceFile)::Get name returns name of file" class="Hyde\Framework\Testing\Feature\Support\SourceFileTest" classname="Hyde.Framework.Testing.Feature.Support.SourceFileTest" assertions="2" time="0.020095"/>
        <testcase name="Get path returns path of file" file="Source File (Hyde\Framework\Testing\Feature\Support\SourceFile)::Get path returns path of file" class="Hyde\Framework\Testing\Feature\Support\SourceFileTest" classname="Hyde.Framework.Testing.Feature.Support.SourceFileTest" assertions="2" time="0.020302"/>
        <testcase name="Get absolute path returns absolute path of file" file="Source File (Hyde\Framework\Testing\Feature\Support\SourceFile)::Get absolute path returns absolute path of file" class="Hyde\Framework\Testing\Feature\Support\SourceFileTest" classname="Hyde.Framework.Testing.Feature.Support.SourceFileTest" assertions="2" time="0.020311"/>
        <testcase name="Get contents returns contents of file" file="Source File (Hyde\Framework\Testing\Feature\Support\SourceFile)::Get contents returns contents of file" class="Hyde\Framework\Testing\Feature\Support\SourceFileTest" classname="Hyde.Framework.Testing.Feature.Support.SourceFileTest" assertions="1" time="0.020700"/>
        <testcase name="Get extension returns extension of file" file="Source File (Hyde\Framework\Testing\Feature\Support\SourceFile)::Get extension returns extension of file" class="Hyde\Framework\Testing\Feature\Support\SourceFileTest" classname="Hyde.Framework.Testing.Feature.Support.SourceFileTest" assertions="2" time="0.021503"/>
        <testcase name="To array returns array of file properties" file="Source File (Hyde\Framework\Testing\Feature\Support\SourceFile)::To array returns array of file properties" class="Hyde\Framework\Testing\Feature\Support\SourceFileTest" classname="Hyde.Framework.Testing.Feature.Support.SourceFileTest" assertions="1" time="0.021207"/>
        <testcase name="To array with empty file with no extension" file="Source File (Hyde\Framework\Testing\Feature\Support\SourceFile)::To array with empty file with no extension" class="Hyde\Framework\Testing\Feature\Support\SourceFileTest" classname="Hyde.Framework.Testing.Feature.Support.SourceFileTest" assertions="1" time="0.020917"/>
        <testcase name="To array with file in subdirectory" file="Source File (Hyde\Framework\Testing\Feature\Support\SourceFile)::To array with file in subdirectory" class="Hyde\Framework\Testing\Feature\Support\SourceFileTest" classname="Hyde.Framework.Testing.Feature.Support.SourceFileTest" assertions="1" time="0.021901"/>
      </testsuite>
      <testsuite name="Hyde\Framework\Testing\Feature\TypedConfigFacadeTest" file="Typed Config Facade (Hyde\Framework\Testing\Feature\TypedConfigFacade)" tests="27" assertions="33" errors="0" failures="0" skipped="0" time="0.576466">
        <testcase name="Get array" file="Typed Config Facade (Hyde\Framework\Testing\Feature\TypedConfigFacade)::Get array" class="Hyde\Framework\Testing\Feature\TypedConfigFacadeTest" classname="Hyde.Framework.Testing.Feature.TypedConfigFacadeTest" assertions="1" time="0.039224"/>
        <testcase name="Get string" file="Typed Config Facade (Hyde\Framework\Testing\Feature\TypedConfigFacade)::Get string" class="Hyde\Framework\Testing\Feature\TypedConfigFacadeTest" classname="Hyde.Framework.Testing.Feature.TypedConfigFacadeTest" assertions="1" time="0.019958"/>
        <testcase name="Get bool" file="Typed Config Facade (Hyde\Framework\Testing\Feature\TypedConfigFacade)::Get bool" class="Hyde\Framework\Testing\Feature\TypedConfigFacadeTest" classname="Hyde.Framework.Testing.Feature.TypedConfigFacadeTest" assertions="2" time="0.020129"/>
        <testcase name="Get int" file="Typed Config Facade (Hyde\Framework\Testing\Feature\TypedConfigFacade)::Get int" class="Hyde\Framework\Testing\Feature\TypedConfigFacadeTest" classname="Hyde.Framework.Testing.Feature.TypedConfigFacadeTest" assertions="1" time="0.020177"/>
        <testcase name="Get float" file="Typed Config Facade (Hyde\Framework\Testing\Feature\TypedConfigFacade)::Get float" class="Hyde\Framework\Testing\Feature\TypedConfigFacadeTest" classname="Hyde.Framework.Testing.Feature.TypedConfigFacadeTest" assertions="1" time="0.020067"/>
        <testcase name="Get array with default value" file="Typed Config Facade (Hyde\Framework\Testing\Feature\TypedConfigFacade)::Get array with default value" class="Hyde\Framework\Testing\Feature\TypedConfigFacadeTest" classname="Hyde.Framework.Testing.Feature.TypedConfigFacadeTest" assertions="1" time="0.035048"/>
        <testcase name="Get string with default value" file="Typed Config Facade (Hyde\Framework\Testing\Feature\TypedConfigFacade)::Get string with default value" class="Hyde\Framework\Testing\Feature\TypedConfigFacadeTest" classname="Hyde.Framework.Testing.Feature.TypedConfigFacadeTest" assertions="1" time="0.020814"/>
        <testcase name="Get bool with default value" file="Typed Config Facade (Hyde\Framework\Testing\Feature\TypedConfigFacade)::Get bool with default value" class="Hyde\Framework\Testing\Feature\TypedConfigFacadeTest" classname="Hyde.Framework.Testing.Feature.TypedConfigFacadeTest" assertions="2" time="0.020287"/>
        <testcase name="Get int with default value" file="Typed Config Facade (Hyde\Framework\Testing\Feature\TypedConfigFacade)::Get int with default value" class="Hyde\Framework\Testing\Feature\TypedConfigFacadeTest" classname="Hyde.Framework.Testing.Feature.TypedConfigFacadeTest" assertions="1" time="0.020018"/>
        <testcase name="Get float with default value" file="Typed Config Facade (Hyde\Framework\Testing\Feature\TypedConfigFacade)::Get float with default value" class="Hyde\Framework\Testing\Feature\TypedConfigFacadeTest" classname="Hyde.Framework.Testing.Feature.TypedConfigFacadeTest" assertions="1" time="0.020040"/>
        <testcase name="Get array with strict mode" file="Typed Config Facade (Hyde\Framework\Testing\Feature\TypedConfigFacade)::Get array with strict mode" class="Hyde\Framework\Testing\Feature\TypedConfigFacadeTest" classname="Hyde.Framework.Testing.Feature.TypedConfigFacadeTest" assertions="1" time="0.020062"/>
        <testcase name="Get string with strict mode" file="Typed Config Facade (Hyde\Framework\Testing\Feature\TypedConfigFacade)::Get string with strict mode" class="Hyde\Framework\Testing\Feature\TypedConfigFacadeTest" classname="Hyde.Framework.Testing.Feature.TypedConfigFacadeTest" assertions="1" time="0.019938"/>
        <testcase name="Get bool with strict mode" file="Typed Config Facade (Hyde\Framework\Testing\Feature\TypedConfigFacade)::Get bool with strict mode" class="Hyde\Framework\Testing\Feature\TypedConfigFacadeTest" classname="Hyde.Framework.Testing.Feature.TypedConfigFacadeTest" assertions="2" time="0.020039"/>
        <testcase name="Get int with strict mode" file="Typed Config Facade (Hyde\Framework\Testing\Feature\TypedConfigFacade)::Get int with strict mode" class="Hyde\Framework\Testing\Feature\TypedConfigFacadeTest" classname="Hyde.Framework.Testing.Feature.TypedConfigFacadeTest" assertions="1" time="0.019971"/>
        <testcase name="Get float with strict mode" file="Typed Config Facade (Hyde\Framework\Testing\Feature\TypedConfigFacade)::Get float with strict mode" class="Hyde\Framework\Testing\Feature\TypedConfigFacadeTest" classname="Hyde.Framework.Testing.Feature.TypedConfigFacadeTest" assertions="1" time="0.020088"/>
        <testcase name="Get array with failing strict mode" file="Typed Config Facade (Hyde\Framework\Testing\Feature\TypedConfigFacade)::Get array with failing strict mode" class="Hyde\Framework\Testing\Feature\TypedConfigFacadeTest" classname="Hyde.Framework.Testing.Feature.TypedConfigFacadeTest" assertions="1" time="0.020119"/>
        <testcase name="Get string with failing strict mode" file="Typed Config Facade (Hyde\Framework\Testing\Feature\TypedConfigFacade)::Get string with failing strict mode" class="Hyde\Framework\Testing\Feature\TypedConfigFacadeTest" classname="Hyde.Framework.Testing.Feature.TypedConfigFacadeTest" assertions="1" time="0.020073"/>
        <testcase name="Get bool with failing strict mode" file="Typed Config Facade (Hyde\Framework\Testing\Feature\TypedConfigFacade)::Get bool with failing strict mode" class="Hyde\Framework\Testing\Feature\TypedConfigFacadeTest" classname="Hyde.Framework.Testing.Feature.TypedConfigFacadeTest" assertions="1" time="0.019989"/>
        <testcase name="Get int with failing strict mode" file="Typed Config Facade (Hyde\Framework\Testing\Feature\TypedConfigFacade)::Get int with failing strict mode" class="Hyde\Framework\Testing\Feature\TypedConfigFacadeTest" classname="Hyde.Framework.Testing.Feature.TypedConfigFacadeTest" assertions="1" time="0.020058"/>
        <testcase name="Get float with failing strict mode" file="Typed Config Facade (Hyde\Framework\Testing\Feature\TypedConfigFacade)::Get float with failing strict mode" class="Hyde\Framework\Testing\Feature\TypedConfigFacadeTest" classname="Hyde.Framework.Testing.Feature.TypedConfigFacadeTest" assertions="1" time="0.019976"/>
        <testcase name="Get array with array" file="Typed Config Facade (Hyde\Framework\Testing\Feature\TypedConfigFacade)::Get array with array" class="Hyde\Framework\Testing\Feature\TypedConfigFacadeTest" classname="Hyde.Framework.Testing.Feature.TypedConfigFacadeTest" assertions="1" time="0.020167"/>
        <testcase name="Get string with string" file="Typed Config Facade (Hyde\Framework\Testing\Feature\TypedConfigFacade)::Get string with string" class="Hyde\Framework\Testing\Feature\TypedConfigFacadeTest" classname="Hyde.Framework.Testing.Feature.TypedConfigFacadeTest" assertions="1" time="0.019923"/>
        <testcase name="Get bool with bool" file="Typed Config Facade (Hyde\Framework\Testing\Feature\TypedConfigFacade)::Get bool with bool" class="Hyde\Framework\Testing\Feature\TypedConfigFacadeTest" classname="Hyde.Framework.Testing.Feature.TypedConfigFacadeTest" assertions="2" time="0.020060"/>
        <testcase name="Get int with int" file="Typed Config Facade (Hyde\Framework\Testing\Feature\TypedConfigFacade)::Get int with int" class="Hyde\Framework\Testing\Feature\TypedConfigFacadeTest" classname="Hyde.Framework.Testing.Feature.TypedConfigFacadeTest" assertions="1" time="0.019956"/>
        <testcase name="Get float with float" file="Typed Config Facade (Hyde\Framework\Testing\Feature\TypedConfigFacade)::Get float with float" class="Hyde\Framework\Testing\Feature\TypedConfigFacadeTest" classname="Hyde.Framework.Testing.Feature.TypedConfigFacadeTest" assertions="1" time="0.020009"/>
        <testcase name="Get nullable string" file="Typed Config Facade (Hyde\Framework\Testing\Feature\TypedConfigFacade)::Get nullable string" class="Hyde\Framework\Testing\Feature\TypedConfigFacadeTest" classname="Hyde.Framework.Testing.Feature.TypedConfigFacadeTest" assertions="2" time="0.020104"/>
        <testcase name="Invalid type message" file="Typed Config Facade (Hyde\Framework\Testing\Feature\TypedConfigFacade)::Invalid type message" class="Hyde\Framework\Testing\Feature\TypedConfigFacadeTest" classname="Hyde.Framework.Testing.Feature.TypedConfigFacadeTest" assertions="2" time="0.020172"/>
      </testsuite>
      <testsuite name="Hyde\Framework\Testing\Feature\Views\MetadataViewTest" file="Metadata View (Hyde\Framework\Testing\Feature\Views\MetadataView)" tests="6" assertions="110" errors="0" failures="0" skipped="0" time="0.299872">
        <testcase name="Metadata tags in empty blade page" file="Metadata View (Hyde\Framework\Testing\Feature\Views\MetadataView)::Metadata tags in empty blade page" class="Hyde\Framework\Testing\Feature\Views\MetadataViewTest" classname="Hyde.Framework.Testing.Feature.Views.MetadataViewTest" assertions="13" time="0.073123"/>
        <testcase name="Metadata tags in empty markdown page" file="Metadata View (Hyde\Framework\Testing\Feature\Views\MetadataView)::Metadata tags in empty markdown page" class="Hyde\Framework\Testing\Feature\Views\MetadataViewTest" classname="Hyde.Framework.Testing.Feature.Views.MetadataViewTest" assertions="13" time="0.038739"/>
        <testcase name="Metadata tags in empty documentation page" file="Metadata View (Hyde\Framework\Testing\Feature\Views\MetadataView)::Metadata tags in empty documentation page" class="Hyde\Framework\Testing\Feature\Views\MetadataViewTest" classname="Hyde.Framework.Testing.Feature.Views.MetadataViewTest" assertions="13" time="0.058457"/>
        <testcase name="Metadata tags in empty markdown post" file="Metadata View (Hyde\Framework\Testing\Feature\Views\MetadataView)::Metadata tags in empty markdown post" class="Hyde\Framework\Testing\Feature\Views\MetadataViewTest" classname="Hyde.Framework.Testing.Feature.Views.MetadataViewTest" assertions="19" time="0.041823"/>
        <testcase name="Metadata tags in markdown post with flat front matter" file="Metadata View (Hyde\Framework\Testing\Feature\Views\MetadataView)::Metadata tags in markdown post with flat front matter" class="Hyde\Framework\Testing\Feature\Views\MetadataViewTest" classname="Hyde.Framework.Testing.Feature.Views.MetadataViewTest" assertions="26" time="0.044388"/>
        <testcase name="Canonical url tags are not added when canonical url is not set" file="Metadata View (Hyde\Framework\Testing\Feature\Views\MetadataView)::Canonical url tags are not added when canonical url is not set" class="Hyde\Framework\Testing\Feature\Views\MetadataViewTest" classname="Hyde.Framework.Testing.Feature.Views.MetadataViewTest" assertions="26" time="0.043342"/>
      </testsuite>
      <testsuite name="Hyde\Framework\Testing\Feature\Views\SidebarBrandViewTest" file="Sidebar Brand View (Hyde\Framework\Testing\Feature\Views\SidebarBrandView)" tests="5" assertions="13" errors="0" failures="0" skipped="0" time="0.146614">
        <testcase name="Sidebar brand view" file="Sidebar Brand View (Hyde\Framework\Testing\Feature\Views\SidebarBrandView)::Sidebar brand view" class="Hyde\Framework\Testing\Feature\Views\SidebarBrandViewTest" classname="Hyde.Framework.Testing.Feature.Views.SidebarBrandViewTest" assertions="3" time="0.034116"/>
        <testcase name="Sidebar brand view with home route" file="Sidebar Brand View (Hyde\Framework\Testing\Feature\Views\SidebarBrandView)::Sidebar brand view with home route" class="Hyde\Framework\Testing\Feature\Views\SidebarBrandViewTest" classname="Hyde.Framework.Testing.Feature.Views.SidebarBrandViewTest" assertions="3" time="0.035749"/>
        <testcase name="Sidebar brand view with default header text" file="Sidebar Brand View (Hyde\Framework\Testing\Feature\Views\SidebarBrandView)::Sidebar brand view with default header text" class="Hyde\Framework\Testing\Feature\Views\SidebarBrandViewTest" classname="Hyde.Framework.Testing.Feature.Views.SidebarBrandViewTest" assertions="2" time="0.025561"/>
        <testcase name="Sidebar brand view with default header text and home route" file="Sidebar Brand View (Hyde\Framework\Testing\Feature\Views\SidebarBrandView)::Sidebar brand view with default header text and home route" class="Hyde\Framework\Testing\Feature\Views\SidebarBrandViewTest" classname="Hyde.Framework.Testing.Feature.Views.SidebarBrandViewTest" assertions="3" time="0.026332"/>
        <testcase name="Sidebar brand view without darkmode feature" file="Sidebar Brand View (Hyde\Framework\Testing\Feature\Views\SidebarBrandView)::Sidebar brand view without darkmode feature" class="Hyde\Framework\Testing\Feature\Views\SidebarBrandViewTest" classname="Hyde.Framework.Testing.Feature.Views.SidebarBrandViewTest" assertions="2" time="0.024855"/>
      </testsuite>
      <testsuite name="Hyde\Framework\Testing\Feature\Views\SidebarFooterTextViewTest" file="Sidebar Footer Text View (Hyde\Framework\Testing\Feature\Views\SidebarFooterTextView)" tests="4" assertions="4" errors="0" failures="0" skipped="0" time="0.091508">
        <testcase name="Sidebar footer text view with default config" file="Sidebar Footer Text View (Hyde\Framework\Testing\Feature\Views\SidebarFooterTextView)::Sidebar footer text view with default config" class="Hyde\Framework\Testing\Feature\Views\SidebarFooterTextViewTest" classname="Hyde.Framework.Testing.Feature.Views.SidebarFooterTextViewTest" assertions="1" time="0.028313"/>
        <testcase name="Sidebar footer text view when config option is true" file="Sidebar Footer Text View (Hyde\Framework\Testing\Feature\Views\SidebarFooterTextView)::Sidebar footer text view when config option is true" class="Hyde\Framework\Testing\Feature\Views\SidebarFooterTextViewTest" classname="Hyde.Framework.Testing.Feature.Views.SidebarFooterTextViewTest" assertions="1" time="0.021061"/>
        <testcase name="Sidebar footer text view when config option is markdown string" file="Sidebar Footer Text View (Hyde\Framework\Testing\Feature\Views\SidebarFooterTextView)::Sidebar footer text view when config option is markdown string" class="Hyde\Framework\Testing\Feature\Views\SidebarFooterTextViewTest" classname="Hyde.Framework.Testing.Feature.Views.SidebarFooterTextViewTest" assertions="1" time="0.021906"/>
        <testcase name="Sidebar footer text view when config option is false" file="Sidebar Footer Text View (Hyde\Framework\Testing\Feature\Views\SidebarFooterTextView)::Sidebar footer text view when config option is false" class="Hyde\Framework\Testing\Feature\Views\SidebarFooterTextViewTest" classname="Hyde.Framework.Testing.Feature.Views.SidebarFooterTextViewTest" assertions="1" time="0.020228"/>
      </testsuite>
      <testsuite name="Hyde\Framework\Testing\Feature\Views\SidebarViewTest" file="Sidebar View (Hyde\Framework\Testing\Feature\Views\SidebarView)" tests="7" assertions="60" errors="0" failures="0" skipped="0" time="0.226802">
        <testcase name="Base sidebar" file="Sidebar View (Hyde\Framework\Testing\Feature\Views\SidebarView)::Base sidebar" class="Hyde\Framework\Testing\Feature\Views\SidebarViewTest" classname="Hyde.Framework.Testing.Feature.Views.SidebarViewTest" assertions="12" time="0.034544"/>
        <testcase name="Base sidebar without footer" file="Sidebar View (Hyde\Framework\Testing\Feature\Views\SidebarView)::Base sidebar without footer" class="Hyde\Framework\Testing\Feature\Views\SidebarViewTest" classname="Hyde.Framework.Testing.Feature.Views.SidebarViewTest" assertions="2" time="0.025818"/>
        <testcase name="Base sidebar with custom footer text" file="Sidebar View (Hyde\Framework\Testing\Feature\Views\SidebarView)::Base sidebar with custom footer text" class="Hyde\Framework\Testing\Feature\Views\SidebarViewTest" classname="Hyde.Framework.Testing.Feature.Views.SidebarViewTest" assertions="4" time="0.026986"/>
        <testcase name="Base sidebar custom header brand" file="Sidebar View (Hyde\Framework\Testing\Feature\Views\SidebarView)::Base sidebar custom header brand" class="Hyde\Framework\Testing\Feature\Views\SidebarViewTest" classname="Hyde.Framework.Testing.Feature.Views.SidebarViewTest" assertions="4" time="0.026401"/>
        <testcase name="Base sidebar with items" file="Sidebar View (Hyde\Framework\Testing\Feature\Views\SidebarView)::Base sidebar with items" class="Hyde\Framework\Testing\Feature\Views\SidebarViewTest" classname="Hyde.Framework.Testing.Feature.Views.SidebarViewTest" assertions="6" time="0.030953"/>
        <testcase name="Sidebar with grouped items" file="Sidebar View (Hyde\Framework\Testing\Feature\Views\SidebarView)::Sidebar with grouped items" class="Hyde\Framework\Testing\Feature\Views\SidebarViewTest" classname="Hyde.Framework.Testing.Feature.Views.SidebarViewTest" assertions="16" time="0.033672"/>
        <testcase name="Sidebar with non collapsible grouped items" file="Sidebar View (Hyde\Framework\Testing\Feature\Views\SidebarView)::Sidebar with non collapsible grouped items" class="Hyde\Framework\Testing\Feature\Views\SidebarViewTest" classname="Hyde.Framework.Testing.Feature.Views.SidebarViewTest" assertions="16" time="0.048429"/>
      </testsuite>
      <testsuite name="Hyde\Framework\Testing\Feature\YamlConfigurationFeatureTest" file="Yaml Configuration Feature (Hyde\Framework\Testing\Feature\YamlConfigurationFeature)" tests="27" assertions="45" errors="0" failures="0" skipped="0" time="1.274396">
        <testcase name="Can define hyde config settings in hyde yml file" file="Yaml Configuration Feature (Hyde\Framework\Testing\Feature\YamlConfigurationFeature)::Can define hyde config settings in hyde yml file" class="Hyde\Framework\Testing\Feature\YamlConfigurationFeatureTest" classname="Hyde.Framework.Testing.Feature.YamlConfigurationFeatureTest" assertions="9" time="0.056109"/>
        <testcase name="Can define multiple config settings in hyde yml file" file="Yaml Configuration Feature (Hyde\Framework\Testing\Feature\YamlConfigurationFeature)::Can define multiple config settings in hyde yml file" class="Hyde\Framework\Testing\Feature\YamlConfigurationFeatureTest" classname="Hyde.Framework.Testing.Feature.YamlConfigurationFeatureTest" assertions="3" time="0.045407"/>
        <testcase name="Bootstrapper applies yaml configuration when present" file="Yaml Configuration Feature (Hyde\Framework\Testing\Feature\YamlConfigurationFeature)::Bootstrapper applies yaml configuration when present" class="Hyde\Framework\Testing\Feature\YamlConfigurationFeatureTest" classname="Hyde.Framework.Testing.Feature.YamlConfigurationFeatureTest" assertions="1" time="0.047025"/>
        <testcase name="Changes in yaml file override changes in hyde config" file="Yaml Configuration Feature (Hyde\Framework\Testing\Feature\YamlConfigurationFeature)::Changes in yaml file override changes in hyde config" class="Hyde\Framework\Testing\Feature\YamlConfigurationFeatureTest" classname="Hyde.Framework.Testing.Feature.YamlConfigurationFeatureTest" assertions="1" time="0.048256"/>
        <testcase name="Changes in yaml file override changes in hyde config when using yaml extension" file="Yaml Configuration Feature (Hyde\Framework\Testing\Feature\YamlConfigurationFeature)::Changes in yaml file override changes in hyde config when using yaml extension" class="Hyde\Framework\Testing\Feature\YamlConfigurationFeatureTest" classname="Hyde.Framework.Testing.Feature.YamlConfigurationFeatureTest" assertions="1" time="0.048528"/>
        <testcase name="Service gracefully handles missing file" file="Yaml Configuration Feature (Hyde\Framework\Testing\Feature\YamlConfigurationFeature)::Service gracefully handles missing file" class="Hyde\Framework\Testing\Feature\YamlConfigurationFeatureTest" classname="Hyde.Framework.Testing.Feature.YamlConfigurationFeatureTest" assertions="1" time="0.045179"/>
        <testcase name="Service gracefully handles empty file" file="Yaml Configuration Feature (Hyde\Framework\Testing\Feature\YamlConfigurationFeature)::Service gracefully handles empty file" class="Hyde\Framework\Testing\Feature\YamlConfigurationFeatureTest" classname="Hyde.Framework.Testing.Feature.YamlConfigurationFeatureTest" assertions="1" time="0.044073"/>
        <testcase name="Can add arbitrary config keys" file="Yaml Configuration Feature (Hyde\Framework\Testing\Feature\YamlConfigurationFeature)::Can add arbitrary config keys" class="Hyde\Framework\Testing\Feature\YamlConfigurationFeatureTest" classname="Hyde.Framework.Testing.Feature.YamlConfigurationFeatureTest" assertions="1" time="0.044214"/>
        <testcase name="Configuration options are merged" file="Yaml Configuration Feature (Hyde\Framework\Testing\Feature\YamlConfigurationFeature)::Configuration options are merged" class="Hyde\Framework\Testing\Feature\YamlConfigurationFeatureTest" classname="Hyde.Framework.Testing.Feature.YamlConfigurationFeatureTest" assertions="1" time="0.044051"/>
        <testcase name="Can add configuration options in namespaced array" file="Yaml Configuration Feature (Hyde\Framework\Testing\Feature\YamlConfigurationFeature)::Can add configuration options in namespaced array" class="Hyde\Framework\Testing\Feature\YamlConfigurationFeatureTest" classname="Hyde.Framework.Testing.Feature.YamlConfigurationFeatureTest" assertions="3" time="0.044553"/>
        <testcase name="Can add arbitrary namespaced data" file="Yaml Configuration Feature (Hyde\Framework\Testing\Feature\YamlConfigurationFeature)::Can add arbitrary namespaced data" class="Hyde\Framework\Testing\Feature\YamlConfigurationFeatureTest" classname="Hyde.Framework.Testing.Feature.YamlConfigurationFeatureTest" assertions="1" time="0.048121"/>
        <testcase name="Additional namespaces require the hyde namespace to be present" file="Yaml Configuration Feature (Hyde\Framework\Testing\Feature\YamlConfigurationFeature)::Additional namespaces require the hyde namespace to be present" class="Hyde\Framework\Testing\Feature\YamlConfigurationFeatureTest" classname="Hyde.Framework.Testing.Feature.YamlConfigurationFeatureTest" assertions="1" time="0.069551"/>
        <testcase name="Additional namespaces requires hyde namespace to be the first entry" file="Yaml Configuration Feature (Hyde\Framework\Testing\Feature\YamlConfigurationFeature)::Additional namespaces requires hyde namespace to be the first entry" class="Hyde\Framework\Testing\Feature\YamlConfigurationFeatureTest" classname="Hyde.Framework.Testing.Feature.YamlConfigurationFeatureTest" assertions="1" time="0.048913"/>
        <testcase name="Hyde namespace can be empty" file="Yaml Configuration Feature (Hyde\Framework\Testing\Feature\YamlConfigurationFeature)::Hyde namespace can be empty" class="Hyde\Framework\Testing\Feature\YamlConfigurationFeatureTest" classname="Hyde.Framework.Testing.Feature.YamlConfigurationFeatureTest" assertions="1" time="0.044700"/>
        <testcase name="Hyde namespace can be null" file="Yaml Configuration Feature (Hyde\Framework\Testing\Feature\YamlConfigurationFeature)::Hyde namespace can be null" class="Hyde\Framework\Testing\Feature\YamlConfigurationFeatureTest" classname="Hyde.Framework.Testing.Feature.YamlConfigurationFeatureTest" assertions="1" time="0.044436"/>
        <testcase name="Hyde namespace can blank" file="Yaml Configuration Feature (Hyde\Framework\Testing\Feature\YamlConfigurationFeature)::Hyde namespace can blank" class="Hyde\Framework\Testing\Feature\YamlConfigurationFeatureTest" classname="Hyde.Framework.Testing.Feature.YamlConfigurationFeatureTest" assertions="1" time="0.044846"/>
        <testcase name="Dot notation can be used" file="Yaml Configuration Feature (Hyde\Framework\Testing\Feature\YamlConfigurationFeature)::Dot notation can be used" class="Hyde\Framework\Testing\Feature\YamlConfigurationFeatureTest" classname="Hyde.Framework.Testing.Feature.YamlConfigurationFeatureTest" assertions="2" time="0.044133"/>
        <testcase name="Dot notation can be used with namespaces" file="Yaml Configuration Feature (Hyde\Framework\Testing\Feature\YamlConfigurationFeature)::Dot notation can be used with namespaces" class="Hyde\Framework\Testing\Feature\YamlConfigurationFeatureTest" classname="Hyde.Framework.Testing.Feature.YamlConfigurationFeatureTest" assertions="3" time="0.044959"/>
        <testcase name="Setting site name sets env vars" file="Yaml Configuration Feature (Hyde\Framework\Testing\Feature\YamlConfigurationFeature)::Setting site name sets env vars" class="Hyde\Framework\Testing\Feature\YamlConfigurationFeatureTest" classname="Hyde.Framework.Testing.Feature.YamlConfigurationFeatureTest" assertions="4" time="0.044890"/>
        <testcase name="Setting site name sets sidebar header" file="Yaml Configuration Feature (Hyde\Framework\Testing\Feature\YamlConfigurationFeature)::Setting site name sets sidebar header" class="Hyde\Framework\Testing\Feature\YamlConfigurationFeatureTest" classname="Hyde.Framework.Testing.Feature.YamlConfigurationFeatureTest" assertions="1" time="0.044581"/>
        <testcase name="Setting site name sets sidebar header when using hyde namespace" file="Yaml Configuration Feature (Hyde\Framework\Testing\Feature\YamlConfigurationFeature)::Setting site name sets sidebar header when using hyde namespace" class="Hyde\Framework\Testing\Feature\YamlConfigurationFeatureTest" classname="Hyde.Framework.Testing.Feature.YamlConfigurationFeatureTest" assertions="1" time="0.044356"/>
        <testcase name="Setting site name sets sidebar header unless already specified in yaml config" file="Yaml Configuration Feature (Hyde\Framework\Testing\Feature\YamlConfigurationFeature)::Setting site name sets sidebar header unless already specified in yaml config" class="Hyde\Framework\Testing\Feature\YamlConfigurationFeatureTest" classname="Hyde.Framework.Testing.Feature.YamlConfigurationFeatureTest" assertions="1" time="0.044502"/>
        <testcase name="Setting site name sets sidebar header unless already specified in standard config" file="Yaml Configuration Feature (Hyde\Framework\Testing\Feature\YamlConfigurationFeature)::Setting site name sets sidebar header unless already specified in standard config" class="Hyde\Framework\Testing\Feature\YamlConfigurationFeatureTest" classname="Hyde.Framework.Testing.Feature.YamlConfigurationFeatureTest" assertions="1" time="0.044183"/>
        <testcase name="Setting site name sets rss feed site name" file="Yaml Configuration Feature (Hyde\Framework\Testing\Feature\YamlConfigurationFeature)::Setting site name sets rss feed site name" class="Hyde\Framework\Testing\Feature\YamlConfigurationFeatureTest" classname="Hyde.Framework.Testing.Feature.YamlConfigurationFeatureTest" assertions="1" time="0.044551"/>
        <testcase name="Setting site name sets rss feed site name when using hyde namespace" file="Yaml Configuration Feature (Hyde\Framework\Testing\Feature\YamlConfigurationFeature)::Setting site name sets rss feed site name when using hyde namespace" class="Hyde\Framework\Testing\Feature\YamlConfigurationFeatureTest" classname="Hyde.Framework.Testing.Feature.YamlConfigurationFeatureTest" assertions="1" time="0.060309"/>
        <testcase name="Setting site name sets rss feed site name unless already specified in yaml config" file="Yaml Configuration Feature (Hyde\Framework\Testing\Feature\YamlConfigurationFeature)::Setting site name sets rss feed site name unless already specified in yaml config" class="Hyde\Framework\Testing\Feature\YamlConfigurationFeatureTest" classname="Hyde.Framework.Testing.Feature.YamlConfigurationFeatureTest" assertions="1" time="0.045289"/>
        <testcase name="Setting site name sets rss feed site name unless already specified in standard config" file="Yaml Configuration Feature (Hyde\Framework\Testing\Feature\YamlConfigurationFeature)::Setting site name sets rss feed site name unless already specified in standard config" class="Hyde\Framework\Testing\Feature\YamlConfigurationFeatureTest" classname="Hyde.Framework.Testing.Feature.YamlConfigurationFeatureTest" assertions="1" time="0.044680"/>
      </testsuite>
    </testsuite>
    <testsuite name="Publications" tests="358" assertions="933" errors="0" failures="0" skipped="0" time="10.552009">
      <testsuite name="Hyde\Publications\Testing\Feature\CreateActionTest" file="Create Action (Hyde\Publications\Testing\Feature\CreateAction)" tests="7" assertions="15" errors="0" failures="0" skipped="0" time="0.181952">
        <testcase name="Create" file="Create Action (Hyde\Publications\Testing\Feature\CreateAction)::Create" class="Hyde\Publications\Testing\Feature\CreateActionTest" classname="Hyde.Publications.Testing.Feature.CreateActionTest" assertions="2" time="0.056950"/>
        <testcase name="With conflict" file="Create Action (Hyde\Publications\Testing\Feature\CreateAction)::With conflict" class="Hyde\Publications\Testing\Feature\CreateActionTest" classname="Hyde.Publications.Testing.Feature.CreateActionTest" assertions="1" time="0.020226"/>
        <testcase name="With conflict force" file="Create Action (Hyde\Publications\Testing\Feature\CreateAction)::With conflict force" class="Hyde\Publications\Testing\Feature\CreateActionTest" classname="Hyde.Publications.Testing.Feature.CreateActionTest" assertions="1" time="0.021080"/>
        <testcase name="Output path helpers" file="Create Action (Hyde\Publications\Testing\Feature\CreateAction)::Output path helpers" class="Hyde\Publications\Testing\Feature\CreateActionTest" classname="Hyde.Publications.Testing.Feature.CreateActionTest" assertions="2" time="0.020295"/>
        <testcase name="Conflict prediction helpers" file="Create Action (Hyde\Publications\Testing\Feature\CreateAction)::Conflict prediction helpers" class="Hyde\Publications\Testing\Feature\CreateActionTest" classname="Hyde.Publications.Testing.Feature.CreateActionTest" assertions="6" time="0.021201"/>
        <testcase name="Can save to subdirectory" file="Create Action (Hyde\Publications\Testing\Feature\CreateAction)::Can save to subdirectory" class="Hyde\Publications\Testing\Feature\CreateActionTest" classname="Hyde.Publications.Testing.Feature.CreateActionTest" assertions="2" time="0.021431"/>
        <testcase name="Format string for storage" file="Create Action (Hyde\Publications\Testing\Feature\CreateAction)::Format string for storage" class="Hyde\Publications\Testing\Feature\CreateActionTest" classname="Hyde.Publications.Testing.Feature.CreateActionTest" assertions="1" time="0.020769"/>
      </testsuite>
      <testsuite name="Hyde\Publications\Testing\Feature\CreatesNewPublicationPageTest" file="Creates New Publication Page (Hyde\Publications\Testing\Feature\CreatesNewPublicationPage)" tests="6" assertions="13" errors="0" failures="0" skipped="0" time="0.240450">
        <testcase name="Create" file="Creates New Publication Page (Hyde\Publications\Testing\Feature\CreatesNewPublicationPage)::Create" class="Hyde\Publications\Testing\Feature\CreatesNewPublicationPageTest" classname="Hyde.Publications.Testing.Feature.CreatesNewPublicationPageTest" assertions="2" time="0.128770"/>
        <testcase name="With text type" file="Creates New Publication Page (Hyde\Publications\Testing\Feature\CreatesNewPublicationPage)::With text type" class="Hyde\Publications\Testing\Feature\CreatesNewPublicationPageTest" classname="Hyde.Publications.Testing.Feature.CreatesNewPublicationPageTest" assertions="2" time="0.023183"/>
        <testcase name="With array type" file="Creates New Publication Page (Hyde\Publications\Testing\Feature\CreatesNewPublicationPage)::With array type" class="Hyde\Publications\Testing\Feature\CreatesNewPublicationPageTest" classname="Hyde.Publications.Testing.Feature.CreatesNewPublicationPageTest" assertions="2" time="0.022222"/>
        <testcase name="Create without supplying canonical field" file="Creates New Publication Page (Hyde\Publications\Testing\Feature\CreatesNewPublicationPage)::Create without supplying canonical field" class="Hyde\Publications\Testing\Feature\CreatesNewPublicationPageTest" classname="Hyde.Publications.Testing.Feature.CreatesNewPublicationPageTest" assertions="2" time="0.021298"/>
        <testcase name="Create without supplying required field" file="Creates New Publication Page (Hyde\Publications\Testing\Feature\CreatesNewPublicationPage)::Create without supplying required field" class="Hyde\Publications\Testing\Feature\CreatesNewPublicationPageTest" classname="Hyde.Publications.Testing.Feature.CreatesNewPublicationPageTest" assertions="2" time="0.021729"/>
        <testcase name="It creates valid yaml" file="Creates New Publication Page (Hyde\Publications\Testing\Feature\CreatesNewPublicationPage)::It creates valid yaml" class="Hyde\Publications\Testing\Feature\CreatesNewPublicationPageTest" classname="Hyde.Publications.Testing.Feature.CreatesNewPublicationPageTest" assertions="3" time="0.023247"/>
      </testsuite>
      <testsuite name="Hyde\Publications\Testing\Feature\CreatesNewPublicationTypeTest" file="Creates New Publication Type (Hyde\Publications\Testing\Feature\CreatesNewPublicationType)" tests="4" assertions="20" errors="0" failures="0" skipped="0" time="0.108223">
        <testcase name="It creates a new publication type" file="Creates New Publication Type (Hyde\Publications\Testing\Feature\CreatesNewPublicationType)::It creates a new publication type" class="Hyde\Publications\Testing\Feature\CreatesNewPublicationTypeTest" classname="Hyde.Publications.Testing.Feature.CreatesNewPublicationTypeTest" assertions="2" time="0.041264"/>
        <testcase name="Create with default parameters" file="Creates New Publication Type (Hyde\Publications\Testing\Feature\CreatesNewPublicationType)::Create with default parameters" class="Hyde\Publications\Testing\Feature\CreatesNewPublicationTypeTest" classname="Hyde.Publications.Testing.Feature.CreatesNewPublicationTypeTest" assertions="2" time="0.022085"/>
        <testcase name="It creates list and detail pages" file="Creates New Publication Type (Hyde\Publications\Testing\Feature\CreatesNewPublicationType)::It creates list and detail pages" class="Hyde\Publications\Testing\Feature\CreatesNewPublicationTypeTest" classname="Hyde.Publications.Testing.Feature.CreatesNewPublicationTypeTest" assertions="8" time="0.022538"/>
        <testcase name="It uses the paginated list view when pagination is enabled" file="Creates New Publication Type (Hyde\Publications\Testing\Feature\CreatesNewPublicationType)::It uses the paginated list view when pagination is enabled" class="Hyde\Publications\Testing\Feature\CreatesNewPublicationTypeTest" classname="Hyde.Publications.Testing.Feature.CreatesNewPublicationTypeTest" assertions="8" time="0.022336"/>
      </testsuite>
      <testsuite name="Hyde\Publications\Testing\Feature\GeneratesPublicationTagPagesTest" file="Generates Publication Tag Pages (Hyde\Publications\Testing\Feature\GeneratesPublicationTagPages)" tests="7" assertions="18" errors="0" failures="0" skipped="0" time="0.271224">
        <testcase name="Tags index page is generated when tags are used" file="Generates Publication Tag Pages (Hyde\Publications\Testing\Feature\GeneratesPublicationTagPages)::Tags index page is generated when tags are used" class="Hyde\Publications\Testing\Feature\GeneratesPublicationTagPagesTest" classname="Hyde.Publications.Testing.Feature.GeneratesPublicationTagPagesTest" assertions="2" time="0.054215"/>
        <testcase name="Tags index page is not generated when tags are not used" file="Generates Publication Tag Pages (Hyde\Publications\Testing\Feature\GeneratesPublicationTagPages)::Tags index page is not generated when tags are not used" class="Hyde\Publications\Testing\Feature\GeneratesPublicationTagPagesTest" classname="Hyde.Publications.Testing.Feature.GeneratesPublicationTagPagesTest" assertions="1" time="0.025239"/>
        <testcase name="Tags pages for publications are generated for used tag" file="Generates Publication Tag Pages (Hyde\Publications\Testing\Feature\GeneratesPublicationTagPages)::Tags pages for publications are generated for used tag" class="Hyde\Publications\Testing\Feature\GeneratesPublicationTagPagesTest" classname="Hyde.Publications.Testing.Feature.GeneratesPublicationTagPagesTest" assertions="1" time="0.034180"/>
        <testcase name="Tags pages for publications are generated for used tags with publication tags array" file="Generates Publication Tag Pages (Hyde\Publications\Testing\Feature\GeneratesPublicationTagPages)::Tags pages for publications are generated for used tags with publication tags array" class="Hyde\Publications\Testing\Feature\GeneratesPublicationTagPagesTest" classname="Hyde.Publications.Testing.Feature.GeneratesPublicationTagPagesTest" assertions="1" time="0.035224"/>
        <testcase name="Tags pages for publications are not generated when no tags are used" file="Generates Publication Tag Pages (Hyde\Publications\Testing\Feature\GeneratesPublicationTagPages)::Tags pages for publications are not generated when no tags are used" class="Hyde\Publications\Testing\Feature\GeneratesPublicationTagPagesTest" classname="Hyde.Publications.Testing.Feature.GeneratesPublicationTagPagesTest" assertions="1" time="0.032139"/>
        <testcase name="Generated index page" file="Generates Publication Tag Pages (Hyde\Publications\Testing\Feature\GeneratesPublicationTagPages)::Generated index page" class="Hyde\Publications\Testing\Feature\GeneratesPublicationTagPagesTest" classname="Hyde.Publications.Testing.Feature.GeneratesPublicationTagPagesTest" assertions="6" time="0.045189"/>
        <testcase name="Generated detail page" file="Generates Publication Tag Pages (Hyde\Publications\Testing\Feature\GeneratesPublicationTagPages)::Generated detail page" class="Hyde\Publications\Testing\Feature\GeneratesPublicationTagPagesTest" classname="Hyde.Publications.Testing.Feature.GeneratesPublicationTagPagesTest" assertions="6" time="0.045037"/>
      </testsuite>
      <testsuite name="Hyde\Publications\Testing\Feature\InputStreamHandlerTest" file="Input Stream Handler (Hyde\Publications\Testing\Feature\InputStreamHandler)" tests="10" assertions="17" errors="0" failures="0" skipped="0" time="0.244476">
        <testcase name="Can collect input" file="Input Stream Handler (Hyde\Publications\Testing\Feature\InputStreamHandler)::Can collect input" class="Hyde\Publications\Testing\Feature\InputStreamHandlerTest" classname="Hyde.Publications.Testing.Feature.InputStreamHandlerTest" assertions="2" time="0.041649"/>
        <testcase name="Can terminate with here sequence" file="Input Stream Handler (Hyde\Publications\Testing\Feature\InputStreamHandler)::Can terminate with here sequence" class="Hyde\Publications\Testing\Feature\InputStreamHandlerTest" classname="Hyde.Publications.Testing.Feature.InputStreamHandlerTest" assertions="2" time="0.021735"/>
        <testcase name="Can terminate with here sequence after carriage returns" file="Input Stream Handler (Hyde\Publications\Testing\Feature\InputStreamHandler)::Can terminate with here sequence after carriage returns" class="Hyde\Publications\Testing\Feature\InputStreamHandlerTest" classname="Hyde.Publications.Testing.Feature.InputStreamHandlerTest" assertions="2" time="0.037279"/>
        <testcase name="Can terminate with end of transmission sequence" file="Input Stream Handler (Hyde\Publications\Testing\Feature\InputStreamHandler)::Can terminate with end of transmission sequence" class="Hyde\Publications\Testing\Feature\InputStreamHandlerTest" classname="Hyde.Publications.Testing.Feature.InputStreamHandlerTest" assertions="2" time="0.021034"/>
        <testcase name="Can collect multiple input lines" file="Input Stream Handler (Hyde\Publications\Testing\Feature\InputStreamHandler)::Can collect multiple input lines" class="Hyde\Publications\Testing\Feature\InputStreamHandlerTest" classname="Hyde.Publications.Testing.Feature.InputStreamHandlerTest" assertions="2" time="0.020448"/>
        <testcase name="Can enter multiple carriage returns" file="Input Stream Handler (Hyde\Publications\Testing\Feature\InputStreamHandler)::Can enter multiple carriage returns" class="Hyde\Publications\Testing\Feature\InputStreamHandlerTest" classname="Hyde.Publications.Testing.Feature.InputStreamHandlerTest" assertions="2" time="0.020518"/>
        <testcase name="Can enter multiple unix endings" file="Input Stream Handler (Hyde\Publications\Testing\Feature\InputStreamHandler)::Can enter multiple unix endings" class="Hyde\Publications\Testing\Feature\InputStreamHandlerTest" classname="Hyde.Publications.Testing.Feature.InputStreamHandlerTest" assertions="2" time="0.020382"/>
        <testcase name="Termination message" file="Input Stream Handler (Hyde\Publications\Testing\Feature\InputStreamHandler)::Termination message" class="Hyde\Publications\Testing\Feature\InputStreamHandlerTest" classname="Hyde.Publications.Testing.Feature.InputStreamHandlerTest" assertions="1" time="0.019989"/>
        <testcase name="Termination sequence constant" file="Input Stream Handler (Hyde\Publications\Testing\Feature\InputStreamHandler)::Termination sequence constant" class="Hyde\Publications\Testing\Feature\InputStreamHandlerTest" classname="Hyde.Publications.Testing.Feature.InputStreamHandlerTest" assertions="1" time="0.020099"/>
        <testcase name="End of transmission constant" file="Input Stream Handler (Hyde\Publications\Testing\Feature\InputStreamHandler)::End of transmission constant" class="Hyde\Publications\Testing\Feature\InputStreamHandlerTest" classname="Hyde.Publications.Testing.Feature.InputStreamHandlerTest" assertions="1" time="0.021345"/>
      </testsuite>
      <testsuite name="Hyde\Publications\Testing\Feature\MakePublicationCommandTest" file="Make Publication Command (Hyde\Publications\Testing\Feature\MakePublicationCommand)" tests="23" assertions="121" errors="0" failures="0" skipped="0" time="0.727119">
        <testcase name="Command creates publication" file="Make Publication Command (Hyde\Publications\Testing\Feature\MakePublicationCommand)::Command creates publication" class="Hyde\Publications\Testing\Feature\MakePublicationCommandTest" classname="Hyde.Publications.Testing.Feature.MakePublicationCommandTest" assertions="9" time="0.048002"/>
        <testcase name="Command with no publication types" file="Make Publication Command (Hyde\Publications\Testing\Feature\MakePublicationCommand)::Command with no publication types" class="Hyde\Publications\Testing\Feature\MakePublicationCommandTest" classname="Hyde.Publications.Testing.Feature.MakePublicationCommandTest" assertions="3" time="0.024040"/>
        <testcase name="Command selects the right publication using the names" file="Make Publication Command (Hyde\Publications\Testing\Feature\MakePublicationCommand)::Command selects the right publication using the names" class="Hyde\Publications\Testing\Feature\MakePublicationCommandTest" classname="Hyde.Publications.Testing.Feature.MakePublicationCommandTest" assertions="12" time="0.031377"/>
        <testcase name="Command with existing publication" file="Make Publication Command (Hyde\Publications\Testing\Feature\MakePublicationCommand)::Command with existing publication" class="Hyde\Publications\Testing\Feature\MakePublicationCommandTest" classname="Hyde.Publications.Testing.Feature.MakePublicationCommandTest" assertions="10" time="0.028779"/>
        <testcase name="Command with existing publication and overwrite" file="Make Publication Command (Hyde\Publications\Testing\Feature\MakePublicationCommand)::Command with existing publication and overwrite" class="Hyde\Publications\Testing\Feature\MakePublicationCommandTest" classname="Hyde.Publications.Testing.Feature.MakePublicationCommandTest" assertions="8" time="0.036429"/>
        <testcase name="Can overwrite existing publication by passing force flag" file="Make Publication Command (Hyde\Publications\Testing\Feature\MakePublicationCommand)::Can overwrite existing publication by passing force flag" class="Hyde\Publications\Testing\Feature\MakePublicationCommandTest" classname="Hyde.Publications.Testing.Feature.MakePublicationCommandTest" assertions="6" time="0.028962"/>
        <testcase name="Command with publication type passed as argument" file="Make Publication Command (Hyde\Publications\Testing\Feature\MakePublicationCommand)::Command with publication type passed as argument" class="Hyde\Publications\Testing\Feature\MakePublicationCommandTest" classname="Hyde.Publications.Testing.Feature.MakePublicationCommandTest" assertions="6" time="0.029465"/>
        <testcase name="Command with invalid publication type passed as argument" file="Make Publication Command (Hyde\Publications\Testing\Feature\MakePublicationCommand)::Command with invalid publication type passed as argument" class="Hyde\Publications\Testing\Feature\MakePublicationCommandTest" classname="Hyde.Publications.Testing.Feature.MakePublicationCommandTest" assertions="2" time="0.026453"/>
        <testcase name="Command with schema using canonical meta field" file="Make Publication Command (Hyde\Publications\Testing\Feature\MakePublicationCommand)::Command with schema using canonical meta field" class="Hyde\Publications\Testing\Feature\MakePublicationCommandTest" classname="Hyde.Publications.Testing.Feature.MakePublicationCommandTest" assertions="3" time="0.027572"/>
        <testcase name="Command does not ask user to fill in meta fields" file="Make Publication Command (Hyde\Publications\Testing\Feature\MakePublicationCommand)::Command does not ask user to fill in meta fields" class="Hyde\Publications\Testing\Feature\MakePublicationCommandTest" classname="Hyde.Publications.Testing.Feature.MakePublicationCommandTest" assertions="4" time="0.029091"/>
        <testcase name="Command with text input" file="Make Publication Command (Hyde\Publications\Testing\Feature\MakePublicationCommand)::Command with text input" class="Hyde\Publications\Testing\Feature\MakePublicationCommandTest" classname="Hyde.Publications.Testing.Feature.MakePublicationCommandTest" assertions="3" time="0.029082"/>
        <testcase name="Command with boolean input" file="Make Publication Command (Hyde\Publications\Testing\Feature\MakePublicationCommand)::Command with boolean input" class="Hyde\Publications\Testing\Feature\MakePublicationCommandTest" classname="Hyde.Publications.Testing.Feature.MakePublicationCommandTest" assertions="4" time="0.028057"/>
        <testcase name="Command with array input" file="Make Publication Command (Hyde\Publications\Testing\Feature\MakePublicationCommand)::Command with array input" class="Hyde\Publications\Testing\Feature\MakePublicationCommandTest" classname="Hyde.Publications.Testing.Feature.MakePublicationCommandTest" assertions="3" time="0.029495"/>
        <testcase name="Command with media input" file="Make Publication Command (Hyde\Publications\Testing\Feature\MakePublicationCommand)::Command with media input" class="Hyde\Publications\Testing\Feature\MakePublicationCommandTest" classname="Hyde.Publications.Testing.Feature.MakePublicationCommandTest" assertions="4" time="0.029892"/>
        <testcase name="Media input selects the right file" file="Make Publication Command (Hyde\Publications\Testing\Feature\MakePublicationCommand)::Media input selects the right file" class="Hyde\Publications\Testing\Feature\MakePublicationCommandTest" classname="Hyde.Publications.Testing.Feature.MakePublicationCommandTest" assertions="4" time="0.030275"/>
        <testcase name="Command with single tag input" file="Make Publication Command (Hyde\Publications\Testing\Feature\MakePublicationCommand)::Command with single tag input" class="Hyde\Publications\Testing\Feature\MakePublicationCommandTest" classname="Hyde.Publications.Testing.Feature.MakePublicationCommandTest" assertions="5" time="0.053482"/>
        <testcase name="Command with multiple tag inputs" file="Make Publication Command (Hyde\Publications\Testing\Feature\MakePublicationCommand)::Command with multiple tag inputs" class="Hyde\Publications\Testing\Feature\MakePublicationCommandTest" classname="Hyde.Publications.Testing.Feature.MakePublicationCommandTest" assertions="5" time="0.037724"/>
        <testcase name="Media input with no images" file="Make Publication Command (Hyde\Publications\Testing\Feature\MakePublicationCommand)::Media input with no images" class="Hyde\Publications\Testing\Feature\MakePublicationCommandTest" classname="Hyde.Publications.Testing.Feature.MakePublicationCommandTest" assertions="5" time="0.028379"/>
        <testcase name="Media input with no files but skips" file="Make Publication Command (Hyde\Publications\Testing\Feature\MakePublicationCommand)::Media input with no files but skips" class="Hyde\Publications\Testing\Feature\MakePublicationCommandTest" classname="Hyde.Publications.Testing.Feature.MakePublicationCommandTest" assertions="6" time="0.029962"/>
        <testcase name="Tag input with no tags" file="Make Publication Command (Hyde\Publications\Testing\Feature\MakePublicationCommand)::Tag input with no tags" class="Hyde\Publications\Testing\Feature\MakePublicationCommandTest" classname="Hyde.Publications.Testing.Feature.MakePublicationCommandTest" assertions="3" time="0.032032"/>
        <testcase name="Handle empty options collection for required field" file="Make Publication Command (Hyde\Publications\Testing\Feature\MakePublicationCommand)::Handle empty options collection for required field" class="Hyde\Publications\Testing\Feature\MakePublicationCommandTest" classname="Hyde.Publications.Testing.Feature.MakePublicationCommandTest" assertions="3" time="0.027022"/>
        <testcase name="With custom validation rules" file="Make Publication Command (Hyde\Publications\Testing\Feature\MakePublicationCommand)::With custom validation rules" class="Hyde\Publications\Testing\Feature\MakePublicationCommandTest" classname="Hyde.Publications.Testing.Feature.MakePublicationCommandTest" assertions="8" time="0.033413"/>
        <testcase name="With skipping inputs" file="Make Publication Command (Hyde\Publications\Testing\Feature\MakePublicationCommand)::With skipping inputs" class="Hyde\Publications\Testing\Feature\MakePublicationCommandTest" classname="Hyde.Publications.Testing.Feature.MakePublicationCommandTest" assertions="5" time="0.028132"/>
      </testsuite>
      <testsuite name="Hyde\Publications\Testing\Feature\MakePublicationTypeCommandTest" file="Make Publication Type Command (Hyde\Publications\Testing\Feature\MakePublicationTypeCommand)" tests="6" assertions="63" errors="0" failures="0" skipped="0" time="0.204640">
        <testcase name="Command creates publication type" file="Make Publication Type Command (Hyde\Publications\Testing\Feature\MakePublicationTypeCommand)::Command creates publication type" class="Hyde\Publications\Testing\Feature\MakePublicationTypeCommandTest" classname="Hyde.Publications.Testing.Feature.MakePublicationTypeCommandTest" assertions="21" time="0.069770"/>
        <testcase name="With default values" file="Make Publication Type Command (Hyde\Publications\Testing\Feature\MakePublicationTypeCommand)::With default values" class="Hyde\Publications\Testing\Feature\MakePublicationTypeCommandTest" classname="Hyde.Publications.Testing.Feature.MakePublicationTypeCommandTest" assertions="6" time="0.026709"/>
        <testcase name="With multiple fields of the same name" file="Make Publication Type Command (Hyde\Publications\Testing\Feature\MakePublicationTypeCommand)::With multiple fields of the same name" class="Hyde\Publications\Testing\Feature\MakePublicationTypeCommandTest" classname="Hyde.Publications.Testing.Feature.MakePublicationTypeCommandTest" assertions="18" time="0.030422"/>
        <testcase name="With existing file of the same name" file="Make Publication Type Command (Hyde\Publications\Testing\Feature\MakePublicationTypeCommand)::With existing file of the same name" class="Hyde\Publications\Testing\Feature\MakePublicationTypeCommandTest" classname="Hyde.Publications.Testing.Feature.MakePublicationTypeCommandTest" assertions="2" time="0.024568"/>
        <testcase name="With existing publication of the same name" file="Make Publication Type Command (Hyde\Publications\Testing\Feature\MakePublicationTypeCommand)::With existing publication of the same name" class="Hyde\Publications\Testing\Feature\MakePublicationTypeCommandTest" classname="Hyde.Publications.Testing.Feature.MakePublicationTypeCommandTest" assertions="2" time="0.024674"/>
        <testcase name="With tag field input" file="Make Publication Type Command (Hyde\Publications\Testing\Feature\MakePublicationTypeCommand)::With tag field input" class="Hyde\Publications\Testing\Feature\MakePublicationTypeCommandTest" classname="Hyde.Publications.Testing.Feature.MakePublicationTypeCommandTest" assertions="14" time="0.028497"/>
      </testsuite>
      <testsuite name="Hyde\Publications\Testing\Feature\PublicationFieldDefinitionTest" file="Publication Field Definition (Hyde\Publications\Testing\Feature\PublicationFieldDefinition)" tests="12" assertions="18" errors="0" failures="0" skipped="0" time="0.279260">
        <testcase name="Can instantiate class" file="Publication Field Definition (Hyde\Publications\Testing\Feature\PublicationFieldDefinition)::Can instantiate class" class="Hyde\Publications\Testing\Feature\PublicationFieldDefinitionTest" classname="Hyde.Publications.Testing.Feature.PublicationFieldDefinitionTest" assertions="3" time="0.028438"/>
        <testcase name="From array method" file="Publication Field Definition (Hyde\Publications\Testing\Feature\PublicationFieldDefinition)::From array method" class="Hyde\Publications\Testing\Feature\PublicationFieldDefinitionTest" classname="Hyde.Publications.Testing.Feature.PublicationFieldDefinitionTest" assertions="3" time="0.020096"/>
        <testcase name="Can get field as array" file="Publication Field Definition (Hyde\Publications\Testing\Feature\PublicationFieldDefinition)::Can get field as array" class="Hyde\Publications\Testing\Feature\PublicationFieldDefinitionTest" classname="Hyde.Publications.Testing.Feature.PublicationFieldDefinitionTest" assertions="1" time="0.020124"/>
        <testcase name="Can get field with optional properties as array" file="Publication Field Definition (Hyde\Publications\Testing\Feature\PublicationFieldDefinition)::Can get field with optional properties as array" class="Hyde\Publications\Testing\Feature\PublicationFieldDefinitionTest" classname="Hyde.Publications.Testing.Feature.PublicationFieldDefinitionTest" assertions="1" time="0.021625"/>
        <testcase name="Can encode field as json" file="Publication Field Definition (Hyde\Publications\Testing\Feature\PublicationFieldDefinition)::Can encode field as json" class="Hyde\Publications\Testing\Feature\PublicationFieldDefinitionTest" classname="Hyde.Publications.Testing.Feature.PublicationFieldDefinitionTest" assertions="1" time="0.021811"/>
        <testcase name="Can get field with optional properties as json" file="Publication Field Definition (Hyde\Publications\Testing\Feature\PublicationFieldDefinition)::Can get field with optional properties as json" class="Hyde\Publications\Testing\Feature\PublicationFieldDefinitionTest" classname="Hyde.Publications.Testing.Feature.PublicationFieldDefinitionTest" assertions="1" time="0.038899"/>
        <testcase name="Can construct type using enum case" file="Publication Field Definition (Hyde\Publications\Testing\Feature\PublicationFieldDefinition)::Can construct type using enum case" class="Hyde\Publications\Testing\Feature\PublicationFieldDefinitionTest" classname="Hyde.Publications.Testing.Feature.PublicationFieldDefinitionTest" assertions="3" time="0.027369"/>
        <testcase name="Type must be valid" file="Publication Field Definition (Hyde\Publications\Testing\Feature\PublicationFieldDefinition)::Type must be valid" class="Hyde\Publications\Testing\Feature\PublicationFieldDefinitionTest" classname="Hyde.Publications.Testing.Feature.PublicationFieldDefinitionTest" assertions="1" time="0.020119"/>
        <testcase name="Type input is case insensitive" file="Publication Field Definition (Hyde\Publications\Testing\Feature\PublicationFieldDefinition)::Type input is case insensitive" class="Hyde\Publications\Testing\Feature\PublicationFieldDefinitionTest" classname="Hyde.Publications.Testing.Feature.PublicationFieldDefinitionTest" assertions="1" time="0.019923"/>
        <testcase name="Name gets stored as kebab case" file="Publication Field Definition (Hyde\Publications\Testing\Feature\PublicationFieldDefinition)::Name gets stored as kebab case" class="Hyde\Publications\Testing\Feature\PublicationFieldDefinitionTest" classname="Hyde.Publications.Testing.Feature.PublicationFieldDefinitionTest" assertions="1" time="0.020236"/>
        <testcase name="Get rules" file="Publication Field Definition (Hyde\Publications\Testing\Feature\PublicationFieldDefinition)::Get rules" class="Hyde\Publications\Testing\Feature\PublicationFieldDefinitionTest" classname="Hyde.Publications.Testing.Feature.PublicationFieldDefinitionTest" assertions="1" time="0.020324"/>
        <testcase name="Get rules with custom type rules" file="Publication Field Definition (Hyde\Publications\Testing\Feature\PublicationFieldDefinition)::Get rules with custom type rules" class="Hyde\Publications\Testing\Feature\PublicationFieldDefinitionTest" classname="Hyde.Publications.Testing.Feature.PublicationFieldDefinitionTest" assertions="1" time="0.020295"/>
      </testsuite>
      <testsuite name="Hyde\Publications\Testing\Feature\PublicationFieldTypesEnumTest" file="Publication Field Types Enum (Hyde\Publications\Testing\Feature\PublicationFieldTypesEnum)" tests="9" assertions="32" errors="0" failures="0" skipped="0" time="0.202105">
        <testcase name="Cases" file="Publication Field Types Enum (Hyde\Publications\Testing\Feature\PublicationFieldTypesEnum)::Cases" class="Hyde\Publications\Testing\Feature\PublicationFieldTypesEnumTest" classname="Hyde.Publications.Testing.Feature.PublicationFieldTypesEnumTest" assertions="11" time="0.037645"/>
        <testcase name="Get rules" file="Publication Field Types Enum (Hyde\Publications\Testing\Feature\PublicationFieldTypesEnum)::Get rules" class="Hyde\Publications\Testing\Feature\PublicationFieldTypesEnumTest" classname="Hyde.Publications.Testing.Feature.PublicationFieldTypesEnumTest" assertions="10" time="0.021596"/>
        <testcase name="Collect creates collection of cases" file="Publication Field Types Enum (Hyde\Publications\Testing\Feature\PublicationFieldTypesEnum)::Collect creates collection of cases" class="Hyde\Publications\Testing\Feature\PublicationFieldTypesEnumTest" classname="Hyde.Publications.Testing.Feature.PublicationFieldTypesEnumTest" assertions="1" time="0.020734"/>
        <testcase name="Values returns array of case values" file="Publication Field Types Enum (Hyde\Publications\Testing\Feature\PublicationFieldTypesEnum)::Values returns array of case values" class="Hyde\Publications\Testing\Feature\PublicationFieldTypesEnumTest" classname="Hyde.Publications.Testing.Feature.PublicationFieldTypesEnumTest" assertions="1" time="0.020438"/>
        <testcase name="Names returns array of case names" file="Publication Field Types Enum (Hyde\Publications\Testing\Feature\PublicationFieldTypesEnum)::Names returns array of case names" class="Hyde\Publications\Testing\Feature\PublicationFieldTypesEnumTest" classname="Hyde.Publications.Testing.Feature.PublicationFieldTypesEnumTest" assertions="1" time="0.020613"/>
        <testcase name="Canonicable" file="Publication Field Types Enum (Hyde\Publications\Testing\Feature\PublicationFieldTypesEnum)::Canonicable" class="Hyde\Publications\Testing\Feature\PublicationFieldTypesEnumTest" classname="Hyde.Publications.Testing.Feature.PublicationFieldTypesEnumTest" assertions="1" time="0.020163"/>
        <testcase name="Arrayable" file="Publication Field Types Enum (Hyde\Publications\Testing\Feature\PublicationFieldTypesEnum)::Arrayable" class="Hyde\Publications\Testing\Feature\PublicationFieldTypesEnumTest" classname="Hyde.Publications.Testing.Feature.PublicationFieldTypesEnumTest" assertions="1" time="0.020075"/>
        <testcase name="Is canonicable" file="Publication Field Types Enum (Hyde\Publications\Testing\Feature\PublicationFieldTypesEnum)::Is canonicable" class="Hyde\Publications\Testing\Feature\PublicationFieldTypesEnumTest" classname="Hyde.Publications.Testing.Feature.PublicationFieldTypesEnumTest" assertions="4" time="0.020517"/>
        <testcase name="Is arrayable" file="Publication Field Types Enum (Hyde\Publications\Testing\Feature\PublicationFieldTypesEnum)::Is arrayable" class="Hyde\Publications\Testing\Feature\PublicationFieldTypesEnumTest" classname="Hyde.Publications.Testing.Feature.PublicationFieldTypesEnumTest" assertions="2" time="0.020324"/>
      </testsuite>
      <testsuite name="Hyde\Publications\Testing\Feature\PublicationFieldValidatorTest" file="Publication Field Validator (Hyde\Publications\Testing\Feature\PublicationFieldValidator)" tests="18" assertions="24" errors="0" failures="0" skipped="0" time="0.434139">
        <testcase name="Construct" file="Publication Field Validator (Hyde\Publications\Testing\Feature\PublicationFieldValidator)::Construct" class="Hyde\Publications\Testing\Feature\PublicationFieldValidatorTest" classname="Hyde.Publications.Testing.Feature.PublicationFieldValidatorTest" assertions="1" time="0.045154"/>
        <testcase name="Validate" file="Publication Field Validator (Hyde\Publications\Testing\Feature\PublicationFieldValidator)::Validate" class="Hyde\Publications\Testing\Feature\PublicationFieldValidatorTest" classname="Hyde.Publications.Testing.Feature.PublicationFieldValidatorTest" assertions="3" time="0.022439"/>
        <testcase name="Validate with custom type rules" file="Publication Field Validator (Hyde\Publications\Testing\Feature\PublicationFieldValidator)::Validate with custom type rules" class="Hyde\Publications\Testing\Feature\PublicationFieldValidatorTest" classname="Hyde.Publications.Testing.Feature.PublicationFieldValidatorTest" assertions="3" time="0.022371"/>
        <testcase name="Get rules" file="Publication Field Validator (Hyde\Publications\Testing\Feature\PublicationFieldValidator)::Get rules" class="Hyde\Publications\Testing\Feature\PublicationFieldValidatorTest" classname="Hyde.Publications.Testing.Feature.PublicationFieldValidatorTest" assertions="1" time="0.020481"/>
        <testcase name="Get rules with custom type rules" file="Publication Field Validator (Hyde\Publications\Testing\Feature\PublicationFieldValidator)::Get rules with custom type rules" class="Hyde\Publications\Testing\Feature\PublicationFieldValidatorTest" classname="Hyde.Publications.Testing.Feature.PublicationFieldValidatorTest" assertions="1" time="0.021025"/>
        <testcase name="Get rules for array" file="Publication Field Validator (Hyde\Publications\Testing\Feature\PublicationFieldValidator)::Get rules for array" class="Hyde\Publications\Testing\Feature\PublicationFieldValidatorTest" classname="Hyde.Publications.Testing.Feature.PublicationFieldValidatorTest" assertions="1" time="0.020844"/>
        <testcase name="Validate array passes" file="Publication Field Validator (Hyde\Publications\Testing\Feature\PublicationFieldValidator)::Validate array passes" class="Hyde\Publications\Testing\Feature\PublicationFieldValidatorTest" classname="Hyde.Publications.Testing.Feature.PublicationFieldValidatorTest" assertions="1" time="0.021867"/>
        <testcase name="Validate array fails" file="Publication Field Validator (Hyde\Publications\Testing\Feature\PublicationFieldValidator)::Validate array fails" class="Hyde\Publications\Testing\Feature\PublicationFieldValidatorTest" classname="Hyde.Publications.Testing.Feature.PublicationFieldValidatorTest" assertions="2" time="0.021809"/>
        <testcase name="Get rules for datetime" file="Publication Field Validator (Hyde\Publications\Testing\Feature\PublicationFieldValidator)::Get rules for datetime" class="Hyde\Publications\Testing\Feature\PublicationFieldValidatorTest" classname="Hyde.Publications.Testing.Feature.PublicationFieldValidatorTest" assertions="1" time="0.020584"/>
        <testcase name="Validate datetime passes" file="Publication Field Validator (Hyde\Publications\Testing\Feature\PublicationFieldValidator)::Validate datetime passes" class="Hyde\Publications\Testing\Feature\PublicationFieldValidatorTest" classname="Hyde.Publications.Testing.Feature.PublicationFieldValidatorTest" assertions="1" time="0.038537"/>
        <testcase name="Validate datetime fails for invalid type" file="Publication Field Validator (Hyde\Publications\Testing\Feature\PublicationFieldValidator)::Validate datetime fails for invalid type" class="Hyde\Publications\Testing\Feature\PublicationFieldValidatorTest" classname="Hyde.Publications.Testing.Feature.PublicationFieldValidatorTest" assertions="2" time="0.023153"/>
        <testcase name="Get rules for float" file="Publication Field Validator (Hyde\Publications\Testing\Feature\PublicationFieldValidator)::Get rules for float" class="Hyde\Publications\Testing\Feature\PublicationFieldValidatorTest" classname="Hyde.Publications.Testing.Feature.PublicationFieldValidatorTest" assertions="1" time="0.021302"/>
        <testcase name="Get rules for integer" file="Publication Field Validator (Hyde\Publications\Testing\Feature\PublicationFieldValidator)::Get rules for integer" class="Hyde\Publications\Testing\Feature\PublicationFieldValidatorTest" classname="Hyde.Publications.Testing.Feature.PublicationFieldValidatorTest" assertions="1" time="0.022123"/>
        <testcase name="Get rules for string" file="Publication Field Validator (Hyde\Publications\Testing\Feature\PublicationFieldValidator)::Get rules for string" class="Hyde\Publications\Testing\Feature\PublicationFieldValidatorTest" classname="Hyde.Publications.Testing.Feature.PublicationFieldValidatorTest" assertions="1" time="0.022146"/>
        <testcase name="Get rules for text" file="Publication Field Validator (Hyde\Publications\Testing\Feature\PublicationFieldValidator)::Get rules for text" class="Hyde\Publications\Testing\Feature\PublicationFieldValidatorTest" classname="Hyde.Publications.Testing.Feature.PublicationFieldValidatorTest" assertions="1" time="0.021689"/>
        <testcase name="Get rules for media" file="Publication Field Validator (Hyde\Publications\Testing\Feature\PublicationFieldValidator)::Get rules for media" class="Hyde\Publications\Testing\Feature\PublicationFieldValidatorTest" classname="Hyde.Publications.Testing.Feature.PublicationFieldValidatorTest" assertions="1" time="0.023072"/>
        <testcase name="Get rules for tag" file="Publication Field Validator (Hyde\Publications\Testing\Feature\PublicationFieldValidator)::Get rules for tag" class="Hyde\Publications\Testing\Feature\PublicationFieldValidatorTest" classname="Hyde.Publications.Testing.Feature.PublicationFieldValidatorTest" assertions="1" time="0.024953"/>
        <testcase name="Get rules for url" file="Publication Field Validator (Hyde\Publications\Testing\Feature\PublicationFieldValidator)::Get rules for url" class="Hyde\Publications\Testing\Feature\PublicationFieldValidatorTest" classname="Hyde.Publications.Testing.Feature.PublicationFieldValidatorTest" assertions="1" time="0.020589"/>
      </testsuite>
      <testsuite name="Hyde\Publications\Testing\Feature\PublicationFieldValueTest" file="Publication Field Value (Hyde\Publications\Testing\Feature\PublicationFieldValue)" tests="50" assertions="125" errors="0" failures="0" skipped="0" time="1.086407">
        <testcase name="Construct" file="Publication Field Value (Hyde\Publications\Testing\Feature\PublicationFieldValue)::Construct" class="Hyde\Publications\Testing\Feature\PublicationFieldValueTest" classname="Hyde.Publications.Testing.Feature.PublicationFieldValueTest" assertions="1" time="0.044729"/>
        <testcase name="Get type" file="Publication Field Value (Hyde\Publications\Testing\Feature\PublicationFieldValue)::Get type" class="Hyde\Publications\Testing\Feature\PublicationFieldValueTest" classname="Hyde.Publications.Testing.Feature.PublicationFieldValueTest" assertions="1" time="0.020202"/>
        <testcase name="Get value" file="Publication Field Value (Hyde\Publications\Testing\Feature\PublicationFieldValue)::Get value" class="Hyde\Publications\Testing\Feature\PublicationFieldValueTest" classname="Hyde.Publications.Testing.Feature.PublicationFieldValueTest" assertions="1" time="0.020223"/>
        <testcase name="Type" file="Publication Field Value (Hyde\Publications\Testing\Feature\PublicationFieldValue)::Type" class="Hyde\Publications\Testing\Feature\PublicationFieldValueTest" classname="Hyde.Publications.Testing.Feature.PublicationFieldValueTest" assertions="2" time="0.020903"/>
        <testcase name="String field construct" file="Publication Field Value (Hyde\Publications\Testing\Feature\PublicationFieldValue)::String field construct" class="Hyde\Publications\Testing\Feature\PublicationFieldValueTest" classname="Hyde.Publications.Testing.Feature.PublicationFieldValueTest" assertions="2" time="0.021111"/>
        <testcase name="String field get value" file="Publication Field Value (Hyde\Publications\Testing\Feature\PublicationFieldValue)::String field get value" class="Hyde\Publications\Testing\Feature\PublicationFieldValueTest" classname="Hyde.Publications.Testing.Feature.PublicationFieldValueTest" assertions="1" time="0.020897"/>
        <testcase name="String field to yaml" file="Publication Field Value (Hyde\Publications\Testing\Feature\PublicationFieldValue)::String field to yaml" class="Hyde\Publications\Testing\Feature\PublicationFieldValueTest" classname="Hyde.Publications.Testing.Feature.PublicationFieldValueTest" assertions="1" time="0.021084"/>
        <testcase name="String field parsing options" file="Publication Field Value (Hyde\Publications\Testing\Feature\PublicationFieldValue)::String field parsing options" class="Hyde\Publications\Testing\Feature\PublicationFieldValueTest" classname="Hyde.Publications.Testing.Feature.PublicationFieldValueTest" assertions="8" time="0.021606"/>
        <testcase name="Datetime field construct" file="Publication Field Value (Hyde\Publications\Testing\Feature\PublicationFieldValue)::Datetime field construct" class="Hyde\Publications\Testing\Feature\PublicationFieldValueTest" classname="Hyde.Publications.Testing.Feature.PublicationFieldValueTest" assertions="2" time="0.025670"/>
        <testcase name="Datetime field get value" file="Publication Field Value (Hyde\Publications\Testing\Feature\PublicationFieldValue)::Datetime field get value" class="Hyde\Publications\Testing\Feature\PublicationFieldValueTest" classname="Hyde.Publications.Testing.Feature.PublicationFieldValueTest" assertions="1" time="0.021022"/>
        <testcase name="Datetime field with invalid input" file="Publication Field Value (Hyde\Publications\Testing\Feature\PublicationFieldValue)::Datetime field with invalid input" class="Hyde\Publications\Testing\Feature\PublicationFieldValueTest" classname="Hyde.Publications.Testing.Feature.PublicationFieldValueTest" assertions="2" time="0.021241"/>
        <testcase name="Datetime field with dynamic input" file="Publication Field Value (Hyde\Publications\Testing\Feature\PublicationFieldValue)::Datetime field with dynamic input" class="Hyde\Publications\Testing\Feature\PublicationFieldValueTest" classname="Hyde.Publications.Testing.Feature.PublicationFieldValueTest" assertions="1" time="0.020853"/>
        <testcase name="Datetime field to yaml" file="Publication Field Value (Hyde\Publications\Testing\Feature\PublicationFieldValue)::Datetime field to yaml" class="Hyde\Publications\Testing\Feature\PublicationFieldValueTest" classname="Hyde.Publications.Testing.Feature.PublicationFieldValueTest" assertions="1" time="0.020622"/>
        <testcase name="Boolean field construct" file="Publication Field Value (Hyde\Publications\Testing\Feature\PublicationFieldValue)::Boolean field construct" class="Hyde\Publications\Testing\Feature\PublicationFieldValueTest" classname="Hyde.Publications.Testing.Feature.PublicationFieldValueTest" assertions="2" time="0.020457"/>
        <testcase name="Boolean field get value" file="Publication Field Value (Hyde\Publications\Testing\Feature\PublicationFieldValue)::Boolean field get value" class="Hyde\Publications\Testing\Feature\PublicationFieldValueTest" classname="Hyde.Publications.Testing.Feature.PublicationFieldValueTest" assertions="1" time="0.020684"/>
        <testcase name="Boolean field to yaml" file="Publication Field Value (Hyde\Publications\Testing\Feature\PublicationFieldValue)::Boolean field to yaml" class="Hyde\Publications\Testing\Feature\PublicationFieldValueTest" classname="Hyde.Publications.Testing.Feature.PublicationFieldValueTest" assertions="1" time="0.020779"/>
        <testcase name="Boolean field with invalid input" file="Publication Field Value (Hyde\Publications\Testing\Feature\PublicationFieldValue)::Boolean field with invalid input" class="Hyde\Publications\Testing\Feature\PublicationFieldValueTest" classname="Hyde.Publications.Testing.Feature.PublicationFieldValueTest" assertions="2" time="0.020430"/>
        <testcase name="Boolean field parsing options" file="Publication Field Value (Hyde\Publications\Testing\Feature\PublicationFieldValue)::Boolean field parsing options" class="Hyde\Publications\Testing\Feature\PublicationFieldValueTest" classname="Hyde.Publications.Testing.Feature.PublicationFieldValueTest" assertions="4" time="0.020411"/>
        <testcase name="Integer field construct" file="Publication Field Value (Hyde\Publications\Testing\Feature\PublicationFieldValue)::Integer field construct" class="Hyde\Publications\Testing\Feature\PublicationFieldValueTest" classname="Hyde.Publications.Testing.Feature.PublicationFieldValueTest" assertions="2" time="0.020144"/>
        <testcase name="Integer field get value" file="Publication Field Value (Hyde\Publications\Testing\Feature\PublicationFieldValue)::Integer field get value" class="Hyde\Publications\Testing\Feature\PublicationFieldValueTest" classname="Hyde.Publications.Testing.Feature.PublicationFieldValueTest" assertions="1" time="0.020196"/>
        <testcase name="Integer field to yaml" file="Publication Field Value (Hyde\Publications\Testing\Feature\PublicationFieldValue)::Integer field to yaml" class="Hyde\Publications\Testing\Feature\PublicationFieldValueTest" classname="Hyde.Publications.Testing.Feature.PublicationFieldValueTest" assertions="1" time="0.036364"/>
        <testcase name="Integer field with invalid input" file="Publication Field Value (Hyde\Publications\Testing\Feature\PublicationFieldValue)::Integer field with invalid input" class="Hyde\Publications\Testing\Feature\PublicationFieldValueTest" classname="Hyde.Publications.Testing.Feature.PublicationFieldValueTest" assertions="2" time="0.021212"/>
        <testcase name="Integer field parsing options" file="Publication Field Value (Hyde\Publications\Testing\Feature\PublicationFieldValue)::Integer field parsing options" class="Hyde\Publications\Testing\Feature\PublicationFieldValueTest" classname="Hyde.Publications.Testing.Feature.PublicationFieldValueTest" assertions="8" time="0.021613"/>
        <testcase name="Float field construct" file="Publication Field Value (Hyde\Publications\Testing\Feature\PublicationFieldValue)::Float field construct" class="Hyde\Publications\Testing\Feature\PublicationFieldValueTest" classname="Hyde.Publications.Testing.Feature.PublicationFieldValueTest" assertions="2" time="0.021043"/>
        <testcase name="Float field get value" file="Publication Field Value (Hyde\Publications\Testing\Feature\PublicationFieldValue)::Float field get value" class="Hyde\Publications\Testing\Feature\PublicationFieldValueTest" classname="Hyde.Publications.Testing.Feature.PublicationFieldValueTest" assertions="1" time="0.020730"/>
        <testcase name="Float field to yaml" file="Publication Field Value (Hyde\Publications\Testing\Feature\PublicationFieldValue)::Float field to yaml" class="Hyde\Publications\Testing\Feature\PublicationFieldValueTest" classname="Hyde.Publications.Testing.Feature.PublicationFieldValueTest" assertions="1" time="0.020790"/>
        <testcase name="Float field with invalid input" file="Publication Field Value (Hyde\Publications\Testing\Feature\PublicationFieldValue)::Float field with invalid input" class="Hyde\Publications\Testing\Feature\PublicationFieldValueTest" classname="Hyde.Publications.Testing.Feature.PublicationFieldValueTest" assertions="2" time="0.022061"/>
        <testcase name="Float field parsing options" file="Publication Field Value (Hyde\Publications\Testing\Feature\PublicationFieldValue)::Float field parsing options" class="Hyde\Publications\Testing\Feature\PublicationFieldValueTest" classname="Hyde.Publications.Testing.Feature.PublicationFieldValueTest" assertions="8" time="0.022123"/>
        <testcase name="Array field construct" file="Publication Field Value (Hyde\Publications\Testing\Feature\PublicationFieldValue)::Array field construct" class="Hyde\Publications\Testing\Feature\PublicationFieldValueTest" classname="Hyde.Publications.Testing.Feature.PublicationFieldValueTest" assertions="2" time="0.021937"/>
        <testcase name="Array field get value" file="Publication Field Value (Hyde\Publications\Testing\Feature\PublicationFieldValue)::Array field get value" class="Hyde\Publications\Testing\Feature\PublicationFieldValueTest" classname="Hyde.Publications.Testing.Feature.PublicationFieldValueTest" assertions="1" time="0.022141"/>
        <testcase name="Array field to yaml" file="Publication Field Value (Hyde\Publications\Testing\Feature\PublicationFieldValue)::Array field to yaml" class="Hyde\Publications\Testing\Feature\PublicationFieldValueTest" classname="Hyde.Publications.Testing.Feature.PublicationFieldValueTest" assertions="1" time="0.021147"/>
        <testcase name="Array field with array input" file="Publication Field Value (Hyde\Publications\Testing\Feature\PublicationFieldValue)::Array field with array input" class="Hyde\Publications\Testing\Feature\PublicationFieldValueTest" classname="Hyde.Publications.Testing.Feature.PublicationFieldValueTest" assertions="1" time="0.020668"/>
        <testcase name="Array field parsing options" file="Publication Field Value (Hyde\Publications\Testing\Feature\PublicationFieldValue)::Array field parsing options" class="Hyde\Publications\Testing\Feature\PublicationFieldValueTest" classname="Hyde.Publications.Testing.Feature.PublicationFieldValueTest" assertions="8" time="0.022080"/>
        <testcase name="Text field construct" file="Publication Field Value (Hyde\Publications\Testing\Feature\PublicationFieldValue)::Text field construct" class="Hyde\Publications\Testing\Feature\PublicationFieldValueTest" classname="Hyde.Publications.Testing.Feature.PublicationFieldValueTest" assertions="2" time="0.020662"/>
        <testcase name="Text field get value" file="Publication Field Value (Hyde\Publications\Testing\Feature\PublicationFieldValue)::Text field get value" class="Hyde\Publications\Testing\Feature\PublicationFieldValueTest" classname="Hyde.Publications.Testing.Feature.PublicationFieldValueTest" assertions="1" time="0.020388"/>
        <testcase name="Text field to yaml" file="Publication Field Value (Hyde\Publications\Testing\Feature\PublicationFieldValue)::Text field to yaml" class="Hyde\Publications\Testing\Feature\PublicationFieldValueTest" classname="Hyde.Publications.Testing.Feature.PublicationFieldValueTest" assertions="1" time="0.020319"/>
        <testcase name="Text field parsing options" file="Publication Field Value (Hyde\Publications\Testing\Feature\PublicationFieldValue)::Text field parsing options" class="Hyde\Publications\Testing\Feature\PublicationFieldValueTest" classname="Hyde.Publications.Testing.Feature.PublicationFieldValueTest" assertions="13" time="0.021621"/>
        <testcase name="Url field construct" file="Publication Field Value (Hyde\Publications\Testing\Feature\PublicationFieldValue)::Url field construct" class="Hyde\Publications\Testing\Feature\PublicationFieldValueTest" classname="Hyde.Publications.Testing.Feature.PublicationFieldValueTest" assertions="2" time="0.020267"/>
        <testcase name="Url field get value" file="Publication Field Value (Hyde\Publications\Testing\Feature\PublicationFieldValue)::Url field get value" class="Hyde\Publications\Testing\Feature\PublicationFieldValueTest" classname="Hyde.Publications.Testing.Feature.PublicationFieldValueTest" assertions="1" time="0.020260"/>
        <testcase name="Url field to yaml" file="Publication Field Value (Hyde\Publications\Testing\Feature\PublicationFieldValue)::Url field to yaml" class="Hyde\Publications\Testing\Feature\PublicationFieldValueTest" classname="Hyde.Publications.Testing.Feature.PublicationFieldValueTest" assertions="1" time="0.020217"/>
        <testcase name="Url field with invalid input" file="Publication Field Value (Hyde\Publications\Testing\Feature\PublicationFieldValue)::Url field with invalid input" class="Hyde\Publications\Testing\Feature\PublicationFieldValueTest" classname="Hyde.Publications.Testing.Feature.PublicationFieldValueTest" assertions="2" time="0.020408"/>
        <testcase name="Media field construct" file="Publication Field Value (Hyde\Publications\Testing\Feature\PublicationFieldValue)::Media field construct" class="Hyde\Publications\Testing\Feature\PublicationFieldValueTest" classname="Hyde.Publications.Testing.Feature.PublicationFieldValueTest" assertions="2" time="0.020166"/>
        <testcase name="Media field get value" file="Publication Field Value (Hyde\Publications\Testing\Feature\PublicationFieldValue)::Media field get value" class="Hyde\Publications\Testing\Feature\PublicationFieldValueTest" classname="Hyde.Publications.Testing.Feature.PublicationFieldValueTest" assertions="1" time="0.020180"/>
        <testcase name="Media field to yaml" file="Publication Field Value (Hyde\Publications\Testing\Feature\PublicationFieldValue)::Media field to yaml" class="Hyde\Publications\Testing\Feature\PublicationFieldValueTest" classname="Hyde.Publications.Testing.Feature.PublicationFieldValueTest" assertions="1" time="0.020334"/>
        <testcase name="Tag field construct" file="Publication Field Value (Hyde\Publications\Testing\Feature\PublicationFieldValue)::Tag field construct" class="Hyde\Publications\Testing\Feature\PublicationFieldValueTest" classname="Hyde.Publications.Testing.Feature.PublicationFieldValueTest" assertions="2" time="0.020323"/>
        <testcase name="Tag field get value" file="Publication Field Value (Hyde\Publications\Testing\Feature\PublicationFieldValue)::Tag field get value" class="Hyde\Publications\Testing\Feature\PublicationFieldValueTest" classname="Hyde.Publications.Testing.Feature.PublicationFieldValueTest" assertions="1" time="0.020472"/>
        <testcase name="Tag field to yaml" file="Publication Field Value (Hyde\Publications\Testing\Feature\PublicationFieldValue)::Tag field to yaml" class="Hyde\Publications\Testing\Feature\PublicationFieldValueTest" classname="Hyde.Publications.Testing.Feature.PublicationFieldValueTest" assertions="1" time="0.020112"/>
        <testcase name="Tag field with array input" file="Publication Field Value (Hyde\Publications\Testing\Feature\PublicationFieldValue)::Tag field with array input" class="Hyde\Publications\Testing\Feature\PublicationFieldValueTest" classname="Hyde.Publications.Testing.Feature.PublicationFieldValueTest" assertions="1" time="0.020274"/>
        <testcase name="Tag field parsing options" file="Publication Field Value (Hyde\Publications\Testing\Feature\PublicationFieldValue)::Tag field parsing options" class="Hyde\Publications\Testing\Feature\PublicationFieldValueTest" classname="Hyde.Publications.Testing.Feature.PublicationFieldValueTest" assertions="8" time="0.021623"/>
        <testcase name="Default validation rules" file="Publication Field Value (Hyde\Publications\Testing\Feature\PublicationFieldValue)::Default validation rules" class="Hyde\Publications\Testing\Feature\PublicationFieldValueTest" classname="Hyde.Publications.Testing.Feature.PublicationFieldValueTest" assertions="10" time="0.021608"/>
      </testsuite>
      <testsuite name="Hyde\Publications\Testing\Feature\PublicationListPageTest" file="Publication List Page (Hyde\Publications\Testing\Feature\PublicationListPage)" tests="4" assertions="7" errors="0" failures="0" skipped="0" time="0.185770">
        <testcase name="Source path mappings" file="Publication List Page (Hyde\Publications\Testing\Feature\PublicationListPage)::Source path mappings" class="Hyde\Publications\Testing\Feature\PublicationListPageTest" classname="Hyde.Publications.Testing.Feature.PublicationListPageTest" assertions="4" time="0.103260"/>
        <testcase name="Listing page can be compiled" file="Publication List Page (Hyde\Publications\Testing\Feature\PublicationListPage)::Listing page can be compiled" class="Hyde\Publications\Testing\Feature\PublicationListPageTest" classname="Hyde.Publications.Testing.Feature.PublicationListPageTest" assertions="1" time="0.038709"/>
        <testcase name="List page can show up in navigation" file="Publication List Page (Hyde\Publications\Testing\Feature\PublicationListPage)::List page can show up in navigation" class="Hyde\Publications\Testing\Feature\PublicationListPageTest" classname="Hyde.Publications.Testing.Feature.PublicationListPageTest" assertions="1" time="0.021664"/>
        <testcase name="List page is not added to navigation when publication identifier is set in config" file="Publication List Page (Hyde\Publications\Testing\Feature\PublicationListPage)::List page is not added to navigation when publication identifier is set in config" class="Hyde\Publications\Testing\Feature\PublicationListPageTest" classname="Hyde.Publications.Testing.Feature.PublicationListPageTest" assertions="1" time="0.022136"/>
      </testsuite>
      <testsuite name="Hyde\Publications\Testing\Feature\PublicationPageCompilerTest" file="Publication Page Compiler (Hyde\Publications\Testing\Feature\PublicationPageCompiler)" tests="8" assertions="10" errors="0" failures="0" skipped="0" time="0.217436">
        <testcase name="Can compile publication pages" file="Publication Page Compiler (Hyde\Publications\Testing\Feature\PublicationPageCompiler)::Can compile publication pages" class="Hyde\Publications\Testing\Feature\PublicationPageCompilerTest" classname="Hyde.Publications.Testing.Feature.PublicationPageCompilerTest" assertions="1" time="0.030856"/>
        <testcase name="Can compile list pages" file="Publication Page Compiler (Hyde\Publications\Testing\Feature\PublicationPageCompiler)::Can compile list pages" class="Hyde\Publications\Testing\Feature\PublicationPageCompilerTest" classname="Hyde.Publications.Testing.Feature.PublicationPageCompilerTest" assertions="1" time="0.029715"/>
        <testcase name="Can compile publication pages with registered view" file="Publication Page Compiler (Hyde\Publications\Testing\Feature\PublicationPageCompiler)::Can compile publication pages with registered view" class="Hyde\Publications\Testing\Feature\PublicationPageCompilerTest" classname="Hyde.Publications.Testing.Feature.PublicationPageCompilerTest" assertions="1" time="0.027998"/>
        <testcase name="Can compile list pages with registered view" file="Publication Page Compiler (Hyde\Publications\Testing\Feature\PublicationPageCompiler)::Can compile list pages with registered view" class="Hyde\Publications\Testing\Feature\PublicationPageCompilerTest" classname="Hyde.Publications.Testing.Feature.PublicationPageCompilerTest" assertions="1" time="0.024129"/>
        <testcase name="Can compile publication pages with registered namespaced view" file="Publication Page Compiler (Hyde\Publications\Testing\Feature\PublicationPageCompiler)::Can compile publication pages with registered namespaced view" class="Hyde\Publications\Testing\Feature\PublicationPageCompilerTest" classname="Hyde.Publications.Testing.Feature.PublicationPageCompilerTest" assertions="1" time="0.035613"/>
        <testcase name="Can compile list pages with registered namespaced view" file="Publication Page Compiler (Hyde\Publications\Testing\Feature\PublicationPageCompiler)::Can compile list pages with registered namespaced view" class="Hyde\Publications\Testing\Feature\PublicationPageCompilerTest" classname="Hyde.Publications.Testing.Feature.PublicationPageCompilerTest" assertions="1" time="0.023614"/>
        <testcase name="With missing detail blade view" file="Publication Page Compiler (Hyde\Publications\Testing\Feature\PublicationPageCompiler)::With missing detail blade view" class="Hyde\Publications\Testing\Feature\PublicationPageCompilerTest" classname="Hyde.Publications.Testing.Feature.PublicationPageCompilerTest" assertions="2" time="0.022733"/>
        <testcase name="With missing list blade view" file="Publication Page Compiler (Hyde\Publications\Testing\Feature\PublicationPageCompiler)::With missing list blade view" class="Hyde\Publications\Testing\Feature\PublicationPageCompilerTest" classname="Hyde.Publications.Testing.Feature.PublicationPageCompilerTest" assertions="2" time="0.022779"/>
      </testsuite>
      <testsuite name="Hyde\Publications\Testing\Feature\PublicationPageTest" file="Publication Page (Hyde\Publications\Testing\Feature\PublicationPage)" tests="8" assertions="27" errors="0" failures="0" skipped="0" time="0.234165">
        <testcase name="Source path mappings" file="Publication Page (Hyde\Publications\Testing\Feature\PublicationPage)::Source path mappings" class="Hyde\Publications\Testing\Feature\PublicationPageTest" classname="Hyde.Publications.Testing.Feature.PublicationPageTest" assertions="4" time="0.034786"/>
        <testcase name="Publication pages are routable" file="Publication Page (Hyde\Publications\Testing\Feature\PublicationPage)::Publication pages are routable" class="Hyde\Publications\Testing\Feature\PublicationPageTest" classname="Hyde.Publications.Testing.Feature.PublicationPageTest" assertions="5" time="0.028648"/>
        <testcase name="Publication pages are discoverable" file="Publication Page (Hyde\Publications\Testing\Feature\PublicationPage)::Publication pages are discoverable" class="Hyde\Publications\Testing\Feature\PublicationPageTest" classname="Hyde.Publications.Testing.Feature.PublicationPageTest" assertions="1" time="0.027343"/>
        <testcase name="Publication pages are properly parsed" file="Publication Page (Hyde\Publications\Testing\Feature\PublicationPage)::Publication pages are properly parsed" class="Hyde\Publications\Testing\Feature\PublicationPageTest" classname="Hyde.Publications.Testing.Feature.PublicationPageTest" assertions="6" time="0.027957"/>
        <testcase name="Publication pages are parsable" file="Publication Page (Hyde\Publications\Testing\Feature\PublicationPage)::Publication pages are parsable" class="Hyde\Publications\Testing\Feature\PublicationPageTest" classname="Hyde.Publications.Testing.Feature.PublicationPageTest" assertions="6" time="0.023416"/>
        <testcase name="Publication pages are compilable" file="Publication Page (Hyde\Publications\Testing\Feature\PublicationPage)::Publication pages are compilable" class="Hyde\Publications\Testing\Feature\PublicationPageTest" classname="Hyde.Publications.Testing.Feature.PublicationPageTest" assertions="1" time="0.029300"/>
        <testcase name="Identifier passed constructor is normalized" file="Publication Page (Hyde\Publications\Testing\Feature\PublicationPage)::Identifier passed constructor is normalized" class="Hyde\Publications\Testing\Feature\PublicationPageTest" classname="Hyde.Publications.Testing.Feature.PublicationPageTest" assertions="3" time="0.023671"/>
        <testcase name="Identifier normalizer does not affect directory with same name as identifier" file="Publication Page (Hyde\Publications\Testing\Feature\PublicationPage)::Identifier normalizer does not affect directory with same name as identifier" class="Hyde\Publications\Testing\Feature\PublicationPageTest" classname="Hyde.Publications.Testing.Feature.PublicationPageTest" assertions="1" time="0.039042"/>
      </testsuite>
      <testsuite name="Hyde\Publications\Testing\Feature\PublicationPageUnitTest" file="Publication Page Unit (Hyde\Publications\Testing\Feature\PublicationPageUnit)" tests="34" assertions="36" errors="0" failures="0" skipped="0" time="0.777901">
        <testcase name="Source directory" file="Publication Page Unit (Hyde\Publications\Testing\Feature\PublicationPageUnit)::Source directory" class="Hyde\Publications\Testing\Feature\PublicationPageUnitTest" classname="Hyde.Publications.Testing.Feature.PublicationPageUnitTest" assertions="1" time="0.032633"/>
        <testcase name="Output directory" file="Publication Page Unit (Hyde\Publications\Testing\Feature\PublicationPageUnit)::Output directory" class="Hyde\Publications\Testing\Feature\PublicationPageUnitTest" classname="Hyde.Publications.Testing.Feature.PublicationPageUnitTest" assertions="1" time="0.020134"/>
        <testcase name="File extension" file="Publication Page Unit (Hyde\Publications\Testing\Feature\PublicationPageUnit)::File extension" class="Hyde\Publications\Testing\Feature\PublicationPageUnitTest" classname="Hyde.Publications.Testing.Feature.PublicationPageUnitTest" assertions="1" time="0.020172"/>
        <testcase name="Source path" file="Publication Page Unit (Hyde\Publications\Testing\Feature\PublicationPageUnit)::Source path" class="Hyde\Publications\Testing\Feature\PublicationPageUnitTest" classname="Hyde.Publications.Testing.Feature.PublicationPageUnitTest" assertions="1" time="0.020308"/>
        <testcase name="Output path" file="Publication Page Unit (Hyde\Publications\Testing\Feature\PublicationPageUnit)::Output path" class="Hyde\Publications\Testing\Feature\PublicationPageUnitTest" classname="Hyde.Publications.Testing.Feature.PublicationPageUnitTest" assertions="1" time="0.020264"/>
        <testcase name="Path" file="Publication Page Unit (Hyde\Publications\Testing\Feature\PublicationPageUnit)::Path" class="Hyde\Publications\Testing\Feature\PublicationPageUnitTest" classname="Hyde.Publications.Testing.Feature.PublicationPageUnitTest" assertions="1" time="0.020292"/>
        <testcase name="Get source path" file="Publication Page Unit (Hyde\Publications\Testing\Feature\PublicationPageUnit)::Get source path" class="Hyde\Publications\Testing\Feature\PublicationPageUnitTest" classname="Hyde.Publications.Testing.Feature.PublicationPageUnitTest" assertions="1" time="0.021692"/>
        <testcase name="Get output path" file="Publication Page Unit (Hyde\Publications\Testing\Feature\PublicationPageUnit)::Get output path" class="Hyde\Publications\Testing\Feature\PublicationPageUnitTest" classname="Hyde.Publications.Testing.Feature.PublicationPageUnitTest" assertions="1" time="0.021420"/>
        <testcase name="Get link" file="Publication Page Unit (Hyde\Publications\Testing\Feature\PublicationPageUnit)::Get link" class="Hyde\Publications\Testing\Feature\PublicationPageUnitTest" classname="Hyde.Publications.Testing.Feature.PublicationPageUnitTest" assertions="1" time="0.021590"/>
        <testcase name="Make" file="Publication Page Unit (Hyde\Publications\Testing\Feature\PublicationPageUnit)::Make" class="Hyde\Publications\Testing\Feature\PublicationPageUnitTest" classname="Hyde.Publications.Testing.Feature.PublicationPageUnitTest" assertions="1" time="0.023139"/>
        <testcase name="Make with data" file="Publication Page Unit (Hyde\Publications\Testing\Feature\PublicationPageUnit)::Make with data" class="Hyde\Publications\Testing\Feature\PublicationPageUnitTest" classname="Hyde.Publications.Testing.Feature.PublicationPageUnitTest" assertions="1" time="0.023617"/>
        <testcase name="Show in navigation" file="Publication Page Unit (Hyde\Publications\Testing\Feature\PublicationPageUnit)::Show in navigation" class="Hyde\Publications\Testing\Feature\PublicationPageUnitTest" classname="Hyde.Publications.Testing.Feature.PublicationPageUnitTest" assertions="1" time="0.022034"/>
        <testcase name="Navigation menu priority" file="Publication Page Unit (Hyde\Publications\Testing\Feature\PublicationPageUnit)::Navigation menu priority" class="Hyde\Publications\Testing\Feature\PublicationPageUnitTest" classname="Hyde.Publications.Testing.Feature.PublicationPageUnitTest" assertions="1" time="0.021544"/>
        <testcase name="Navigation menu label" file="Publication Page Unit (Hyde\Publications\Testing\Feature\PublicationPageUnit)::Navigation menu label" class="Hyde\Publications\Testing\Feature\PublicationPageUnitTest" classname="Hyde.Publications.Testing.Feature.PublicationPageUnitTest" assertions="1" time="0.021295"/>
        <testcase name="Navigation menu group" file="Publication Page Unit (Hyde\Publications\Testing\Feature\PublicationPageUnit)::Navigation menu group" class="Hyde\Publications\Testing\Feature\PublicationPageUnitTest" classname="Hyde.Publications.Testing.Feature.PublicationPageUnitTest" assertions="1" time="0.021376"/>
        <testcase name="Get blade view" file="Publication Page Unit (Hyde\Publications\Testing\Feature\PublicationPageUnit)::Get blade view" class="Hyde\Publications\Testing\Feature\PublicationPageUnitTest" classname="Hyde.Publications.Testing.Feature.PublicationPageUnitTest" assertions="1" time="0.021524"/>
        <testcase name="Files" file="Publication Page Unit (Hyde\Publications\Testing\Feature\PublicationPageUnit)::Files" class="Hyde\Publications\Testing\Feature\PublicationPageUnitTest" classname="Hyde.Publications.Testing.Feature.PublicationPageUnitTest" assertions="1" time="0.024724"/>
        <testcase name="Data" file="Publication Page Unit (Hyde\Publications\Testing\Feature\PublicationPageUnit)::Data" class="Hyde\Publications\Testing\Feature\PublicationPageUnitTest" classname="Hyde.Publications.Testing.Feature.PublicationPageUnitTest" assertions="1" time="0.022026"/>
        <testcase name="Get" file="Publication Page Unit (Hyde\Publications\Testing\Feature\PublicationPageUnit)::Get" class="Hyde\Publications\Testing\Feature\PublicationPageUnitTest" classname="Hyde.Publications.Testing.Feature.PublicationPageUnitTest" assertions="1" time="0.024801"/>
        <testcase name="Parse" file="Publication Page Unit (Hyde\Publications\Testing\Feature\PublicationPageUnit)::Parse" class="Hyde\Publications\Testing\Feature\PublicationPageUnitTest" classname="Hyde.Publications.Testing.Feature.PublicationPageUnitTest" assertions="1" time="0.023475"/>
        <testcase name="Get route key" file="Publication Page Unit (Hyde\Publications\Testing\Feature\PublicationPageUnit)::Get route key" class="Hyde\Publications\Testing\Feature\PublicationPageUnitTest" classname="Hyde.Publications.Testing.Feature.PublicationPageUnitTest" assertions="1" time="0.021985"/>
        <testcase name="Title" file="Publication Page Unit (Hyde\Publications\Testing\Feature\PublicationPageUnit)::Title" class="Hyde\Publications\Testing\Feature\PublicationPageUnitTest" classname="Hyde.Publications.Testing.Feature.PublicationPageUnitTest" assertions="1" time="0.021758"/>
        <testcase name="All" file="Publication Page Unit (Hyde\Publications\Testing\Feature\PublicationPageUnit)::All" class="Hyde\Publications\Testing\Feature\PublicationPageUnitTest" classname="Hyde.Publications.Testing.Feature.PublicationPageUnitTest" assertions="1" time="0.024201"/>
        <testcase name="Metadata" file="Publication Page Unit (Hyde\Publications\Testing\Feature\PublicationPageUnit)::Metadata" class="Hyde\Publications\Testing\Feature\PublicationPageUnitTest" classname="Hyde.Publications.Testing.Feature.PublicationPageUnitTest" assertions="1" time="0.021606"/>
        <testcase name="Construct" file="Publication Page Unit (Hyde\Publications\Testing\Feature\PublicationPageUnit)::Construct" class="Hyde\Publications\Testing\Feature\PublicationPageUnitTest" classname="Hyde.Publications.Testing.Feature.PublicationPageUnitTest" assertions="1" time="0.021729"/>
        <testcase name="Get route" file="Publication Page Unit (Hyde\Publications\Testing\Feature\PublicationPageUnit)::Get route" class="Hyde\Publications\Testing\Feature\PublicationPageUnitTest" classname="Hyde.Publications.Testing.Feature.PublicationPageUnitTest" assertions="1" time="0.024654"/>
        <testcase name="Get identifier" file="Publication Page Unit (Hyde\Publications\Testing\Feature\PublicationPageUnit)::Get identifier" class="Hyde\Publications\Testing\Feature\PublicationPageUnitTest" classname="Hyde.Publications.Testing.Feature.PublicationPageUnitTest" assertions="1" time="0.021200"/>
        <testcase name="Has" file="Publication Page Unit (Hyde\Publications\Testing\Feature\PublicationPageUnit)::Has" class="Hyde\Publications\Testing\Feature\PublicationPageUnitTest" classname="Hyde.Publications.Testing.Feature.PublicationPageUnitTest" assertions="1" time="0.021282"/>
        <testcase name="To core data object" file="Publication Page Unit (Hyde\Publications\Testing\Feature\PublicationPageUnit)::To core data object" class="Hyde\Publications\Testing\Feature\PublicationPageUnitTest" classname="Hyde.Publications.Testing.Feature.PublicationPageUnitTest" assertions="1" time="0.037459"/>
        <testcase name="Compile" file="Publication Page Unit (Hyde\Publications\Testing\Feature\PublicationPageUnit)::Compile" class="Hyde\Publications\Testing\Feature\PublicationPageUnitTest" classname="Hyde.Publications.Testing.Feature.PublicationPageUnitTest" assertions="1" time="0.027357"/>
        <testcase name="Matter" file="Publication Page Unit (Hyde\Publications\Testing\Feature\PublicationPageUnit)::Matter" class="Hyde\Publications\Testing\Feature\PublicationPageUnitTest" classname="Hyde.Publications.Testing.Feature.PublicationPageUnitTest" assertions="1" time="0.021394"/>
        <testcase name="Markdown" file="Publication Page Unit (Hyde\Publications\Testing\Feature\PublicationPageUnit)::Markdown" class="Hyde\Publications\Testing\Feature\PublicationPageUnitTest" classname="Hyde.Publications.Testing.Feature.PublicationPageUnitTest" assertions="1" time="0.021235"/>
        <testcase name="Save" file="Publication Page Unit (Hyde\Publications\Testing\Feature\PublicationPageUnit)::Save" class="Hyde\Publications\Testing\Feature\PublicationPageUnitTest" classname="Hyde.Publications.Testing.Feature.PublicationPageUnitTest" assertions="2" time="0.022239"/>
        <testcase name="Get type" file="Publication Page Unit (Hyde\Publications\Testing\Feature\PublicationPageUnit)::Get type" class="Hyde\Publications\Testing\Feature\PublicationPageUnitTest" classname="Hyde.Publications.Testing.Feature.PublicationPageUnitTest" assertions="2" time="0.021741"/>
      </testsuite>
      <testsuite name="Hyde\Publications\Testing\Feature\PublicationPageValidatorTest" file="Publication Page Validator (Hyde\Publications\Testing\Feature\PublicationPageValidator)" tests="5" assertions="5" errors="0" failures="0" skipped="0" time="0.174120">
        <testcase name="Validate page file" file="Publication Page Validator (Hyde\Publications\Testing\Feature\PublicationPageValidator)::Validate page file" class="Hyde\Publications\Testing\Feature\PublicationPageValidatorTest" classname="Hyde.Publications.Testing.Feature.PublicationPageValidatorTest" assertions="1" time="0.083279"/>
        <testcase name="Validate page file with invalid fields" file="Publication Page Validator (Hyde\Publications\Testing\Feature\PublicationPageValidator)::Validate page file with invalid fields" class="Hyde\Publications\Testing\Feature\PublicationPageValidatorTest" classname="Hyde.Publications.Testing.Feature.PublicationPageValidatorTest" assertions="1" time="0.023157"/>
        <testcase name="Validate page file with invalid data buffered" file="Publication Page Validator (Hyde\Publications\Testing\Feature\PublicationPageValidator)::Validate page file with invalid data buffered" class="Hyde\Publications\Testing\Feature\PublicationPageValidatorTest" classname="Hyde.Publications.Testing.Feature.PublicationPageValidatorTest" assertions="1" time="0.023248"/>
        <testcase name="Warnings with warnings" file="Publication Page Validator (Hyde\Publications\Testing\Feature\PublicationPageValidator)::Warnings with warnings" class="Hyde\Publications\Testing\Feature\PublicationPageValidatorTest" classname="Hyde.Publications.Testing.Feature.PublicationPageValidatorTest" assertions="1" time="0.022262"/>
        <testcase name="Warnings without warnings" file="Publication Page Validator (Hyde\Publications\Testing\Feature\PublicationPageValidator)::Warnings without warnings" class="Hyde\Publications\Testing\Feature\PublicationPageValidatorTest" classname="Hyde.Publications.Testing.Feature.PublicationPageValidatorTest" assertions="1" time="0.022174"/>
      </testsuite>
      <testsuite name="Hyde\Publications\Testing\Feature\PublicationSchemaValidatorTest" file="Publication Schema Validator (Hyde\Publications\Testing\Feature\PublicationSchemaValidator)" tests="4" assertions="4" errors="0" failures="0" skipped="0" time="0.133791">
        <testcase name="Validate schema file" file="Publication Schema Validator (Hyde\Publications\Testing\Feature\PublicationSchemaValidator)::Validate schema file" class="Hyde\Publications\Testing\Feature\PublicationSchemaValidatorTest" classname="Hyde.Publications.Testing.Feature.PublicationSchemaValidatorTest" assertions="1" time="0.044946"/>
        <testcase name="Validate schema file with invalid schema" file="Publication Schema Validator (Hyde\Publications\Testing\Feature\PublicationSchemaValidator)::Validate schema file with invalid schema" class="Hyde\Publications\Testing\Feature\PublicationSchemaValidatorTest" classname="Hyde.Publications.Testing.Feature.PublicationSchemaValidatorTest" assertions="1" time="0.024638"/>
        <testcase name="Validate schema file with invalid fields" file="Publication Schema Validator (Hyde\Publications\Testing\Feature\PublicationSchemaValidator)::Validate schema file with invalid fields" class="Hyde\Publications\Testing\Feature\PublicationSchemaValidatorTest" classname="Hyde.Publications.Testing.Feature.PublicationSchemaValidatorTest" assertions="1" time="0.024366"/>
        <testcase name="Validate schema file with invalid data buffered" file="Publication Schema Validator (Hyde\Publications\Testing\Feature\PublicationSchemaValidator)::Validate schema file with invalid data buffered" class="Hyde\Publications\Testing\Feature\PublicationSchemaValidatorTest" classname="Hyde.Publications.Testing.Feature.PublicationSchemaValidatorTest" assertions="1" time="0.039841"/>
      </testsuite>
      <testsuite name="Hyde\Publications\Testing\Feature\PublicationServiceTest" file="Publication Service (Hyde\Publications\Testing\Feature\PublicationService)" tests="21" assertions="24" errors="0" failures="0" skipped="0" time="0.604186">
        <testcase name="Get publication types" file="Publication Service (Hyde\Publications\Testing\Feature\PublicationService)::Get publication types" class="Hyde\Publications\Testing\Feature\PublicationServiceTest" classname="Hyde.Publications.Testing.Feature.PublicationServiceTest" assertions="1" time="0.028347"/>
        <testcase name="Get publication types with types" file="Publication Service (Hyde\Publications\Testing\Feature\PublicationService)::Get publication types with types" class="Hyde\Publications\Testing\Feature\PublicationServiceTest" classname="Hyde.Publications.Testing.Feature.PublicationServiceTest" assertions="1" time="0.026415"/>
        <testcase name="Get publication types method returns the same instances" file="Publication Service (Hyde\Publications\Testing\Feature\PublicationService)::Get publication types method returns the same instances" class="Hyde\Publications\Testing\Feature\PublicationServiceTest" classname="Hyde.Publications.Testing.Feature.PublicationServiceTest" assertions="1" time="0.021587"/>
        <testcase name="Get publications for pub type" file="Publication Service (Hyde\Publications\Testing\Feature\PublicationService)::Get publications for pub type" class="Hyde\Publications\Testing\Feature\PublicationServiceTest" classname="Hyde.Publications.Testing.Feature.PublicationServiceTest" assertions="1" time="0.026198"/>
        <testcase name="Get publications for pub type with publications" file="Publication Service (Hyde\Publications\Testing\Feature\PublicationService)::Get publications for pub type with publications" class="Hyde\Publications\Testing\Feature\PublicationServiceTest" classname="Hyde.Publications.Testing.Feature.PublicationServiceTest" assertions="1" time="0.031126"/>
        <testcase name="Get publications for pub type only contains instances of publication page" file="Publication Service (Hyde\Publications\Testing\Feature\PublicationService)::Get publications for pub type only contains instances of publication page" class="Hyde\Publications\Testing\Feature\PublicationServiceTest" classname="Hyde.Publications.Testing.Feature.PublicationServiceTest" assertions="1" time="0.028086"/>
        <testcase name="Get publications for pub type sorts publications by sort field" file="Publication Service (Hyde\Publications\Testing\Feature\PublicationService)::Get publications for pub type sorts publications by sort field" class="Hyde\Publications\Testing\Feature\PublicationServiceTest" classname="Hyde.Publications.Testing.Feature.PublicationServiceTest" assertions="1" time="0.039140"/>
        <testcase name="Get publications for pub type sorts publications with specified direction" file="Publication Service (Hyde\Publications\Testing\Feature\PublicationService)::Get publications for pub type sorts publications with specified direction" class="Hyde\Publications\Testing\Feature\PublicationServiceTest" classname="Hyde.Publications.Testing.Feature.PublicationServiceTest" assertions="1" time="0.039301"/>
        <testcase name="Get publications for pub type sorts publications by new sort field" file="Publication Service (Hyde\Publications\Testing\Feature\PublicationService)::Get publications for pub type sorts publications by new sort field" class="Hyde\Publications\Testing\Feature\PublicationServiceTest" classname="Hyde.Publications.Testing.Feature.PublicationServiceTest" assertions="1" time="0.047480"/>
        <testcase name="Get publications for pub type sorts publications by new sort field descending" file="Publication Service (Hyde\Publications\Testing\Feature\PublicationService)::Get publications for pub type sorts publications by new sort field descending" class="Hyde\Publications\Testing\Feature\PublicationServiceTest" classname="Hyde.Publications.Testing.Feature.PublicationServiceTest" assertions="1" time="0.039368"/>
        <testcase name="Get publications for pub type with invalid sort field" file="Publication Service (Hyde\Publications\Testing\Feature\PublicationService)::Get publications for pub type with invalid sort field" class="Hyde\Publications\Testing\Feature\PublicationServiceTest" classname="Hyde.Publications.Testing.Feature.PublicationServiceTest" assertions="1" time="0.039163"/>
        <testcase name="Get media for pub type" file="Publication Service (Hyde\Publications\Testing\Feature\PublicationService)::Get media for pub type" class="Hyde\Publications\Testing\Feature\PublicationServiceTest" classname="Hyde.Publications.Testing.Feature.PublicationServiceTest" assertions="1" time="0.022026"/>
        <testcase name="Get media for pub type with media" file="Publication Service (Hyde\Publications\Testing\Feature\PublicationService)::Get media for pub type with media" class="Hyde\Publications\Testing\Feature\PublicationServiceTest" classname="Hyde.Publications.Testing.Feature.PublicationServiceTest" assertions="1" time="0.022989"/>
        <testcase name="Get media for pub type with custom media directory" file="Publication Service (Hyde\Publications\Testing\Feature\PublicationService)::Get media for pub type with custom media directory" class="Hyde\Publications\Testing\Feature\PublicationServiceTest" classname="Hyde.Publications.Testing.Feature.PublicationServiceTest" assertions="1" time="0.023510"/>
        <testcase name="Parse publication file" file="Publication Service (Hyde\Publications\Testing\Feature\PublicationService)::Parse publication file" class="Hyde\Publications\Testing\Feature\PublicationServiceTest" classname="Hyde.Publications.Testing.Feature.PublicationServiceTest" assertions="2" time="0.023701"/>
        <testcase name="Parse publication file with non existent file" file="Publication Service (Hyde\Publications\Testing\Feature\PublicationService)::Parse publication file with non existent file" class="Hyde\Publications\Testing\Feature\PublicationServiceTest" classname="Hyde.Publications.Testing.Feature.PublicationServiceTest" assertions="2" time="0.021637"/>
        <testcase name="Publication type exists" file="Publication Service (Hyde\Publications\Testing\Feature\PublicationService)::Publication type exists" class="Hyde\Publications\Testing\Feature\PublicationServiceTest" classname="Hyde.Publications.Testing.Feature.PublicationServiceTest" assertions="2" time="0.021912"/>
        <testcase name="Can get tags used in publications" file="Publication Service (Hyde\Publications\Testing\Feature\PublicationService)::Can get tags used in publications" class="Hyde\Publications\Testing\Feature\PublicationServiceTest" classname="Hyde.Publications.Testing.Feature.PublicationServiceTest" assertions="1" time="0.025494"/>
        <testcase name="Multiple occurring tags are aggregated uniquely" file="Publication Service (Hyde\Publications\Testing\Feature\PublicationService)::Multiple occurring tags are aggregated uniquely" class="Hyde\Publications\Testing\Feature\PublicationServiceTest" classname="Hyde.Publications.Testing.Feature.PublicationServiceTest" assertions="1" time="0.025592"/>
        <testcase name="All tags method finds both array and single tag values" file="Publication Service (Hyde\Publications\Testing\Feature\PublicationService)::All tags method finds both array and single tag values" class="Hyde\Publications\Testing\Feature\PublicationServiceTest" classname="Hyde.Publications.Testing.Feature.PublicationServiceTest" assertions="1" time="0.025762"/>
        <testcase name="All tags method returns empty array when there are no tags used" file="Publication Service (Hyde\Publications\Testing\Feature\PublicationService)::All tags method returns empty array when there are no tags used" class="Hyde\Publications\Testing\Feature\PublicationServiceTest" classname="Hyde.Publications.Testing.Feature.PublicationServiceTest" assertions="1" time="0.025353"/>
      </testsuite>
      <testsuite name="Hyde\Publications\Testing\Feature\PublicationTypeTest" file="Publication Type (Hyde\Publications\Testing\Feature\PublicationType)" tests="39" assertions="62" errors="0" failures="0" skipped="0" time="0.985266">
        <testcase name="Can construct new publication type" file="Publication Type (Hyde\Publications\Testing\Feature\PublicationType)::Can construct new publication type" class="Hyde\Publications\Testing\Feature\PublicationTypeTest" classname="Hyde.Publications.Testing.Feature.PublicationTypeTest" assertions="8" time="0.050320"/>
        <testcase name="Construct with default values" file="Publication Type (Hyde\Publications\Testing\Feature\PublicationType)::Construct with default values" class="Hyde\Publications\Testing\Feature\PublicationTypeTest" classname="Hyde.Publications.Testing.Feature.PublicationTypeTest" assertions="9" time="0.022337"/>
        <testcase name="Construct with pagination settings" file="Publication Type (Hyde\Publications\Testing\Feature\PublicationType)::Construct with pagination settings" class="Hyde\Publications\Testing\Feature\PublicationTypeTest" classname="Hyde.Publications.Testing.Feature.PublicationTypeTest" assertions="3" time="0.036737"/>
        <testcase name="Class is arrayable" file="Publication Type (Hyde\Publications\Testing\Feature\PublicationType)::Class is arrayable" class="Hyde\Publications\Testing\Feature\PublicationTypeTest" classname="Hyde.Publications.Testing.Feature.PublicationTypeTest" assertions="1" time="0.021291"/>
        <testcase name="Class is json serializable" file="Publication Type (Hyde\Publications\Testing\Feature\PublicationType)::Class is json serializable" class="Hyde\Publications\Testing\Feature\PublicationTypeTest" classname="Hyde.Publications.Testing.Feature.PublicationTypeTest" assertions="1" time="0.020651"/>
        <testcase name="Class is jsonable" file="Publication Type (Hyde\Publications\Testing\Feature\PublicationType)::Class is jsonable" class="Hyde\Publications\Testing\Feature\PublicationTypeTest" classname="Hyde.Publications.Testing.Feature.PublicationTypeTest" assertions="1" time="0.020685"/>
        <testcase name="Get directory" file="Publication Type (Hyde\Publications\Testing\Feature\PublicationType)::Get directory" class="Hyde\Publications\Testing\Feature\PublicationTypeTest" classname="Hyde.Publications.Testing.Feature.PublicationTypeTest" assertions="1" time="0.020577"/>
        <testcase name="Get identifier" file="Publication Type (Hyde\Publications\Testing\Feature\PublicationType)::Get identifier" class="Hyde\Publications\Testing\Feature\PublicationTypeTest" classname="Hyde.Publications.Testing.Feature.PublicationTypeTest" assertions="1" time="0.020421"/>
        <testcase name="Get identifier with no directory" file="Publication Type (Hyde\Publications\Testing\Feature\PublicationType)::Get identifier with no directory" class="Hyde\Publications\Testing\Feature\PublicationTypeTest" classname="Hyde.Publications.Testing.Feature.PublicationTypeTest" assertions="1" time="0.020339"/>
        <testcase name="Can save to json file" file="Publication Type (Hyde\Publications\Testing\Feature\PublicationType)::Can save to json file" class="Hyde\Publications\Testing\Feature\PublicationTypeTest" classname="Hyde.Publications.Testing.Feature.PublicationTypeTest" assertions="2" time="0.021179"/>
        <testcase name="Can save to json file using custom path" file="Publication Type (Hyde\Publications\Testing\Feature\PublicationType)::Can save to json file using custom path" class="Hyde\Publications\Testing\Feature\PublicationTypeTest" classname="Hyde.Publications.Testing.Feature.PublicationTypeTest" assertions="2" time="0.021262"/>
        <testcase name="Can load from json file" file="Publication Type (Hyde\Publications\Testing\Feature\PublicationType)::Can load from json file" class="Hyde\Publications\Testing\Feature\PublicationTypeTest" classname="Hyde.Publications.Testing.Feature.PublicationTypeTest" assertions="1" time="0.022088"/>
        <testcase name="Can load fields with validation rules" file="Publication Type (Hyde\Publications\Testing\Feature\PublicationType)::Can load fields with validation rules" class="Hyde\Publications\Testing\Feature\PublicationTypeTest" classname="Hyde.Publications.Testing.Feature.PublicationTypeTest" assertions="1" time="0.021608"/>
        <testcase name="Get fields method returns collection of field objects" file="Publication Type (Hyde\Publications\Testing\Feature\PublicationType)::Get fields method returns collection of field objects" class="Hyde\Publications\Testing\Feature\PublicationTypeTest" classname="Hyde.Publications.Testing.Feature.PublicationTypeTest" assertions="4" time="0.020918"/>
        <testcase name="Get field method parses publication fields from schema file" file="Publication Type (Hyde\Publications\Testing\Feature\PublicationType)::Get field method parses publication fields from schema file" class="Hyde\Publications\Testing\Feature\PublicationTypeTest" classname="Hyde.Publications.Testing.Feature.PublicationTypeTest" assertions="1" time="0.021720"/>
        <testcase name="Get field method parses publication fields with option properties from schema file" file="Publication Type (Hyde\Publications\Testing\Feature\PublicationType)::Get field method parses publication fields with option properties from schema file" class="Hyde\Publications\Testing\Feature\PublicationTypeTest" classname="Hyde.Publications.Testing.Feature.PublicationTypeTest" assertions="1" time="0.022675"/>
        <testcase name="Get method can find existing file on disk" file="Publication Type (Hyde\Publications\Testing\Feature\PublicationType)::Get method can find existing file on disk" class="Hyde\Publications\Testing\Feature\PublicationTypeTest" classname="Hyde.Publications.Testing.Feature.PublicationTypeTest" assertions="1" time="0.022296"/>
        <testcase name="Get method fails if publication type does not exist" file="Publication Type (Hyde\Publications\Testing\Feature\PublicationType)::Get method fails if publication type does not exist" class="Hyde\Publications\Testing\Feature\PublicationTypeTest" classname="Hyde.Publications.Testing.Feature.PublicationTypeTest" assertions="2" time="0.020808"/>
        <testcase name="Get list page" file="Publication Type (Hyde\Publications\Testing\Feature\PublicationType)::Get list page" class="Hyde\Publications\Testing\Feature\PublicationTypeTest" classname="Hyde.Publications.Testing.Feature.PublicationTypeTest" assertions="1" time="0.023042"/>
        <testcase name="Get field definition" file="Publication Type (Hyde\Publications\Testing\Feature\PublicationType)::Get field definition" class="Hyde\Publications\Testing\Feature\PublicationTypeTest" classname="Hyde.Publications.Testing.Feature.PublicationTypeTest" assertions="1" time="0.020701"/>
        <testcase name="Get field definition with missing field" file="Publication Type (Hyde\Publications\Testing\Feature\PublicationType)::Get field definition with missing field" class="Hyde\Publications\Testing\Feature\PublicationTypeTest" classname="Hyde.Publications.Testing.Feature.PublicationTypeTest" assertions="1" time="0.020701"/>
        <testcase name="Get canonical field definition" file="Publication Type (Hyde\Publications\Testing\Feature\PublicationType)::Get canonical field definition" class="Hyde\Publications\Testing\Feature\PublicationTypeTest" classname="Hyde.Publications.Testing.Feature.PublicationTypeTest" assertions="1" time="0.020731"/>
        <testcase name="Get canonical field definition with meta field as canonical" file="Publication Type (Hyde\Publications\Testing\Feature\PublicationType)::Get canonical field definition with meta field as canonical" class="Hyde\Publications\Testing\Feature\PublicationTypeTest" classname="Hyde.Publications.Testing.Feature.PublicationTypeTest" assertions="1" time="0.020804"/>
        <testcase name="Get publications" file="Publication Type (Hyde\Publications\Testing\Feature\PublicationType)::Get publications" class="Hyde\Publications\Testing\Feature\PublicationTypeTest" classname="Hyde.Publications.Testing.Feature.PublicationTypeTest" assertions="1" time="0.025675"/>
        <testcase name="Get paginator" file="Publication Type (Hyde\Publications\Testing\Feature\PublicationType)::Get paginator" class="Hyde\Publications\Testing\Feature\PublicationTypeTest" classname="Hyde.Publications.Testing.Feature.PublicationTypeTest" assertions="1" time="0.026083"/>
        <testcase name="Get paginator with custom publication type pagination settings" file="Publication Type (Hyde\Publications\Testing\Feature\PublicationType)::Get paginator with custom publication type pagination settings" class="Hyde\Publications\Testing\Feature\PublicationTypeTest" classname="Hyde.Publications.Testing.Feature.PublicationTypeTest" assertions="1" time="0.027445"/>
        <testcase name="Get paginator sorts collection by specified pagination settings" file="Publication Type (Hyde\Publications\Testing\Feature\PublicationType)::Get paginator sorts collection by specified pagination settings" class="Hyde\Publications\Testing\Feature\PublicationTypeTest" classname="Hyde.Publications.Testing.Feature.PublicationTypeTest" assertions="1" time="0.048094"/>
        <testcase name="Get paginator sorts collection by specified pagination settings with descending sort" file="Publication Type (Hyde\Publications\Testing\Feature\PublicationType)::Get paginator sorts collection by specified pagination settings with descending sort" class="Hyde\Publications\Testing\Feature\PublicationTypeTest" classname="Hyde.Publications.Testing.Feature.PublicationTypeTest" assertions="1" time="0.047933"/>
        <testcase name="Uses pagination returns true when pagination should be enabled" file="Publication Type (Hyde\Publications\Testing\Feature\PublicationType)::Uses pagination returns true when pagination should be enabled" class="Hyde\Publications\Testing\Feature\PublicationTypeTest" classname="Hyde.Publications.Testing.Feature.PublicationTypeTest" assertions="1" time="0.031388"/>
        <testcase name="Uses pagination returns false when page size is set to nought" file="Publication Type (Hyde\Publications\Testing\Feature\PublicationType)::Uses pagination returns false when page size is set to nought" class="Hyde\Publications\Testing\Feature\PublicationTypeTest" classname="Hyde.Publications.Testing.Feature.PublicationTypeTest" assertions="1" time="0.022097"/>
        <testcase name="Uses pagination returns false when number of pages is less than page size" file="Publication Type (Hyde\Publications\Testing\Feature\PublicationType)::Uses pagination returns false when number of pages is less than page size" class="Hyde\Publications\Testing\Feature\PublicationTypeTest" classname="Hyde.Publications.Testing.Feature.PublicationTypeTest" assertions="1" time="0.030308"/>
        <testcase name="Array representation with default values" file="Publication Type (Hyde\Publications\Testing\Feature\PublicationType)::Array representation with default values" class="Hyde\Publications\Testing\Feature\PublicationTypeTest" classname="Hyde.Publications.Testing.Feature.PublicationTypeTest" assertions="1" time="0.020659"/>
        <testcase name="Json representation with default values" file="Publication Type (Hyde\Publications\Testing\Feature\PublicationType)::Json representation with default values" class="Hyde\Publications\Testing\Feature\PublicationTypeTest" classname="Hyde.Publications.Testing.Feature.PublicationTypeTest" assertions="1" time="0.020376"/>
        <testcase name="Array representation with metadata" file="Publication Type (Hyde\Publications\Testing\Feature\PublicationType)::Array representation with metadata" class="Hyde\Publications\Testing\Feature\PublicationTypeTest" classname="Hyde.Publications.Testing.Feature.PublicationTypeTest" assertions="1" time="0.021459"/>
        <testcase name="Json representation with metadata" file="Publication Type (Hyde\Publications\Testing\Feature\PublicationType)::Json representation with metadata" class="Hyde\Publications\Testing\Feature\PublicationTypeTest" classname="Hyde.Publications.Testing.Feature.PublicationTypeTest" assertions="1" time="0.037608"/>
        <testcase name="Can parse schema file with metadata" file="Publication Type (Hyde\Publications\Testing\Feature\PublicationType)::Can parse schema file with metadata" class="Hyde\Publications\Testing\Feature\PublicationTypeTest" classname="Hyde.Publications.Testing.Feature.PublicationTypeTest" assertions="1" time="0.024366"/>
        <testcase name="Can get metadata" file="Publication Type (Hyde\Publications\Testing\Feature\PublicationType)::Can get metadata" class="Hyde\Publications\Testing\Feature\PublicationTypeTest" classname="Hyde.Publications.Testing.Feature.PublicationTypeTest" assertions="1" time="0.022518"/>
        <testcase name="Can set metadata" file="Publication Type (Hyde\Publications\Testing\Feature\PublicationType)::Can set metadata" class="Hyde\Publications\Testing\Feature\PublicationTypeTest" classname="Hyde.Publications.Testing.Feature.PublicationTypeTest" assertions="1" time="0.021143"/>
        <testcase name="Validate schema file" file="Publication Type (Hyde\Publications\Testing\Feature\PublicationType)::Validate schema file" class="Hyde\Publications\Testing\Feature\PublicationTypeTest" classname="Hyde.Publications.Testing.Feature.PublicationTypeTest" assertions="1" time="0.024222"/>
      </testsuite>
      <testsuite name="Hyde\Publications\Testing\Feature\PublicationsExtensionTest" file="Publications Extension (Hyde\Publications\Testing\Feature\PublicationsExtension)" tests="16" assertions="34" errors="0" failures="0" skipped="0" time="0.553758">
        <testcase name="Get page classes method" file="Publications Extension (Hyde\Publications\Testing\Feature\PublicationsExtension)::Get page classes method" class="Hyde\Publications\Testing\Feature\PublicationsExtensionTest" classname="Hyde.Publications.Testing.Feature.PublicationsExtensionTest" assertions="1" time="0.072951"/>
        <testcase name="Get types method" file="Publications Extension (Hyde\Publications\Testing\Feature\PublicationsExtension)::Get types method" class="Hyde\Publications\Testing\Feature\PublicationsExtensionTest" classname="Hyde.Publications.Testing.Feature.PublicationsExtensionTest" assertions="1" time="0.023905"/>
        <testcase name="Get types method with types" file="Publications Extension (Hyde\Publications\Testing\Feature\PublicationsExtension)::Get types method with types" class="Hyde\Publications\Testing\Feature\PublicationsExtensionTest" classname="Hyde.Publications.Testing.Feature.PublicationsExtensionTest" assertions="1" time="0.030857"/>
        <testcase name="Get types method with multiple types" file="Publications Extension (Hyde\Publications\Testing\Feature\PublicationsExtension)::Get types method with multiple types" class="Hyde\Publications\Testing\Feature\PublicationsExtensionTest" classname="Hyde.Publications.Testing.Feature.PublicationsExtensionTest" assertions="1" time="0.032934"/>
        <testcase name="Publication files are discovered" file="Publications Extension (Hyde\Publications\Testing\Feature\PublicationsExtension)::Publication files are discovered" class="Hyde\Publications\Testing\Feature\PublicationsExtensionTest" classname="Hyde.Publications.Testing.Feature.PublicationsExtensionTest" assertions="3" time="0.027324"/>
        <testcase name="Publication files are discovered for multiple types" file="Publications Extension (Hyde\Publications\Testing\Feature\PublicationsExtension)::Publication files are discovered for multiple types" class="Hyde\Publications\Testing\Feature\PublicationsExtensionTest" classname="Hyde.Publications.Testing.Feature.PublicationsExtensionTest" assertions="1" time="0.028636"/>
        <testcase name="Publication media files are discovered" file="Publications Extension (Hyde\Publications\Testing\Feature\PublicationsExtension)::Publication media files are discovered" class="Hyde\Publications\Testing\Feature\PublicationsExtensionTest" classname="Hyde.Publications.Testing.Feature.PublicationsExtensionTest" assertions="2" time="0.025726"/>
        <testcase name="Base publication pages are discovered" file="Publications Extension (Hyde\Publications\Testing\Feature\PublicationsExtension)::Base publication pages are discovered" class="Hyde\Publications\Testing\Feature\PublicationsExtensionTest" classname="Hyde.Publications.Testing.Feature.PublicationsExtensionTest" assertions="1" time="0.032057"/>
        <testcase name="Publication pages are discovered" file="Publications Extension (Hyde\Publications\Testing\Feature\PublicationsExtension)::Publication pages are discovered" class="Hyde\Publications\Testing\Feature\PublicationsExtensionTest" classname="Hyde.Publications.Testing.Feature.PublicationsExtensionTest" assertions="3" time="0.034082"/>
        <testcase name="Listing pages for publications are generated" file="Publications Extension (Hyde\Publications\Testing\Feature\PublicationsExtension)::Listing pages for publications are generated" class="Hyde\Publications\Testing\Feature\PublicationsExtensionTest" classname="Hyde.Publications.Testing.Feature.PublicationsExtensionTest" assertions="3" time="0.034498"/>
        <testcase name="Paginated listing pages for publications are generated" file="Publications Extension (Hyde\Publications\Testing\Feature\PublicationsExtension)::Paginated listing pages for publications are generated" class="Hyde\Publications\Testing\Feature\PublicationsExtensionTest" classname="Hyde.Publications.Testing.Feature.PublicationsExtensionTest" assertions="3" time="0.039125"/>
        <testcase name="Publication tag list pages are generated" file="Publications Extension (Hyde\Publications\Testing\Feature\PublicationsExtension)::Publication tag list pages are generated" class="Hyde\Publications\Testing\Feature\PublicationsExtensionTest" classname="Hyde.Publications.Testing.Feature.PublicationsExtensionTest" assertions="1" time="0.035499"/>
        <testcase name="Publication tag list routes with tags are generated" file="Publications Extension (Hyde\Publications\Testing\Feature\PublicationsExtension)::Publication tag list routes with tags are generated" class="Hyde\Publications\Testing\Feature\PublicationsExtensionTest" classname="Hyde.Publications.Testing.Feature.PublicationsExtensionTest" assertions="3" time="0.037192"/>
        <testcase name="Publication routes are discovered" file="Publications Extension (Hyde\Publications\Testing\Feature\PublicationsExtension)::Publication routes are discovered" class="Hyde\Publications\Testing\Feature\PublicationsExtensionTest" classname="Hyde.Publications.Testing.Feature.PublicationsExtensionTest" assertions="4" time="0.033997"/>
        <testcase name="Publication tag list routes are discovered" file="Publications Extension (Hyde\Publications\Testing\Feature\PublicationsExtension)::Publication tag list routes are discovered" class="Hyde\Publications\Testing\Feature\PublicationsExtensionTest" classname="Hyde.Publications.Testing.Feature.PublicationsExtensionTest" assertions="3" time="0.031475"/>
        <testcase name="Publication tag list routes with tags are discovered" file="Publications Extension (Hyde\Publications\Testing\Feature\PublicationsExtension)::Publication tag list routes with tags are discovered" class="Hyde\Publications\Testing\Feature\PublicationsExtensionTest" classname="Hyde.Publications.Testing.Feature.PublicationsExtensionTest" assertions="3" time="0.033498"/>
      </testsuite>
      <testsuite name="Hyde\Publications\Testing\Feature\RelatedPublicationsComponentTest" file="Related Publications Component (Hyde\Publications\Testing\Feature\RelatedPublicationsComponent)" tests="12" assertions="12" errors="0" failures="0" skipped="0" time="0.399399">
        <testcase name="With standard page" file="Related Publications Component (Hyde\Publications\Testing\Feature\RelatedPublicationsComponent)::With standard page" class="Hyde\Publications\Testing\Feature\RelatedPublicationsComponentTest" classname="Hyde.Publications.Testing.Feature.RelatedPublicationsComponentTest" assertions="1" time="0.080204"/>
        <testcase name="With blank publication type" file="Related Publications Component (Hyde\Publications\Testing\Feature\RelatedPublicationsComponent)::With blank publication type" class="Hyde\Publications\Testing\Feature\RelatedPublicationsComponentTest" classname="Hyde.Publications.Testing.Feature.RelatedPublicationsComponentTest" assertions="1" time="0.023414"/>
        <testcase name="With empty tags" file="Related Publications Component (Hyde\Publications\Testing\Feature\RelatedPublicationsComponent)::With empty tags" class="Hyde\Publications\Testing\Feature\RelatedPublicationsComponentTest" classname="Hyde.Publications.Testing.Feature.RelatedPublicationsComponentTest" assertions="1" time="0.027223"/>
        <testcase name="With publication with tag" file="Related Publications Component (Hyde\Publications\Testing\Feature\RelatedPublicationsComponent)::With publication with tag" class="Hyde\Publications\Testing\Feature\RelatedPublicationsComponentTest" classname="Hyde.Publications.Testing.Feature.RelatedPublicationsComponentTest" assertions="1" time="0.027960"/>
        <testcase name="With more tagged publications" file="Related Publications Component (Hyde\Publications\Testing\Feature\RelatedPublicationsComponent)::With more tagged publications" class="Hyde\Publications\Testing\Feature\RelatedPublicationsComponentTest" classname="Hyde.Publications.Testing.Feature.RelatedPublicationsComponentTest" assertions="1" time="0.027887"/>
        <testcase name="With publications with other tag value" file="Related Publications Component (Hyde\Publications\Testing\Feature\RelatedPublicationsComponent)::With publications with other tag value" class="Hyde\Publications\Testing\Feature\RelatedPublicationsComponentTest" classname="Hyde.Publications.Testing.Feature.RelatedPublicationsComponentTest" assertions="1" time="0.028190"/>
        <testcase name="With publications with current one being untagged" file="Related Publications Component (Hyde\Publications\Testing\Feature\RelatedPublicationsComponent)::With publications with current one being untagged" class="Hyde\Publications\Testing\Feature\RelatedPublicationsComponentTest" classname="Hyde.Publications.Testing.Feature.RelatedPublicationsComponentTest" assertions="1" time="0.028021"/>
        <testcase name="With multiple related pages" file="Related Publications Component (Hyde\Publications\Testing\Feature\RelatedPublicationsComponent)::With multiple related pages" class="Hyde\Publications\Testing\Feature\RelatedPublicationsComponentTest" classname="Hyde.Publications.Testing.Feature.RelatedPublicationsComponentTest" assertions="1" time="0.030771"/>
        <testcase name="With multiple related pages and limit" file="Related Publications Component (Hyde\Publications\Testing\Feature\RelatedPublicationsComponent)::With multiple related pages and limit" class="Hyde\Publications\Testing\Feature\RelatedPublicationsComponentTest" classname="Hyde.Publications.Testing.Feature.RelatedPublicationsComponentTest" assertions="1" time="0.030619"/>
        <testcase name="Only publications with the same tag are included" file="Related Publications Component (Hyde\Publications\Testing\Feature\RelatedPublicationsComponent)::Only publications with the same tag are included" class="Hyde\Publications\Testing\Feature\RelatedPublicationsComponentTest" classname="Hyde.Publications.Testing.Feature.RelatedPublicationsComponentTest" assertions="1" time="0.030563"/>
        <testcase name="Results are sorted by date with latest first" file="Related Publications Component (Hyde\Publications\Testing\Feature\RelatedPublicationsComponent)::Results are sorted by date with latest first" class="Hyde\Publications\Testing\Feature\RelatedPublicationsComponentTest" classname="Hyde.Publications.Testing.Feature.RelatedPublicationsComponentTest" assertions="1" time="0.031137"/>
        <testcase name="The render method" file="Related Publications Component (Hyde\Publications\Testing\Feature\RelatedPublicationsComponent)::The render method" class="Hyde\Publications\Testing\Feature\RelatedPublicationsComponentTest" classname="Hyde.Publications.Testing.Feature.RelatedPublicationsComponentTest" assertions="1" time="0.033411"/>
      </testsuite>
      <testsuite name="Hyde\Publications\Testing\Feature\SeedPublicationCommandTest" file="Seed Publication Command (Hyde\Publications\Testing\Feature\SeedPublicationCommand)" tests="7" assertions="29" errors="0" failures="0" skipped="0" time="0.273737">
        <testcase name="Can seed publications" file="Seed Publication Command (Hyde\Publications\Testing\Feature\SeedPublicationCommand)::Can seed publications" class="Hyde\Publications\Testing\Feature\SeedPublicationCommandTest" classname="Hyde.Publications.Testing.Feature.SeedPublicationCommandTest" assertions="6" time="0.101898"/>
        <testcase name="Can seed publications using arguments" file="Seed Publication Command (Hyde\Publications\Testing\Feature\SeedPublicationCommand)::Can seed publications using arguments" class="Hyde\Publications\Testing\Feature\SeedPublicationCommandTest" classname="Hyde.Publications.Testing.Feature.SeedPublicationCommandTest" assertions="3" time="0.029817"/>
        <testcase name="Can seed multiple publications" file="Seed Publication Command (Hyde\Publications\Testing\Feature\SeedPublicationCommand)::Can seed multiple publications" class="Hyde\Publications\Testing\Feature\SeedPublicationCommandTest" classname="Hyde.Publications.Testing.Feature.SeedPublicationCommandTest" assertions="4" time="0.031649"/>
        <testcase name="Command asks to confirm before creating many publications" file="Seed Publication Command (Hyde\Publications\Testing\Feature\SeedPublicationCommand)::Command asks to confirm before creating many publications" class="Hyde\Publications\Testing\Feature\SeedPublicationCommandTest" classname="Hyde.Publications.Testing.Feature.SeedPublicationCommandTest" assertions="7" time="0.028655"/>
        <testcase name="Command asks to confirm before creating many publications when using arguments" file="Seed Publication Command (Hyde\Publications\Testing\Feature\SeedPublicationCommand)::Command asks to confirm before creating many publications when using arguments" class="Hyde\Publications\Testing\Feature\SeedPublicationCommandTest" classname="Hyde.Publications.Testing.Feature.SeedPublicationCommandTest" assertions="5" time="0.028310"/>
        <testcase name="With invalid publication type" file="Seed Publication Command (Hyde\Publications\Testing\Feature\SeedPublicationCommand)::With invalid publication type" class="Hyde\Publications\Testing\Feature\SeedPublicationCommandTest" classname="Hyde.Publications.Testing.Feature.SeedPublicationCommandTest" assertions="2" time="0.027105"/>
        <testcase name="With no publication types" file="Seed Publication Command (Hyde\Publications\Testing\Feature\SeedPublicationCommand)::With no publication types" class="Hyde\Publications\Testing\Feature\SeedPublicationCommandTest" classname="Hyde.Publications.Testing.Feature.SeedPublicationCommandTest" assertions="2" time="0.026304"/>
      </testsuite>
      <testsuite name="Hyde\Publications\Testing\Feature\SeedsPublicationFilesTest" file="Seeds Publication Files (Hyde\Publications\Testing\Feature\SeedsPublicationFiles)" tests="13" assertions="38" errors="0" failures="0" skipped="0" time="0.391413">
        <testcase name="Create" file="Seeds Publication Files (Hyde\Publications\Testing\Feature\SeedsPublicationFiles)::Create" class="Hyde\Publications\Testing\Feature\SeedsPublicationFilesTest" classname="Hyde.Publications.Testing.Feature.SeedsPublicationFilesTest" assertions="3" time="0.035079"/>
        <testcase name="Create many" file="Seeds Publication Files (Hyde\Publications\Testing\Feature\SeedsPublicationFiles)::Create many" class="Hyde\Publications\Testing\Feature\SeedsPublicationFilesTest" classname="Hyde.Publications.Testing.Feature.SeedsPublicationFilesTest" assertions="2" time="0.027790"/>
        <testcase name="With array type" file="Seeds Publication Files (Hyde\Publications\Testing\Feature\SeedsPublicationFiles)::With array type" class="Hyde\Publications\Testing\Feature\SeedsPublicationFilesTest" classname="Hyde.Publications.Testing.Feature.SeedsPublicationFilesTest" assertions="5" time="0.026913"/>
        <testcase name="With boolean type" file="Seeds Publication Files (Hyde\Publications\Testing\Feature\SeedsPublicationFiles)::With boolean type" class="Hyde\Publications\Testing\Feature\SeedsPublicationFilesTest" classname="Hyde.Publications.Testing.Feature.SeedsPublicationFilesTest" assertions="2" time="0.026732"/>
        <testcase name="With date time type" file="Seeds Publication Files (Hyde\Publications\Testing\Feature\SeedsPublicationFiles)::With date time type" class="Hyde\Publications\Testing\Feature\SeedsPublicationFilesTest" classname="Hyde.Publications.Testing.Feature.SeedsPublicationFilesTest" assertions="3" time="0.026535"/>
        <testcase name="With float type" file="Seeds Publication Files (Hyde\Publications\Testing\Feature\SeedsPublicationFiles)::With float type" class="Hyde\Publications\Testing\Feature\SeedsPublicationFilesTest" classname="Hyde.Publications.Testing.Feature.SeedsPublicationFilesTest" assertions="2" time="0.026736"/>
        <testcase name="With media type" file="Seeds Publication Files (Hyde\Publications\Testing\Feature\SeedsPublicationFiles)::With media type" class="Hyde\Publications\Testing\Feature\SeedsPublicationFilesTest" classname="Hyde.Publications.Testing.Feature.SeedsPublicationFilesTest" assertions="3" time="0.026405"/>
        <testcase name="With integer type" file="Seeds Publication Files (Hyde\Publications\Testing\Feature\SeedsPublicationFiles)::With integer type" class="Hyde\Publications\Testing\Feature\SeedsPublicationFilesTest" classname="Hyde.Publications.Testing.Feature.SeedsPublicationFilesTest" assertions="2" time="0.026168"/>
        <testcase name="With string type" file="Seeds Publication Files (Hyde\Publications\Testing\Feature\SeedsPublicationFiles)::With string type" class="Hyde\Publications\Testing\Feature\SeedsPublicationFilesTest" classname="Hyde.Publications.Testing.Feature.SeedsPublicationFilesTest" assertions="2" time="0.026214"/>
        <testcase name="With tag type" file="Seeds Publication Files (Hyde\Publications\Testing\Feature\SeedsPublicationFiles)::With tag type" class="Hyde\Publications\Testing\Feature\SeedsPublicationFilesTest" classname="Hyde.Publications.Testing.Feature.SeedsPublicationFilesTest" assertions="4" time="0.061858"/>
        <testcase name="With text type" file="Seeds Publication Files (Hyde\Publications\Testing\Feature\SeedsPublicationFiles)::With text type" class="Hyde\Publications\Testing\Feature\SeedsPublicationFilesTest" classname="Hyde.Publications.Testing.Feature.SeedsPublicationFilesTest" assertions="4" time="0.027354"/>
        <testcase name="With url type" file="Seeds Publication Files (Hyde\Publications\Testing\Feature\SeedsPublicationFiles)::With url type" class="Hyde\Publications\Testing\Feature\SeedsPublicationFilesTest" classname="Hyde.Publications.Testing.Feature.SeedsPublicationFilesTest" assertions="3" time="0.026860"/>
        <testcase name="With canonical definition" file="Seeds Publication Files (Hyde\Publications\Testing\Feature\SeedsPublicationFiles)::With canonical definition" class="Hyde\Publications\Testing\Feature\SeedsPublicationFilesTest" classname="Hyde.Publications.Testing.Feature.SeedsPublicationFilesTest" assertions="3" time="0.026769"/>
      </testsuite>
      <testsuite name="Hyde\Publications\Testing\Feature\StaticSiteBuilderPublicationModuleTest" file="Static Site Builder Publication Module (Hyde\Publications\Testing\Feature\StaticSiteBuilderPublicationModule)" tests="5" assertions="25" errors="0" failures="0" skipped="0" time="0.754144">
        <testcase name="Compiling with publication type with seeded files containing all field types" file="Static Site Builder Publication Module (Hyde\Publications\Testing\Feature\StaticSiteBuilderPublicationModule)::Compiling with publication type with seeded files containing all field types" class="Hyde\Publications\Testing\Feature\StaticSiteBuilderPublicationModuleTest" classname="Hyde.Publications.Testing.Feature.StaticSiteBuilderPublicationModuleTest" assertions="10" time="0.233195"/>
        <testcase name="Compiling with publication type that uses the published views" file="Static Site Builder Publication Module (Hyde\Publications\Testing\Feature\StaticSiteBuilderPublicationModule)::Compiling with publication type that uses the published views" class="Hyde\Publications\Testing\Feature\StaticSiteBuilderPublicationModuleTest" classname="Hyde.Publications.Testing.Feature.StaticSiteBuilderPublicationModuleTest" assertions="3" time="0.106073"/>
        <testcase name="Compiling with publication type that uses the vendor views" file="Static Site Builder Publication Module (Hyde\Publications\Testing\Feature\StaticSiteBuilderPublicationModule)::Compiling with publication type that uses the vendor views" class="Hyde\Publications\Testing\Feature\StaticSiteBuilderPublicationModuleTest" classname="Hyde.Publications.Testing.Feature.StaticSiteBuilderPublicationModuleTest" assertions="2" time="0.120768"/>
        <testcase name="Compiling with publication type that uses the published paginated views" file="Static Site Builder Publication Module (Hyde\Publications\Testing\Feature\StaticSiteBuilderPublicationModule)::Compiling with publication type that uses the published paginated views" class="Hyde\Publications\Testing\Feature\StaticSiteBuilderPublicationModuleTest" classname="Hyde.Publications.Testing.Feature.StaticSiteBuilderPublicationModuleTest" assertions="5" time="0.151669"/>
        <testcase name="Compiling with publication type that uses the paginated vendor views" file="Static Site Builder Publication Module (Hyde\Publications\Testing\Feature\StaticSiteBuilderPublicationModule)::Compiling with publication type that uses the paginated vendor views" class="Hyde\Publications\Testing\Feature\StaticSiteBuilderPublicationModuleTest" classname="Hyde.Publications.Testing.Feature.StaticSiteBuilderPublicationModuleTest" assertions="5" time="0.142439"/>
      </testsuite>
      <testsuite name="Hyde\Publications\Testing\Feature\TranslationServiceProviderTest" file="Translation Service Provider (Hyde\Publications\Testing\Feature\TranslationServiceProvider)" tests="3" assertions="4" errors="0" failures="0" skipped="0" time="0.073880">
        <testcase name="Register" file="Translation Service Provider (Hyde\Publications\Testing\Feature\TranslationServiceProvider)::Register" class="Hyde\Publications\Testing\Feature\TranslationServiceProviderTest" classname="Hyde.Publications.Testing.Feature.TranslationServiceProviderTest" assertions="2" time="0.029954"/>
        <testcase name="Boot" file="Translation Service Provider (Hyde\Publications\Testing\Feature\TranslationServiceProvider)::Boot" class="Hyde\Publications\Testing\Feature\TranslationServiceProviderTest" classname="Hyde.Publications.Testing.Feature.TranslationServiceProviderTest" assertions="1" time="0.021889"/>
        <testcase name="Validation" file="Translation Service Provider (Hyde\Publications\Testing\Feature\TranslationServiceProvider)::Validation" class="Hyde\Publications\Testing\Feature\TranslationServiceProviderTest" classname="Hyde.Publications.Testing.Feature.TranslationServiceProviderTest" assertions="1" time="0.022037"/>
      </testsuite>
      <testsuite name="Hyde\Publications\Testing\Feature\ValidatePublicationTypesCommandTest" file="Validate Publication Types Command (Hyde\Publications\Testing\Feature\ValidatePublicationTypesCommand)" tests="7" assertions="60" errors="0" failures="0" skipped="0" time="0.233607">
        <testcase name="With no publication types" file="Validate Publication Types Command (Hyde\Publications\Testing\Feature\ValidatePublicationTypesCommand)::With no publication types" class="Hyde\Publications\Testing\Feature\ValidatePublicationTypesCommandTest" classname="Hyde.Publications.Testing.Feature.ValidatePublicationTypesCommandTest" assertions="3" time="0.029225"/>
        <testcase name="With valid schema file" file="Validate Publication Types Command (Hyde\Publications\Testing\Feature\ValidatePublicationTypesCommand)::With valid schema file" class="Hyde\Publications\Testing\Feature\ValidatePublicationTypesCommandTest" classname="Hyde.Publications.Testing.Feature.ValidatePublicationTypesCommandTest" assertions="6" time="0.045876"/>
        <testcase name="With invalid schema file" file="Validate Publication Types Command (Hyde\Publications\Testing\Feature\ValidatePublicationTypesCommand)::With invalid schema file" class="Hyde\Publications\Testing\Feature\ValidatePublicationTypesCommandTest" classname="Hyde.Publications.Testing.Feature.ValidatePublicationTypesCommandTest" assertions="19" time="0.036605"/>
        <testcase name="With multiple publication types" file="Validate Publication Types Command (Hyde\Publications\Testing\Feature\ValidatePublicationTypesCommand)::With multiple publication types" class="Hyde\Publications\Testing\Feature\ValidatePublicationTypesCommandTest" classname="Hyde.Publications.Testing.Feature.ValidatePublicationTypesCommandTest" assertions="22" time="0.038202"/>
        <testcase name="With no fields" file="Validate Publication Types Command (Hyde\Publications\Testing\Feature\ValidatePublicationTypesCommand)::With no fields" class="Hyde\Publications\Testing\Feature\ValidatePublicationTypesCommandTest" classname="Hyde.Publications.Testing.Feature.ValidatePublicationTypesCommandTest" assertions="6" time="0.027426"/>
        <testcase name="Json output option" file="Validate Publication Types Command (Hyde\Publications\Testing\Feature\ValidatePublicationTypesCommand)::Json output option" class="Hyde\Publications\Testing\Feature\ValidatePublicationTypesCommandTest" classname="Hyde.Publications.Testing.Feature.ValidatePublicationTypesCommandTest" assertions="2" time="0.025162"/>
        <testcase name="Multiple types with json output" file="Validate Publication Types Command (Hyde\Publications\Testing\Feature\ValidatePublicationTypesCommand)::Multiple types with json output" class="Hyde\Publications\Testing\Feature\ValidatePublicationTypesCommandTest" classname="Hyde.Publications.Testing.Feature.ValidatePublicationTypesCommandTest" assertions="2" time="0.031111"/>
      </testsuite>
      <testsuite name="Hyde\Publications\Testing\Feature\ValidatePublicationsCommandTest" file="Validate Publications Command (Hyde\Publications\Testing\Feature\ValidatePublicationsCommand)" tests="13" assertions="66" errors="0" failures="0" skipped="0" time="0.378519">
        <testcase name="With no publication types" file="Validate Publications Command (Hyde\Publications\Testing\Feature\ValidatePublicationsCommand)::With no publication types" class="Hyde\Publications\Testing\Feature\ValidatePublicationsCommandTest" classname="Hyde.Publications.Testing.Feature.ValidatePublicationsCommandTest" assertions="2" time="0.033901"/>
        <testcase name="With invalid publication type" file="Validate Publications Command (Hyde\Publications\Testing\Feature\ValidatePublicationsCommand)::With invalid publication type" class="Hyde\Publications\Testing\Feature\ValidatePublicationsCommandTest" classname="Hyde.Publications.Testing.Feature.ValidatePublicationsCommandTest" assertions="2" time="0.023658"/>
        <testcase name="With publication type" file="Validate Publications Command (Hyde\Publications\Testing\Feature\ValidatePublicationsCommand)::With publication type" class="Hyde\Publications\Testing\Feature\ValidatePublicationsCommandTest" classname="Hyde.Publications.Testing.Feature.ValidatePublicationsCommandTest" assertions="4" time="0.027969"/>
        <testcase name="With publication type and verbose output" file="Validate Publications Command (Hyde\Publications\Testing\Feature\ValidatePublicationsCommand)::With publication type and verbose output" class="Hyde\Publications\Testing\Feature\ValidatePublicationsCommandTest" classname="Hyde.Publications.Testing.Feature.ValidatePublicationsCommandTest" assertions="4" time="0.027866"/>
        <testcase name="With invalid publication" file="Validate Publications Command (Hyde\Publications\Testing\Feature\ValidatePublicationsCommand)::With invalid publication" class="Hyde\Publications\Testing\Feature\ValidatePublicationsCommandTest" classname="Hyde.Publications.Testing.Feature.ValidatePublicationsCommandTest" assertions="4" time="0.028061"/>
        <testcase name="With warned publication" file="Validate Publications Command (Hyde\Publications\Testing\Feature\ValidatePublicationsCommand)::With warned publication" class="Hyde\Publications\Testing\Feature\ValidatePublicationsCommandTest" classname="Hyde.Publications.Testing.Feature.ValidatePublicationsCommandTest" assertions="4" time="0.027765"/>
        <testcase name="With multiple publication types" file="Validate Publications Command (Hyde\Publications\Testing\Feature\ValidatePublicationsCommand)::With multiple publication types" class="Hyde\Publications\Testing\Feature\ValidatePublicationsCommandTest" classname="Hyde.Publications.Testing.Feature.ValidatePublicationsCommandTest" assertions="1" time="0.026487"/>
        <testcase name="With multiple invalid fields" file="Validate Publications Command (Hyde\Publications\Testing\Feature\ValidatePublicationsCommand)::With multiple invalid fields" class="Hyde\Publications\Testing\Feature\ValidatePublicationsCommandTest" classname="Hyde.Publications.Testing.Feature.ValidatePublicationsCommandTest" assertions="4" time="0.029246"/>
        <testcase name="Only specified type is validated when using argument" file="Validate Publications Command (Hyde\Publications\Testing\Feature\ValidatePublicationsCommand)::Only specified type is validated when using argument" class="Hyde\Publications\Testing\Feature\ValidatePublicationsCommandTest" classname="Hyde.Publications.Testing.Feature.ValidatePublicationsCommandTest" assertions="1" time="0.027065"/>
        <testcase name="Output" file="Validate Publications Command (Hyde\Publications\Testing\Feature\ValidatePublicationsCommand)::Output" class="Hyde\Publications\Testing\Feature\ValidatePublicationsCommandTest" classname="Hyde.Publications.Testing.Feature.ValidatePublicationsCommandTest" assertions="17" time="0.036445"/>
        <testcase name="With verbose output" file="Validate Publications Command (Hyde\Publications\Testing\Feature\ValidatePublicationsCommand)::With verbose output" class="Hyde\Publications\Testing\Feature\ValidatePublicationsCommandTest" classname="Hyde.Publications.Testing.Feature.ValidatePublicationsCommandTest" assertions="19" time="0.036273"/>
        <testcase name="With json output" file="Validate Publications Command (Hyde\Publications\Testing\Feature\ValidatePublicationsCommand)::With json output" class="Hyde\Publications\Testing\Feature\ValidatePublicationsCommandTest" classname="Hyde.Publications.Testing.Feature.ValidatePublicationsCommandTest" assertions="2" time="0.029918"/>
        <testcase name="With json output with no publications" file="Validate Publications Command (Hyde\Publications\Testing\Feature\ValidatePublicationsCommand)::With json output with no publications" class="Hyde\Publications\Testing\Feature\ValidatePublicationsCommandTest" classname="Hyde.Publications.Testing.Feature.ValidatePublicationsCommandTest" assertions="2" time="0.023866"/>
      </testsuite>
      <testsuite name="Hyde\Publications\Testing\Feature\ValidatingCommandTest" file="Validating Command (Hyde\Publications\Testing\Feature\ValidatingCommand)" tests="7" assertions="24" errors="0" failures="0" skipped="0" time="0.200921">
        <testcase name="Ask with validation captures input" file="Validating Command (Hyde\Publications\Testing\Feature\ValidatingCommand)::Ask with validation captures input" class="Hyde\Publications\Testing\Feature\ValidatingCommandTest" classname="Hyde.Publications.Testing.Feature.ValidatingCommandTest" assertions="2" time="0.038317"/>
        <testcase name="Ask with validation retries" file="Validating Command (Hyde\Publications\Testing\Feature\ValidatingCommand)::Ask with validation retries" class="Hyde\Publications\Testing\Feature\ValidatingCommandTest" classname="Hyde.Publications.Testing.Feature.ValidatingCommandTest" assertions="3" time="0.038233"/>
        <testcase name="Ask with validation retries too many times" file="Validating Command (Hyde\Publications\Testing\Feature\ValidatingCommand)::Ask with validation retries too many times" class="Hyde\Publications\Testing\Feature\ValidatingCommandTest" classname="Hyde.Publications.Testing.Feature.ValidatingCommandTest" assertions="4" time="0.035737"/>
        <testcase name="Ask with validation normalizes boolean input" file="Validating Command (Hyde\Publications\Testing\Feature\ValidatingCommand)::Ask with validation normalizes boolean input" class="Hyde\Publications\Testing\Feature\ValidatingCommandTest" classname="Hyde.Publications.Testing.Feature.ValidatingCommandTest" assertions="3" time="0.021493"/>
        <testcase name="Validation is called" file="Validating Command (Hyde\Publications\Testing\Feature\ValidatingCommand)::Validation is called" class="Hyde\Publications\Testing\Feature\ValidatingCommandTest" classname="Hyde.Publications.Testing.Feature.ValidatingCommandTest" assertions="4" time="0.023091"/>
        <testcase name="Reloadable choice helper" file="Validating Command (Hyde\Publications\Testing\Feature\ValidatingCommand)::Reloadable choice helper" class="Hyde\Publications\Testing\Feature\ValidatingCommandTest" classname="Hyde.Publications.Testing.Feature.ValidatingCommandTest" assertions="3" time="0.021420"/>
        <testcase name="Reloadable choice helper selecting reload" file="Validating Command (Hyde\Publications\Testing\Feature\ValidatingCommand)::Reloadable choice helper selecting reload" class="Hyde\Publications\Testing\Feature\ValidatingCommandTest" classname="Hyde.Publications.Testing.Feature.ValidatingCommandTest" assertions="5" time="0.022631"/>
      </testsuite>
    </testsuite>
    <testsuite name="Realtime Compiler" tests="12" assertions="42" errors="0" failures="0" skipped="0" time="0.419298">
      <testsuite name="Packages\realtimecompiler\tests\ConsoleOutputTest" file="packages/realtime-compiler/tests/ConsoleOutputTest.php" tests="1" assertions="1" errors="0" failures="0" skipped="0" time="0.016944">
        <testcase name="printStartMessage method" file="packages/realtime-compiler/tests/ConsoleOutputTest.php::printStartMessage method" class="Packages\realtimecompiler\tests\ConsoleOutputTest" classname="Packages.realtimecompiler.tests.ConsoleOutputTest" assertions="1" time="0.016944"/>
      </testsuite>
      <testsuite name="RealtimeCompilerTest" file="Realtime Compiler" tests="11" assertions="41" errors="0" failures="0" skipped="0" time="0.402354">
        <testcase name="Handles routes index page" file="Realtime Compiler::Handles routes index page" class="RealtimeCompilerTest" classname="RealtimeCompilerTest" assertions="6" time="0.030428"/>
        <testcase name="Handles routes custom pages" file="Realtime Compiler::Handles routes custom pages" class="RealtimeCompilerTest" classname="RealtimeCompilerTest" assertions="4" time="0.042560"/>
        <testcase name="Handles routes pages with html extension" file="Realtime Compiler::Handles routes pages with html extension" class="RealtimeCompilerTest" classname="RealtimeCompilerTest" assertions="4" time="0.048966"/>
        <testcase name="Handles routes static assets" file="Realtime Compiler::Handles routes static assets" class="RealtimeCompilerTest" classname="RealtimeCompilerTest" assertions="4" time="0.003578"/>
        <testcase name="Throws route not found exception for missing route" file="Realtime Compiler::Throws route not found exception for missing route" class="RealtimeCompilerTest" classname="RealtimeCompilerTest" assertions="2" time="0.045432"/>
        <testcase name="Sends 404 error response for missing asset" file="Realtime Compiler::Sends 404 error response for missing asset" class="RealtimeCompilerTest" classname="RealtimeCompilerTest" assertions="3" time="0.002624"/>
        <testcase name="Trailing slashes are normalized from route" file="Realtime Compiler::Trailing slashes are normalized from route" class="RealtimeCompilerTest" classname="RealtimeCompilerTest" assertions="4" time="0.064935"/>
        <testcase name="Docs uri path is rerouted to docs index" file="Realtime Compiler::Docs uri path is rerouted to docs index" class="RealtimeCompilerTest" classname="RealtimeCompilerTest" assertions="4" time="0.078150"/>
        <testcase name="Docs search renders search page" file="Realtime Compiler::Docs search renders search page" class="RealtimeCompilerTest" classname="RealtimeCompilerTest" assertions="4" time="0.077099"/>
        <testcase name="Ping route returns ping response" file="Realtime Compiler::Ping route returns ping response" class="RealtimeCompilerTest" classname="RealtimeCompilerTest" assertions="3" time="0.002776"/>
        <testcase name="Exception handling" file="Realtime Compiler::Exception handling" class="RealtimeCompilerTest" classname="RealtimeCompilerTest" assertions="3" time="0.005805"/>
      </testsuite>
    </testsuite>
  </testsuite>
</testsuites>
